<?xml version="1.0" encoding="UTF-8"?>
<!-- Generated by org.testng.reporters.JUnitReportReporter -->
<testsuite hostname="sapna-testlead" name="com.patientapp.tests.MoreOptionsTests" tests="7" failures="4" timestamp="8 Sep 2016 07:38:57 GMT" time="453.244" errors="0">
  <testcase name="TC_29_testVerifyAllAppointmentsVisibilitiesOnMyAppointments" time="63.951" classname="com.patientapp.tests.MoreOptionsTests">
    <failure type="java.lang.NullPointerException">
      <![CDATA[java.lang.NullPointerException
	at com.patientapp.tests.MoreOptionsTests.TC_29_testVerifyAllAppointmentsVisibilitiesOnMyAppointments(MoreOptionsTests.java:156)
	at sun.reflect.NativeMethodAccessorImpl.invoke0(Native Method)
	at sun.reflect.NativeMethodAccessorImpl.invoke(NativeMethodAccessorImpl.java:57)
	at sun.reflect.DelegatingMethodAccessorImpl.invoke(DelegatingMethodAccessorImpl.java:43)
	at java.lang.reflect.Method.invoke(Method.java:606)
	at org.testng.internal.MethodInvocationHelper.invokeMethod(MethodInvocationHelper.java:80)
	at org.testng.internal.Invoker.invokeMethod(Invoker.java:714)
	at org.testng.internal.Invoker.invokeTestMethod(Invoker.java:901)
	at org.testng.internal.Invoker.invokeTestMethods(Invoker.java:1231)
	at org.testng.internal.TestMethodWorker.invokeTestMethods(TestMethodWorker.java:127)
	at org.testng.internal.TestMethodWorker.run(TestMethodWorker.java:111)
	at org.testng.TestRunner.privateRun(TestRunner.java:767)
	at org.testng.TestRunner.run(TestRunner.java:617)
	at org.testng.SuiteRunner.runTest(SuiteRunner.java:334)
	at org.testng.SuiteRunner.runSequentially(SuiteRunner.java:329)
	at org.testng.SuiteRunner.privateRun(SuiteRunner.java:291)
	at org.testng.SuiteRunner.run(SuiteRunner.java:240)
	at org.testng.SuiteRunnerWorker.runSuite(SuiteRunnerWorker.java:52)
	at org.testng.SuiteRunnerWorker.run(SuiteRunnerWorker.java:86)
	at org.testng.TestNG.runSuitesSequentially(TestNG.java:1198)
	at org.testng.TestNG.runSuitesLocally(TestNG.java:1123)
	at org.testng.TestNG.run(TestNG.java:1031)
	at org.testng.remote.RemoteTestNG.run(RemoteTestNG.java:115)
	at org.testng.remote.RemoteTestNG.initAndRun(RemoteTestNG.java:207)
	at org.testng.remote.RemoteTestNG.main(RemoteTestNG.java:178)
]]>
    </failure>
  </testcase> <!-- TC_29_testVerifyAllAppointmentsVisibilitiesOnMyAppointments -->
  <testcase name="TC_23_testVerifyOfferPromotionsVisibility" time="64.115" classname="com.patientapp.tests.MoreOptionsTests"/>
  <testcase name="TC_28_testVerifyContactUsOption" time="69.717" classname="com.patientapp.tests.MoreOptionsTests">
    <failure type="org.openqa.selenium.UnsupportedCommandException" message="Missing parameters: [&quot;selector&quot;]
Command duration or timeout: 6 milliseconds
Build info: version: &#039;2.53.0&#039;, revision: &#039;35ae25b1534ae328c771e0856c93e187490ca824&#039;, time: &#039;2016-03-15 10:43:46&#039;
System info: host: &#039;sapna-testlead&#039;, ip: &#039;192.168.56.1&#039;, os.name: &#039;Windows 7&#039;, os.arch: &#039;amd64&#039;, os.version: &#039;6.1&#039;, java.version: &#039;1.7.0_65&#039;
*** Element info: {Using=id, value=}
Session ID: dca88b8e-70d5-4113-806d-f0fad9ebdcc6
Driver info: io.appium.java_client.android.AndroidDriver
Capabilities [{automationName=Appium, platform=LINUX, app=C:\Users\sapna\Documents\workspace\PatientAndroidApp\src\test\resources\android\PA-4.0-stage-armeabi-v7a-release.apk, javascriptEnabled=true, appActivity=com.weecode.portea.activities.SplashActivity, browserName=Android, networkConnectionEnabled=true, desired={newCommandTimeout=600, automationName=Appium, app=C:\Users\sapna\Documents\workspace\PatientAndroidApp\src\test\resources\android\PA-4.0-stage-armeabi-v7a-release.apk, platformVersion=21.0, deviceName=Micromax Q450, platformName=Android, appActivity=com.weecode.portea.activities.SplashActivity, appWaitActivity=com.weecode.portea.activities.SplashActivity, appPackage=com.weecode.portea.stage}, locationContextEnabled=false, appPackage=com.weecode.portea.stage, newCommandTimeout=600, platformVersion=5.0.2, databaseEnabled=false, deviceName=386b462, platformName=Android, appWaitActivity=com.weecode.portea.activities.SplashActivity, webStorageEnabled=false, warnings={}, takesScreenshot=true}]">
      <![CDATA[org.openqa.selenium.UnsupportedCommandException: Missing parameters: ["selector"]
Command duration or timeout: 6 milliseconds
Build info: version: '2.53.0', revision: '35ae25b1534ae328c771e0856c93e187490ca824', time: '2016-03-15 10:43:46'
System info: host: 'sapna-testlead', ip: '192.168.56.1', os.name: 'Windows 7', os.arch: 'amd64', os.version: '6.1', java.version: '1.7.0_65'
*** Element info: {Using=id, value=}
Session ID: dca88b8e-70d5-4113-806d-f0fad9ebdcc6
Driver info: io.appium.java_client.android.AndroidDriver
Capabilities [{automationName=Appium, platform=LINUX, app=C:\Users\sapna\Documents\workspace\PatientAndroidApp\src\test\resources\android\PA-4.0-stage-armeabi-v7a-release.apk, javascriptEnabled=true, appActivity=com.weecode.portea.activities.SplashActivity, browserName=Android, networkConnectionEnabled=true, desired={newCommandTimeout=600, automationName=Appium, app=C:\Users\sapna\Documents\workspace\PatientAndroidApp\src\test\resources\android\PA-4.0-stage-armeabi-v7a-release.apk, platformVersion=21.0, deviceName=Micromax Q450, platformName=Android, appActivity=com.weecode.portea.activities.SplashActivity, appWaitActivity=com.weecode.portea.activities.SplashActivity, appPackage=com.weecode.portea.stage}, locationContextEnabled=false, appPackage=com.weecode.portea.stage, newCommandTimeout=600, platformVersion=5.0.2, databaseEnabled=false, deviceName=386b462, platformName=Android, appWaitActivity=com.weecode.portea.activities.SplashActivity, webStorageEnabled=false, warnings={}, takesScreenshot=true}]
	at sun.reflect.NativeConstructorAccessorImpl.newInstance0(Native Method)
	at sun.reflect.NativeConstructorAccessorImpl.newInstance(NativeConstructorAccessorImpl.java:57)
	at sun.reflect.DelegatingConstructorAccessorImpl.newInstance(DelegatingConstructorAccessorImpl.java:45)
	at java.lang.reflect.Constructor.newInstance(Constructor.java:526)
	at org.openqa.selenium.remote.ErrorHandler.createThrowable(ErrorHandler.java:206)
	at org.openqa.selenium.remote.ErrorHandler.throwIfResponseFailed(ErrorHandler.java:158)
	at org.openqa.selenium.remote.RemoteWebDriver.execute(RemoteWebDriver.java:678)
	at io.appium.java_client.AppiumDriver.execute(AppiumDriver.java:180)
	at org.openqa.selenium.remote.RemoteWebDriver.findElement(RemoteWebDriver.java:363)
	at org.openqa.selenium.remote.RemoteWebDriver.findElementById(RemoteWebDriver.java:413)
	at org.openqa.selenium.By$ById.findElement(By.java:218)
	at org.openqa.selenium.remote.RemoteWebDriver.findElement(RemoteWebDriver.java:355)
	at com.patientapp.pages.MoreOptionsPage.submitFeedback(MoreOptionsPage.java:140)
	at com.patientapp.tests.MoreOptionsTests.TC_28_testVerifyContactUsOption(MoreOptionsTests.java:139)
	at sun.reflect.NativeMethodAccessorImpl.invoke0(Native Method)
	at sun.reflect.NativeMethodAccessorImpl.invoke(NativeMethodAccessorImpl.java:57)
	at sun.reflect.DelegatingMethodAccessorImpl.invoke(DelegatingMethodAccessorImpl.java:43)
	at java.lang.reflect.Method.invoke(Method.java:606)
	at org.testng.internal.MethodInvocationHelper.invokeMethod(MethodInvocationHelper.java:80)
	at org.testng.internal.Invoker.invokeMethod(Invoker.java:714)
	at org.testng.internal.Invoker.invokeTestMethod(Invoker.java:901)
	at org.testng.internal.Invoker.invokeTestMethods(Invoker.java:1231)
	at org.testng.internal.TestMethodWorker.invokeTestMethods(TestMethodWorker.java:127)
	at org.testng.internal.TestMethodWorker.run(TestMethodWorker.java:111)
	at org.testng.TestRunner.privateRun(TestRunner.java:767)
	at org.testng.TestRunner.run(TestRunner.java:617)
	at org.testng.SuiteRunner.runTest(SuiteRunner.java:334)
	at org.testng.SuiteRunner.runSequentially(SuiteRunner.java:329)
	at org.testng.SuiteRunner.privateRun(SuiteRunner.java:291)
	at org.testng.SuiteRunner.run(SuiteRunner.java:240)
	at org.testng.SuiteRunnerWorker.runSuite(SuiteRunnerWorker.java:52)
	at org.testng.SuiteRunnerWorker.run(SuiteRunnerWorker.java:86)
	at org.testng.TestNG.runSuitesSequentially(TestNG.java:1198)
	at org.testng.TestNG.runSuitesLocally(TestNG.java:1123)
	at org.testng.TestNG.run(TestNG.java:1031)
	at org.testng.remote.RemoteTestNG.run(RemoteTestNG.java:115)
	at org.testng.remote.RemoteTestNG.initAndRun(RemoteTestNG.java:207)
	at org.testng.remote.RemoteTestNG.main(RemoteTestNG.java:178)
]]>
    </failure>
  </testcase> <!-- TC_28_testVerifyContactUsOption -->
  <testcase name="TC_25_testVerifyRateUsScreenVisibility" time="63.634" classname="com.patientapp.tests.MoreOptionsTests"/>
  <testcase name="TC_27_testVerifyUserShouldAbleToSubmitFeedback" time="76.043" classname="com.patientapp.tests.MoreOptionsTests">
    <failure type="org.openqa.selenium.UnsupportedCommandException" message="Missing parameters: [&quot;selector&quot;]
Command duration or timeout: 12 milliseconds
Build info: version: &#039;2.53.0&#039;, revision: &#039;35ae25b1534ae328c771e0856c93e187490ca824&#039;, time: &#039;2016-03-15 10:43:46&#039;
System info: host: &#039;sapna-testlead&#039;, ip: &#039;192.168.56.1&#039;, os.name: &#039;Windows 7&#039;, os.arch: &#039;amd64&#039;, os.version: &#039;6.1&#039;, java.version: &#039;1.7.0_65&#039;
*** Element info: {Using=id, value=}
Session ID: dca88b8e-70d5-4113-806d-f0fad9ebdcc6
Driver info: io.appium.java_client.android.AndroidDriver
Capabilities [{automationName=Appium, platform=LINUX, app=C:\Users\sapna\Documents\workspace\PatientAndroidApp\src\test\resources\android\PA-4.0-stage-armeabi-v7a-release.apk, javascriptEnabled=true, appActivity=com.weecode.portea.activities.SplashActivity, browserName=Android, networkConnectionEnabled=true, desired={newCommandTimeout=600, automationName=Appium, app=C:\Users\sapna\Documents\workspace\PatientAndroidApp\src\test\resources\android\PA-4.0-stage-armeabi-v7a-release.apk, platformVersion=21.0, deviceName=Micromax Q450, platformName=Android, appActivity=com.weecode.portea.activities.SplashActivity, appWaitActivity=com.weecode.portea.activities.SplashActivity, appPackage=com.weecode.portea.stage}, locationContextEnabled=false, appPackage=com.weecode.portea.stage, newCommandTimeout=600, platformVersion=5.0.2, databaseEnabled=false, deviceName=386b462, platformName=Android, appWaitActivity=com.weecode.portea.activities.SplashActivity, webStorageEnabled=false, warnings={}, takesScreenshot=true}]">
      <![CDATA[org.openqa.selenium.UnsupportedCommandException: Missing parameters: ["selector"]
Command duration or timeout: 12 milliseconds
Build info: version: '2.53.0', revision: '35ae25b1534ae328c771e0856c93e187490ca824', time: '2016-03-15 10:43:46'
System info: host: 'sapna-testlead', ip: '192.168.56.1', os.name: 'Windows 7', os.arch: 'amd64', os.version: '6.1', java.version: '1.7.0_65'
*** Element info: {Using=id, value=}
Session ID: dca88b8e-70d5-4113-806d-f0fad9ebdcc6
Driver info: io.appium.java_client.android.AndroidDriver
Capabilities [{automationName=Appium, platform=LINUX, app=C:\Users\sapna\Documents\workspace\PatientAndroidApp\src\test\resources\android\PA-4.0-stage-armeabi-v7a-release.apk, javascriptEnabled=true, appActivity=com.weecode.portea.activities.SplashActivity, browserName=Android, networkConnectionEnabled=true, desired={newCommandTimeout=600, automationName=Appium, app=C:\Users\sapna\Documents\workspace\PatientAndroidApp\src\test\resources\android\PA-4.0-stage-armeabi-v7a-release.apk, platformVersion=21.0, deviceName=Micromax Q450, platformName=Android, appActivity=com.weecode.portea.activities.SplashActivity, appWaitActivity=com.weecode.portea.activities.SplashActivity, appPackage=com.weecode.portea.stage}, locationContextEnabled=false, appPackage=com.weecode.portea.stage, newCommandTimeout=600, platformVersion=5.0.2, databaseEnabled=false, deviceName=386b462, platformName=Android, appWaitActivity=com.weecode.portea.activities.SplashActivity, webStorageEnabled=false, warnings={}, takesScreenshot=true}]
	at sun.reflect.NativeConstructorAccessorImpl.newInstance0(Native Method)
	at sun.reflect.NativeConstructorAccessorImpl.newInstance(NativeConstructorAccessorImpl.java:57)
	at sun.reflect.DelegatingConstructorAccessorImpl.newInstance(DelegatingConstructorAccessorImpl.java:45)
	at java.lang.reflect.Constructor.newInstance(Constructor.java:526)
	at org.openqa.selenium.remote.ErrorHandler.createThrowable(ErrorHandler.java:206)
	at org.openqa.selenium.remote.ErrorHandler.throwIfResponseFailed(ErrorHandler.java:158)
	at org.openqa.selenium.remote.RemoteWebDriver.execute(RemoteWebDriver.java:678)
	at io.appium.java_client.AppiumDriver.execute(AppiumDriver.java:180)
	at org.openqa.selenium.remote.RemoteWebDriver.findElement(RemoteWebDriver.java:363)
	at org.openqa.selenium.remote.RemoteWebDriver.findElementById(RemoteWebDriver.java:413)
	at org.openqa.selenium.By$ById.findElement(By.java:218)
	at org.openqa.selenium.remote.RemoteWebDriver.findElement(RemoteWebDriver.java:355)
	at com.patientapp.pages.MoreOptionsPage.submitFeedback(MoreOptionsPage.java:140)
	at com.patientapp.tests.MoreOptionsTests.TC_27_testVerifyUserShouldAbleToSubmitFeedback(MoreOptionsTests.java:119)
	at sun.reflect.NativeMethodAccessorImpl.invoke0(Native Method)
	at sun.reflect.NativeMethodAccessorImpl.invoke(NativeMethodAccessorImpl.java:57)
	at sun.reflect.DelegatingMethodAccessorImpl.invoke(DelegatingMethodAccessorImpl.java:43)
	at java.lang.reflect.Method.invoke(Method.java:606)
	at org.testng.internal.MethodInvocationHelper.invokeMethod(MethodInvocationHelper.java:80)
	at org.testng.internal.Invoker.invokeMethod(Invoker.java:714)
	at org.testng.internal.Invoker.invokeTestMethod(Invoker.java:901)
	at org.testng.internal.Invoker.invokeTestMethods(Invoker.java:1231)
	at org.testng.internal.TestMethodWorker.invokeTestMethods(TestMethodWorker.java:127)
	at org.testng.internal.TestMethodWorker.run(TestMethodWorker.java:111)
	at org.testng.TestRunner.privateRun(TestRunner.java:767)
	at org.testng.TestRunner.run(TestRunner.java:617)
	at org.testng.SuiteRunner.runTest(SuiteRunner.java:334)
	at org.testng.SuiteRunner.runSequentially(SuiteRunner.java:329)
	at org.testng.SuiteRunner.privateRun(SuiteRunner.java:291)
	at org.testng.SuiteRunner.run(SuiteRunner.java:240)
	at org.testng.SuiteRunnerWorker.runSuite(SuiteRunnerWorker.java:52)
	at org.testng.SuiteRunnerWorker.run(SuiteRunnerWorker.java:86)
	at org.testng.TestNG.runSuitesSequentially(TestNG.java:1198)
	at org.testng.TestNG.runSuitesLocally(TestNG.java:1123)
	at org.testng.TestNG.run(TestNG.java:1031)
	at org.testng.remote.RemoteTestNG.run(RemoteTestNG.java:115)
	at org.testng.remote.RemoteTestNG.initAndRun(RemoteTestNG.java:207)
	at org.testng.remote.RemoteTestNG.main(RemoteTestNG.java:178)
]]>
    </failure>
  </testcase> <!-- TC_27_testVerifyUserShouldAbleToSubmitFeedback -->
  <testcase name="TC_26_testVerifyAboutUsScreenVisibility" time="65.577" classname="com.patientapp.tests.MoreOptionsTests"/>
  <testcase name="TC_24_testVerifyGeneralQueriesFAQVisibility" time="50.207" classname="com.patientapp.tests.MoreOptionsTests">
    <failure type="org.openqa.selenium.NoSuchElementException" message="An element could not be located on the page using the given search parameters. (WARNING: The server did not provide any stacktrace information)
Command duration or timeout: 10.45 seconds
For documentation on this error, please visit: http://seleniumhq.org/exceptions/no_such_element.html
Build info: version: &#039;2.53.0&#039;, revision: &#039;35ae25b1534ae328c771e0856c93e187490ca824&#039;, time: &#039;2016-03-15 10:43:46&#039;
System info: host: &#039;sapna-testlead&#039;, ip: &#039;192.168.56.1&#039;, os.name: &#039;Windows 7&#039;, os.arch: &#039;amd64&#039;, os.version: &#039;6.1&#039;, java.version: &#039;1.7.0_65&#039;
*** Element info: {Using=id, value=com.weecode.portea.stage:id/tv_mobile_no}
Session ID: dca88b8e-70d5-4113-806d-f0fad9ebdcc6
Driver info: io.appium.java_client.android.AndroidDriver
Capabilities [{automationName=Appium, platform=LINUX, app=C:\Users\sapna\Documents\workspace\PatientAndroidApp\src\test\resources\android\PA-4.0-stage-armeabi-v7a-release.apk, javascriptEnabled=true, appActivity=com.weecode.portea.activities.SplashActivity, browserName=Android, networkConnectionEnabled=true, desired={newCommandTimeout=600, automationName=Appium, app=C:\Users\sapna\Documents\workspace\PatientAndroidApp\src\test\resources\android\PA-4.0-stage-armeabi-v7a-release.apk, platformVersion=21.0, deviceName=Micromax Q450, platformName=Android, appActivity=com.weecode.portea.activities.SplashActivity, appWaitActivity=com.weecode.portea.activities.SplashActivity, appPackage=com.weecode.portea.stage}, locationContextEnabled=false, appPackage=com.weecode.portea.stage, newCommandTimeout=600, platformVersion=5.0.2, databaseEnabled=false, deviceName=386b462, platformName=Android, appWaitActivity=com.weecode.portea.activities.SplashActivity, webStorageEnabled=false, warnings={}, takesScreenshot=true}]">
      <![CDATA[org.openqa.selenium.NoSuchElementException: An element could not be located on the page using the given search parameters. (WARNING: The server did not provide any stacktrace information)
Command duration or timeout: 10.45 seconds
For documentation on this error, please visit: http://seleniumhq.org/exceptions/no_such_element.html
Build info: version: '2.53.0', revision: '35ae25b1534ae328c771e0856c93e187490ca824', time: '2016-03-15 10:43:46'
System info: host: 'sapna-testlead', ip: '192.168.56.1', os.name: 'Windows 7', os.arch: 'amd64', os.version: '6.1', java.version: '1.7.0_65'
*** Element info: {Using=id, value=com.weecode.portea.stage:id/tv_mobile_no}
Session ID: dca88b8e-70d5-4113-806d-f0fad9ebdcc6
Driver info: io.appium.java_client.android.AndroidDriver
Capabilities [{automationName=Appium, platform=LINUX, app=C:\Users\sapna\Documents\workspace\PatientAndroidApp\src\test\resources\android\PA-4.0-stage-armeabi-v7a-release.apk, javascriptEnabled=true, appActivity=com.weecode.portea.activities.SplashActivity, browserName=Android, networkConnectionEnabled=true, desired={newCommandTimeout=600, automationName=Appium, app=C:\Users\sapna\Documents\workspace\PatientAndroidApp\src\test\resources\android\PA-4.0-stage-armeabi-v7a-release.apk, platformVersion=21.0, deviceName=Micromax Q450, platformName=Android, appActivity=com.weecode.portea.activities.SplashActivity, appWaitActivity=com.weecode.portea.activities.SplashActivity, appPackage=com.weecode.portea.stage}, locationContextEnabled=false, appPackage=com.weecode.portea.stage, newCommandTimeout=600, platformVersion=5.0.2, databaseEnabled=false, deviceName=386b462, platformName=Android, appWaitActivity=com.weecode.portea.activities.SplashActivity, webStorageEnabled=false, warnings={}, takesScreenshot=true}]
	at sun.reflect.NativeConstructorAccessorImpl.newInstance0(Native Method)
	at sun.reflect.NativeConstructorAccessorImpl.newInstance(NativeConstructorAccessorImpl.java:57)
	at sun.reflect.DelegatingConstructorAccessorImpl.newInstance(DelegatingConstructorAccessorImpl.java:45)
	at java.lang.reflect.Constructor.newInstance(Constructor.java:526)
	at org.openqa.selenium.remote.ErrorHandler.createThrowable(ErrorHandler.java:206)
	at org.openqa.selenium.remote.ErrorHandler.throwIfResponseFailed(ErrorHandler.java:158)
	at org.openqa.selenium.remote.RemoteWebDriver.execute(RemoteWebDriver.java:678)
	at io.appium.java_client.AppiumDriver.execute(AppiumDriver.java:180)
	at org.openqa.selenium.remote.RemoteWebDriver.findElement(RemoteWebDriver.java:363)
	at org.openqa.selenium.remote.RemoteWebDriver.findElementById(RemoteWebDriver.java:413)
	at org.openqa.selenium.By$ById.findElement(By.java:218)
	at org.openqa.selenium.remote.RemoteWebDriver.findElement(RemoteWebDriver.java:355)
	at com.patientapp.pages.LoginPage.login(LoginPage.java:79)
	at com.patientapp.tests.MoreOptionsTests.TC_24_testVerifyGeneralQueriesFAQVisibility(MoreOptionsTests.java:72)
	at sun.reflect.NativeMethodAccessorImpl.invoke0(Native Method)
	at sun.reflect.NativeMethodAccessorImpl.invoke(NativeMethodAccessorImpl.java:57)
	at sun.reflect.DelegatingMethodAccessorImpl.invoke(DelegatingMethodAccessorImpl.java:43)
	at java.lang.reflect.Method.invoke(Method.java:606)
	at org.testng.internal.MethodInvocationHelper.invokeMethod(MethodInvocationHelper.java:80)
	at org.testng.internal.Invoker.invokeMethod(Invoker.java:714)
	at org.testng.internal.Invoker.invokeTestMethod(Invoker.java:901)
	at org.testng.internal.Invoker.invokeTestMethods(Invoker.java:1231)
	at org.testng.internal.TestMethodWorker.invokeTestMethods(TestMethodWorker.java:127)
	at org.testng.internal.TestMethodWorker.run(TestMethodWorker.java:111)
	at org.testng.TestRunner.privateRun(TestRunner.java:767)
	at org.testng.TestRunner.run(TestRunner.java:617)
	at org.testng.SuiteRunner.runTest(SuiteRunner.java:334)
	at org.testng.SuiteRunner.runSequentially(SuiteRunner.java:329)
	at org.testng.SuiteRunner.privateRun(SuiteRunner.java:291)
	at org.testng.SuiteRunner.run(SuiteRunner.java:240)
	at org.testng.SuiteRunnerWorker.runSuite(SuiteRunnerWorker.java:52)
	at org.testng.SuiteRunnerWorker.run(SuiteRunnerWorker.java:86)
	at org.testng.TestNG.runSuitesSequentially(TestNG.java:1198)
	at org.testng.TestNG.runSuitesLocally(TestNG.java:1123)
	at org.testng.TestNG.run(TestNG.java:1031)
	at org.testng.remote.RemoteTestNG.run(RemoteTestNG.java:115)
	at org.testng.remote.RemoteTestNG.initAndRun(RemoteTestNG.java:207)
	at org.testng.remote.RemoteTestNG.main(RemoteTestNG.java:178)
]]>
    </failure>
  </testcase> <!-- TC_24_testVerifyGeneralQueriesFAQVisibility -->
</testsuite> <!-- com.patientapp.tests.MoreOptionsTests -->
