<?xml version="1.0" encoding="UTF-8"?>
<!-- Generated by org.testng.reporters.JUnitReportReporter -->
<testsuite hostname="sapna-testlead" name="com.patientapp.tests.ServicesTests" tests="5" failures="2" timestamp="8 Sep 2016 07:38:57 GMT" time="493.692" errors="0">
  <testcase name="testVerifyBookVaccination" time="105.968" classname="com.patientapp.tests.ServicesTests"/>
  <testcase name="testVerifyAddAttendantsAppointment" time="41.085" classname="com.patientapp.tests.ServicesTests">
    <failure type="org.openqa.selenium.NoSuchElementException" message="An element could not be located on the page using the given search parameters. (WARNING: The server did not provide any stacktrace information)
Command duration or timeout: 10.15 seconds
For documentation on this error, please visit: http://seleniumhq.org/exceptions/no_such_element.html
Build info: version: &#039;2.53.0&#039;, revision: &#039;35ae25b1534ae328c771e0856c93e187490ca824&#039;, time: &#039;2016-03-15 10:43:46&#039;
System info: host: &#039;sapna-testlead&#039;, ip: &#039;192.168.56.1&#039;, os.name: &#039;Windows 7&#039;, os.arch: &#039;amd64&#039;, os.version: &#039;6.1&#039;, java.version: &#039;1.7.0_65&#039;
*** Element info: {Using=id, value=com.weecode.portea.stage:id/skip}
Session ID: 0a084ad2-318c-49cd-9886-52449f131af8
Driver info: io.appium.java_client.android.AndroidDriver
Capabilities [{automationName=Appium, platform=LINUX, app=C:\Users\sapna\Documents\workspace\PatientAndroidApp\src\test\resources\android\PA-4.0-stage-armeabi-v7a-release.apk, javascriptEnabled=true, appActivity=com.weecode.portea.activities.SplashActivity, browserName=Android, networkConnectionEnabled=true, desired={newCommandTimeout=600, automationName=Appium, app=C:\Users\sapna\Documents\workspace\PatientAndroidApp\src\test\resources\android\PA-4.0-stage-armeabi-v7a-release.apk, platformVersion=21.0, deviceName=Micromax Q450, platformName=Android, appActivity=com.weecode.portea.activities.SplashActivity, appWaitActivity=com.weecode.portea.activities.SplashActivity, appPackage=com.weecode.portea.stage}, locationContextEnabled=false, appPackage=com.weecode.portea.stage, newCommandTimeout=600, platformVersion=5.0.2, databaseEnabled=false, deviceName=386b462, platformName=Android, appWaitActivity=com.weecode.portea.activities.SplashActivity, webStorageEnabled=false, warnings={}, takesScreenshot=true}]">
      <![CDATA[org.openqa.selenium.NoSuchElementException: An element could not be located on the page using the given search parameters. (WARNING: The server did not provide any stacktrace information)
Command duration or timeout: 10.15 seconds
For documentation on this error, please visit: http://seleniumhq.org/exceptions/no_such_element.html
Build info: version: '2.53.0', revision: '35ae25b1534ae328c771e0856c93e187490ca824', time: '2016-03-15 10:43:46'
System info: host: 'sapna-testlead', ip: '192.168.56.1', os.name: 'Windows 7', os.arch: 'amd64', os.version: '6.1', java.version: '1.7.0_65'
*** Element info: {Using=id, value=com.weecode.portea.stage:id/skip}
Session ID: 0a084ad2-318c-49cd-9886-52449f131af8
Driver info: io.appium.java_client.android.AndroidDriver
Capabilities [{automationName=Appium, platform=LINUX, app=C:\Users\sapna\Documents\workspace\PatientAndroidApp\src\test\resources\android\PA-4.0-stage-armeabi-v7a-release.apk, javascriptEnabled=true, appActivity=com.weecode.portea.activities.SplashActivity, browserName=Android, networkConnectionEnabled=true, desired={newCommandTimeout=600, automationName=Appium, app=C:\Users\sapna\Documents\workspace\PatientAndroidApp\src\test\resources\android\PA-4.0-stage-armeabi-v7a-release.apk, platformVersion=21.0, deviceName=Micromax Q450, platformName=Android, appActivity=com.weecode.portea.activities.SplashActivity, appWaitActivity=com.weecode.portea.activities.SplashActivity, appPackage=com.weecode.portea.stage}, locationContextEnabled=false, appPackage=com.weecode.portea.stage, newCommandTimeout=600, platformVersion=5.0.2, databaseEnabled=false, deviceName=386b462, platformName=Android, appWaitActivity=com.weecode.portea.activities.SplashActivity, webStorageEnabled=false, warnings={}, takesScreenshot=true}]
	at sun.reflect.NativeConstructorAccessorImpl.newInstance0(Native Method)
	at sun.reflect.NativeConstructorAccessorImpl.newInstance(NativeConstructorAccessorImpl.java:57)
	at sun.reflect.DelegatingConstructorAccessorImpl.newInstance(DelegatingConstructorAccessorImpl.java:45)
	at java.lang.reflect.Constructor.newInstance(Constructor.java:526)
	at org.openqa.selenium.remote.ErrorHandler.createThrowable(ErrorHandler.java:206)
	at org.openqa.selenium.remote.ErrorHandler.throwIfResponseFailed(ErrorHandler.java:158)
	at org.openqa.selenium.remote.RemoteWebDriver.execute(RemoteWebDriver.java:678)
	at io.appium.java_client.AppiumDriver.execute(AppiumDriver.java:180)
	at org.openqa.selenium.remote.RemoteWebDriver.findElement(RemoteWebDriver.java:363)
	at org.openqa.selenium.remote.RemoteWebDriver.findElementById(RemoteWebDriver.java:413)
	at org.openqa.selenium.By$ById.findElement(By.java:218)
	at org.openqa.selenium.remote.RemoteWebDriver.findElement(RemoteWebDriver.java:355)
	at com.patientapp.pages.LoginPage.skip(LoginPage.java:72)
	at com.patientapp.tests.ServicesTests.testVerifyAddAttendantsAppointment(ServicesTests.java:240)
	at sun.reflect.NativeMethodAccessorImpl.invoke0(Native Method)
	at sun.reflect.NativeMethodAccessorImpl.invoke(NativeMethodAccessorImpl.java:57)
	at sun.reflect.DelegatingMethodAccessorImpl.invoke(DelegatingMethodAccessorImpl.java:43)
	at java.lang.reflect.Method.invoke(Method.java:606)
	at org.testng.internal.MethodInvocationHelper.invokeMethod(MethodInvocationHelper.java:80)
	at org.testng.internal.Invoker.invokeMethod(Invoker.java:714)
	at org.testng.internal.Invoker.invokeTestMethod(Invoker.java:901)
	at org.testng.internal.Invoker.invokeTestMethods(Invoker.java:1231)
	at org.testng.internal.TestMethodWorker.invokeTestMethods(TestMethodWorker.java:127)
	at org.testng.internal.TestMethodWorker.run(TestMethodWorker.java:111)
	at org.testng.TestRunner.privateRun(TestRunner.java:767)
	at org.testng.TestRunner.run(TestRunner.java:617)
	at org.testng.SuiteRunner.runTest(SuiteRunner.java:334)
	at org.testng.SuiteRunner.runSequentially(SuiteRunner.java:329)
	at org.testng.SuiteRunner.privateRun(SuiteRunner.java:291)
	at org.testng.SuiteRunner.run(SuiteRunner.java:240)
	at org.testng.SuiteRunnerWorker.runSuite(SuiteRunnerWorker.java:52)
	at org.testng.SuiteRunnerWorker.run(SuiteRunnerWorker.java:86)
	at org.testng.TestNG.runSuitesSequentially(TestNG.java:1198)
	at org.testng.TestNG.runSuitesLocally(TestNG.java:1123)
	at org.testng.TestNG.run(TestNG.java:1031)
	at org.testng.remote.RemoteTestNG.run(RemoteTestNG.java:115)
	at org.testng.remote.RemoteTestNG.initAndRun(RemoteTestNG.java:207)
	at org.testng.remote.RemoteTestNG.main(RemoteTestNG.java:178)
]]>
    </failure>
  </testcase> <!-- testVerifyAddAttendantsAppointment -->
  <testcase name="testVerifyAddNursingAppointment" time="105.623" classname="com.patientapp.tests.ServicesTests">
    <failure type="org.openqa.selenium.NoSuchElementException" message="An element could not be located on the page using the given search parameters. (WARNING: The server did not provide any stacktrace information)
Command duration or timeout: 35.84 seconds
For documentation on this error, please visit: http://seleniumhq.org/exceptions/no_such_element.html
Build info: version: &#039;2.53.0&#039;, revision: &#039;35ae25b1534ae328c771e0856c93e187490ca824&#039;, time: &#039;2016-03-15 10:43:46&#039;
System info: host: &#039;sapna-testlead&#039;, ip: &#039;192.168.56.1&#039;, os.name: &#039;Windows 7&#039;, os.arch: &#039;amd64&#039;, os.version: &#039;6.1&#039;, java.version: &#039;1.7.0_65&#039;
*** Element info: {Using=-android uiautomator, value=new UiScrollable(new UiSelector().scrollable(true).instance(0)).scrollIntoView(new UiSelector().description(&quot;Nursing&quot;).instance(0));new UiScrollable(new UiSelector().scrollable(true).instance(0)).scrollIntoView(new UiSelector().text(&quot;Nursing&quot;).instance(0));}
Session ID: 0a084ad2-318c-49cd-9886-52449f131af8
Driver info: io.appium.java_client.android.AndroidDriver
Capabilities [{automationName=Appium, platform=LINUX, app=C:\Users\sapna\Documents\workspace\PatientAndroidApp\src\test\resources\android\PA-4.0-stage-armeabi-v7a-release.apk, javascriptEnabled=true, appActivity=com.weecode.portea.activities.SplashActivity, browserName=Android, networkConnectionEnabled=true, desired={newCommandTimeout=600, automationName=Appium, app=C:\Users\sapna\Documents\workspace\PatientAndroidApp\src\test\resources\android\PA-4.0-stage-armeabi-v7a-release.apk, platformVersion=21.0, deviceName=Micromax Q450, platformName=Android, appActivity=com.weecode.portea.activities.SplashActivity, appWaitActivity=com.weecode.portea.activities.SplashActivity, appPackage=com.weecode.portea.stage}, locationContextEnabled=false, appPackage=com.weecode.portea.stage, newCommandTimeout=600, platformVersion=5.0.2, databaseEnabled=false, deviceName=386b462, platformName=Android, appWaitActivity=com.weecode.portea.activities.SplashActivity, webStorageEnabled=false, warnings={}, takesScreenshot=true}]">
      <![CDATA[org.openqa.selenium.NoSuchElementException: An element could not be located on the page using the given search parameters. (WARNING: The server did not provide any stacktrace information)
Command duration or timeout: 35.84 seconds
For documentation on this error, please visit: http://seleniumhq.org/exceptions/no_such_element.html
Build info: version: '2.53.0', revision: '35ae25b1534ae328c771e0856c93e187490ca824', time: '2016-03-15 10:43:46'
System info: host: 'sapna-testlead', ip: '192.168.56.1', os.name: 'Windows 7', os.arch: 'amd64', os.version: '6.1', java.version: '1.7.0_65'
*** Element info: {Using=-android uiautomator, value=new UiScrollable(new UiSelector().scrollable(true).instance(0)).scrollIntoView(new UiSelector().description("Nursing").instance(0));new UiScrollable(new UiSelector().scrollable(true).instance(0)).scrollIntoView(new UiSelector().text("Nursing").instance(0));}
Session ID: 0a084ad2-318c-49cd-9886-52449f131af8
Driver info: io.appium.java_client.android.AndroidDriver
Capabilities [{automationName=Appium, platform=LINUX, app=C:\Users\sapna\Documents\workspace\PatientAndroidApp\src\test\resources\android\PA-4.0-stage-armeabi-v7a-release.apk, javascriptEnabled=true, appActivity=com.weecode.portea.activities.SplashActivity, browserName=Android, networkConnectionEnabled=true, desired={newCommandTimeout=600, automationName=Appium, app=C:\Users\sapna\Documents\workspace\PatientAndroidApp\src\test\resources\android\PA-4.0-stage-armeabi-v7a-release.apk, platformVersion=21.0, deviceName=Micromax Q450, platformName=Android, appActivity=com.weecode.portea.activities.SplashActivity, appWaitActivity=com.weecode.portea.activities.SplashActivity, appPackage=com.weecode.portea.stage}, locationContextEnabled=false, appPackage=com.weecode.portea.stage, newCommandTimeout=600, platformVersion=5.0.2, databaseEnabled=false, deviceName=386b462, platformName=Android, appWaitActivity=com.weecode.portea.activities.SplashActivity, webStorageEnabled=false, warnings={}, takesScreenshot=true}]
	at sun.reflect.NativeConstructorAccessorImpl.newInstance0(Native Method)
	at sun.reflect.NativeConstructorAccessorImpl.newInstance(NativeConstructorAccessorImpl.java:57)
	at sun.reflect.DelegatingConstructorAccessorImpl.newInstance(DelegatingConstructorAccessorImpl.java:45)
	at java.lang.reflect.Constructor.newInstance(Constructor.java:526)
	at org.openqa.selenium.remote.ErrorHandler.createThrowable(ErrorHandler.java:206)
	at org.openqa.selenium.remote.ErrorHandler.throwIfResponseFailed(ErrorHandler.java:158)
	at org.openqa.selenium.remote.RemoteWebDriver.execute(RemoteWebDriver.java:678)
	at io.appium.java_client.AppiumDriver.execute(AppiumDriver.java:180)
	at org.openqa.selenium.remote.RemoteWebDriver.findElement(RemoteWebDriver.java:363)
	at io.appium.java_client.android.AndroidDriver.findElementByAndroidUIAutomator(AndroidDriver.java:255)
	at io.appium.java_client.android.AndroidDriver.scrollToExact(AndroidDriver.java:65)
	at com.patientapp.tests.ServicesTests.testVerifyAddNursingAppointment(ServicesTests.java:214)
	at sun.reflect.NativeMethodAccessorImpl.invoke0(Native Method)
	at sun.reflect.NativeMethodAccessorImpl.invoke(NativeMethodAccessorImpl.java:57)
	at sun.reflect.DelegatingMethodAccessorImpl.invoke(DelegatingMethodAccessorImpl.java:43)
	at java.lang.reflect.Method.invoke(Method.java:606)
	at org.testng.internal.MethodInvocationHelper.invokeMethod(MethodInvocationHelper.java:80)
	at org.testng.internal.Invoker.invokeMethod(Invoker.java:714)
	at org.testng.internal.Invoker.invokeTestMethod(Invoker.java:901)
	at org.testng.internal.Invoker.invokeTestMethods(Invoker.java:1231)
	at org.testng.internal.TestMethodWorker.invokeTestMethods(TestMethodWorker.java:127)
	at org.testng.internal.TestMethodWorker.run(TestMethodWorker.java:111)
	at org.testng.TestRunner.privateRun(TestRunner.java:767)
	at org.testng.TestRunner.run(TestRunner.java:617)
	at org.testng.SuiteRunner.runTest(SuiteRunner.java:334)
	at org.testng.SuiteRunner.runSequentially(SuiteRunner.java:329)
	at org.testng.SuiteRunner.privateRun(SuiteRunner.java:291)
	at org.testng.SuiteRunner.run(SuiteRunner.java:240)
	at org.testng.SuiteRunnerWorker.runSuite(SuiteRunnerWorker.java:52)
	at org.testng.SuiteRunnerWorker.run(SuiteRunnerWorker.java:86)
	at org.testng.TestNG.runSuitesSequentially(TestNG.java:1198)
	at org.testng.TestNG.runSuitesLocally(TestNG.java:1123)
	at org.testng.TestNG.run(TestNG.java:1031)
	at org.testng.remote.RemoteTestNG.run(RemoteTestNG.java:115)
	at org.testng.remote.RemoteTestNG.initAndRun(RemoteTestNG.java:207)
	at org.testng.remote.RemoteTestNG.main(RemoteTestNG.java:178)
]]>
    </failure>
  </testcase> <!-- testVerifyAddNursingAppointment -->
  <testcase name="testVerifyAddPostNatalCareAppointment" time="109.743" classname="com.patientapp.tests.ServicesTests"/>
  <testcase name="testVerifyAddElderCareAppointment" time="131.273" classname="com.patientapp.tests.ServicesTests"/>
</testsuite> <!-- com.patientapp.tests.ServicesTests -->
