<!DOCTYPE html>

<html>
  <head>
  <title>TestNG reports</title>

    <link type="text/css" href="testng-reports.css" rel="stylesheet" />  
    <script type="text/javascript" src="jquery-1.7.1.min.js"></script>
    <script type="text/javascript" src="testng-reports.js"></script>
    <script type="text/javascript" src="https://www.google.com/jsapi"></script>
    <script type='text/javascript'>
      google.load('visualization', '1', {packages:['table']});
      google.setOnLoadCallback(drawTable);
      var suiteTableInitFunctions = new Array();
      var suiteTableData = new Array();
    </script>
    <!--
      <script type="text/javascript" src="jquery-ui/js/jquery-ui-1.8.16.custom.min.js"></script>
     -->
  </head>

  <body>
    <div class="top-banner-root">
      <span class="top-banner-title-font">Test results</span>
      <br/>
      <span class="top-banner-font-1">1 suite, 13 failed tests</span>
    </div> <!-- top-banner-root -->
    <div class="navigator-root">
      <div class="navigator-suite-header">
        <span>All suites</span>
        <a href="#" class="collapse-all-link" title="Collapse/expand all the suites">
          <img class="collapse-all-icon" src="collapseall.gif">
          </img> <!-- collapse-all-icon -->
        </a> <!-- collapse-all-link -->
      </div> <!-- navigator-suite-header -->
      <div class="suite">
        <div class="rounded-window">
          <div class="suite-header light-rounded-window-top">
            <a href="#" class="navigator-link" panel-name="suite-PatientAppSmokeTestScenarios">
              <span class="suite-name border-failed">PatientAppSmokeTestScenarios</span>
            </a> <!-- navigator-link -->
          </div> <!-- suite-header light-rounded-window-top -->
          <div class="navigator-suite-content">
            <div class="suite-section-title">
              <span>Info</span>
            </div> <!-- suite-section-title -->
            <div class="suite-section-content">
              <ul>
                <li>
                  <a href="#" class="navigator-link " panel-name="test-xml-PatientAppSmokeTestScenarios">
                    <span>C:\Users\sapna\Documents\workspace\PatientAndroidApp\src\test\resources\SmokeTestSuite.xml</span>
                  </a> <!-- navigator-link  -->
                </li>
                <li>
                  <a href="#" class="navigator-link " panel-name="testlist-PatientAppSmokeTestScenarios">
                    <span class="test-stats">1 test</span>
                  </a> <!-- navigator-link  -->
                </li>
                <li>
                  <a href="#" class="navigator-link " panel-name="group-PatientAppSmokeTestScenarios">
                    <span>0 groups</span>
                  </a> <!-- navigator-link  -->
                </li>
                <li>
                  <a href="#" class="navigator-link " panel-name="times-PatientAppSmokeTestScenarios">
                    <span>Times</span>
                  </a> <!-- navigator-link  -->
                </li>
                <li>
                  <a href="#" class="navigator-link " panel-name="reporter-PatientAppSmokeTestScenarios">
                    <span>Reporter output</span>
                  </a> <!-- navigator-link  -->
                </li>
                <li>
                  <a href="#" class="navigator-link " panel-name="ignored-methods-PatientAppSmokeTestScenarios">
                    <span>Ignored methods</span>
                  </a> <!-- navigator-link  -->
                </li>
                <li>
                  <a href="#" class="navigator-link " panel-name="chronological-PatientAppSmokeTestScenarios">
                    <span>Chronological view</span>
                  </a> <!-- navigator-link  -->
                </li>
              </ul>
            </div> <!-- suite-section-content -->
            <div class="result-section">
              <div class="suite-section-title">
                <span>Results</span>
              </div> <!-- suite-section-title -->
              <div class="suite-section-content">
                <ul>
                  <li>
                    <span class="method-stats">36 methods, 13 failed,   23 passed</span>
                  </li>
                  <li>
                    <span class="method-list-title failed">Failed methods</span>
                    <span class="show-or-hide-methods failed">
                      <a href="#" panel-name="suite-PatientAppSmokeTestScenarios" class="hide-methods failed suite-PatientAppSmokeTestScenarios"> (hide)</a> <!-- hide-methods failed suite-PatientAppSmokeTestScenarios -->
                      <a href="#" panel-name="suite-PatientAppSmokeTestScenarios" class="show-methods failed suite-PatientAppSmokeTestScenarios"> (show)</a> <!-- show-methods failed suite-PatientAppSmokeTestScenarios -->
                    </span>
                    <div class="method-list-content failed suite-PatientAppSmokeTestScenarios">
                      <span>
                        <img width="3%" src="failed.png"/>
                        <a href="#" class="method navigator-link" panel-name="suite-PatientAppSmokeTestScenarios" title="com.patientapp.tests.HealthFeedTests" hash-for-method="TC_21_testVerifyUserShouldAbleToSeeSelectedFeedDetails">TC_21_testVerifyUserShouldAbleToSeeSelectedFeedDetails</a> <!-- method navigator-link -->
                      </span>
                      <br/>
                      <span>
                        <img width="3%" src="failed.png"/>
                        <a href="#" class="method navigator-link" panel-name="suite-PatientAppSmokeTestScenarios" title="com.patientapp.tests.HealthFeedTests" hash-for-method="TC_22_testVerifyUserShouldAbleToLikeArticle">TC_22_testVerifyUserShouldAbleToLikeArticle</a> <!-- method navigator-link -->
                      </span>
                      <br/>
                      <span>
                        <img width="3%" src="failed.png"/>
                        <a href="#" class="method navigator-link" panel-name="suite-PatientAppSmokeTestScenarios" title="com.patientapp.tests.MoreOptionsTests" hash-for-method="TC_24_testVerifyGeneralQueriesFAQVisibility">TC_24_testVerifyGeneralQueriesFAQVisibility</a> <!-- method navigator-link -->
                      </span>
                      <br/>
                      <span>
                        <img width="3%" src="failed.png"/>
                        <a href="#" class="method navigator-link" panel-name="suite-PatientAppSmokeTestScenarios" title="com.patientapp.tests.MoreOptionsTests" hash-for-method="TC_27_testVerifyUserShouldAbleToSubmitFeedback">TC_27_testVerifyUserShouldAbleToSubmitFeedback</a> <!-- method navigator-link -->
                      </span>
                      <br/>
                      <span>
                        <img width="3%" src="failed.png"/>
                        <a href="#" class="method navigator-link" panel-name="suite-PatientAppSmokeTestScenarios" title="com.patientapp.tests.MoreOptionsTests" hash-for-method="TC_28_testVerifyContactUsOption">TC_28_testVerifyContactUsOption</a> <!-- method navigator-link -->
                      </span>
                      <br/>
                      <span>
                        <img width="3%" src="failed.png"/>
                        <a href="#" class="method navigator-link" panel-name="suite-PatientAppSmokeTestScenarios" title="com.patientapp.tests.MoreOptionsTests" hash-for-method="TC_29_testVerifyAllAppointmentsVisibilitiesOnMyAppointments">TC_29_testVerifyAllAppointmentsVisibilitiesOnMyAppointments</a> <!-- method navigator-link -->
                      </span>
                      <br/>
                      <span>
                        <img width="3%" src="failed.png"/>
                        <a href="#" class="method navigator-link" panel-name="suite-PatientAppSmokeTestScenarios" title="com.patientapp.tests.AccountTests" hash-for-method="TC_32_testVerifyPaidUnpaidAndUnbilledAppointments">TC_32_testVerifyPaidUnpaidAndUnbilledAppointments</a> <!-- method navigator-link -->
                      </span>
                      <br/>
                      <span>
                        <img width="3%" src="failed.png"/>
                        <a href="#" class="method navigator-link" panel-name="suite-PatientAppSmokeTestScenarios" title="com.patientapp.tests.AccountTests" hash-for-method="TC_35_testVerifyUserAbleToAddWallet">TC_35_testVerifyUserAbleToAddWallet</a> <!-- method navigator-link -->
                      </span>
                      <br/>
                      <span>
                        <img width="3%" src="failed.png"/>
                        <a href="#" class="method navigator-link" panel-name="suite-PatientAppSmokeTestScenarios" title="com.patientapp.tests.AccountTests" hash-for-method="TC_35_testVerifyUserAbleToLoadWalletBySavedCard">TC_35_testVerifyUserAbleToLoadWalletBySavedCard</a> <!-- method navigator-link -->
                      </span>
                      <br/>
                      <span>
                        <img width="3%" src="failed.png"/>
                        <a href="#" class="method navigator-link" panel-name="suite-PatientAppSmokeTestScenarios" title="com.patientapp.tests.AccountTests" hash-for-method="TC_35_testVerifyUserAbleToViewWallet">TC_35_testVerifyUserAbleToViewWallet</a> <!-- method navigator-link -->
                      </span>
                      <br/>
                      <span>
                        <img width="3%" src="failed.png"/>
                        <a href="#" class="method navigator-link" panel-name="suite-PatientAppSmokeTestScenarios" title="com.patientapp.tests.ServicesTests" hash-for-method="testVerifyAddAttendantsAppointment">testVerifyAddAttendantsAppointment</a> <!-- method navigator-link -->
                      </span>
                      <br/>
                      <span>
                        <img width="3%" src="failed.png"/>
                        <a href="#" class="method navigator-link" panel-name="suite-PatientAppSmokeTestScenarios" title="com.patientapp.tests.ServicesTests" hash-for-method="testVerifyAddNursingAppointment">testVerifyAddNursingAppointment</a> <!-- method navigator-link -->
                      </span>
                      <br/>
                      <span>
                        <img width="3%" src="failed.png"/>
                        <a href="#" class="method navigator-link" panel-name="suite-PatientAppSmokeTestScenarios" title="com.patientapp.tests.AccountTests" hash-for-method="testVerifyUserAbleToPayThroughWallet">testVerifyUserAbleToPayThroughWallet</a> <!-- method navigator-link -->
                      </span>
                      <br/>
                    </div> <!-- method-list-content failed suite-PatientAppSmokeTestScenarios -->
                  </li>
                  <li>
                    <span class="method-list-title passed">Passed methods</span>
                    <span class="show-or-hide-methods passed">
                      <a href="#" panel-name="suite-PatientAppSmokeTestScenarios" class="hide-methods passed suite-PatientAppSmokeTestScenarios"> (hide)</a> <!-- hide-methods passed suite-PatientAppSmokeTestScenarios -->
                      <a href="#" panel-name="suite-PatientAppSmokeTestScenarios" class="show-methods passed suite-PatientAppSmokeTestScenarios"> (show)</a> <!-- show-methods passed suite-PatientAppSmokeTestScenarios -->
                    </span>
                    <div class="method-list-content passed suite-PatientAppSmokeTestScenarios">
                      <span>
                        <img width="3%" src="passed.png"/>
                        <a href="#" class="method navigator-link" panel-name="suite-PatientAppSmokeTestScenarios" title="com.patientapp.tests.MoreOptionsTests" hash-for-method="TC_23_testVerifyOfferPromotionsVisibility">TC_23_testVerifyOfferPromotionsVisibility</a> <!-- method navigator-link -->
                      </span>
                      <br/>
                      <span>
                        <img width="3%" src="passed.png"/>
                        <a href="#" class="method navigator-link" panel-name="suite-PatientAppSmokeTestScenarios" title="com.patientapp.tests.MoreOptionsTests" hash-for-method="TC_25_testVerifyRateUsScreenVisibility">TC_25_testVerifyRateUsScreenVisibility</a> <!-- method navigator-link -->
                      </span>
                      <br/>
                      <span>
                        <img width="3%" src="passed.png"/>
                        <a href="#" class="method navigator-link" panel-name="suite-PatientAppSmokeTestScenarios" title="com.patientapp.tests.MoreOptionsTests" hash-for-method="TC_26_testVerifyAboutUsScreenVisibility">TC_26_testVerifyAboutUsScreenVisibility</a> <!-- method navigator-link -->
                      </span>
                      <br/>
                      <span>
                        <img width="3%" src="passed.png"/>
                        <a href="#" class="method navigator-link" panel-name="suite-PatientAppSmokeTestScenarios" title="com.patientapp.tests.HomeScreenTests" hash-for-method="TC_29_testVerifyAllappointmentsVisibility">TC_29_testVerifyAllappointmentsVisibility</a> <!-- method navigator-link -->
                      </span>
                      <br/>
                      <span>
                        <img width="3%" src="passed.png"/>
                        <a href="#" class="method navigator-link" panel-name="suite-PatientAppSmokeTestScenarios" title="com.patientapp.tests.HomeScreenTests" hash-for-method="TC_30_testVerifyMyHealthRecordsVisibility">TC_30_testVerifyMyHealthRecordsVisibility</a> <!-- method navigator-link -->
                      </span>
                      <br/>
                      <span>
                        <img width="3%" src="passed.png"/>
                        <a href="#" class="method navigator-link" panel-name="suite-PatientAppSmokeTestScenarios" title="com.patientapp.tests.HomeScreenTests" hash-for-method="TC_31_testVerifyBookMarkedArticlesVisibility">TC_31_testVerifyBookMarkedArticlesVisibility</a> <!-- method navigator-link -->
                      </span>
                      <br/>
                      <span>
                        <img width="3%" src="passed.png"/>
                        <a href="#" class="method navigator-link" panel-name="suite-PatientAppSmokeTestScenarios" title="com.patientapp.tests.HomeScreenTests" hash-for-method="TC_34_testVerifyTransactionHistoryVisibility">TC_34_testVerifyTransactionHistoryVisibility</a> <!-- method navigator-link -->
                      </span>
                      <br/>
                      <span>
                        <img width="3%" src="passed.png"/>
                        <a href="#" class="method navigator-link" panel-name="suite-PatientAppSmokeTestScenarios" title="com.patientapp.tests.HomeScreenTests" hash-for-method="TC_35_testVerifyWallet">TC_35_testVerifyWallet</a> <!-- method navigator-link -->
                      </span>
                      <br/>
                      <span>
                        <img width="3%" src="passed.png"/>
                        <a href="#" class="method navigator-link" panel-name="suite-PatientAppSmokeTestScenarios" title="com.patientapp.tests.HomeScreenTests" hash-for-method="TC_36_testVerifyPharmacyOrderAndPrescriptionsVisibility">TC_36_testVerifyPharmacyOrderAndPrescriptionsVisibility</a> <!-- method navigator-link -->
                      </span>
                      <br/>
                      <span>
                        <img width="3%" src="passed.png"/>
                        <a href="#" class="method navigator-link" panel-name="suite-PatientAppSmokeTestScenarios" title="com.patientapp.tests.HomeScreenTests" hash-for-method="TC_38_testVerifyPorteaCherishScreenVisibility">TC_38_testVerifyPorteaCherishScreenVisibility</a> <!-- method navigator-link -->
                      </span>
                      <br/>
                      <span>
                        <img width="3%" src="passed.png"/>
                        <a href="#" class="method navigator-link" panel-name="suite-PatientAppSmokeTestScenarios" title="com.patientapp.tests.LoginTests" hash-for-method="TC_6_testVerifyLoginWithOutRegistration">TC_6_testVerifyLoginWithOutRegistration</a> <!-- method navigator-link -->
                      </span>
                      <br/>
                      <span>
                        <img width="3%" src="passed.png"/>
                        <a href="#" class="method navigator-link" panel-name="suite-PatientAppSmokeTestScenarios" title="com.patientapp.tests.HomeScreenTests" hash-for-method="TC_6_testVerifyMoreAndNotificationOption">TC_6_testVerifyMoreAndNotificationOption</a> <!-- method navigator-link -->
                      </span>
                      <br/>
                      <span>
                        <img width="3%" src="passed.png"/>
                        <a href="#" class="method navigator-link" panel-name="suite-PatientAppSmokeTestScenarios" title="com.patientapp.tests.ServicesTests" hash-for-method="testVerifyAddElderCareAppointment">testVerifyAddElderCareAppointment</a> <!-- method navigator-link -->
                      </span>
                      <br/>
                      <span>
                        <img width="3%" src="passed.png"/>
                        <a href="#" class="method navigator-link" panel-name="suite-PatientAppSmokeTestScenarios" title="com.patientapp.tests.ServicesTests" hash-for-method="testVerifyAddPostNatalCareAppointment">testVerifyAddPostNatalCareAppointment</a> <!-- method navigator-link -->
                      </span>
                      <br/>
                      <span>
                        <img width="3%" src="passed.png"/>
                        <a href="#" class="method navigator-link" panel-name="suite-PatientAppSmokeTestScenarios" title="com.patientapp.tests.HomeScreenTests" hash-for-method="testVerifyAllMenuScreensVisibility">testVerifyAllMenuScreensVisibility</a> <!-- method navigator-link -->
                      </span>
                      <br/>
                      <span>
                        <img width="3%" src="passed.png"/>
                        <a href="#" class="method navigator-link" panel-name="suite-PatientAppSmokeTestScenarios" title="com.patientapp.tests.ServicesTests" hash-for-method="testVerifyBookVaccination">testVerifyBookVaccination</a> <!-- method navigator-link -->
                      </span>
                      <br/>
                      <span>
                        <img width="3%" src="passed.png"/>
                        <a href="#" class="method navigator-link" panel-name="suite-PatientAppSmokeTestScenarios" title="com.patientapp.tests.LoginTests" hash-for-method="testVerifyLoginFunctionality">testVerifyLoginFunctionality</a> <!-- method navigator-link -->
                      </span>
                      <br/>
                      <span>
                        <img width="3%" src="passed.png"/>
                        <a href="#" class="method navigator-link" panel-name="suite-PatientAppSmokeTestScenarios" title="com.patientapp.tests.LoginTests" hash-for-method="testVerifyLoginScreenElementsVisibility">testVerifyLoginScreenElementsVisibility</a> <!-- method navigator-link -->
                      </span>
                      <br/>
                      <span>
                        <img width="3%" src="passed.png"/>
                        <a href="#" class="method navigator-link" panel-name="suite-PatientAppSmokeTestScenarios" title="com.patientapp.tests.RegistrationTests" hash-for-method="testVerifyPatientRegistration">testVerifyPatientRegistration</a> <!-- method navigator-link -->
                      </span>
                      <br/>
                      <span>
                        <img width="3%" src="passed.png"/>
                        <a href="#" class="method navigator-link" panel-name="suite-PatientAppSmokeTestScenarios" title="com.patientapp.tests.AccountTests" hash-for-method="testVerifyUserAbleToPayThroughCards">testVerifyUserAbleToPayThroughCards</a> <!-- method navigator-link -->
                      </span>
                      <br/>
                      <span>
                        <img width="3%" src="passed.png"/>
                        <a href="#" class="method navigator-link" panel-name="suite-PatientAppSmokeTestScenarios" title="com.patientapp.tests.AccountTests" hash-for-method="testVerifyUserAbleToPayThroughNetbanking">testVerifyUserAbleToPayThroughNetbanking</a> <!-- method navigator-link -->
                      </span>
                      <br/>
                      <span>
                        <img width="3%" src="passed.png"/>
                        <a href="#" class="method navigator-link" panel-name="suite-PatientAppSmokeTestScenarios" title="com.patientapp.tests.AccountTests" hash-for-method="testVerifyUserAbleToPayThroughPaytm">testVerifyUserAbleToPayThroughPaytm</a> <!-- method navigator-link -->
                      </span>
                      <br/>
                      <span>
                        <img width="3%" src="passed.png"/>
                        <a href="#" class="method navigator-link" panel-name="suite-PatientAppSmokeTestScenarios" title="com.patientapp.tests.HomeScreenTests" hash-for-method="testVerifyWithoutLogin">testVerifyWithoutLogin</a> <!-- method navigator-link -->
                      </span>
                      <br/>
                    </div> <!-- method-list-content passed suite-PatientAppSmokeTestScenarios -->
                  </li>
                </ul>
              </div> <!-- suite-section-content -->
            </div> <!-- result-section -->
          </div> <!-- navigator-suite-content -->
        </div> <!-- rounded-window -->
      </div> <!-- suite -->
    </div> <!-- navigator-root -->
    <div class="wrapper">
      <div class="main-panel-root">
        <div panel-name="suite-PatientAppSmokeTestScenarios" class="panel PatientAppSmokeTestScenarios">
          <div class="suite-PatientAppSmokeTestScenarios-class-failed">
            <div class="main-panel-header rounded-window-top">
              <img src="failed.png"/>
              <span class="class-name">com.patientapp.tests.ServicesTests</span>
            </div> <!-- main-panel-header rounded-window-top -->
            <div class="main-panel-content rounded-window-bottom">
              <div class="method">
                <div class="method-content">
                  <a name="testVerifyAddAttendantsAppointment">
                  </a> <!-- testVerifyAddAttendantsAppointment -->
                  <span class="method-name">testVerifyAddAttendantsAppointment</span>
                  <div class="stack-trace"><b>"org.openqa.selenium.NoSuchElementException: An element could not be located on the page using the given search parameters. (WARNING: The server did not provide any stacktrace information)
Command duration or timeout: 10.15 seconds
For documentation on this error, please visit: http://seleniumhq.org/exceptions/no_such_element.html
Build info: version: &apos;2.53.0&apos;, revision: &apos;35ae25b1534ae328c771e0856c93e187490ca824&apos;, time: &apos;2016-03-15 10:43:46&apos;
System info: host: &apos;sapna-testlead&apos;, ip: &apos;192.168.56.1&apos;, os.name: &apos;Windows 7&apos;, os.arch: &apos;amd64&apos;, os.version: &apos;6.1&apos;, java.version: &apos;1.7.0_65&apos;
*** Element info: {Using=id, value=com.weecode.portea.stage:id/skip}
Session ID: 0a084ad2-318c-49cd-9886-52449f131af8
Driver info: io.appium.java_client.android.AndroidDriver
Capabilities [{automationName=Appium, platform=LINUX, app=C:\Users\sapna\Documents\workspace\PatientAndroidApp\src\test\resources\android\PA-4.0-stage-armeabi-v7a-release.apk, javascriptEnabled=true, appActivity=com.weecode.portea.activities.SplashActivity, browserName=Android, networkConnectionEnabled=true, desired={newCommandTimeout=600, automationName=Appium, app=C:\Users\sapna\Documents\workspace\PatientAndroidApp\src\test\resources\android\PA-4.0-stage-armeabi-v7a-release.apk, platformVersion=21.0, deviceName=Micromax Q450, platformName=Android, appActivity=com.weecode.portea.activities.SplashActivity, appWaitActivity=com.weecode.portea.activities.SplashActivity, appPackage=com.weecode.portea.stage}, locationContextEnabled=false, appPackage=com.weecode.portea.stage, newCommandTimeout=600, platformVersion=5.0.2, databaseEnabled=false, deviceName=386b462, platformName=Android, appWaitActivity=com.weecode.portea.activities.SplashActivity, webStorageEnabled=false, warnings={}, takesScreenshot=true}]
	at org.openqa.selenium.remote.ErrorHandler.createThrowable(ErrorHandler.java:206)
	at org.openqa.selenium.remote.ErrorHandler.throwIfResponseFailed(ErrorHandler.java:158)
	at org.openqa.selenium.remote.RemoteWebDriver.execute(RemoteWebDriver.java:678)
	at io.appium.java_client.AppiumDriver.execute(AppiumDriver.java:180)
	at org.openqa.selenium.remote.RemoteWebDriver.findElement(RemoteWebDriver.java:363)
	at org.openqa.selenium.remote.RemoteWebDriver.findElementById(RemoteWebDriver.java:413)
	at org.openqa.selenium.By$ById.findElement(By.java:218)
	at org.openqa.selenium.remote.RemoteWebDriver.findElement(RemoteWebDriver.java:355)
	at com.patientapp.pages.LoginPage.skip(LoginPage.java:72)
	at com.patientapp.tests.ServicesTests.testVerifyAddAttendantsAppointment(ServicesTests.java:240)
... Removed 28 stack frames<br/> org.openqa.selenium.NoSuchElementException: An element could not be located on the page using the given search parameters. (WARNING: The server did not provide any stacktrace information)
Command duration or timeout: 10.15 seconds
For documentation on this error, please visit: http://seleniumhq.org/exceptions/no_such_element.html
Build info: version: &apos;2.53.0&apos;, revision: &apos;35ae25b1534ae328c771e0856c93e187490ca824&apos;, time: &apos;2016-03-15 10:43:46&apos;
System info: host: &apos;sapna-testlead&apos;, ip: &apos;192.168.56.1&apos;, os.name: &apos;Windows 7&apos;, os.arch: &apos;amd64&apos;, os.version: &apos;6.1&apos;, java.version: &apos;1.7.0_65&apos;
*** Element info: {Using=id, value=com.weecode.portea.stage:id/skip}
Session ID: 0a084ad2-318c-49cd-9886-52449f131af8
Driver info: io.appium.java_client.android.AndroidDriver
Capabilities [{automationName=Appium, platform=LINUX, app=C:\Users\sapna\Documents\workspace\PatientAndroidApp\src\test\resources\android\PA-4.0-stage-armeabi-v7a-release.apk, javascriptEnabled=true, appActivity=com.weecode.portea.activities.SplashActivity, browserName=Android, networkConnectionEnabled=true, desired={newCommandTimeout=600, automationName=Appium, app=C:\Users\sapna\Documents\workspace\PatientAndroidApp\src\test\resources\android\PA-4.0-stage-armeabi-v7a-release.apk, platformVersion=21.0, deviceName=Micromax Q450, platformName=Android, appActivity=com.weecode.portea.activities.SplashActivity, appWaitActivity=com.weecode.portea.activities.SplashActivity, appPackage=com.weecode.portea.stage}, locationContextEnabled=false, appPackage=com.weecode.portea.stage, newCommandTimeout=600, platformVersion=5.0.2, databaseEnabled=false, deviceName=386b462, platformName=Android, appWaitActivity=com.weecode.portea.activities.SplashActivity, webStorageEnabled=false, warnings={}, takesScreenshot=true}]
	at sun.reflect.NativeConstructorAccessorImpl.newInstance0(Native Method)
	at sun.reflect.NativeConstructorAccessorImpl.newInstance(NativeConstructorAccessorImpl.java:57)
	at sun.reflect.DelegatingConstructorAccessorImpl.newInstance(DelegatingConstructorAccessorImpl.java:45)
	at java.lang.reflect.Constructor.newInstance(Constructor.java:526)
	at org.openqa.selenium.remote.ErrorHandler.createThrowable(ErrorHandler.java:206)
	at org.openqa.selenium.remote.ErrorHandler.throwIfResponseFailed(ErrorHandler.java:158)
	at org.openqa.selenium.remote.RemoteWebDriver.execute(RemoteWebDriver.java:678)
	at io.appium.java_client.AppiumDriver.execute(AppiumDriver.java:180)
	at org.openqa.selenium.remote.RemoteWebDriver.findElement(RemoteWebDriver.java:363)
	at org.openqa.selenium.remote.RemoteWebDriver.findElementById(RemoteWebDriver.java:413)
	at org.openqa.selenium.By$ById.findElement(By.java:218)
	at org.openqa.selenium.remote.RemoteWebDriver.findElement(RemoteWebDriver.java:355)
	at com.patientapp.pages.LoginPage.skip(LoginPage.java:72)
	at com.patientapp.tests.ServicesTests.testVerifyAddAttendantsAppointment(ServicesTests.java:240)
	at sun.reflect.NativeMethodAccessorImpl.invoke0(Native Method)
	at sun.reflect.NativeMethodAccessorImpl.invoke(NativeMethodAccessorImpl.java:57)
	at sun.reflect.DelegatingMethodAccessorImpl.invoke(DelegatingMethodAccessorImpl.java:43)
	at java.lang.reflect.Method.invoke(Method.java:606)
	at org.testng.internal.MethodInvocationHelper.invokeMethod(MethodInvocationHelper.java:80)
	at org.testng.internal.Invoker.invokeMethod(Invoker.java:714)
	at org.testng.internal.Invoker.invokeTestMethod(Invoker.java:901)
	at org.testng.internal.Invoker.invokeTestMethods(Invoker.java:1231)
	at org.testng.internal.TestMethodWorker.invokeTestMethods(TestMethodWorker.java:127)
	at org.testng.internal.TestMethodWorker.run(TestMethodWorker.java:111)
	at org.testng.TestRunner.privateRun(TestRunner.java:767)
	at org.testng.TestRunner.run(TestRunner.java:617)
	at org.testng.SuiteRunner.runTest(SuiteRunner.java:334)
	at org.testng.SuiteRunner.runSequentially(SuiteRunner.java:329)
	at org.testng.SuiteRunner.privateRun(SuiteRunner.java:291)
	at org.testng.SuiteRunner.run(SuiteRunner.java:240)
	at org.testng.SuiteRunnerWorker.runSuite(SuiteRunnerWorker.java:52)
	at org.testng.SuiteRunnerWorker.run(SuiteRunnerWorker.java:86)
	at org.testng.TestNG.runSuitesSequentially(TestNG.java:1198)
	at org.testng.TestNG.runSuitesLocally(TestNG.java:1123)
	at org.testng.TestNG.run(TestNG.java:1031)
	at org.testng.remote.RemoteTestNG.run(RemoteTestNG.java:115)
	at org.testng.remote.RemoteTestNG.initAndRun(RemoteTestNG.java:207)
	at org.testng.remote.RemoteTestNG.main(RemoteTestNG.java:178)
"</b><br>sun.reflect.NativeConstructorAccessorImpl.newInstance0(Native Method)<br>sun.reflect.NativeConstructorAccessorImpl.newInstance(NativeConstructorAccessorImpl.java:57)<br>sun.reflect.DelegatingConstructorAccessorImpl.newInstance(DelegatingConstructorAccessorImpl.java:45)<br>java.lang.reflect.Constructor.newInstance(Constructor.java:526)<br>org.openqa.selenium.remote.ErrorHandler.createThrowable(ErrorHandler.java:206)<br>org.openqa.selenium.remote.ErrorHandler.throwIfResponseFailed(ErrorHandler.java:158)<br>org.openqa.selenium.remote.RemoteWebDriver.execute(RemoteWebDriver.java:678)<br>io.appium.java_client.AppiumDriver.execute(AppiumDriver.java:180)<br>org.openqa.selenium.remote.RemoteWebDriver.findElement(RemoteWebDriver.java:363)<br>org.openqa.selenium.remote.RemoteWebDriver.findElementById(RemoteWebDriver.java:413)<br>org.openqa.selenium.By$ById.findElement(By.java:218)<br>org.openqa.selenium.remote.RemoteWebDriver.findElement(RemoteWebDriver.java:355)<br>com.patientapp.pages.LoginPage.skip(LoginPage.java:72)<br>com.patientapp.tests.ServicesTests.testVerifyAddAttendantsAppointment(ServicesTests.java:240)<br>sun.reflect.NativeMethodAccessorImpl.invoke0(Native Method)<br>sun.reflect.NativeMethodAccessorImpl.invoke(NativeMethodAccessorImpl.java:57)<br>sun.reflect.DelegatingMethodAccessorImpl.invoke(DelegatingMethodAccessorImpl.java:43)<br>java.lang.reflect.Method.invoke(Method.java:606)<br>org.testng.internal.MethodInvocationHelper.invokeMethod(MethodInvocationHelper.java:80)<br>org.testng.internal.Invoker.invokeMethod(Invoker.java:714)<br>org.testng.internal.Invoker.invokeTestMethod(Invoker.java:901)<br>org.testng.internal.Invoker.invokeTestMethods(Invoker.java:1231)<br>org.testng.internal.TestMethodWorker.invokeTestMethods(TestMethodWorker.java:127)<br>org.testng.internal.TestMethodWorker.run(TestMethodWorker.java:111)<br>org.testng.TestRunner.privateRun(TestRunner.java:767)<br>org.testng.TestRunner.run(TestRunner.java:617)<br>org.testng.SuiteRunner.runTest(SuiteRunner.java:334)<br>org.testng.SuiteRunner.runSequentially(SuiteRunner.java:329)<br>org.testng.SuiteRunner.privateRun(SuiteRunner.java:291)<br>org.testng.SuiteRunner.run(SuiteRunner.java:240)<br>org.testng.SuiteRunnerWorker.runSuite(SuiteRunnerWorker.java:52)<br>org.testng.SuiteRunnerWorker.run(SuiteRunnerWorker.java:86)<br>org.testng.TestNG.runSuitesSequentially(TestNG.java:1198)<br>org.testng.TestNG.runSuitesLocally(TestNG.java:1123)<br>org.testng.TestNG.run(TestNG.java:1031)<br>org.testng.remote.RemoteTestNG.run(RemoteTestNG.java:115)<br>org.testng.remote.RemoteTestNG.initAndRun(RemoteTestNG.java:207)<br>org.testng.remote.RemoteTestNG.main(RemoteTestNG.java:178)<br>
</div> <!-- stack-trace -->
                </div> <!-- method-content -->
              </div> <!-- method -->
              <div class="method">
                <div class="method-content">
                  <a name="testVerifyAddNursingAppointment">
                  </a> <!-- testVerifyAddNursingAppointment -->
                  <span class="method-name">testVerifyAddNursingAppointment</span>
                  <div class="stack-trace"><b>"org.openqa.selenium.NoSuchElementException: An element could not be located on the page using the given search parameters. (WARNING: The server did not provide any stacktrace information)
Command duration or timeout: 35.84 seconds
For documentation on this error, please visit: http://seleniumhq.org/exceptions/no_such_element.html
Build info: version: &apos;2.53.0&apos;, revision: &apos;35ae25b1534ae328c771e0856c93e187490ca824&apos;, time: &apos;2016-03-15 10:43:46&apos;
System info: host: &apos;sapna-testlead&apos;, ip: &apos;192.168.56.1&apos;, os.name: &apos;Windows 7&apos;, os.arch: &apos;amd64&apos;, os.version: &apos;6.1&apos;, java.version: &apos;1.7.0_65&apos;
*** Element info: {Using=-android uiautomator, value=new UiScrollable(new UiSelector().scrollable(true).instance(0)).scrollIntoView(new UiSelector().description(&quot;Nursing&quot;).instance(0));new UiScrollable(new UiSelector().scrollable(true).instance(0)).scrollIntoView(new UiSelector().text(&quot;Nursing&quot;).instance(0));}
Session ID: 0a084ad2-318c-49cd-9886-52449f131af8
Driver info: io.appium.java_client.android.AndroidDriver
Capabilities [{automationName=Appium, platform=LINUX, app=C:\Users\sapna\Documents\workspace\PatientAndroidApp\src\test\resources\android\PA-4.0-stage-armeabi-v7a-release.apk, javascriptEnabled=true, appActivity=com.weecode.portea.activities.SplashActivity, browserName=Android, networkConnectionEnabled=true, desired={newCommandTimeout=600, automationName=Appium, app=C:\Users\sapna\Documents\workspace\PatientAndroidApp\src\test\resources\android\PA-4.0-stage-armeabi-v7a-release.apk, platformVersion=21.0, deviceName=Micromax Q450, platformName=Android, appActivity=com.weecode.portea.activities.SplashActivity, appWaitActivity=com.weecode.portea.activities.SplashActivity, appPackage=com.weecode.portea.stage}, locationContextEnabled=false, appPackage=com.weecode.portea.stage, newCommandTimeout=600, platformVersion=5.0.2, databaseEnabled=false, deviceName=386b462, platformName=Android, appWaitActivity=com.weecode.portea.activities.SplashActivity, webStorageEnabled=false, warnings={}, takesScreenshot=true}]
	at org.openqa.selenium.remote.ErrorHandler.createThrowable(ErrorHandler.java:206)
	at org.openqa.selenium.remote.ErrorHandler.throwIfResponseFailed(ErrorHandler.java:158)
	at org.openqa.selenium.remote.RemoteWebDriver.execute(RemoteWebDriver.java:678)
	at io.appium.java_client.AppiumDriver.execute(AppiumDriver.java:180)
	at org.openqa.selenium.remote.RemoteWebDriver.findElement(RemoteWebDriver.java:363)
	at io.appium.java_client.android.AndroidDriver.findElementByAndroidUIAutomator(AndroidDriver.java:255)
	at io.appium.java_client.android.AndroidDriver.scrollToExact(AndroidDriver.java:65)
	at com.patientapp.tests.ServicesTests.testVerifyAddNursingAppointment(ServicesTests.java:214)
... Removed 28 stack frames<br/> org.openqa.selenium.NoSuchElementException: An element could not be located on the page using the given search parameters. (WARNING: The server did not provide any stacktrace information)
Command duration or timeout: 35.84 seconds
For documentation on this error, please visit: http://seleniumhq.org/exceptions/no_such_element.html
Build info: version: &apos;2.53.0&apos;, revision: &apos;35ae25b1534ae328c771e0856c93e187490ca824&apos;, time: &apos;2016-03-15 10:43:46&apos;
System info: host: &apos;sapna-testlead&apos;, ip: &apos;192.168.56.1&apos;, os.name: &apos;Windows 7&apos;, os.arch: &apos;amd64&apos;, os.version: &apos;6.1&apos;, java.version: &apos;1.7.0_65&apos;
*** Element info: {Using=-android uiautomator, value=new UiScrollable(new UiSelector().scrollable(true).instance(0)).scrollIntoView(new UiSelector().description(&quot;Nursing&quot;).instance(0));new UiScrollable(new UiSelector().scrollable(true).instance(0)).scrollIntoView(new UiSelector().text(&quot;Nursing&quot;).instance(0));}
Session ID: 0a084ad2-318c-49cd-9886-52449f131af8
Driver info: io.appium.java_client.android.AndroidDriver
Capabilities [{automationName=Appium, platform=LINUX, app=C:\Users\sapna\Documents\workspace\PatientAndroidApp\src\test\resources\android\PA-4.0-stage-armeabi-v7a-release.apk, javascriptEnabled=true, appActivity=com.weecode.portea.activities.SplashActivity, browserName=Android, networkConnectionEnabled=true, desired={newCommandTimeout=600, automationName=Appium, app=C:\Users\sapna\Documents\workspace\PatientAndroidApp\src\test\resources\android\PA-4.0-stage-armeabi-v7a-release.apk, platformVersion=21.0, deviceName=Micromax Q450, platformName=Android, appActivity=com.weecode.portea.activities.SplashActivity, appWaitActivity=com.weecode.portea.activities.SplashActivity, appPackage=com.weecode.portea.stage}, locationContextEnabled=false, appPackage=com.weecode.portea.stage, newCommandTimeout=600, platformVersion=5.0.2, databaseEnabled=false, deviceName=386b462, platformName=Android, appWaitActivity=com.weecode.portea.activities.SplashActivity, webStorageEnabled=false, warnings={}, takesScreenshot=true}]
	at sun.reflect.NativeConstructorAccessorImpl.newInstance0(Native Method)
	at sun.reflect.NativeConstructorAccessorImpl.newInstance(NativeConstructorAccessorImpl.java:57)
	at sun.reflect.DelegatingConstructorAccessorImpl.newInstance(DelegatingConstructorAccessorImpl.java:45)
	at java.lang.reflect.Constructor.newInstance(Constructor.java:526)
	at org.openqa.selenium.remote.ErrorHandler.createThrowable(ErrorHandler.java:206)
	at org.openqa.selenium.remote.ErrorHandler.throwIfResponseFailed(ErrorHandler.java:158)
	at org.openqa.selenium.remote.RemoteWebDriver.execute(RemoteWebDriver.java:678)
	at io.appium.java_client.AppiumDriver.execute(AppiumDriver.java:180)
	at org.openqa.selenium.remote.RemoteWebDriver.findElement(RemoteWebDriver.java:363)
	at io.appium.java_client.android.AndroidDriver.findElementByAndroidUIAutomator(AndroidDriver.java:255)
	at io.appium.java_client.android.AndroidDriver.scrollToExact(AndroidDriver.java:65)
	at com.patientapp.tests.ServicesTests.testVerifyAddNursingAppointment(ServicesTests.java:214)
	at sun.reflect.NativeMethodAccessorImpl.invoke0(Native Method)
	at sun.reflect.NativeMethodAccessorImpl.invoke(NativeMethodAccessorImpl.java:57)
	at sun.reflect.DelegatingMethodAccessorImpl.invoke(DelegatingMethodAccessorImpl.java:43)
	at java.lang.reflect.Method.invoke(Method.java:606)
	at org.testng.internal.MethodInvocationHelper.invokeMethod(MethodInvocationHelper.java:80)
	at org.testng.internal.Invoker.invokeMethod(Invoker.java:714)
	at org.testng.internal.Invoker.invokeTestMethod(Invoker.java:901)
	at org.testng.internal.Invoker.invokeTestMethods(Invoker.java:1231)
	at org.testng.internal.TestMethodWorker.invokeTestMethods(TestMethodWorker.java:127)
	at org.testng.internal.TestMethodWorker.run(TestMethodWorker.java:111)
	at org.testng.TestRunner.privateRun(TestRunner.java:767)
	at org.testng.TestRunner.run(TestRunner.java:617)
	at org.testng.SuiteRunner.runTest(SuiteRunner.java:334)
	at org.testng.SuiteRunner.runSequentially(SuiteRunner.java:329)
	at org.testng.SuiteRunner.privateRun(SuiteRunner.java:291)
	at org.testng.SuiteRunner.run(SuiteRunner.java:240)
	at org.testng.SuiteRunnerWorker.runSuite(SuiteRunnerWorker.java:52)
	at org.testng.SuiteRunnerWorker.run(SuiteRunnerWorker.java:86)
	at org.testng.TestNG.runSuitesSequentially(TestNG.java:1198)
	at org.testng.TestNG.runSuitesLocally(TestNG.java:1123)
	at org.testng.TestNG.run(TestNG.java:1031)
	at org.testng.remote.RemoteTestNG.run(RemoteTestNG.java:115)
	at org.testng.remote.RemoteTestNG.initAndRun(RemoteTestNG.java:207)
	at org.testng.remote.RemoteTestNG.main(RemoteTestNG.java:178)
"</b><br>sun.reflect.NativeConstructorAccessorImpl.newInstance0(Native Method)<br>sun.reflect.NativeConstructorAccessorImpl.newInstance(NativeConstructorAccessorImpl.java:57)<br>sun.reflect.DelegatingConstructorAccessorImpl.newInstance(DelegatingConstructorAccessorImpl.java:45)<br>java.lang.reflect.Constructor.newInstance(Constructor.java:526)<br>org.openqa.selenium.remote.ErrorHandler.createThrowable(ErrorHandler.java:206)<br>org.openqa.selenium.remote.ErrorHandler.throwIfResponseFailed(ErrorHandler.java:158)<br>org.openqa.selenium.remote.RemoteWebDriver.execute(RemoteWebDriver.java:678)<br>io.appium.java_client.AppiumDriver.execute(AppiumDriver.java:180)<br>org.openqa.selenium.remote.RemoteWebDriver.findElement(RemoteWebDriver.java:363)<br>io.appium.java_client.android.AndroidDriver.findElementByAndroidUIAutomator(AndroidDriver.java:255)<br>io.appium.java_client.android.AndroidDriver.scrollToExact(AndroidDriver.java:65)<br>com.patientapp.tests.ServicesTests.testVerifyAddNursingAppointment(ServicesTests.java:214)<br>sun.reflect.NativeMethodAccessorImpl.invoke0(Native Method)<br>sun.reflect.NativeMethodAccessorImpl.invoke(NativeMethodAccessorImpl.java:57)<br>sun.reflect.DelegatingMethodAccessorImpl.invoke(DelegatingMethodAccessorImpl.java:43)<br>java.lang.reflect.Method.invoke(Method.java:606)<br>org.testng.internal.MethodInvocationHelper.invokeMethod(MethodInvocationHelper.java:80)<br>org.testng.internal.Invoker.invokeMethod(Invoker.java:714)<br>org.testng.internal.Invoker.invokeTestMethod(Invoker.java:901)<br>org.testng.internal.Invoker.invokeTestMethods(Invoker.java:1231)<br>org.testng.internal.TestMethodWorker.invokeTestMethods(TestMethodWorker.java:127)<br>org.testng.internal.TestMethodWorker.run(TestMethodWorker.java:111)<br>org.testng.TestRunner.privateRun(TestRunner.java:767)<br>org.testng.TestRunner.run(TestRunner.java:617)<br>org.testng.SuiteRunner.runTest(SuiteRunner.java:334)<br>org.testng.SuiteRunner.runSequentially(SuiteRunner.java:329)<br>org.testng.SuiteRunner.privateRun(SuiteRunner.java:291)<br>org.testng.SuiteRunner.run(SuiteRunner.java:240)<br>org.testng.SuiteRunnerWorker.runSuite(SuiteRunnerWorker.java:52)<br>org.testng.SuiteRunnerWorker.run(SuiteRunnerWorker.java:86)<br>org.testng.TestNG.runSuitesSequentially(TestNG.java:1198)<br>org.testng.TestNG.runSuitesLocally(TestNG.java:1123)<br>org.testng.TestNG.run(TestNG.java:1031)<br>org.testng.remote.RemoteTestNG.run(RemoteTestNG.java:115)<br>org.testng.remote.RemoteTestNG.initAndRun(RemoteTestNG.java:207)<br>org.testng.remote.RemoteTestNG.main(RemoteTestNG.java:178)<br>
</div> <!-- stack-trace -->
                </div> <!-- method-content -->
              </div> <!-- method -->
            </div> <!-- main-panel-content rounded-window-bottom -->
          </div> <!-- suite-PatientAppSmokeTestScenarios-class-failed -->
          <div class="suite-PatientAppSmokeTestScenarios-class-failed">
            <div class="main-panel-header rounded-window-top">
              <img src="failed.png"/>
              <span class="class-name">com.patientapp.tests.AccountTests</span>
            </div> <!-- main-panel-header rounded-window-top -->
            <div class="main-panel-content rounded-window-bottom">
              <div class="method">
                <div class="method-content">
                  <a name="TC_32_testVerifyPaidUnpaidAndUnbilledAppointments">
                  </a> <!-- TC_32_testVerifyPaidUnpaidAndUnbilledAppointments -->
                  <span class="method-name">TC_32_testVerifyPaidUnpaidAndUnbilledAppointments</span>
                  <div class="stack-trace"><b>"org.openqa.selenium.NoSuchElementException: An element could not be located on the page using the given search parameters. (WARNING: The server did not provide any stacktrace information)
Command duration or timeout: 10.12 seconds
For documentation on this error, please visit: http://seleniumhq.org/exceptions/no_such_element.html
Build info: version: &apos;2.53.0&apos;, revision: &apos;35ae25b1534ae328c771e0856c93e187490ca824&apos;, time: &apos;2016-03-15 10:43:46&apos;
System info: host: &apos;sapna-testlead&apos;, ip: &apos;192.168.56.1&apos;, os.name: &apos;Windows 7&apos;, os.arch: &apos;amd64&apos;, os.version: &apos;6.1&apos;, java.version: &apos;1.7.0_65&apos;
*** Element info: {Using=id, value=com.weecode.portea.stage:id/tv_mobile_no}
Session ID: b0e22c49-b588-4b1d-b120-bc6a9303b0cf
Driver info: io.appium.java_client.android.AndroidDriver
Capabilities [{automationName=Appium, platform=LINUX, app=C:\Users\sapna\Documents\workspace\PatientAndroidApp\src\test\resources\android\PA-4.0-stage-armeabi-v7a-release.apk, javascriptEnabled=true, appActivity=com.weecode.portea.activities.SplashActivity, browserName=Android, networkConnectionEnabled=true, desired={newCommandTimeout=600, automationName=Appium, app=C:\Users\sapna\Documents\workspace\PatientAndroidApp\src\test\resources\android\PA-4.0-stage-armeabi-v7a-release.apk, platformVersion=21.0, deviceName=Micromax Q450, platformName=Android, appActivity=com.weecode.portea.activities.SplashActivity, appWaitActivity=com.weecode.portea.activities.SplashActivity, appPackage=com.weecode.portea.stage}, locationContextEnabled=false, appPackage=com.weecode.portea.stage, newCommandTimeout=600, platformVersion=5.0.2, databaseEnabled=false, deviceName=386b462, platformName=Android, appWaitActivity=com.weecode.portea.activities.SplashActivity, webStorageEnabled=false, warnings={}, takesScreenshot=true}]
	at org.openqa.selenium.remote.ErrorHandler.createThrowable(ErrorHandler.java:206)
	at org.openqa.selenium.remote.ErrorHandler.throwIfResponseFailed(ErrorHandler.java:158)
	at org.openqa.selenium.remote.RemoteWebDriver.execute(RemoteWebDriver.java:678)
	at io.appium.java_client.AppiumDriver.execute(AppiumDriver.java:180)
	at org.openqa.selenium.remote.RemoteWebDriver.findElement(RemoteWebDriver.java:363)
	at org.openqa.selenium.remote.RemoteWebDriver.findElementById(RemoteWebDriver.java:413)
	at org.openqa.selenium.By$ById.findElement(By.java:218)
	at org.openqa.selenium.remote.RemoteWebDriver.findElement(RemoteWebDriver.java:355)
	at com.patientapp.pages.LoginPage.login(LoginPage.java:79)
	at com.patientapp.tests.AccountTests.TC_32_testVerifyPaidUnpaidAndUnbilledAppointments(AccountTests.java:107)
... Removed 28 stack frames<br/> org.openqa.selenium.NoSuchElementException: An element could not be located on the page using the given search parameters. (WARNING: The server did not provide any stacktrace information)
Command duration or timeout: 10.12 seconds
For documentation on this error, please visit: http://seleniumhq.org/exceptions/no_such_element.html
Build info: version: &apos;2.53.0&apos;, revision: &apos;35ae25b1534ae328c771e0856c93e187490ca824&apos;, time: &apos;2016-03-15 10:43:46&apos;
System info: host: &apos;sapna-testlead&apos;, ip: &apos;192.168.56.1&apos;, os.name: &apos;Windows 7&apos;, os.arch: &apos;amd64&apos;, os.version: &apos;6.1&apos;, java.version: &apos;1.7.0_65&apos;
*** Element info: {Using=id, value=com.weecode.portea.stage:id/tv_mobile_no}
Session ID: b0e22c49-b588-4b1d-b120-bc6a9303b0cf
Driver info: io.appium.java_client.android.AndroidDriver
Capabilities [{automationName=Appium, platform=LINUX, app=C:\Users\sapna\Documents\workspace\PatientAndroidApp\src\test\resources\android\PA-4.0-stage-armeabi-v7a-release.apk, javascriptEnabled=true, appActivity=com.weecode.portea.activities.SplashActivity, browserName=Android, networkConnectionEnabled=true, desired={newCommandTimeout=600, automationName=Appium, app=C:\Users\sapna\Documents\workspace\PatientAndroidApp\src\test\resources\android\PA-4.0-stage-armeabi-v7a-release.apk, platformVersion=21.0, deviceName=Micromax Q450, platformName=Android, appActivity=com.weecode.portea.activities.SplashActivity, appWaitActivity=com.weecode.portea.activities.SplashActivity, appPackage=com.weecode.portea.stage}, locationContextEnabled=false, appPackage=com.weecode.portea.stage, newCommandTimeout=600, platformVersion=5.0.2, databaseEnabled=false, deviceName=386b462, platformName=Android, appWaitActivity=com.weecode.portea.activities.SplashActivity, webStorageEnabled=false, warnings={}, takesScreenshot=true}]
	at sun.reflect.NativeConstructorAccessorImpl.newInstance0(Native Method)
	at sun.reflect.NativeConstructorAccessorImpl.newInstance(NativeConstructorAccessorImpl.java:57)
	at sun.reflect.DelegatingConstructorAccessorImpl.newInstance(DelegatingConstructorAccessorImpl.java:45)
	at java.lang.reflect.Constructor.newInstance(Constructor.java:526)
	at org.openqa.selenium.remote.ErrorHandler.createThrowable(ErrorHandler.java:206)
	at org.openqa.selenium.remote.ErrorHandler.throwIfResponseFailed(ErrorHandler.java:158)
	at org.openqa.selenium.remote.RemoteWebDriver.execute(RemoteWebDriver.java:678)
	at io.appium.java_client.AppiumDriver.execute(AppiumDriver.java:180)
	at org.openqa.selenium.remote.RemoteWebDriver.findElement(RemoteWebDriver.java:363)
	at org.openqa.selenium.remote.RemoteWebDriver.findElementById(RemoteWebDriver.java:413)
	at org.openqa.selenium.By$ById.findElement(By.java:218)
	at org.openqa.selenium.remote.RemoteWebDriver.findElement(RemoteWebDriver.java:355)
	at com.patientapp.pages.LoginPage.login(LoginPage.java:79)
	at com.patientapp.tests.AccountTests.TC_32_testVerifyPaidUnpaidAndUnbilledAppointments(AccountTests.java:107)
	at sun.reflect.NativeMethodAccessorImpl.invoke0(Native Method)
	at sun.reflect.NativeMethodAccessorImpl.invoke(NativeMethodAccessorImpl.java:57)
	at sun.reflect.DelegatingMethodAccessorImpl.invoke(DelegatingMethodAccessorImpl.java:43)
	at java.lang.reflect.Method.invoke(Method.java:606)
	at org.testng.internal.MethodInvocationHelper.invokeMethod(MethodInvocationHelper.java:80)
	at org.testng.internal.Invoker.invokeMethod(Invoker.java:714)
	at org.testng.internal.Invoker.invokeTestMethod(Invoker.java:901)
	at org.testng.internal.Invoker.invokeTestMethods(Invoker.java:1231)
	at org.testng.internal.TestMethodWorker.invokeTestMethods(TestMethodWorker.java:127)
	at org.testng.internal.TestMethodWorker.run(TestMethodWorker.java:111)
	at org.testng.TestRunner.privateRun(TestRunner.java:767)
	at org.testng.TestRunner.run(TestRunner.java:617)
	at org.testng.SuiteRunner.runTest(SuiteRunner.java:334)
	at org.testng.SuiteRunner.runSequentially(SuiteRunner.java:329)
	at org.testng.SuiteRunner.privateRun(SuiteRunner.java:291)
	at org.testng.SuiteRunner.run(SuiteRunner.java:240)
	at org.testng.SuiteRunnerWorker.runSuite(SuiteRunnerWorker.java:52)
	at org.testng.SuiteRunnerWorker.run(SuiteRunnerWorker.java:86)
	at org.testng.TestNG.runSuitesSequentially(TestNG.java:1198)
	at org.testng.TestNG.runSuitesLocally(TestNG.java:1123)
	at org.testng.TestNG.run(TestNG.java:1031)
	at org.testng.remote.RemoteTestNG.run(RemoteTestNG.java:115)
	at org.testng.remote.RemoteTestNG.initAndRun(RemoteTestNG.java:207)
	at org.testng.remote.RemoteTestNG.main(RemoteTestNG.java:178)
"</b><br>sun.reflect.NativeConstructorAccessorImpl.newInstance0(Native Method)<br>sun.reflect.NativeConstructorAccessorImpl.newInstance(NativeConstructorAccessorImpl.java:57)<br>sun.reflect.DelegatingConstructorAccessorImpl.newInstance(DelegatingConstructorAccessorImpl.java:45)<br>java.lang.reflect.Constructor.newInstance(Constructor.java:526)<br>org.openqa.selenium.remote.ErrorHandler.createThrowable(ErrorHandler.java:206)<br>org.openqa.selenium.remote.ErrorHandler.throwIfResponseFailed(ErrorHandler.java:158)<br>org.openqa.selenium.remote.RemoteWebDriver.execute(RemoteWebDriver.java:678)<br>io.appium.java_client.AppiumDriver.execute(AppiumDriver.java:180)<br>org.openqa.selenium.remote.RemoteWebDriver.findElement(RemoteWebDriver.java:363)<br>org.openqa.selenium.remote.RemoteWebDriver.findElementById(RemoteWebDriver.java:413)<br>org.openqa.selenium.By$ById.findElement(By.java:218)<br>org.openqa.selenium.remote.RemoteWebDriver.findElement(RemoteWebDriver.java:355)<br>com.patientapp.pages.LoginPage.login(LoginPage.java:79)<br>com.patientapp.tests.AccountTests.TC_32_testVerifyPaidUnpaidAndUnbilledAppointments(AccountTests.java:107)<br>sun.reflect.NativeMethodAccessorImpl.invoke0(Native Method)<br>sun.reflect.NativeMethodAccessorImpl.invoke(NativeMethodAccessorImpl.java:57)<br>sun.reflect.DelegatingMethodAccessorImpl.invoke(DelegatingMethodAccessorImpl.java:43)<br>java.lang.reflect.Method.invoke(Method.java:606)<br>org.testng.internal.MethodInvocationHelper.invokeMethod(MethodInvocationHelper.java:80)<br>org.testng.internal.Invoker.invokeMethod(Invoker.java:714)<br>org.testng.internal.Invoker.invokeTestMethod(Invoker.java:901)<br>org.testng.internal.Invoker.invokeTestMethods(Invoker.java:1231)<br>org.testng.internal.TestMethodWorker.invokeTestMethods(TestMethodWorker.java:127)<br>org.testng.internal.TestMethodWorker.run(TestMethodWorker.java:111)<br>org.testng.TestRunner.privateRun(TestRunner.java:767)<br>org.testng.TestRunner.run(TestRunner.java:617)<br>org.testng.SuiteRunner.runTest(SuiteRunner.java:334)<br>org.testng.SuiteRunner.runSequentially(SuiteRunner.java:329)<br>org.testng.SuiteRunner.privateRun(SuiteRunner.java:291)<br>org.testng.SuiteRunner.run(SuiteRunner.java:240)<br>org.testng.SuiteRunnerWorker.runSuite(SuiteRunnerWorker.java:52)<br>org.testng.SuiteRunnerWorker.run(SuiteRunnerWorker.java:86)<br>org.testng.TestNG.runSuitesSequentially(TestNG.java:1198)<br>org.testng.TestNG.runSuitesLocally(TestNG.java:1123)<br>org.testng.TestNG.run(TestNG.java:1031)<br>org.testng.remote.RemoteTestNG.run(RemoteTestNG.java:115)<br>org.testng.remote.RemoteTestNG.initAndRun(RemoteTestNG.java:207)<br>org.testng.remote.RemoteTestNG.main(RemoteTestNG.java:178)<br>
</div> <!-- stack-trace -->
                </div> <!-- method-content -->
              </div> <!-- method -->
              <div class="method">
                <div class="method-content">
                  <a name="TC_35_testVerifyUserAbleToAddWallet">
                  </a> <!-- TC_35_testVerifyUserAbleToAddWallet -->
                  <span class="method-name">TC_35_testVerifyUserAbleToAddWallet</span>
                  <div class="stack-trace"><b>"java.lang.NullPointerException
	at com.patientapp.tests.AccountTests.TC_35_testVerifyUserAbleToAddWallet(AccountTests.java:63)
... Removed 24 stack frames<br/> java.lang.NullPointerException
	at com.patientapp.tests.AccountTests.TC_35_testVerifyUserAbleToAddWallet(AccountTests.java:63)
	at sun.reflect.NativeMethodAccessorImpl.invoke0(Native Method)
	at sun.reflect.NativeMethodAccessorImpl.invoke(NativeMethodAccessorImpl.java:57)
	at sun.reflect.DelegatingMethodAccessorImpl.invoke(DelegatingMethodAccessorImpl.java:43)
	at java.lang.reflect.Method.invoke(Method.java:606)
	at org.testng.internal.MethodInvocationHelper.invokeMethod(MethodInvocationHelper.java:80)
	at org.testng.internal.Invoker.invokeMethod(Invoker.java:714)
	at org.testng.internal.Invoker.invokeTestMethod(Invoker.java:901)
	at org.testng.internal.Invoker.invokeTestMethods(Invoker.java:1231)
	at org.testng.internal.TestMethodWorker.invokeTestMethods(TestMethodWorker.java:127)
	at org.testng.internal.TestMethodWorker.run(TestMethodWorker.java:111)
	at org.testng.TestRunner.privateRun(TestRunner.java:767)
	at org.testng.TestRunner.run(TestRunner.java:617)
	at org.testng.SuiteRunner.runTest(SuiteRunner.java:334)
	at org.testng.SuiteRunner.runSequentially(SuiteRunner.java:329)
	at org.testng.SuiteRunner.privateRun(SuiteRunner.java:291)
	at org.testng.SuiteRunner.run(SuiteRunner.java:240)
	at org.testng.SuiteRunnerWorker.runSuite(SuiteRunnerWorker.java:52)
	at org.testng.SuiteRunnerWorker.run(SuiteRunnerWorker.java:86)
	at org.testng.TestNG.runSuitesSequentially(TestNG.java:1198)
	at org.testng.TestNG.runSuitesLocally(TestNG.java:1123)
	at org.testng.TestNG.run(TestNG.java:1031)
	at org.testng.remote.RemoteTestNG.run(RemoteTestNG.java:115)
	at org.testng.remote.RemoteTestNG.initAndRun(RemoteTestNG.java:207)
	at org.testng.remote.RemoteTestNG.main(RemoteTestNG.java:178)
"</b><br>com.patientapp.tests.AccountTests.TC_35_testVerifyUserAbleToAddWallet(AccountTests.java:63)<br>sun.reflect.NativeMethodAccessorImpl.invoke0(Native Method)<br>sun.reflect.NativeMethodAccessorImpl.invoke(NativeMethodAccessorImpl.java:57)<br>sun.reflect.DelegatingMethodAccessorImpl.invoke(DelegatingMethodAccessorImpl.java:43)<br>java.lang.reflect.Method.invoke(Method.java:606)<br>org.testng.internal.MethodInvocationHelper.invokeMethod(MethodInvocationHelper.java:80)<br>org.testng.internal.Invoker.invokeMethod(Invoker.java:714)<br>org.testng.internal.Invoker.invokeTestMethod(Invoker.java:901)<br>org.testng.internal.Invoker.invokeTestMethods(Invoker.java:1231)<br>org.testng.internal.TestMethodWorker.invokeTestMethods(TestMethodWorker.java:127)<br>org.testng.internal.TestMethodWorker.run(TestMethodWorker.java:111)<br>org.testng.TestRunner.privateRun(TestRunner.java:767)<br>org.testng.TestRunner.run(TestRunner.java:617)<br>org.testng.SuiteRunner.runTest(SuiteRunner.java:334)<br>org.testng.SuiteRunner.runSequentially(SuiteRunner.java:329)<br>org.testng.SuiteRunner.privateRun(SuiteRunner.java:291)<br>org.testng.SuiteRunner.run(SuiteRunner.java:240)<br>org.testng.SuiteRunnerWorker.runSuite(SuiteRunnerWorker.java:52)<br>org.testng.SuiteRunnerWorker.run(SuiteRunnerWorker.java:86)<br>org.testng.TestNG.runSuitesSequentially(TestNG.java:1198)<br>org.testng.TestNG.runSuitesLocally(TestNG.java:1123)<br>org.testng.TestNG.run(TestNG.java:1031)<br>org.testng.remote.RemoteTestNG.run(RemoteTestNG.java:115)<br>org.testng.remote.RemoteTestNG.initAndRun(RemoteTestNG.java:207)<br>org.testng.remote.RemoteTestNG.main(RemoteTestNG.java:178)<br>
</div> <!-- stack-trace -->
                </div> <!-- method-content -->
              </div> <!-- method -->
              <div class="method">
                <div class="method-content">
                  <a name="TC_35_testVerifyUserAbleToLoadWalletBySavedCard">
                  </a> <!-- TC_35_testVerifyUserAbleToLoadWalletBySavedCard -->
                  <span class="method-name">TC_35_testVerifyUserAbleToLoadWalletBySavedCard</span>
                  <div class="stack-trace"><b>"org.openqa.selenium.NoSuchElementException: An element could not be located on the page using the given search parameters. (WARNING: The server did not provide any stacktrace information)
Command duration or timeout: 10.18 seconds
For documentation on this error, please visit: http://seleniumhq.org/exceptions/no_such_element.html
Build info: version: &apos;2.53.0&apos;, revision: &apos;35ae25b1534ae328c771e0856c93e187490ca824&apos;, time: &apos;2016-03-15 10:43:46&apos;
System info: host: &apos;sapna-testlead&apos;, ip: &apos;192.168.56.1&apos;, os.name: &apos;Windows 7&apos;, os.arch: &apos;amd64&apos;, os.version: &apos;6.1&apos;, java.version: &apos;1.7.0_65&apos;
*** Element info: {Using=id, value=com.weecode.portea.stage:id/tv_mobile_no}
Session ID: b0e22c49-b588-4b1d-b120-bc6a9303b0cf
Driver info: io.appium.java_client.android.AndroidDriver
Capabilities [{automationName=Appium, platform=LINUX, app=C:\Users\sapna\Documents\workspace\PatientAndroidApp\src\test\resources\android\PA-4.0-stage-armeabi-v7a-release.apk, javascriptEnabled=true, appActivity=com.weecode.portea.activities.SplashActivity, browserName=Android, networkConnectionEnabled=true, desired={newCommandTimeout=600, automationName=Appium, app=C:\Users\sapna\Documents\workspace\PatientAndroidApp\src\test\resources\android\PA-4.0-stage-armeabi-v7a-release.apk, platformVersion=21.0, deviceName=Micromax Q450, platformName=Android, appActivity=com.weecode.portea.activities.SplashActivity, appWaitActivity=com.weecode.portea.activities.SplashActivity, appPackage=com.weecode.portea.stage}, locationContextEnabled=false, appPackage=com.weecode.portea.stage, newCommandTimeout=600, platformVersion=5.0.2, databaseEnabled=false, deviceName=386b462, platformName=Android, appWaitActivity=com.weecode.portea.activities.SplashActivity, webStorageEnabled=false, warnings={}, takesScreenshot=true}]
	at org.openqa.selenium.remote.ErrorHandler.createThrowable(ErrorHandler.java:206)
	at org.openqa.selenium.remote.ErrorHandler.throwIfResponseFailed(ErrorHandler.java:158)
	at org.openqa.selenium.remote.RemoteWebDriver.execute(RemoteWebDriver.java:678)
	at io.appium.java_client.AppiumDriver.execute(AppiumDriver.java:180)
	at org.openqa.selenium.remote.RemoteWebDriver.findElement(RemoteWebDriver.java:363)
	at org.openqa.selenium.remote.RemoteWebDriver.findElementById(RemoteWebDriver.java:413)
	at org.openqa.selenium.By$ById.findElement(By.java:218)
	at org.openqa.selenium.remote.RemoteWebDriver.findElement(RemoteWebDriver.java:355)
	at com.patientapp.pages.LoginPage.login(LoginPage.java:79)
	at com.patientapp.tests.AccountTests.TC_35_testVerifyUserAbleToLoadWalletBySavedCard(AccountTests.java:92)
... Removed 28 stack frames<br/> org.openqa.selenium.NoSuchElementException: An element could not be located on the page using the given search parameters. (WARNING: The server did not provide any stacktrace information)
Command duration or timeout: 10.18 seconds
For documentation on this error, please visit: http://seleniumhq.org/exceptions/no_such_element.html
Build info: version: &apos;2.53.0&apos;, revision: &apos;35ae25b1534ae328c771e0856c93e187490ca824&apos;, time: &apos;2016-03-15 10:43:46&apos;
System info: host: &apos;sapna-testlead&apos;, ip: &apos;192.168.56.1&apos;, os.name: &apos;Windows 7&apos;, os.arch: &apos;amd64&apos;, os.version: &apos;6.1&apos;, java.version: &apos;1.7.0_65&apos;
*** Element info: {Using=id, value=com.weecode.portea.stage:id/tv_mobile_no}
Session ID: b0e22c49-b588-4b1d-b120-bc6a9303b0cf
Driver info: io.appium.java_client.android.AndroidDriver
Capabilities [{automationName=Appium, platform=LINUX, app=C:\Users\sapna\Documents\workspace\PatientAndroidApp\src\test\resources\android\PA-4.0-stage-armeabi-v7a-release.apk, javascriptEnabled=true, appActivity=com.weecode.portea.activities.SplashActivity, browserName=Android, networkConnectionEnabled=true, desired={newCommandTimeout=600, automationName=Appium, app=C:\Users\sapna\Documents\workspace\PatientAndroidApp\src\test\resources\android\PA-4.0-stage-armeabi-v7a-release.apk, platformVersion=21.0, deviceName=Micromax Q450, platformName=Android, appActivity=com.weecode.portea.activities.SplashActivity, appWaitActivity=com.weecode.portea.activities.SplashActivity, appPackage=com.weecode.portea.stage}, locationContextEnabled=false, appPackage=com.weecode.portea.stage, newCommandTimeout=600, platformVersion=5.0.2, databaseEnabled=false, deviceName=386b462, platformName=Android, appWaitActivity=com.weecode.portea.activities.SplashActivity, webStorageEnabled=false, warnings={}, takesScreenshot=true}]
	at sun.reflect.NativeConstructorAccessorImpl.newInstance0(Native Method)
	at sun.reflect.NativeConstructorAccessorImpl.newInstance(NativeConstructorAccessorImpl.java:57)
	at sun.reflect.DelegatingConstructorAccessorImpl.newInstance(DelegatingConstructorAccessorImpl.java:45)
	at java.lang.reflect.Constructor.newInstance(Constructor.java:526)
	at org.openqa.selenium.remote.ErrorHandler.createThrowable(ErrorHandler.java:206)
	at org.openqa.selenium.remote.ErrorHandler.throwIfResponseFailed(ErrorHandler.java:158)
	at org.openqa.selenium.remote.RemoteWebDriver.execute(RemoteWebDriver.java:678)
	at io.appium.java_client.AppiumDriver.execute(AppiumDriver.java:180)
	at org.openqa.selenium.remote.RemoteWebDriver.findElement(RemoteWebDriver.java:363)
	at org.openqa.selenium.remote.RemoteWebDriver.findElementById(RemoteWebDriver.java:413)
	at org.openqa.selenium.By$ById.findElement(By.java:218)
	at org.openqa.selenium.remote.RemoteWebDriver.findElement(RemoteWebDriver.java:355)
	at com.patientapp.pages.LoginPage.login(LoginPage.java:79)
	at com.patientapp.tests.AccountTests.TC_35_testVerifyUserAbleToLoadWalletBySavedCard(AccountTests.java:92)
	at sun.reflect.NativeMethodAccessorImpl.invoke0(Native Method)
	at sun.reflect.NativeMethodAccessorImpl.invoke(NativeMethodAccessorImpl.java:57)
	at sun.reflect.DelegatingMethodAccessorImpl.invoke(DelegatingMethodAccessorImpl.java:43)
	at java.lang.reflect.Method.invoke(Method.java:606)
	at org.testng.internal.MethodInvocationHelper.invokeMethod(MethodInvocationHelper.java:80)
	at org.testng.internal.Invoker.invokeMethod(Invoker.java:714)
	at org.testng.internal.Invoker.invokeTestMethod(Invoker.java:901)
	at org.testng.internal.Invoker.invokeTestMethods(Invoker.java:1231)
	at org.testng.internal.TestMethodWorker.invokeTestMethods(TestMethodWorker.java:127)
	at org.testng.internal.TestMethodWorker.run(TestMethodWorker.java:111)
	at org.testng.TestRunner.privateRun(TestRunner.java:767)
	at org.testng.TestRunner.run(TestRunner.java:617)
	at org.testng.SuiteRunner.runTest(SuiteRunner.java:334)
	at org.testng.SuiteRunner.runSequentially(SuiteRunner.java:329)
	at org.testng.SuiteRunner.privateRun(SuiteRunner.java:291)
	at org.testng.SuiteRunner.run(SuiteRunner.java:240)
	at org.testng.SuiteRunnerWorker.runSuite(SuiteRunnerWorker.java:52)
	at org.testng.SuiteRunnerWorker.run(SuiteRunnerWorker.java:86)
	at org.testng.TestNG.runSuitesSequentially(TestNG.java:1198)
	at org.testng.TestNG.runSuitesLocally(TestNG.java:1123)
	at org.testng.TestNG.run(TestNG.java:1031)
	at org.testng.remote.RemoteTestNG.run(RemoteTestNG.java:115)
	at org.testng.remote.RemoteTestNG.initAndRun(RemoteTestNG.java:207)
	at org.testng.remote.RemoteTestNG.main(RemoteTestNG.java:178)
"</b><br>sun.reflect.NativeConstructorAccessorImpl.newInstance0(Native Method)<br>sun.reflect.NativeConstructorAccessorImpl.newInstance(NativeConstructorAccessorImpl.java:57)<br>sun.reflect.DelegatingConstructorAccessorImpl.newInstance(DelegatingConstructorAccessorImpl.java:45)<br>java.lang.reflect.Constructor.newInstance(Constructor.java:526)<br>org.openqa.selenium.remote.ErrorHandler.createThrowable(ErrorHandler.java:206)<br>org.openqa.selenium.remote.ErrorHandler.throwIfResponseFailed(ErrorHandler.java:158)<br>org.openqa.selenium.remote.RemoteWebDriver.execute(RemoteWebDriver.java:678)<br>io.appium.java_client.AppiumDriver.execute(AppiumDriver.java:180)<br>org.openqa.selenium.remote.RemoteWebDriver.findElement(RemoteWebDriver.java:363)<br>org.openqa.selenium.remote.RemoteWebDriver.findElementById(RemoteWebDriver.java:413)<br>org.openqa.selenium.By$ById.findElement(By.java:218)<br>org.openqa.selenium.remote.RemoteWebDriver.findElement(RemoteWebDriver.java:355)<br>com.patientapp.pages.LoginPage.login(LoginPage.java:79)<br>com.patientapp.tests.AccountTests.TC_35_testVerifyUserAbleToLoadWalletBySavedCard(AccountTests.java:92)<br>sun.reflect.NativeMethodAccessorImpl.invoke0(Native Method)<br>sun.reflect.NativeMethodAccessorImpl.invoke(NativeMethodAccessorImpl.java:57)<br>sun.reflect.DelegatingMethodAccessorImpl.invoke(DelegatingMethodAccessorImpl.java:43)<br>java.lang.reflect.Method.invoke(Method.java:606)<br>org.testng.internal.MethodInvocationHelper.invokeMethod(MethodInvocationHelper.java:80)<br>org.testng.internal.Invoker.invokeMethod(Invoker.java:714)<br>org.testng.internal.Invoker.invokeTestMethod(Invoker.java:901)<br>org.testng.internal.Invoker.invokeTestMethods(Invoker.java:1231)<br>org.testng.internal.TestMethodWorker.invokeTestMethods(TestMethodWorker.java:127)<br>org.testng.internal.TestMethodWorker.run(TestMethodWorker.java:111)<br>org.testng.TestRunner.privateRun(TestRunner.java:767)<br>org.testng.TestRunner.run(TestRunner.java:617)<br>org.testng.SuiteRunner.runTest(SuiteRunner.java:334)<br>org.testng.SuiteRunner.runSequentially(SuiteRunner.java:329)<br>org.testng.SuiteRunner.privateRun(SuiteRunner.java:291)<br>org.testng.SuiteRunner.run(SuiteRunner.java:240)<br>org.testng.SuiteRunnerWorker.runSuite(SuiteRunnerWorker.java:52)<br>org.testng.SuiteRunnerWorker.run(SuiteRunnerWorker.java:86)<br>org.testng.TestNG.runSuitesSequentially(TestNG.java:1198)<br>org.testng.TestNG.runSuitesLocally(TestNG.java:1123)<br>org.testng.TestNG.run(TestNG.java:1031)<br>org.testng.remote.RemoteTestNG.run(RemoteTestNG.java:115)<br>org.testng.remote.RemoteTestNG.initAndRun(RemoteTestNG.java:207)<br>org.testng.remote.RemoteTestNG.main(RemoteTestNG.java:178)<br>
</div> <!-- stack-trace -->
                </div> <!-- method-content -->
              </div> <!-- method -->
              <div class="method">
                <div class="method-content">
                  <a name="TC_35_testVerifyUserAbleToViewWallet">
                  </a> <!-- TC_35_testVerifyUserAbleToViewWallet -->
                  <span class="method-name">TC_35_testVerifyUserAbleToViewWallet</span>
                  <div class="stack-trace"><b>"org.openqa.selenium.NoSuchElementException: An element could not be located on the page using the given search parameters. (WARNING: The server did not provide any stacktrace information)
Command duration or timeout: 10.26 seconds
For documentation on this error, please visit: http://seleniumhq.org/exceptions/no_such_element.html
Build info: version: &apos;2.53.0&apos;, revision: &apos;35ae25b1534ae328c771e0856c93e187490ca824&apos;, time: &apos;2016-03-15 10:43:46&apos;
System info: host: &apos;sapna-testlead&apos;, ip: &apos;192.168.56.1&apos;, os.name: &apos;Windows 7&apos;, os.arch: &apos;amd64&apos;, os.version: &apos;6.1&apos;, java.version: &apos;1.7.0_65&apos;
*** Element info: {Using=id, value=com.weecode.portea.stage:id/tv_mobile_no}
Session ID: b0e22c49-b588-4b1d-b120-bc6a9303b0cf
Driver info: io.appium.java_client.android.AndroidDriver
Capabilities [{automationName=Appium, platform=LINUX, app=C:\Users\sapna\Documents\workspace\PatientAndroidApp\src\test\resources\android\PA-4.0-stage-armeabi-v7a-release.apk, javascriptEnabled=true, appActivity=com.weecode.portea.activities.SplashActivity, browserName=Android, networkConnectionEnabled=true, desired={newCommandTimeout=600, automationName=Appium, app=C:\Users\sapna\Documents\workspace\PatientAndroidApp\src\test\resources\android\PA-4.0-stage-armeabi-v7a-release.apk, platformVersion=21.0, deviceName=Micromax Q450, platformName=Android, appActivity=com.weecode.portea.activities.SplashActivity, appWaitActivity=com.weecode.portea.activities.SplashActivity, appPackage=com.weecode.portea.stage}, locationContextEnabled=false, appPackage=com.weecode.portea.stage, newCommandTimeout=600, platformVersion=5.0.2, databaseEnabled=false, deviceName=386b462, platformName=Android, appWaitActivity=com.weecode.portea.activities.SplashActivity, webStorageEnabled=false, warnings={}, takesScreenshot=true}]
	at org.openqa.selenium.remote.ErrorHandler.createThrowable(ErrorHandler.java:206)
	at org.openqa.selenium.remote.ErrorHandler.throwIfResponseFailed(ErrorHandler.java:158)
	at org.openqa.selenium.remote.RemoteWebDriver.execute(RemoteWebDriver.java:678)
	at io.appium.java_client.AppiumDriver.execute(AppiumDriver.java:180)
	at org.openqa.selenium.remote.RemoteWebDriver.findElement(RemoteWebDriver.java:363)
	at org.openqa.selenium.remote.RemoteWebDriver.findElementById(RemoteWebDriver.java:413)
	at org.openqa.selenium.By$ById.findElement(By.java:218)
	at org.openqa.selenium.remote.RemoteWebDriver.findElement(RemoteWebDriver.java:355)
	at com.patientapp.pages.LoginPage.login(LoginPage.java:79)
	at com.patientapp.tests.AccountTests.TC_35_testVerifyUserAbleToViewWallet(AccountTests.java:79)
... Removed 28 stack frames<br/> org.openqa.selenium.NoSuchElementException: An element could not be located on the page using the given search parameters. (WARNING: The server did not provide any stacktrace information)
Command duration or timeout: 10.26 seconds
For documentation on this error, please visit: http://seleniumhq.org/exceptions/no_such_element.html
Build info: version: &apos;2.53.0&apos;, revision: &apos;35ae25b1534ae328c771e0856c93e187490ca824&apos;, time: &apos;2016-03-15 10:43:46&apos;
System info: host: &apos;sapna-testlead&apos;, ip: &apos;192.168.56.1&apos;, os.name: &apos;Windows 7&apos;, os.arch: &apos;amd64&apos;, os.version: &apos;6.1&apos;, java.version: &apos;1.7.0_65&apos;
*** Element info: {Using=id, value=com.weecode.portea.stage:id/tv_mobile_no}
Session ID: b0e22c49-b588-4b1d-b120-bc6a9303b0cf
Driver info: io.appium.java_client.android.AndroidDriver
Capabilities [{automationName=Appium, platform=LINUX, app=C:\Users\sapna\Documents\workspace\PatientAndroidApp\src\test\resources\android\PA-4.0-stage-armeabi-v7a-release.apk, javascriptEnabled=true, appActivity=com.weecode.portea.activities.SplashActivity, browserName=Android, networkConnectionEnabled=true, desired={newCommandTimeout=600, automationName=Appium, app=C:\Users\sapna\Documents\workspace\PatientAndroidApp\src\test\resources\android\PA-4.0-stage-armeabi-v7a-release.apk, platformVersion=21.0, deviceName=Micromax Q450, platformName=Android, appActivity=com.weecode.portea.activities.SplashActivity, appWaitActivity=com.weecode.portea.activities.SplashActivity, appPackage=com.weecode.portea.stage}, locationContextEnabled=false, appPackage=com.weecode.portea.stage, newCommandTimeout=600, platformVersion=5.0.2, databaseEnabled=false, deviceName=386b462, platformName=Android, appWaitActivity=com.weecode.portea.activities.SplashActivity, webStorageEnabled=false, warnings={}, takesScreenshot=true}]
	at sun.reflect.NativeConstructorAccessorImpl.newInstance0(Native Method)
	at sun.reflect.NativeConstructorAccessorImpl.newInstance(NativeConstructorAccessorImpl.java:57)
	at sun.reflect.DelegatingConstructorAccessorImpl.newInstance(DelegatingConstructorAccessorImpl.java:45)
	at java.lang.reflect.Constructor.newInstance(Constructor.java:526)
	at org.openqa.selenium.remote.ErrorHandler.createThrowable(ErrorHandler.java:206)
	at org.openqa.selenium.remote.ErrorHandler.throwIfResponseFailed(ErrorHandler.java:158)
	at org.openqa.selenium.remote.RemoteWebDriver.execute(RemoteWebDriver.java:678)
	at io.appium.java_client.AppiumDriver.execute(AppiumDriver.java:180)
	at org.openqa.selenium.remote.RemoteWebDriver.findElement(RemoteWebDriver.java:363)
	at org.openqa.selenium.remote.RemoteWebDriver.findElementById(RemoteWebDriver.java:413)
	at org.openqa.selenium.By$ById.findElement(By.java:218)
	at org.openqa.selenium.remote.RemoteWebDriver.findElement(RemoteWebDriver.java:355)
	at com.patientapp.pages.LoginPage.login(LoginPage.java:79)
	at com.patientapp.tests.AccountTests.TC_35_testVerifyUserAbleToViewWallet(AccountTests.java:79)
	at sun.reflect.NativeMethodAccessorImpl.invoke0(Native Method)
	at sun.reflect.NativeMethodAccessorImpl.invoke(NativeMethodAccessorImpl.java:57)
	at sun.reflect.DelegatingMethodAccessorImpl.invoke(DelegatingMethodAccessorImpl.java:43)
	at java.lang.reflect.Method.invoke(Method.java:606)
	at org.testng.internal.MethodInvocationHelper.invokeMethod(MethodInvocationHelper.java:80)
	at org.testng.internal.Invoker.invokeMethod(Invoker.java:714)
	at org.testng.internal.Invoker.invokeTestMethod(Invoker.java:901)
	at org.testng.internal.Invoker.invokeTestMethods(Invoker.java:1231)
	at org.testng.internal.TestMethodWorker.invokeTestMethods(TestMethodWorker.java:127)
	at org.testng.internal.TestMethodWorker.run(TestMethodWorker.java:111)
	at org.testng.TestRunner.privateRun(TestRunner.java:767)
	at org.testng.TestRunner.run(TestRunner.java:617)
	at org.testng.SuiteRunner.runTest(SuiteRunner.java:334)
	at org.testng.SuiteRunner.runSequentially(SuiteRunner.java:329)
	at org.testng.SuiteRunner.privateRun(SuiteRunner.java:291)
	at org.testng.SuiteRunner.run(SuiteRunner.java:240)
	at org.testng.SuiteRunnerWorker.runSuite(SuiteRunnerWorker.java:52)
	at org.testng.SuiteRunnerWorker.run(SuiteRunnerWorker.java:86)
	at org.testng.TestNG.runSuitesSequentially(TestNG.java:1198)
	at org.testng.TestNG.runSuitesLocally(TestNG.java:1123)
	at org.testng.TestNG.run(TestNG.java:1031)
	at org.testng.remote.RemoteTestNG.run(RemoteTestNG.java:115)
	at org.testng.remote.RemoteTestNG.initAndRun(RemoteTestNG.java:207)
	at org.testng.remote.RemoteTestNG.main(RemoteTestNG.java:178)
"</b><br>sun.reflect.NativeConstructorAccessorImpl.newInstance0(Native Method)<br>sun.reflect.NativeConstructorAccessorImpl.newInstance(NativeConstructorAccessorImpl.java:57)<br>sun.reflect.DelegatingConstructorAccessorImpl.newInstance(DelegatingConstructorAccessorImpl.java:45)<br>java.lang.reflect.Constructor.newInstance(Constructor.java:526)<br>org.openqa.selenium.remote.ErrorHandler.createThrowable(ErrorHandler.java:206)<br>org.openqa.selenium.remote.ErrorHandler.throwIfResponseFailed(ErrorHandler.java:158)<br>org.openqa.selenium.remote.RemoteWebDriver.execute(RemoteWebDriver.java:678)<br>io.appium.java_client.AppiumDriver.execute(AppiumDriver.java:180)<br>org.openqa.selenium.remote.RemoteWebDriver.findElement(RemoteWebDriver.java:363)<br>org.openqa.selenium.remote.RemoteWebDriver.findElementById(RemoteWebDriver.java:413)<br>org.openqa.selenium.By$ById.findElement(By.java:218)<br>org.openqa.selenium.remote.RemoteWebDriver.findElement(RemoteWebDriver.java:355)<br>com.patientapp.pages.LoginPage.login(LoginPage.java:79)<br>com.patientapp.tests.AccountTests.TC_35_testVerifyUserAbleToViewWallet(AccountTests.java:79)<br>sun.reflect.NativeMethodAccessorImpl.invoke0(Native Method)<br>sun.reflect.NativeMethodAccessorImpl.invoke(NativeMethodAccessorImpl.java:57)<br>sun.reflect.DelegatingMethodAccessorImpl.invoke(DelegatingMethodAccessorImpl.java:43)<br>java.lang.reflect.Method.invoke(Method.java:606)<br>org.testng.internal.MethodInvocationHelper.invokeMethod(MethodInvocationHelper.java:80)<br>org.testng.internal.Invoker.invokeMethod(Invoker.java:714)<br>org.testng.internal.Invoker.invokeTestMethod(Invoker.java:901)<br>org.testng.internal.Invoker.invokeTestMethods(Invoker.java:1231)<br>org.testng.internal.TestMethodWorker.invokeTestMethods(TestMethodWorker.java:127)<br>org.testng.internal.TestMethodWorker.run(TestMethodWorker.java:111)<br>org.testng.TestRunner.privateRun(TestRunner.java:767)<br>org.testng.TestRunner.run(TestRunner.java:617)<br>org.testng.SuiteRunner.runTest(SuiteRunner.java:334)<br>org.testng.SuiteRunner.runSequentially(SuiteRunner.java:329)<br>org.testng.SuiteRunner.privateRun(SuiteRunner.java:291)<br>org.testng.SuiteRunner.run(SuiteRunner.java:240)<br>org.testng.SuiteRunnerWorker.runSuite(SuiteRunnerWorker.java:52)<br>org.testng.SuiteRunnerWorker.run(SuiteRunnerWorker.java:86)<br>org.testng.TestNG.runSuitesSequentially(TestNG.java:1198)<br>org.testng.TestNG.runSuitesLocally(TestNG.java:1123)<br>org.testng.TestNG.run(TestNG.java:1031)<br>org.testng.remote.RemoteTestNG.run(RemoteTestNG.java:115)<br>org.testng.remote.RemoteTestNG.initAndRun(RemoteTestNG.java:207)<br>org.testng.remote.RemoteTestNG.main(RemoteTestNG.java:178)<br>
</div> <!-- stack-trace -->
                </div> <!-- method-content -->
              </div> <!-- method -->
              <div class="method">
                <div class="method-content">
                  <a name="testVerifyUserAbleToPayThroughWallet">
                  </a> <!-- testVerifyUserAbleToPayThroughWallet -->
                  <span class="method-name">testVerifyUserAbleToPayThroughWallet</span>
                  <div class="stack-trace"><b>"org.openqa.selenium.NoSuchElementException: An element could not be located on the page using the given search parameters. (WARNING: The server did not provide any stacktrace information)
Command duration or timeout: 10.34 seconds
For documentation on this error, please visit: http://seleniumhq.org/exceptions/no_such_element.html
Build info: version: &apos;2.53.0&apos;, revision: &apos;35ae25b1534ae328c771e0856c93e187490ca824&apos;, time: &apos;2016-03-15 10:43:46&apos;
System info: host: &apos;sapna-testlead&apos;, ip: &apos;192.168.56.1&apos;, os.name: &apos;Windows 7&apos;, os.arch: &apos;amd64&apos;, os.version: &apos;6.1&apos;, java.version: &apos;1.7.0_65&apos;
*** Element info: {Using=id, value=com.weecode.portea.stage:id/proceedButton}
Session ID: b0e22c49-b588-4b1d-b120-bc6a9303b0cf
Driver info: io.appium.java_client.android.AndroidDriver
Capabilities [{automationName=Appium, platform=LINUX, app=C:\Users\sapna\Documents\workspace\PatientAndroidApp\src\test\resources\android\PA-4.0-stage-armeabi-v7a-release.apk, javascriptEnabled=true, appActivity=com.weecode.portea.activities.SplashActivity, browserName=Android, networkConnectionEnabled=true, desired={newCommandTimeout=600, automationName=Appium, app=C:\Users\sapna\Documents\workspace\PatientAndroidApp\src\test\resources\android\PA-4.0-stage-armeabi-v7a-release.apk, platformVersion=21.0, deviceName=Micromax Q450, platformName=Android, appActivity=com.weecode.portea.activities.SplashActivity, appWaitActivity=com.weecode.portea.activities.SplashActivity, appPackage=com.weecode.portea.stage}, locationContextEnabled=false, appPackage=com.weecode.portea.stage, newCommandTimeout=600, platformVersion=5.0.2, databaseEnabled=false, deviceName=386b462, platformName=Android, appWaitActivity=com.weecode.portea.activities.SplashActivity, webStorageEnabled=false, warnings={}, takesScreenshot=true}]
	at org.openqa.selenium.remote.ErrorHandler.createThrowable(ErrorHandler.java:206)
	at org.openqa.selenium.remote.ErrorHandler.throwIfResponseFailed(ErrorHandler.java:158)
	at org.openqa.selenium.remote.RemoteWebDriver.execute(RemoteWebDriver.java:678)
	at io.appium.java_client.AppiumDriver.execute(AppiumDriver.java:180)
	at org.openqa.selenium.remote.RemoteWebDriver.findElement(RemoteWebDriver.java:363)
	at org.openqa.selenium.remote.RemoteWebDriver.findElementById(RemoteWebDriver.java:413)
	at org.openqa.selenium.By$ById.findElement(By.java:218)
	at org.openqa.selenium.remote.RemoteWebDriver.findElement(RemoteWebDriver.java:355)
	at com.patientapp.pages.AccountPage.payByWallet(AccountPage.java:315)
	at com.patientapp.tests.AccountTests.testVerifyUserAbleToPayThroughWallet(AccountTests.java:179)
... Removed 28 stack frames<br/> org.openqa.selenium.NoSuchElementException: An element could not be located on the page using the given search parameters. (WARNING: The server did not provide any stacktrace information)
Command duration or timeout: 10.34 seconds
For documentation on this error, please visit: http://seleniumhq.org/exceptions/no_such_element.html
Build info: version: &apos;2.53.0&apos;, revision: &apos;35ae25b1534ae328c771e0856c93e187490ca824&apos;, time: &apos;2016-03-15 10:43:46&apos;
System info: host: &apos;sapna-testlead&apos;, ip: &apos;192.168.56.1&apos;, os.name: &apos;Windows 7&apos;, os.arch: &apos;amd64&apos;, os.version: &apos;6.1&apos;, java.version: &apos;1.7.0_65&apos;
*** Element info: {Using=id, value=com.weecode.portea.stage:id/proceedButton}
Session ID: b0e22c49-b588-4b1d-b120-bc6a9303b0cf
Driver info: io.appium.java_client.android.AndroidDriver
Capabilities [{automationName=Appium, platform=LINUX, app=C:\Users\sapna\Documents\workspace\PatientAndroidApp\src\test\resources\android\PA-4.0-stage-armeabi-v7a-release.apk, javascriptEnabled=true, appActivity=com.weecode.portea.activities.SplashActivity, browserName=Android, networkConnectionEnabled=true, desired={newCommandTimeout=600, automationName=Appium, app=C:\Users\sapna\Documents\workspace\PatientAndroidApp\src\test\resources\android\PA-4.0-stage-armeabi-v7a-release.apk, platformVersion=21.0, deviceName=Micromax Q450, platformName=Android, appActivity=com.weecode.portea.activities.SplashActivity, appWaitActivity=com.weecode.portea.activities.SplashActivity, appPackage=com.weecode.portea.stage}, locationContextEnabled=false, appPackage=com.weecode.portea.stage, newCommandTimeout=600, platformVersion=5.0.2, databaseEnabled=false, deviceName=386b462, platformName=Android, appWaitActivity=com.weecode.portea.activities.SplashActivity, webStorageEnabled=false, warnings={}, takesScreenshot=true}]
	at sun.reflect.NativeConstructorAccessorImpl.newInstance0(Native Method)
	at sun.reflect.NativeConstructorAccessorImpl.newInstance(NativeConstructorAccessorImpl.java:57)
	at sun.reflect.DelegatingConstructorAccessorImpl.newInstance(DelegatingConstructorAccessorImpl.java:45)
	at java.lang.reflect.Constructor.newInstance(Constructor.java:526)
	at org.openqa.selenium.remote.ErrorHandler.createThrowable(ErrorHandler.java:206)
	at org.openqa.selenium.remote.ErrorHandler.throwIfResponseFailed(ErrorHandler.java:158)
	at org.openqa.selenium.remote.RemoteWebDriver.execute(RemoteWebDriver.java:678)
	at io.appium.java_client.AppiumDriver.execute(AppiumDriver.java:180)
	at org.openqa.selenium.remote.RemoteWebDriver.findElement(RemoteWebDriver.java:363)
	at org.openqa.selenium.remote.RemoteWebDriver.findElementById(RemoteWebDriver.java:413)
	at org.openqa.selenium.By$ById.findElement(By.java:218)
	at org.openqa.selenium.remote.RemoteWebDriver.findElement(RemoteWebDriver.java:355)
	at com.patientapp.pages.AccountPage.payByWallet(AccountPage.java:315)
	at com.patientapp.tests.AccountTests.testVerifyUserAbleToPayThroughWallet(AccountTests.java:179)
	at sun.reflect.NativeMethodAccessorImpl.invoke0(Native Method)
	at sun.reflect.NativeMethodAccessorImpl.invoke(NativeMethodAccessorImpl.java:57)
	at sun.reflect.DelegatingMethodAccessorImpl.invoke(DelegatingMethodAccessorImpl.java:43)
	at java.lang.reflect.Method.invoke(Method.java:606)
	at org.testng.internal.MethodInvocationHelper.invokeMethod(MethodInvocationHelper.java:80)
	at org.testng.internal.Invoker.invokeMethod(Invoker.java:714)
	at org.testng.internal.Invoker.invokeTestMethod(Invoker.java:901)
	at org.testng.internal.Invoker.invokeTestMethods(Invoker.java:1231)
	at org.testng.internal.TestMethodWorker.invokeTestMethods(TestMethodWorker.java:127)
	at org.testng.internal.TestMethodWorker.run(TestMethodWorker.java:111)
	at org.testng.TestRunner.privateRun(TestRunner.java:767)
	at org.testng.TestRunner.run(TestRunner.java:617)
	at org.testng.SuiteRunner.runTest(SuiteRunner.java:334)
	at org.testng.SuiteRunner.runSequentially(SuiteRunner.java:329)
	at org.testng.SuiteRunner.privateRun(SuiteRunner.java:291)
	at org.testng.SuiteRunner.run(SuiteRunner.java:240)
	at org.testng.SuiteRunnerWorker.runSuite(SuiteRunnerWorker.java:52)
	at org.testng.SuiteRunnerWorker.run(SuiteRunnerWorker.java:86)
	at org.testng.TestNG.runSuitesSequentially(TestNG.java:1198)
	at org.testng.TestNG.runSuitesLocally(TestNG.java:1123)
	at org.testng.TestNG.run(TestNG.java:1031)
	at org.testng.remote.RemoteTestNG.run(RemoteTestNG.java:115)
	at org.testng.remote.RemoteTestNG.initAndRun(RemoteTestNG.java:207)
	at org.testng.remote.RemoteTestNG.main(RemoteTestNG.java:178)
"</b><br>sun.reflect.NativeConstructorAccessorImpl.newInstance0(Native Method)<br>sun.reflect.NativeConstructorAccessorImpl.newInstance(NativeConstructorAccessorImpl.java:57)<br>sun.reflect.DelegatingConstructorAccessorImpl.newInstance(DelegatingConstructorAccessorImpl.java:45)<br>java.lang.reflect.Constructor.newInstance(Constructor.java:526)<br>org.openqa.selenium.remote.ErrorHandler.createThrowable(ErrorHandler.java:206)<br>org.openqa.selenium.remote.ErrorHandler.throwIfResponseFailed(ErrorHandler.java:158)<br>org.openqa.selenium.remote.RemoteWebDriver.execute(RemoteWebDriver.java:678)<br>io.appium.java_client.AppiumDriver.execute(AppiumDriver.java:180)<br>org.openqa.selenium.remote.RemoteWebDriver.findElement(RemoteWebDriver.java:363)<br>org.openqa.selenium.remote.RemoteWebDriver.findElementById(RemoteWebDriver.java:413)<br>org.openqa.selenium.By$ById.findElement(By.java:218)<br>org.openqa.selenium.remote.RemoteWebDriver.findElement(RemoteWebDriver.java:355)<br>com.patientapp.pages.AccountPage.payByWallet(AccountPage.java:315)<br>com.patientapp.tests.AccountTests.testVerifyUserAbleToPayThroughWallet(AccountTests.java:179)<br>sun.reflect.NativeMethodAccessorImpl.invoke0(Native Method)<br>sun.reflect.NativeMethodAccessorImpl.invoke(NativeMethodAccessorImpl.java:57)<br>sun.reflect.DelegatingMethodAccessorImpl.invoke(DelegatingMethodAccessorImpl.java:43)<br>java.lang.reflect.Method.invoke(Method.java:606)<br>org.testng.internal.MethodInvocationHelper.invokeMethod(MethodInvocationHelper.java:80)<br>org.testng.internal.Invoker.invokeMethod(Invoker.java:714)<br>org.testng.internal.Invoker.invokeTestMethod(Invoker.java:901)<br>org.testng.internal.Invoker.invokeTestMethods(Invoker.java:1231)<br>org.testng.internal.TestMethodWorker.invokeTestMethods(TestMethodWorker.java:127)<br>org.testng.internal.TestMethodWorker.run(TestMethodWorker.java:111)<br>org.testng.TestRunner.privateRun(TestRunner.java:767)<br>org.testng.TestRunner.run(TestRunner.java:617)<br>org.testng.SuiteRunner.runTest(SuiteRunner.java:334)<br>org.testng.SuiteRunner.runSequentially(SuiteRunner.java:329)<br>org.testng.SuiteRunner.privateRun(SuiteRunner.java:291)<br>org.testng.SuiteRunner.run(SuiteRunner.java:240)<br>org.testng.SuiteRunnerWorker.runSuite(SuiteRunnerWorker.java:52)<br>org.testng.SuiteRunnerWorker.run(SuiteRunnerWorker.java:86)<br>org.testng.TestNG.runSuitesSequentially(TestNG.java:1198)<br>org.testng.TestNG.runSuitesLocally(TestNG.java:1123)<br>org.testng.TestNG.run(TestNG.java:1031)<br>org.testng.remote.RemoteTestNG.run(RemoteTestNG.java:115)<br>org.testng.remote.RemoteTestNG.initAndRun(RemoteTestNG.java:207)<br>org.testng.remote.RemoteTestNG.main(RemoteTestNG.java:178)<br>
</div> <!-- stack-trace -->
                </div> <!-- method-content -->
              </div> <!-- method -->
            </div> <!-- main-panel-content rounded-window-bottom -->
          </div> <!-- suite-PatientAppSmokeTestScenarios-class-failed -->
          <div class="suite-PatientAppSmokeTestScenarios-class-failed">
            <div class="main-panel-header rounded-window-top">
              <img src="failed.png"/>
              <span class="class-name">com.patientapp.tests.MoreOptionsTests</span>
            </div> <!-- main-panel-header rounded-window-top -->
            <div class="main-panel-content rounded-window-bottom">
              <div class="method">
                <div class="method-content">
                  <a name="TC_24_testVerifyGeneralQueriesFAQVisibility">
                  </a> <!-- TC_24_testVerifyGeneralQueriesFAQVisibility -->
                  <span class="method-name">TC_24_testVerifyGeneralQueriesFAQVisibility</span>
                  <div class="stack-trace"><b>"org.openqa.selenium.NoSuchElementException: An element could not be located on the page using the given search parameters. (WARNING: The server did not provide any stacktrace information)
Command duration or timeout: 10.45 seconds
For documentation on this error, please visit: http://seleniumhq.org/exceptions/no_such_element.html
Build info: version: &apos;2.53.0&apos;, revision: &apos;35ae25b1534ae328c771e0856c93e187490ca824&apos;, time: &apos;2016-03-15 10:43:46&apos;
System info: host: &apos;sapna-testlead&apos;, ip: &apos;192.168.56.1&apos;, os.name: &apos;Windows 7&apos;, os.arch: &apos;amd64&apos;, os.version: &apos;6.1&apos;, java.version: &apos;1.7.0_65&apos;
*** Element info: {Using=id, value=com.weecode.portea.stage:id/tv_mobile_no}
Session ID: dca88b8e-70d5-4113-806d-f0fad9ebdcc6
Driver info: io.appium.java_client.android.AndroidDriver
Capabilities [{automationName=Appium, platform=LINUX, app=C:\Users\sapna\Documents\workspace\PatientAndroidApp\src\test\resources\android\PA-4.0-stage-armeabi-v7a-release.apk, javascriptEnabled=true, appActivity=com.weecode.portea.activities.SplashActivity, browserName=Android, networkConnectionEnabled=true, desired={newCommandTimeout=600, automationName=Appium, app=C:\Users\sapna\Documents\workspace\PatientAndroidApp\src\test\resources\android\PA-4.0-stage-armeabi-v7a-release.apk, platformVersion=21.0, deviceName=Micromax Q450, platformName=Android, appActivity=com.weecode.portea.activities.SplashActivity, appWaitActivity=com.weecode.portea.activities.SplashActivity, appPackage=com.weecode.portea.stage}, locationContextEnabled=false, appPackage=com.weecode.portea.stage, newCommandTimeout=600, platformVersion=5.0.2, databaseEnabled=false, deviceName=386b462, platformName=Android, appWaitActivity=com.weecode.portea.activities.SplashActivity, webStorageEnabled=false, warnings={}, takesScreenshot=true}]
	at org.openqa.selenium.remote.ErrorHandler.createThrowable(ErrorHandler.java:206)
	at org.openqa.selenium.remote.ErrorHandler.throwIfResponseFailed(ErrorHandler.java:158)
	at org.openqa.selenium.remote.RemoteWebDriver.execute(RemoteWebDriver.java:678)
	at io.appium.java_client.AppiumDriver.execute(AppiumDriver.java:180)
	at org.openqa.selenium.remote.RemoteWebDriver.findElement(RemoteWebDriver.java:363)
	at org.openqa.selenium.remote.RemoteWebDriver.findElementById(RemoteWebDriver.java:413)
	at org.openqa.selenium.By$ById.findElement(By.java:218)
	at org.openqa.selenium.remote.RemoteWebDriver.findElement(RemoteWebDriver.java:355)
	at com.patientapp.pages.LoginPage.login(LoginPage.java:79)
	at com.patientapp.tests.MoreOptionsTests.TC_24_testVerifyGeneralQueriesFAQVisibility(MoreOptionsTests.java:72)
... Removed 28 stack frames<br/> org.openqa.selenium.NoSuchElementException: An element could not be located on the page using the given search parameters. (WARNING: The server did not provide any stacktrace information)
Command duration or timeout: 10.45 seconds
For documentation on this error, please visit: http://seleniumhq.org/exceptions/no_such_element.html
Build info: version: &apos;2.53.0&apos;, revision: &apos;35ae25b1534ae328c771e0856c93e187490ca824&apos;, time: &apos;2016-03-15 10:43:46&apos;
System info: host: &apos;sapna-testlead&apos;, ip: &apos;192.168.56.1&apos;, os.name: &apos;Windows 7&apos;, os.arch: &apos;amd64&apos;, os.version: &apos;6.1&apos;, java.version: &apos;1.7.0_65&apos;
*** Element info: {Using=id, value=com.weecode.portea.stage:id/tv_mobile_no}
Session ID: dca88b8e-70d5-4113-806d-f0fad9ebdcc6
Driver info: io.appium.java_client.android.AndroidDriver
Capabilities [{automationName=Appium, platform=LINUX, app=C:\Users\sapna\Documents\workspace\PatientAndroidApp\src\test\resources\android\PA-4.0-stage-armeabi-v7a-release.apk, javascriptEnabled=true, appActivity=com.weecode.portea.activities.SplashActivity, browserName=Android, networkConnectionEnabled=true, desired={newCommandTimeout=600, automationName=Appium, app=C:\Users\sapna\Documents\workspace\PatientAndroidApp\src\test\resources\android\PA-4.0-stage-armeabi-v7a-release.apk, platformVersion=21.0, deviceName=Micromax Q450, platformName=Android, appActivity=com.weecode.portea.activities.SplashActivity, appWaitActivity=com.weecode.portea.activities.SplashActivity, appPackage=com.weecode.portea.stage}, locationContextEnabled=false, appPackage=com.weecode.portea.stage, newCommandTimeout=600, platformVersion=5.0.2, databaseEnabled=false, deviceName=386b462, platformName=Android, appWaitActivity=com.weecode.portea.activities.SplashActivity, webStorageEnabled=false, warnings={}, takesScreenshot=true}]
	at sun.reflect.NativeConstructorAccessorImpl.newInstance0(Native Method)
	at sun.reflect.NativeConstructorAccessorImpl.newInstance(NativeConstructorAccessorImpl.java:57)
	at sun.reflect.DelegatingConstructorAccessorImpl.newInstance(DelegatingConstructorAccessorImpl.java:45)
	at java.lang.reflect.Constructor.newInstance(Constructor.java:526)
	at org.openqa.selenium.remote.ErrorHandler.createThrowable(ErrorHandler.java:206)
	at org.openqa.selenium.remote.ErrorHandler.throwIfResponseFailed(ErrorHandler.java:158)
	at org.openqa.selenium.remote.RemoteWebDriver.execute(RemoteWebDriver.java:678)
	at io.appium.java_client.AppiumDriver.execute(AppiumDriver.java:180)
	at org.openqa.selenium.remote.RemoteWebDriver.findElement(RemoteWebDriver.java:363)
	at org.openqa.selenium.remote.RemoteWebDriver.findElementById(RemoteWebDriver.java:413)
	at org.openqa.selenium.By$ById.findElement(By.java:218)
	at org.openqa.selenium.remote.RemoteWebDriver.findElement(RemoteWebDriver.java:355)
	at com.patientapp.pages.LoginPage.login(LoginPage.java:79)
	at com.patientapp.tests.MoreOptionsTests.TC_24_testVerifyGeneralQueriesFAQVisibility(MoreOptionsTests.java:72)
	at sun.reflect.NativeMethodAccessorImpl.invoke0(Native Method)
	at sun.reflect.NativeMethodAccessorImpl.invoke(NativeMethodAccessorImpl.java:57)
	at sun.reflect.DelegatingMethodAccessorImpl.invoke(DelegatingMethodAccessorImpl.java:43)
	at java.lang.reflect.Method.invoke(Method.java:606)
	at org.testng.internal.MethodInvocationHelper.invokeMethod(MethodInvocationHelper.java:80)
	at org.testng.internal.Invoker.invokeMethod(Invoker.java:714)
	at org.testng.internal.Invoker.invokeTestMethod(Invoker.java:901)
	at org.testng.internal.Invoker.invokeTestMethods(Invoker.java:1231)
	at org.testng.internal.TestMethodWorker.invokeTestMethods(TestMethodWorker.java:127)
	at org.testng.internal.TestMethodWorker.run(TestMethodWorker.java:111)
	at org.testng.TestRunner.privateRun(TestRunner.java:767)
	at org.testng.TestRunner.run(TestRunner.java:617)
	at org.testng.SuiteRunner.runTest(SuiteRunner.java:334)
	at org.testng.SuiteRunner.runSequentially(SuiteRunner.java:329)
	at org.testng.SuiteRunner.privateRun(SuiteRunner.java:291)
	at org.testng.SuiteRunner.run(SuiteRunner.java:240)
	at org.testng.SuiteRunnerWorker.runSuite(SuiteRunnerWorker.java:52)
	at org.testng.SuiteRunnerWorker.run(SuiteRunnerWorker.java:86)
	at org.testng.TestNG.runSuitesSequentially(TestNG.java:1198)
	at org.testng.TestNG.runSuitesLocally(TestNG.java:1123)
	at org.testng.TestNG.run(TestNG.java:1031)
	at org.testng.remote.RemoteTestNG.run(RemoteTestNG.java:115)
	at org.testng.remote.RemoteTestNG.initAndRun(RemoteTestNG.java:207)
	at org.testng.remote.RemoteTestNG.main(RemoteTestNG.java:178)
"</b><br>sun.reflect.NativeConstructorAccessorImpl.newInstance0(Native Method)<br>sun.reflect.NativeConstructorAccessorImpl.newInstance(NativeConstructorAccessorImpl.java:57)<br>sun.reflect.DelegatingConstructorAccessorImpl.newInstance(DelegatingConstructorAccessorImpl.java:45)<br>java.lang.reflect.Constructor.newInstance(Constructor.java:526)<br>org.openqa.selenium.remote.ErrorHandler.createThrowable(ErrorHandler.java:206)<br>org.openqa.selenium.remote.ErrorHandler.throwIfResponseFailed(ErrorHandler.java:158)<br>org.openqa.selenium.remote.RemoteWebDriver.execute(RemoteWebDriver.java:678)<br>io.appium.java_client.AppiumDriver.execute(AppiumDriver.java:180)<br>org.openqa.selenium.remote.RemoteWebDriver.findElement(RemoteWebDriver.java:363)<br>org.openqa.selenium.remote.RemoteWebDriver.findElementById(RemoteWebDriver.java:413)<br>org.openqa.selenium.By$ById.findElement(By.java:218)<br>org.openqa.selenium.remote.RemoteWebDriver.findElement(RemoteWebDriver.java:355)<br>com.patientapp.pages.LoginPage.login(LoginPage.java:79)<br>com.patientapp.tests.MoreOptionsTests.TC_24_testVerifyGeneralQueriesFAQVisibility(MoreOptionsTests.java:72)<br>sun.reflect.NativeMethodAccessorImpl.invoke0(Native Method)<br>sun.reflect.NativeMethodAccessorImpl.invoke(NativeMethodAccessorImpl.java:57)<br>sun.reflect.DelegatingMethodAccessorImpl.invoke(DelegatingMethodAccessorImpl.java:43)<br>java.lang.reflect.Method.invoke(Method.java:606)<br>org.testng.internal.MethodInvocationHelper.invokeMethod(MethodInvocationHelper.java:80)<br>org.testng.internal.Invoker.invokeMethod(Invoker.java:714)<br>org.testng.internal.Invoker.invokeTestMethod(Invoker.java:901)<br>org.testng.internal.Invoker.invokeTestMethods(Invoker.java:1231)<br>org.testng.internal.TestMethodWorker.invokeTestMethods(TestMethodWorker.java:127)<br>org.testng.internal.TestMethodWorker.run(TestMethodWorker.java:111)<br>org.testng.TestRunner.privateRun(TestRunner.java:767)<br>org.testng.TestRunner.run(TestRunner.java:617)<br>org.testng.SuiteRunner.runTest(SuiteRunner.java:334)<br>org.testng.SuiteRunner.runSequentially(SuiteRunner.java:329)<br>org.testng.SuiteRunner.privateRun(SuiteRunner.java:291)<br>org.testng.SuiteRunner.run(SuiteRunner.java:240)<br>org.testng.SuiteRunnerWorker.runSuite(SuiteRunnerWorker.java:52)<br>org.testng.SuiteRunnerWorker.run(SuiteRunnerWorker.java:86)<br>org.testng.TestNG.runSuitesSequentially(TestNG.java:1198)<br>org.testng.TestNG.runSuitesLocally(TestNG.java:1123)<br>org.testng.TestNG.run(TestNG.java:1031)<br>org.testng.remote.RemoteTestNG.run(RemoteTestNG.java:115)<br>org.testng.remote.RemoteTestNG.initAndRun(RemoteTestNG.java:207)<br>org.testng.remote.RemoteTestNG.main(RemoteTestNG.java:178)<br>
</div> <!-- stack-trace -->
                </div> <!-- method-content -->
              </div> <!-- method -->
              <div class="method">
                <div class="method-content">
                  <a name="TC_27_testVerifyUserShouldAbleToSubmitFeedback">
                  </a> <!-- TC_27_testVerifyUserShouldAbleToSubmitFeedback -->
                  <span class="method-name">TC_27_testVerifyUserShouldAbleToSubmitFeedback</span>
                  <div class="stack-trace"><b>"org.openqa.selenium.UnsupportedCommandException: Missing parameters: [&quot;selector&quot;]
Command duration or timeout: 12 milliseconds
Build info: version: &apos;2.53.0&apos;, revision: &apos;35ae25b1534ae328c771e0856c93e187490ca824&apos;, time: &apos;2016-03-15 10:43:46&apos;
System info: host: &apos;sapna-testlead&apos;, ip: &apos;192.168.56.1&apos;, os.name: &apos;Windows 7&apos;, os.arch: &apos;amd64&apos;, os.version: &apos;6.1&apos;, java.version: &apos;1.7.0_65&apos;
*** Element info: {Using=id, value=}
Session ID: dca88b8e-70d5-4113-806d-f0fad9ebdcc6
Driver info: io.appium.java_client.android.AndroidDriver
Capabilities [{automationName=Appium, platform=LINUX, app=C:\Users\sapna\Documents\workspace\PatientAndroidApp\src\test\resources\android\PA-4.0-stage-armeabi-v7a-release.apk, javascriptEnabled=true, appActivity=com.weecode.portea.activities.SplashActivity, browserName=Android, networkConnectionEnabled=true, desired={newCommandTimeout=600, automationName=Appium, app=C:\Users\sapna\Documents\workspace\PatientAndroidApp\src\test\resources\android\PA-4.0-stage-armeabi-v7a-release.apk, platformVersion=21.0, deviceName=Micromax Q450, platformName=Android, appActivity=com.weecode.portea.activities.SplashActivity, appWaitActivity=com.weecode.portea.activities.SplashActivity, appPackage=com.weecode.portea.stage}, locationContextEnabled=false, appPackage=com.weecode.portea.stage, newCommandTimeout=600, platformVersion=5.0.2, databaseEnabled=false, deviceName=386b462, platformName=Android, appWaitActivity=com.weecode.portea.activities.SplashActivity, webStorageEnabled=false, warnings={}, takesScreenshot=true}]
	at org.openqa.selenium.remote.ErrorHandler.createThrowable(ErrorHandler.java:206)
	at org.openqa.selenium.remote.ErrorHandler.throwIfResponseFailed(ErrorHandler.java:158)
	at org.openqa.selenium.remote.RemoteWebDriver.execute(RemoteWebDriver.java:678)
	at io.appium.java_client.AppiumDriver.execute(AppiumDriver.java:180)
	at org.openqa.selenium.remote.RemoteWebDriver.findElement(RemoteWebDriver.java:363)
	at org.openqa.selenium.remote.RemoteWebDriver.findElementById(RemoteWebDriver.java:413)
	at org.openqa.selenium.By$ById.findElement(By.java:218)
	at org.openqa.selenium.remote.RemoteWebDriver.findElement(RemoteWebDriver.java:355)
	at com.patientapp.pages.MoreOptionsPage.submitFeedback(MoreOptionsPage.java:140)
	at com.patientapp.tests.MoreOptionsTests.TC_27_testVerifyUserShouldAbleToSubmitFeedback(MoreOptionsTests.java:119)
... Removed 28 stack frames<br/> org.openqa.selenium.UnsupportedCommandException: Missing parameters: [&quot;selector&quot;]
Command duration or timeout: 12 milliseconds
Build info: version: &apos;2.53.0&apos;, revision: &apos;35ae25b1534ae328c771e0856c93e187490ca824&apos;, time: &apos;2016-03-15 10:43:46&apos;
System info: host: &apos;sapna-testlead&apos;, ip: &apos;192.168.56.1&apos;, os.name: &apos;Windows 7&apos;, os.arch: &apos;amd64&apos;, os.version: &apos;6.1&apos;, java.version: &apos;1.7.0_65&apos;
*** Element info: {Using=id, value=}
Session ID: dca88b8e-70d5-4113-806d-f0fad9ebdcc6
Driver info: io.appium.java_client.android.AndroidDriver
Capabilities [{automationName=Appium, platform=LINUX, app=C:\Users\sapna\Documents\workspace\PatientAndroidApp\src\test\resources\android\PA-4.0-stage-armeabi-v7a-release.apk, javascriptEnabled=true, appActivity=com.weecode.portea.activities.SplashActivity, browserName=Android, networkConnectionEnabled=true, desired={newCommandTimeout=600, automationName=Appium, app=C:\Users\sapna\Documents\workspace\PatientAndroidApp\src\test\resources\android\PA-4.0-stage-armeabi-v7a-release.apk, platformVersion=21.0, deviceName=Micromax Q450, platformName=Android, appActivity=com.weecode.portea.activities.SplashActivity, appWaitActivity=com.weecode.portea.activities.SplashActivity, appPackage=com.weecode.portea.stage}, locationContextEnabled=false, appPackage=com.weecode.portea.stage, newCommandTimeout=600, platformVersion=5.0.2, databaseEnabled=false, deviceName=386b462, platformName=Android, appWaitActivity=com.weecode.portea.activities.SplashActivity, webStorageEnabled=false, warnings={}, takesScreenshot=true}]
	at sun.reflect.NativeConstructorAccessorImpl.newInstance0(Native Method)
	at sun.reflect.NativeConstructorAccessorImpl.newInstance(NativeConstructorAccessorImpl.java:57)
	at sun.reflect.DelegatingConstructorAccessorImpl.newInstance(DelegatingConstructorAccessorImpl.java:45)
	at java.lang.reflect.Constructor.newInstance(Constructor.java:526)
	at org.openqa.selenium.remote.ErrorHandler.createThrowable(ErrorHandler.java:206)
	at org.openqa.selenium.remote.ErrorHandler.throwIfResponseFailed(ErrorHandler.java:158)
	at org.openqa.selenium.remote.RemoteWebDriver.execute(RemoteWebDriver.java:678)
	at io.appium.java_client.AppiumDriver.execute(AppiumDriver.java:180)
	at org.openqa.selenium.remote.RemoteWebDriver.findElement(RemoteWebDriver.java:363)
	at org.openqa.selenium.remote.RemoteWebDriver.findElementById(RemoteWebDriver.java:413)
	at org.openqa.selenium.By$ById.findElement(By.java:218)
	at org.openqa.selenium.remote.RemoteWebDriver.findElement(RemoteWebDriver.java:355)
	at com.patientapp.pages.MoreOptionsPage.submitFeedback(MoreOptionsPage.java:140)
	at com.patientapp.tests.MoreOptionsTests.TC_27_testVerifyUserShouldAbleToSubmitFeedback(MoreOptionsTests.java:119)
	at sun.reflect.NativeMethodAccessorImpl.invoke0(Native Method)
	at sun.reflect.NativeMethodAccessorImpl.invoke(NativeMethodAccessorImpl.java:57)
	at sun.reflect.DelegatingMethodAccessorImpl.invoke(DelegatingMethodAccessorImpl.java:43)
	at java.lang.reflect.Method.invoke(Method.java:606)
	at org.testng.internal.MethodInvocationHelper.invokeMethod(MethodInvocationHelper.java:80)
	at org.testng.internal.Invoker.invokeMethod(Invoker.java:714)
	at org.testng.internal.Invoker.invokeTestMethod(Invoker.java:901)
	at org.testng.internal.Invoker.invokeTestMethods(Invoker.java:1231)
	at org.testng.internal.TestMethodWorker.invokeTestMethods(TestMethodWorker.java:127)
	at org.testng.internal.TestMethodWorker.run(TestMethodWorker.java:111)
	at org.testng.TestRunner.privateRun(TestRunner.java:767)
	at org.testng.TestRunner.run(TestRunner.java:617)
	at org.testng.SuiteRunner.runTest(SuiteRunner.java:334)
	at org.testng.SuiteRunner.runSequentially(SuiteRunner.java:329)
	at org.testng.SuiteRunner.privateRun(SuiteRunner.java:291)
	at org.testng.SuiteRunner.run(SuiteRunner.java:240)
	at org.testng.SuiteRunnerWorker.runSuite(SuiteRunnerWorker.java:52)
	at org.testng.SuiteRunnerWorker.run(SuiteRunnerWorker.java:86)
	at org.testng.TestNG.runSuitesSequentially(TestNG.java:1198)
	at org.testng.TestNG.runSuitesLocally(TestNG.java:1123)
	at org.testng.TestNG.run(TestNG.java:1031)
	at org.testng.remote.RemoteTestNG.run(RemoteTestNG.java:115)
	at org.testng.remote.RemoteTestNG.initAndRun(RemoteTestNG.java:207)
	at org.testng.remote.RemoteTestNG.main(RemoteTestNG.java:178)
"</b><br>sun.reflect.NativeConstructorAccessorImpl.newInstance0(Native Method)<br>sun.reflect.NativeConstructorAccessorImpl.newInstance(NativeConstructorAccessorImpl.java:57)<br>sun.reflect.DelegatingConstructorAccessorImpl.newInstance(DelegatingConstructorAccessorImpl.java:45)<br>java.lang.reflect.Constructor.newInstance(Constructor.java:526)<br>org.openqa.selenium.remote.ErrorHandler.createThrowable(ErrorHandler.java:206)<br>org.openqa.selenium.remote.ErrorHandler.throwIfResponseFailed(ErrorHandler.java:158)<br>org.openqa.selenium.remote.RemoteWebDriver.execute(RemoteWebDriver.java:678)<br>io.appium.java_client.AppiumDriver.execute(AppiumDriver.java:180)<br>org.openqa.selenium.remote.RemoteWebDriver.findElement(RemoteWebDriver.java:363)<br>org.openqa.selenium.remote.RemoteWebDriver.findElementById(RemoteWebDriver.java:413)<br>org.openqa.selenium.By$ById.findElement(By.java:218)<br>org.openqa.selenium.remote.RemoteWebDriver.findElement(RemoteWebDriver.java:355)<br>com.patientapp.pages.MoreOptionsPage.submitFeedback(MoreOptionsPage.java:140)<br>com.patientapp.tests.MoreOptionsTests.TC_27_testVerifyUserShouldAbleToSubmitFeedback(MoreOptionsTests.java:119)<br>sun.reflect.NativeMethodAccessorImpl.invoke0(Native Method)<br>sun.reflect.NativeMethodAccessorImpl.invoke(NativeMethodAccessorImpl.java:57)<br>sun.reflect.DelegatingMethodAccessorImpl.invoke(DelegatingMethodAccessorImpl.java:43)<br>java.lang.reflect.Method.invoke(Method.java:606)<br>org.testng.internal.MethodInvocationHelper.invokeMethod(MethodInvocationHelper.java:80)<br>org.testng.internal.Invoker.invokeMethod(Invoker.java:714)<br>org.testng.internal.Invoker.invokeTestMethod(Invoker.java:901)<br>org.testng.internal.Invoker.invokeTestMethods(Invoker.java:1231)<br>org.testng.internal.TestMethodWorker.invokeTestMethods(TestMethodWorker.java:127)<br>org.testng.internal.TestMethodWorker.run(TestMethodWorker.java:111)<br>org.testng.TestRunner.privateRun(TestRunner.java:767)<br>org.testng.TestRunner.run(TestRunner.java:617)<br>org.testng.SuiteRunner.runTest(SuiteRunner.java:334)<br>org.testng.SuiteRunner.runSequentially(SuiteRunner.java:329)<br>org.testng.SuiteRunner.privateRun(SuiteRunner.java:291)<br>org.testng.SuiteRunner.run(SuiteRunner.java:240)<br>org.testng.SuiteRunnerWorker.runSuite(SuiteRunnerWorker.java:52)<br>org.testng.SuiteRunnerWorker.run(SuiteRunnerWorker.java:86)<br>org.testng.TestNG.runSuitesSequentially(TestNG.java:1198)<br>org.testng.TestNG.runSuitesLocally(TestNG.java:1123)<br>org.testng.TestNG.run(TestNG.java:1031)<br>org.testng.remote.RemoteTestNG.run(RemoteTestNG.java:115)<br>org.testng.remote.RemoteTestNG.initAndRun(RemoteTestNG.java:207)<br>org.testng.remote.RemoteTestNG.main(RemoteTestNG.java:178)<br>
</div> <!-- stack-trace -->
                </div> <!-- method-content -->
              </div> <!-- method -->
              <div class="method">
                <div class="method-content">
                  <a name="TC_28_testVerifyContactUsOption">
                  </a> <!-- TC_28_testVerifyContactUsOption -->
                  <span class="method-name">TC_28_testVerifyContactUsOption</span>
                  <div class="stack-trace"><b>"org.openqa.selenium.UnsupportedCommandException: Missing parameters: [&quot;selector&quot;]
Command duration or timeout: 6 milliseconds
Build info: version: &apos;2.53.0&apos;, revision: &apos;35ae25b1534ae328c771e0856c93e187490ca824&apos;, time: &apos;2016-03-15 10:43:46&apos;
System info: host: &apos;sapna-testlead&apos;, ip: &apos;192.168.56.1&apos;, os.name: &apos;Windows 7&apos;, os.arch: &apos;amd64&apos;, os.version: &apos;6.1&apos;, java.version: &apos;1.7.0_65&apos;
*** Element info: {Using=id, value=}
Session ID: dca88b8e-70d5-4113-806d-f0fad9ebdcc6
Driver info: io.appium.java_client.android.AndroidDriver
Capabilities [{automationName=Appium, platform=LINUX, app=C:\Users\sapna\Documents\workspace\PatientAndroidApp\src\test\resources\android\PA-4.0-stage-armeabi-v7a-release.apk, javascriptEnabled=true, appActivity=com.weecode.portea.activities.SplashActivity, browserName=Android, networkConnectionEnabled=true, desired={newCommandTimeout=600, automationName=Appium, app=C:\Users\sapna\Documents\workspace\PatientAndroidApp\src\test\resources\android\PA-4.0-stage-armeabi-v7a-release.apk, platformVersion=21.0, deviceName=Micromax Q450, platformName=Android, appActivity=com.weecode.portea.activities.SplashActivity, appWaitActivity=com.weecode.portea.activities.SplashActivity, appPackage=com.weecode.portea.stage}, locationContextEnabled=false, appPackage=com.weecode.portea.stage, newCommandTimeout=600, platformVersion=5.0.2, databaseEnabled=false, deviceName=386b462, platformName=Android, appWaitActivity=com.weecode.portea.activities.SplashActivity, webStorageEnabled=false, warnings={}, takesScreenshot=true}]
	at org.openqa.selenium.remote.ErrorHandler.createThrowable(ErrorHandler.java:206)
	at org.openqa.selenium.remote.ErrorHandler.throwIfResponseFailed(ErrorHandler.java:158)
	at org.openqa.selenium.remote.RemoteWebDriver.execute(RemoteWebDriver.java:678)
	at io.appium.java_client.AppiumDriver.execute(AppiumDriver.java:180)
	at org.openqa.selenium.remote.RemoteWebDriver.findElement(RemoteWebDriver.java:363)
	at org.openqa.selenium.remote.RemoteWebDriver.findElementById(RemoteWebDriver.java:413)
	at org.openqa.selenium.By$ById.findElement(By.java:218)
	at org.openqa.selenium.remote.RemoteWebDriver.findElement(RemoteWebDriver.java:355)
	at com.patientapp.pages.MoreOptionsPage.submitFeedback(MoreOptionsPage.java:140)
	at com.patientapp.tests.MoreOptionsTests.TC_28_testVerifyContactUsOption(MoreOptionsTests.java:139)
... Removed 28 stack frames<br/> org.openqa.selenium.UnsupportedCommandException: Missing parameters: [&quot;selector&quot;]
Command duration or timeout: 6 milliseconds
Build info: version: &apos;2.53.0&apos;, revision: &apos;35ae25b1534ae328c771e0856c93e187490ca824&apos;, time: &apos;2016-03-15 10:43:46&apos;
System info: host: &apos;sapna-testlead&apos;, ip: &apos;192.168.56.1&apos;, os.name: &apos;Windows 7&apos;, os.arch: &apos;amd64&apos;, os.version: &apos;6.1&apos;, java.version: &apos;1.7.0_65&apos;
*** Element info: {Using=id, value=}
Session ID: dca88b8e-70d5-4113-806d-f0fad9ebdcc6
Driver info: io.appium.java_client.android.AndroidDriver
Capabilities [{automationName=Appium, platform=LINUX, app=C:\Users\sapna\Documents\workspace\PatientAndroidApp\src\test\resources\android\PA-4.0-stage-armeabi-v7a-release.apk, javascriptEnabled=true, appActivity=com.weecode.portea.activities.SplashActivity, browserName=Android, networkConnectionEnabled=true, desired={newCommandTimeout=600, automationName=Appium, app=C:\Users\sapna\Documents\workspace\PatientAndroidApp\src\test\resources\android\PA-4.0-stage-armeabi-v7a-release.apk, platformVersion=21.0, deviceName=Micromax Q450, platformName=Android, appActivity=com.weecode.portea.activities.SplashActivity, appWaitActivity=com.weecode.portea.activities.SplashActivity, appPackage=com.weecode.portea.stage}, locationContextEnabled=false, appPackage=com.weecode.portea.stage, newCommandTimeout=600, platformVersion=5.0.2, databaseEnabled=false, deviceName=386b462, platformName=Android, appWaitActivity=com.weecode.portea.activities.SplashActivity, webStorageEnabled=false, warnings={}, takesScreenshot=true}]
	at sun.reflect.NativeConstructorAccessorImpl.newInstance0(Native Method)
	at sun.reflect.NativeConstructorAccessorImpl.newInstance(NativeConstructorAccessorImpl.java:57)
	at sun.reflect.DelegatingConstructorAccessorImpl.newInstance(DelegatingConstructorAccessorImpl.java:45)
	at java.lang.reflect.Constructor.newInstance(Constructor.java:526)
	at org.openqa.selenium.remote.ErrorHandler.createThrowable(ErrorHandler.java:206)
	at org.openqa.selenium.remote.ErrorHandler.throwIfResponseFailed(ErrorHandler.java:158)
	at org.openqa.selenium.remote.RemoteWebDriver.execute(RemoteWebDriver.java:678)
	at io.appium.java_client.AppiumDriver.execute(AppiumDriver.java:180)
	at org.openqa.selenium.remote.RemoteWebDriver.findElement(RemoteWebDriver.java:363)
	at org.openqa.selenium.remote.RemoteWebDriver.findElementById(RemoteWebDriver.java:413)
	at org.openqa.selenium.By$ById.findElement(By.java:218)
	at org.openqa.selenium.remote.RemoteWebDriver.findElement(RemoteWebDriver.java:355)
	at com.patientapp.pages.MoreOptionsPage.submitFeedback(MoreOptionsPage.java:140)
	at com.patientapp.tests.MoreOptionsTests.TC_28_testVerifyContactUsOption(MoreOptionsTests.java:139)
	at sun.reflect.NativeMethodAccessorImpl.invoke0(Native Method)
	at sun.reflect.NativeMethodAccessorImpl.invoke(NativeMethodAccessorImpl.java:57)
	at sun.reflect.DelegatingMethodAccessorImpl.invoke(DelegatingMethodAccessorImpl.java:43)
	at java.lang.reflect.Method.invoke(Method.java:606)
	at org.testng.internal.MethodInvocationHelper.invokeMethod(MethodInvocationHelper.java:80)
	at org.testng.internal.Invoker.invokeMethod(Invoker.java:714)
	at org.testng.internal.Invoker.invokeTestMethod(Invoker.java:901)
	at org.testng.internal.Invoker.invokeTestMethods(Invoker.java:1231)
	at org.testng.internal.TestMethodWorker.invokeTestMethods(TestMethodWorker.java:127)
	at org.testng.internal.TestMethodWorker.run(TestMethodWorker.java:111)
	at org.testng.TestRunner.privateRun(TestRunner.java:767)
	at org.testng.TestRunner.run(TestRunner.java:617)
	at org.testng.SuiteRunner.runTest(SuiteRunner.java:334)
	at org.testng.SuiteRunner.runSequentially(SuiteRunner.java:329)
	at org.testng.SuiteRunner.privateRun(SuiteRunner.java:291)
	at org.testng.SuiteRunner.run(SuiteRunner.java:240)
	at org.testng.SuiteRunnerWorker.runSuite(SuiteRunnerWorker.java:52)
	at org.testng.SuiteRunnerWorker.run(SuiteRunnerWorker.java:86)
	at org.testng.TestNG.runSuitesSequentially(TestNG.java:1198)
	at org.testng.TestNG.runSuitesLocally(TestNG.java:1123)
	at org.testng.TestNG.run(TestNG.java:1031)
	at org.testng.remote.RemoteTestNG.run(RemoteTestNG.java:115)
	at org.testng.remote.RemoteTestNG.initAndRun(RemoteTestNG.java:207)
	at org.testng.remote.RemoteTestNG.main(RemoteTestNG.java:178)
"</b><br>sun.reflect.NativeConstructorAccessorImpl.newInstance0(Native Method)<br>sun.reflect.NativeConstructorAccessorImpl.newInstance(NativeConstructorAccessorImpl.java:57)<br>sun.reflect.DelegatingConstructorAccessorImpl.newInstance(DelegatingConstructorAccessorImpl.java:45)<br>java.lang.reflect.Constructor.newInstance(Constructor.java:526)<br>org.openqa.selenium.remote.ErrorHandler.createThrowable(ErrorHandler.java:206)<br>org.openqa.selenium.remote.ErrorHandler.throwIfResponseFailed(ErrorHandler.java:158)<br>org.openqa.selenium.remote.RemoteWebDriver.execute(RemoteWebDriver.java:678)<br>io.appium.java_client.AppiumDriver.execute(AppiumDriver.java:180)<br>org.openqa.selenium.remote.RemoteWebDriver.findElement(RemoteWebDriver.java:363)<br>org.openqa.selenium.remote.RemoteWebDriver.findElementById(RemoteWebDriver.java:413)<br>org.openqa.selenium.By$ById.findElement(By.java:218)<br>org.openqa.selenium.remote.RemoteWebDriver.findElement(RemoteWebDriver.java:355)<br>com.patientapp.pages.MoreOptionsPage.submitFeedback(MoreOptionsPage.java:140)<br>com.patientapp.tests.MoreOptionsTests.TC_28_testVerifyContactUsOption(MoreOptionsTests.java:139)<br>sun.reflect.NativeMethodAccessorImpl.invoke0(Native Method)<br>sun.reflect.NativeMethodAccessorImpl.invoke(NativeMethodAccessorImpl.java:57)<br>sun.reflect.DelegatingMethodAccessorImpl.invoke(DelegatingMethodAccessorImpl.java:43)<br>java.lang.reflect.Method.invoke(Method.java:606)<br>org.testng.internal.MethodInvocationHelper.invokeMethod(MethodInvocationHelper.java:80)<br>org.testng.internal.Invoker.invokeMethod(Invoker.java:714)<br>org.testng.internal.Invoker.invokeTestMethod(Invoker.java:901)<br>org.testng.internal.Invoker.invokeTestMethods(Invoker.java:1231)<br>org.testng.internal.TestMethodWorker.invokeTestMethods(TestMethodWorker.java:127)<br>org.testng.internal.TestMethodWorker.run(TestMethodWorker.java:111)<br>org.testng.TestRunner.privateRun(TestRunner.java:767)<br>org.testng.TestRunner.run(TestRunner.java:617)<br>org.testng.SuiteRunner.runTest(SuiteRunner.java:334)<br>org.testng.SuiteRunner.runSequentially(SuiteRunner.java:329)<br>org.testng.SuiteRunner.privateRun(SuiteRunner.java:291)<br>org.testng.SuiteRunner.run(SuiteRunner.java:240)<br>org.testng.SuiteRunnerWorker.runSuite(SuiteRunnerWorker.java:52)<br>org.testng.SuiteRunnerWorker.run(SuiteRunnerWorker.java:86)<br>org.testng.TestNG.runSuitesSequentially(TestNG.java:1198)<br>org.testng.TestNG.runSuitesLocally(TestNG.java:1123)<br>org.testng.TestNG.run(TestNG.java:1031)<br>org.testng.remote.RemoteTestNG.run(RemoteTestNG.java:115)<br>org.testng.remote.RemoteTestNG.initAndRun(RemoteTestNG.java:207)<br>org.testng.remote.RemoteTestNG.main(RemoteTestNG.java:178)<br>
</div> <!-- stack-trace -->
                </div> <!-- method-content -->
              </div> <!-- method -->
              <div class="method">
                <div class="method-content">
                  <a name="TC_29_testVerifyAllAppointmentsVisibilitiesOnMyAppointments">
                  </a> <!-- TC_29_testVerifyAllAppointmentsVisibilitiesOnMyAppointments -->
                  <span class="method-name">TC_29_testVerifyAllAppointmentsVisibilitiesOnMyAppointments</span>
                  <div class="stack-trace"><b>"java.lang.NullPointerException
	at com.patientapp.tests.MoreOptionsTests.TC_29_testVerifyAllAppointmentsVisibilitiesOnMyAppointments(MoreOptionsTests.java:156)
... Removed 24 stack frames<br/> java.lang.NullPointerException
	at com.patientapp.tests.MoreOptionsTests.TC_29_testVerifyAllAppointmentsVisibilitiesOnMyAppointments(MoreOptionsTests.java:156)
	at sun.reflect.NativeMethodAccessorImpl.invoke0(Native Method)
	at sun.reflect.NativeMethodAccessorImpl.invoke(NativeMethodAccessorImpl.java:57)
	at sun.reflect.DelegatingMethodAccessorImpl.invoke(DelegatingMethodAccessorImpl.java:43)
	at java.lang.reflect.Method.invoke(Method.java:606)
	at org.testng.internal.MethodInvocationHelper.invokeMethod(MethodInvocationHelper.java:80)
	at org.testng.internal.Invoker.invokeMethod(Invoker.java:714)
	at org.testng.internal.Invoker.invokeTestMethod(Invoker.java:901)
	at org.testng.internal.Invoker.invokeTestMethods(Invoker.java:1231)
	at org.testng.internal.TestMethodWorker.invokeTestMethods(TestMethodWorker.java:127)
	at org.testng.internal.TestMethodWorker.run(TestMethodWorker.java:111)
	at org.testng.TestRunner.privateRun(TestRunner.java:767)
	at org.testng.TestRunner.run(TestRunner.java:617)
	at org.testng.SuiteRunner.runTest(SuiteRunner.java:334)
	at org.testng.SuiteRunner.runSequentially(SuiteRunner.java:329)
	at org.testng.SuiteRunner.privateRun(SuiteRunner.java:291)
	at org.testng.SuiteRunner.run(SuiteRunner.java:240)
	at org.testng.SuiteRunnerWorker.runSuite(SuiteRunnerWorker.java:52)
	at org.testng.SuiteRunnerWorker.run(SuiteRunnerWorker.java:86)
	at org.testng.TestNG.runSuitesSequentially(TestNG.java:1198)
	at org.testng.TestNG.runSuitesLocally(TestNG.java:1123)
	at org.testng.TestNG.run(TestNG.java:1031)
	at org.testng.remote.RemoteTestNG.run(RemoteTestNG.java:115)
	at org.testng.remote.RemoteTestNG.initAndRun(RemoteTestNG.java:207)
	at org.testng.remote.RemoteTestNG.main(RemoteTestNG.java:178)
"</b><br>com.patientapp.tests.MoreOptionsTests.TC_29_testVerifyAllAppointmentsVisibilitiesOnMyAppointments(MoreOptionsTests.java:156)<br>sun.reflect.NativeMethodAccessorImpl.invoke0(Native Method)<br>sun.reflect.NativeMethodAccessorImpl.invoke(NativeMethodAccessorImpl.java:57)<br>sun.reflect.DelegatingMethodAccessorImpl.invoke(DelegatingMethodAccessorImpl.java:43)<br>java.lang.reflect.Method.invoke(Method.java:606)<br>org.testng.internal.MethodInvocationHelper.invokeMethod(MethodInvocationHelper.java:80)<br>org.testng.internal.Invoker.invokeMethod(Invoker.java:714)<br>org.testng.internal.Invoker.invokeTestMethod(Invoker.java:901)<br>org.testng.internal.Invoker.invokeTestMethods(Invoker.java:1231)<br>org.testng.internal.TestMethodWorker.invokeTestMethods(TestMethodWorker.java:127)<br>org.testng.internal.TestMethodWorker.run(TestMethodWorker.java:111)<br>org.testng.TestRunner.privateRun(TestRunner.java:767)<br>org.testng.TestRunner.run(TestRunner.java:617)<br>org.testng.SuiteRunner.runTest(SuiteRunner.java:334)<br>org.testng.SuiteRunner.runSequentially(SuiteRunner.java:329)<br>org.testng.SuiteRunner.privateRun(SuiteRunner.java:291)<br>org.testng.SuiteRunner.run(SuiteRunner.java:240)<br>org.testng.SuiteRunnerWorker.runSuite(SuiteRunnerWorker.java:52)<br>org.testng.SuiteRunnerWorker.run(SuiteRunnerWorker.java:86)<br>org.testng.TestNG.runSuitesSequentially(TestNG.java:1198)<br>org.testng.TestNG.runSuitesLocally(TestNG.java:1123)<br>org.testng.TestNG.run(TestNG.java:1031)<br>org.testng.remote.RemoteTestNG.run(RemoteTestNG.java:115)<br>org.testng.remote.RemoteTestNG.initAndRun(RemoteTestNG.java:207)<br>org.testng.remote.RemoteTestNG.main(RemoteTestNG.java:178)<br>
</div> <!-- stack-trace -->
                </div> <!-- method-content -->
              </div> <!-- method -->
            </div> <!-- main-panel-content rounded-window-bottom -->
          </div> <!-- suite-PatientAppSmokeTestScenarios-class-failed -->
          <div class="suite-PatientAppSmokeTestScenarios-class-failed">
            <div class="main-panel-header rounded-window-top">
              <img src="failed.png"/>
              <span class="class-name">com.patientapp.tests.HealthFeedTests</span>
            </div> <!-- main-panel-header rounded-window-top -->
            <div class="main-panel-content rounded-window-bottom">
              <div class="method">
                <div class="method-content">
                  <a name="TC_21_testVerifyUserShouldAbleToSeeSelectedFeedDetails">
                  </a> <!-- TC_21_testVerifyUserShouldAbleToSeeSelectedFeedDetails -->
                  <span class="method-name">TC_21_testVerifyUserShouldAbleToSeeSelectedFeedDetails</span>
                  <div class="stack-trace"><b>"org.openqa.selenium.NoSuchElementException: An element could not be located on the page using the given search parameters. (WARNING: The server did not provide any stacktrace information)
Command duration or timeout: 10.23 seconds
For documentation on this error, please visit: http://seleniumhq.org/exceptions/no_such_element.html
Build info: version: &apos;2.53.0&apos;, revision: &apos;35ae25b1534ae328c771e0856c93e187490ca824&apos;, time: &apos;2016-03-15 10:43:46&apos;
System info: host: &apos;sapna-testlead&apos;, ip: &apos;192.168.56.1&apos;, os.name: &apos;Windows 7&apos;, os.arch: &apos;amd64&apos;, os.version: &apos;6.1&apos;, java.version: &apos;1.7.0_65&apos;
*** Element info: {Using=name, value=filter}
Session ID: efcfd15d-7845-4f80-aa8f-b68870071c0c
Driver info: io.appium.java_client.android.AndroidDriver
Capabilities [{automationName=Appium, platform=LINUX, app=C:\Users\sapna\Documents\workspace\PatientAndroidApp\src\test\resources\android\PA-4.0-stage-armeabi-v7a-release.apk, javascriptEnabled=true, appActivity=com.weecode.portea.activities.SplashActivity, browserName=Android, networkConnectionEnabled=true, desired={newCommandTimeout=600, automationName=Appium, app=C:\Users\sapna\Documents\workspace\PatientAndroidApp\src\test\resources\android\PA-4.0-stage-armeabi-v7a-release.apk, platformVersion=21.0, deviceName=Micromax Q450, platformName=Android, appActivity=com.weecode.portea.activities.SplashActivity, appWaitActivity=com.weecode.portea.activities.SplashActivity, appPackage=com.weecode.portea.stage}, locationContextEnabled=false, appPackage=com.weecode.portea.stage, newCommandTimeout=600, platformVersion=5.0.2, databaseEnabled=false, deviceName=386b462, platformName=Android, appWaitActivity=com.weecode.portea.activities.SplashActivity, webStorageEnabled=false, warnings={}, takesScreenshot=true}]
	at org.openqa.selenium.remote.ErrorHandler.createThrowable(ErrorHandler.java:206)
	at org.openqa.selenium.remote.ErrorHandler.throwIfResponseFailed(ErrorHandler.java:158)
	at org.openqa.selenium.remote.RemoteWebDriver.execute(RemoteWebDriver.java:678)
	at io.appium.java_client.AppiumDriver.execute(AppiumDriver.java:180)
	at org.openqa.selenium.remote.RemoteWebDriver.findElement(RemoteWebDriver.java:363)
	at org.openqa.selenium.remote.RemoteWebDriver.findElementByName(RemoteWebDriver.java:461)
	at org.openqa.selenium.By$ByName.findElement(By.java:303)
	at org.openqa.selenium.remote.RemoteWebDriver.findElement(RemoteWebDriver.java:355)
	at com.patientapp.pages.HealthFeedPage.onClickFilter(HealthFeedPage.java:67)
	at com.patientapp.tests.HealthFeedTests.TC_21_testVerifyUserShouldAbleToSeeSelectedFeedDetails(HealthFeedTests.java:63)
... Removed 28 stack frames<br/> org.openqa.selenium.NoSuchElementException: An element could not be located on the page using the given search parameters. (WARNING: The server did not provide any stacktrace information)
Command duration or timeout: 10.23 seconds
For documentation on this error, please visit: http://seleniumhq.org/exceptions/no_such_element.html
Build info: version: &apos;2.53.0&apos;, revision: &apos;35ae25b1534ae328c771e0856c93e187490ca824&apos;, time: &apos;2016-03-15 10:43:46&apos;
System info: host: &apos;sapna-testlead&apos;, ip: &apos;192.168.56.1&apos;, os.name: &apos;Windows 7&apos;, os.arch: &apos;amd64&apos;, os.version: &apos;6.1&apos;, java.version: &apos;1.7.0_65&apos;
*** Element info: {Using=name, value=filter}
Session ID: efcfd15d-7845-4f80-aa8f-b68870071c0c
Driver info: io.appium.java_client.android.AndroidDriver
Capabilities [{automationName=Appium, platform=LINUX, app=C:\Users\sapna\Documents\workspace\PatientAndroidApp\src\test\resources\android\PA-4.0-stage-armeabi-v7a-release.apk, javascriptEnabled=true, appActivity=com.weecode.portea.activities.SplashActivity, browserName=Android, networkConnectionEnabled=true, desired={newCommandTimeout=600, automationName=Appium, app=C:\Users\sapna\Documents\workspace\PatientAndroidApp\src\test\resources\android\PA-4.0-stage-armeabi-v7a-release.apk, platformVersion=21.0, deviceName=Micromax Q450, platformName=Android, appActivity=com.weecode.portea.activities.SplashActivity, appWaitActivity=com.weecode.portea.activities.SplashActivity, appPackage=com.weecode.portea.stage}, locationContextEnabled=false, appPackage=com.weecode.portea.stage, newCommandTimeout=600, platformVersion=5.0.2, databaseEnabled=false, deviceName=386b462, platformName=Android, appWaitActivity=com.weecode.portea.activities.SplashActivity, webStorageEnabled=false, warnings={}, takesScreenshot=true}]
	at sun.reflect.NativeConstructorAccessorImpl.newInstance0(Native Method)
	at sun.reflect.NativeConstructorAccessorImpl.newInstance(NativeConstructorAccessorImpl.java:57)
	at sun.reflect.DelegatingConstructorAccessorImpl.newInstance(DelegatingConstructorAccessorImpl.java:45)
	at java.lang.reflect.Constructor.newInstance(Constructor.java:526)
	at org.openqa.selenium.remote.ErrorHandler.createThrowable(ErrorHandler.java:206)
	at org.openqa.selenium.remote.ErrorHandler.throwIfResponseFailed(ErrorHandler.java:158)
	at org.openqa.selenium.remote.RemoteWebDriver.execute(RemoteWebDriver.java:678)
	at io.appium.java_client.AppiumDriver.execute(AppiumDriver.java:180)
	at org.openqa.selenium.remote.RemoteWebDriver.findElement(RemoteWebDriver.java:363)
	at org.openqa.selenium.remote.RemoteWebDriver.findElementByName(RemoteWebDriver.java:461)
	at org.openqa.selenium.By$ByName.findElement(By.java:303)
	at org.openqa.selenium.remote.RemoteWebDriver.findElement(RemoteWebDriver.java:355)
	at com.patientapp.pages.HealthFeedPage.onClickFilter(HealthFeedPage.java:67)
	at com.patientapp.tests.HealthFeedTests.TC_21_testVerifyUserShouldAbleToSeeSelectedFeedDetails(HealthFeedTests.java:63)
	at sun.reflect.NativeMethodAccessorImpl.invoke0(Native Method)
	at sun.reflect.NativeMethodAccessorImpl.invoke(NativeMethodAccessorImpl.java:57)
	at sun.reflect.DelegatingMethodAccessorImpl.invoke(DelegatingMethodAccessorImpl.java:43)
	at java.lang.reflect.Method.invoke(Method.java:606)
	at org.testng.internal.MethodInvocationHelper.invokeMethod(MethodInvocationHelper.java:80)
	at org.testng.internal.Invoker.invokeMethod(Invoker.java:714)
	at org.testng.internal.Invoker.invokeTestMethod(Invoker.java:901)
	at org.testng.internal.Invoker.invokeTestMethods(Invoker.java:1231)
	at org.testng.internal.TestMethodWorker.invokeTestMethods(TestMethodWorker.java:127)
	at org.testng.internal.TestMethodWorker.run(TestMethodWorker.java:111)
	at org.testng.TestRunner.privateRun(TestRunner.java:767)
	at org.testng.TestRunner.run(TestRunner.java:617)
	at org.testng.SuiteRunner.runTest(SuiteRunner.java:334)
	at org.testng.SuiteRunner.runSequentially(SuiteRunner.java:329)
	at org.testng.SuiteRunner.privateRun(SuiteRunner.java:291)
	at org.testng.SuiteRunner.run(SuiteRunner.java:240)
	at org.testng.SuiteRunnerWorker.runSuite(SuiteRunnerWorker.java:52)
	at org.testng.SuiteRunnerWorker.run(SuiteRunnerWorker.java:86)
	at org.testng.TestNG.runSuitesSequentially(TestNG.java:1198)
	at org.testng.TestNG.runSuitesLocally(TestNG.java:1123)
	at org.testng.TestNG.run(TestNG.java:1031)
	at org.testng.remote.RemoteTestNG.run(RemoteTestNG.java:115)
	at org.testng.remote.RemoteTestNG.initAndRun(RemoteTestNG.java:207)
	at org.testng.remote.RemoteTestNG.main(RemoteTestNG.java:178)
"</b><br>sun.reflect.NativeConstructorAccessorImpl.newInstance0(Native Method)<br>sun.reflect.NativeConstructorAccessorImpl.newInstance(NativeConstructorAccessorImpl.java:57)<br>sun.reflect.DelegatingConstructorAccessorImpl.newInstance(DelegatingConstructorAccessorImpl.java:45)<br>java.lang.reflect.Constructor.newInstance(Constructor.java:526)<br>org.openqa.selenium.remote.ErrorHandler.createThrowable(ErrorHandler.java:206)<br>org.openqa.selenium.remote.ErrorHandler.throwIfResponseFailed(ErrorHandler.java:158)<br>org.openqa.selenium.remote.RemoteWebDriver.execute(RemoteWebDriver.java:678)<br>io.appium.java_client.AppiumDriver.execute(AppiumDriver.java:180)<br>org.openqa.selenium.remote.RemoteWebDriver.findElement(RemoteWebDriver.java:363)<br>org.openqa.selenium.remote.RemoteWebDriver.findElementByName(RemoteWebDriver.java:461)<br>org.openqa.selenium.By$ByName.findElement(By.java:303)<br>org.openqa.selenium.remote.RemoteWebDriver.findElement(RemoteWebDriver.java:355)<br>com.patientapp.pages.HealthFeedPage.onClickFilter(HealthFeedPage.java:67)<br>com.patientapp.tests.HealthFeedTests.TC_21_testVerifyUserShouldAbleToSeeSelectedFeedDetails(HealthFeedTests.java:63)<br>sun.reflect.NativeMethodAccessorImpl.invoke0(Native Method)<br>sun.reflect.NativeMethodAccessorImpl.invoke(NativeMethodAccessorImpl.java:57)<br>sun.reflect.DelegatingMethodAccessorImpl.invoke(DelegatingMethodAccessorImpl.java:43)<br>java.lang.reflect.Method.invoke(Method.java:606)<br>org.testng.internal.MethodInvocationHelper.invokeMethod(MethodInvocationHelper.java:80)<br>org.testng.internal.Invoker.invokeMethod(Invoker.java:714)<br>org.testng.internal.Invoker.invokeTestMethod(Invoker.java:901)<br>org.testng.internal.Invoker.invokeTestMethods(Invoker.java:1231)<br>org.testng.internal.TestMethodWorker.invokeTestMethods(TestMethodWorker.java:127)<br>org.testng.internal.TestMethodWorker.run(TestMethodWorker.java:111)<br>org.testng.TestRunner.privateRun(TestRunner.java:767)<br>org.testng.TestRunner.run(TestRunner.java:617)<br>org.testng.SuiteRunner.runTest(SuiteRunner.java:334)<br>org.testng.SuiteRunner.runSequentially(SuiteRunner.java:329)<br>org.testng.SuiteRunner.privateRun(SuiteRunner.java:291)<br>org.testng.SuiteRunner.run(SuiteRunner.java:240)<br>org.testng.SuiteRunnerWorker.runSuite(SuiteRunnerWorker.java:52)<br>org.testng.SuiteRunnerWorker.run(SuiteRunnerWorker.java:86)<br>org.testng.TestNG.runSuitesSequentially(TestNG.java:1198)<br>org.testng.TestNG.runSuitesLocally(TestNG.java:1123)<br>org.testng.TestNG.run(TestNG.java:1031)<br>org.testng.remote.RemoteTestNG.run(RemoteTestNG.java:115)<br>org.testng.remote.RemoteTestNG.initAndRun(RemoteTestNG.java:207)<br>org.testng.remote.RemoteTestNG.main(RemoteTestNG.java:178)<br>
</div> <!-- stack-trace -->
                </div> <!-- method-content -->
              </div> <!-- method -->
              <div class="method">
                <div class="method-content">
                  <a name="TC_22_testVerifyUserShouldAbleToLikeArticle">
                  </a> <!-- TC_22_testVerifyUserShouldAbleToLikeArticle -->
                  <span class="method-name">TC_22_testVerifyUserShouldAbleToLikeArticle</span>
                  <div class="stack-trace"><b>"java.lang.IndexOutOfBoundsException: Index: 0, Size: 0
	at java.util.ArrayList.rangeCheck(ArrayList.java:635)
	at java.util.ArrayList.get(ArrayList.java:411)
	at com.patientapp.pages.HealthFeedPage.likeArticle(HealthFeedPage.java:86)
	at com.patientapp.tests.HealthFeedTests.TC_22_testVerifyUserShouldAbleToLikeArticle(HealthFeedTests.java:82)
... Removed 24 stack frames<br/> java.lang.IndexOutOfBoundsException: Index: 0, Size: 0
	at java.util.ArrayList.rangeCheck(ArrayList.java:635)
	at java.util.ArrayList.get(ArrayList.java:411)
	at com.patientapp.pages.HealthFeedPage.likeArticle(HealthFeedPage.java:86)
	at com.patientapp.tests.HealthFeedTests.TC_22_testVerifyUserShouldAbleToLikeArticle(HealthFeedTests.java:82)
	at sun.reflect.NativeMethodAccessorImpl.invoke0(Native Method)
	at sun.reflect.NativeMethodAccessorImpl.invoke(NativeMethodAccessorImpl.java:57)
	at sun.reflect.DelegatingMethodAccessorImpl.invoke(DelegatingMethodAccessorImpl.java:43)
	at java.lang.reflect.Method.invoke(Method.java:606)
	at org.testng.internal.MethodInvocationHelper.invokeMethod(MethodInvocationHelper.java:80)
	at org.testng.internal.Invoker.invokeMethod(Invoker.java:714)
	at org.testng.internal.Invoker.invokeTestMethod(Invoker.java:901)
	at org.testng.internal.Invoker.invokeTestMethods(Invoker.java:1231)
	at org.testng.internal.TestMethodWorker.invokeTestMethods(TestMethodWorker.java:127)
	at org.testng.internal.TestMethodWorker.run(TestMethodWorker.java:111)
	at org.testng.TestRunner.privateRun(TestRunner.java:767)
	at org.testng.TestRunner.run(TestRunner.java:617)
	at org.testng.SuiteRunner.runTest(SuiteRunner.java:334)
	at org.testng.SuiteRunner.runSequentially(SuiteRunner.java:329)
	at org.testng.SuiteRunner.privateRun(SuiteRunner.java:291)
	at org.testng.SuiteRunner.run(SuiteRunner.java:240)
	at org.testng.SuiteRunnerWorker.runSuite(SuiteRunnerWorker.java:52)
	at org.testng.SuiteRunnerWorker.run(SuiteRunnerWorker.java:86)
	at org.testng.TestNG.runSuitesSequentially(TestNG.java:1198)
	at org.testng.TestNG.runSuitesLocally(TestNG.java:1123)
	at org.testng.TestNG.run(TestNG.java:1031)
	at org.testng.remote.RemoteTestNG.run(RemoteTestNG.java:115)
	at org.testng.remote.RemoteTestNG.initAndRun(RemoteTestNG.java:207)
	at org.testng.remote.RemoteTestNG.main(RemoteTestNG.java:178)
"</b><br>java.util.ArrayList.rangeCheck(ArrayList.java:635)<br>java.util.ArrayList.get(ArrayList.java:411)<br>com.patientapp.pages.HealthFeedPage.likeArticle(HealthFeedPage.java:86)<br>com.patientapp.tests.HealthFeedTests.TC_22_testVerifyUserShouldAbleToLikeArticle(HealthFeedTests.java:82)<br>sun.reflect.NativeMethodAccessorImpl.invoke0(Native Method)<br>sun.reflect.NativeMethodAccessorImpl.invoke(NativeMethodAccessorImpl.java:57)<br>sun.reflect.DelegatingMethodAccessorImpl.invoke(DelegatingMethodAccessorImpl.java:43)<br>java.lang.reflect.Method.invoke(Method.java:606)<br>org.testng.internal.MethodInvocationHelper.invokeMethod(MethodInvocationHelper.java:80)<br>org.testng.internal.Invoker.invokeMethod(Invoker.java:714)<br>org.testng.internal.Invoker.invokeTestMethod(Invoker.java:901)<br>org.testng.internal.Invoker.invokeTestMethods(Invoker.java:1231)<br>org.testng.internal.TestMethodWorker.invokeTestMethods(TestMethodWorker.java:127)<br>org.testng.internal.TestMethodWorker.run(TestMethodWorker.java:111)<br>org.testng.TestRunner.privateRun(TestRunner.java:767)<br>org.testng.TestRunner.run(TestRunner.java:617)<br>org.testng.SuiteRunner.runTest(SuiteRunner.java:334)<br>org.testng.SuiteRunner.runSequentially(SuiteRunner.java:329)<br>org.testng.SuiteRunner.privateRun(SuiteRunner.java:291)<br>org.testng.SuiteRunner.run(SuiteRunner.java:240)<br>org.testng.SuiteRunnerWorker.runSuite(SuiteRunnerWorker.java:52)<br>org.testng.SuiteRunnerWorker.run(SuiteRunnerWorker.java:86)<br>org.testng.TestNG.runSuitesSequentially(TestNG.java:1198)<br>org.testng.TestNG.runSuitesLocally(TestNG.java:1123)<br>org.testng.TestNG.run(TestNG.java:1031)<br>org.testng.remote.RemoteTestNG.run(RemoteTestNG.java:115)<br>org.testng.remote.RemoteTestNG.initAndRun(RemoteTestNG.java:207)<br>org.testng.remote.RemoteTestNG.main(RemoteTestNG.java:178)<br>
</div> <!-- stack-trace -->
                </div> <!-- method-content -->
              </div> <!-- method -->
            </div> <!-- main-panel-content rounded-window-bottom -->
          </div> <!-- suite-PatientAppSmokeTestScenarios-class-failed -->
          <div class="suite-PatientAppSmokeTestScenarios-class-passed">
            <div class="main-panel-header rounded-window-top">
              <img src="passed.png"/>
              <span class="class-name">com.patientapp.tests.ServicesTests</span>
            </div> <!-- main-panel-header rounded-window-top -->
            <div class="main-panel-content rounded-window-bottom">
              <div class="method">
                <div class="method-content">
                  <a name="testVerifyAddElderCareAppointment">
                  </a> <!-- testVerifyAddElderCareAppointment -->
                  <span class="method-name">testVerifyAddElderCareAppointment</span>
                </div> <!-- method-content -->
              </div> <!-- method -->
              <div class="method">
                <div class="method-content">
                  <a name="testVerifyAddPostNatalCareAppointment">
                  </a> <!-- testVerifyAddPostNatalCareAppointment -->
                  <span class="method-name">testVerifyAddPostNatalCareAppointment</span>
                </div> <!-- method-content -->
              </div> <!-- method -->
              <div class="method">
                <div class="method-content">
                  <a name="testVerifyBookVaccination">
                  </a> <!-- testVerifyBookVaccination -->
                  <span class="method-name">testVerifyBookVaccination</span>
                </div> <!-- method-content -->
              </div> <!-- method -->
            </div> <!-- main-panel-content rounded-window-bottom -->
          </div> <!-- suite-PatientAppSmokeTestScenarios-class-passed -->
          <div class="suite-PatientAppSmokeTestScenarios-class-passed">
            <div class="main-panel-header rounded-window-top">
              <img src="passed.png"/>
              <span class="class-name">com.patientapp.tests.RegistrationTests</span>
            </div> <!-- main-panel-header rounded-window-top -->
            <div class="main-panel-content rounded-window-bottom">
              <div class="method">
                <div class="method-content">
                  <a name="testVerifyPatientRegistration">
                  </a> <!-- testVerifyPatientRegistration -->
                  <span class="method-name">testVerifyPatientRegistration</span>
                </div> <!-- method-content -->
              </div> <!-- method -->
            </div> <!-- main-panel-content rounded-window-bottom -->
          </div> <!-- suite-PatientAppSmokeTestScenarios-class-passed -->
          <div class="suite-PatientAppSmokeTestScenarios-class-passed">
            <div class="main-panel-header rounded-window-top">
              <img src="passed.png"/>
              <span class="class-name">com.patientapp.tests.AccountTests</span>
            </div> <!-- main-panel-header rounded-window-top -->
            <div class="main-panel-content rounded-window-bottom">
              <div class="method">
                <div class="method-content">
                  <a name="testVerifyUserAbleToPayThroughCards">
                  </a> <!-- testVerifyUserAbleToPayThroughCards -->
                  <span class="method-name">testVerifyUserAbleToPayThroughCards</span>
                </div> <!-- method-content -->
              </div> <!-- method -->
              <div class="method">
                <div class="method-content">
                  <a name="testVerifyUserAbleToPayThroughNetbanking">
                  </a> <!-- testVerifyUserAbleToPayThroughNetbanking -->
                  <span class="method-name">testVerifyUserAbleToPayThroughNetbanking</span>
                </div> <!-- method-content -->
              </div> <!-- method -->
              <div class="method">
                <div class="method-content">
                  <a name="testVerifyUserAbleToPayThroughPaytm">
                  </a> <!-- testVerifyUserAbleToPayThroughPaytm -->
                  <span class="method-name">testVerifyUserAbleToPayThroughPaytm</span>
                </div> <!-- method-content -->
              </div> <!-- method -->
            </div> <!-- main-panel-content rounded-window-bottom -->
          </div> <!-- suite-PatientAppSmokeTestScenarios-class-passed -->
          <div class="suite-PatientAppSmokeTestScenarios-class-passed">
            <div class="main-panel-header rounded-window-top">
              <img src="passed.png"/>
              <span class="class-name">com.patientapp.tests.MoreOptionsTests</span>
            </div> <!-- main-panel-header rounded-window-top -->
            <div class="main-panel-content rounded-window-bottom">
              <div class="method">
                <div class="method-content">
                  <a name="TC_23_testVerifyOfferPromotionsVisibility">
                  </a> <!-- TC_23_testVerifyOfferPromotionsVisibility -->
                  <span class="method-name">TC_23_testVerifyOfferPromotionsVisibility</span>
                </div> <!-- method-content -->
              </div> <!-- method -->
              <div class="method">
                <div class="method-content">
                  <a name="TC_25_testVerifyRateUsScreenVisibility">
                  </a> <!-- TC_25_testVerifyRateUsScreenVisibility -->
                  <span class="method-name">TC_25_testVerifyRateUsScreenVisibility</span>
                </div> <!-- method-content -->
              </div> <!-- method -->
              <div class="method">
                <div class="method-content">
                  <a name="TC_26_testVerifyAboutUsScreenVisibility">
                  </a> <!-- TC_26_testVerifyAboutUsScreenVisibility -->
                  <span class="method-name">TC_26_testVerifyAboutUsScreenVisibility</span>
                </div> <!-- method-content -->
              </div> <!-- method -->
            </div> <!-- main-panel-content rounded-window-bottom -->
          </div> <!-- suite-PatientAppSmokeTestScenarios-class-passed -->
          <div class="suite-PatientAppSmokeTestScenarios-class-passed">
            <div class="main-panel-header rounded-window-top">
              <img src="passed.png"/>
              <span class="class-name">com.patientapp.tests.LoginTests</span>
            </div> <!-- main-panel-header rounded-window-top -->
            <div class="main-panel-content rounded-window-bottom">
              <div class="method">
                <div class="method-content">
                  <a name="TC_6_testVerifyLoginWithOutRegistration">
                  </a> <!-- TC_6_testVerifyLoginWithOutRegistration -->
                  <span class="method-name">TC_6_testVerifyLoginWithOutRegistration</span>
                </div> <!-- method-content -->
              </div> <!-- method -->
              <div class="method">
                <div class="method-content">
                  <a name="testVerifyLoginFunctionality">
                  </a> <!-- testVerifyLoginFunctionality -->
                  <span class="method-name">testVerifyLoginFunctionality</span>
                </div> <!-- method-content -->
              </div> <!-- method -->
              <div class="method">
                <div class="method-content">
                  <a name="testVerifyLoginScreenElementsVisibility">
                  </a> <!-- testVerifyLoginScreenElementsVisibility -->
                  <span class="method-name">testVerifyLoginScreenElementsVisibility</span>
                </div> <!-- method-content -->
              </div> <!-- method -->
            </div> <!-- main-panel-content rounded-window-bottom -->
          </div> <!-- suite-PatientAppSmokeTestScenarios-class-passed -->
          <div class="suite-PatientAppSmokeTestScenarios-class-passed">
            <div class="main-panel-header rounded-window-top">
              <img src="passed.png"/>
              <span class="class-name">com.patientapp.tests.HomeScreenTests</span>
            </div> <!-- main-panel-header rounded-window-top -->
            <div class="main-panel-content rounded-window-bottom">
              <div class="method">
                <div class="method-content">
                  <a name="TC_29_testVerifyAllappointmentsVisibility">
                  </a> <!-- TC_29_testVerifyAllappointmentsVisibility -->
                  <span class="method-name">TC_29_testVerifyAllappointmentsVisibility</span>
                </div> <!-- method-content -->
              </div> <!-- method -->
              <div class="method">
                <div class="method-content">
                  <a name="TC_30_testVerifyMyHealthRecordsVisibility">
                  </a> <!-- TC_30_testVerifyMyHealthRecordsVisibility -->
                  <span class="method-name">TC_30_testVerifyMyHealthRecordsVisibility</span>
                </div> <!-- method-content -->
              </div> <!-- method -->
              <div class="method">
                <div class="method-content">
                  <a name="TC_31_testVerifyBookMarkedArticlesVisibility">
                  </a> <!-- TC_31_testVerifyBookMarkedArticlesVisibility -->
                  <span class="method-name">TC_31_testVerifyBookMarkedArticlesVisibility</span>
                </div> <!-- method-content -->
              </div> <!-- method -->
              <div class="method">
                <div class="method-content">
                  <a name="TC_34_testVerifyTransactionHistoryVisibility">
                  </a> <!-- TC_34_testVerifyTransactionHistoryVisibility -->
                  <span class="method-name">TC_34_testVerifyTransactionHistoryVisibility</span>
                </div> <!-- method-content -->
              </div> <!-- method -->
              <div class="method">
                <div class="method-content">
                  <a name="TC_35_testVerifyWallet">
                  </a> <!-- TC_35_testVerifyWallet -->
                  <span class="method-name">TC_35_testVerifyWallet</span>
                </div> <!-- method-content -->
              </div> <!-- method -->
              <div class="method">
                <div class="method-content">
                  <a name="TC_36_testVerifyPharmacyOrderAndPrescriptionsVisibility">
                  </a> <!-- TC_36_testVerifyPharmacyOrderAndPrescriptionsVisibility -->
                  <span class="method-name">TC_36_testVerifyPharmacyOrderAndPrescriptionsVisibility</span>
                </div> <!-- method-content -->
              </div> <!-- method -->
              <div class="method">
                <div class="method-content">
                  <a name="TC_38_testVerifyPorteaCherishScreenVisibility">
                  </a> <!-- TC_38_testVerifyPorteaCherishScreenVisibility -->
                  <span class="method-name">TC_38_testVerifyPorteaCherishScreenVisibility</span>
                </div> <!-- method-content -->
              </div> <!-- method -->
              <div class="method">
                <div class="method-content">
                  <a name="TC_6_testVerifyMoreAndNotificationOption">
                  </a> <!-- TC_6_testVerifyMoreAndNotificationOption -->
                  <span class="method-name">TC_6_testVerifyMoreAndNotificationOption</span>
                </div> <!-- method-content -->
              </div> <!-- method -->
              <div class="method">
                <div class="method-content">
                  <a name="testVerifyAllMenuScreensVisibility">
                  </a> <!-- testVerifyAllMenuScreensVisibility -->
                  <span class="method-name">testVerifyAllMenuScreensVisibility</span>
                </div> <!-- method-content -->
              </div> <!-- method -->
              <div class="method">
                <div class="method-content">
                  <a name="testVerifyWithoutLogin">
                  </a> <!-- testVerifyWithoutLogin -->
                  <span class="method-name">testVerifyWithoutLogin</span>
                </div> <!-- method-content -->
              </div> <!-- method -->
            </div> <!-- main-panel-content rounded-window-bottom -->
          </div> <!-- suite-PatientAppSmokeTestScenarios-class-passed -->
        </div> <!-- panel PatientAppSmokeTestScenarios -->
        <div panel-name="test-xml-PatientAppSmokeTestScenarios" class="panel">
          <div class="main-panel-header rounded-window-top">
            <span class="header-content">C:\Users\sapna\Documents\workspace\PatientAndroidApp\src\test\resources\SmokeTestSuite.xml</span>
          </div> <!-- main-panel-header rounded-window-top -->
          <div class="main-panel-content rounded-window-bottom">
            <pre>
&lt;?xml version=&quot;1.0&quot; encoding=&quot;UTF-8&quot;?&gt;
&lt;!DOCTYPE suite SYSTEM &quot;http://testng.org/testng-1.0.dtd&quot;&gt;
&lt;suite name=&quot;PatientAppSmokeTestScenarios&quot;&gt;
  &lt;test name=&quot;SmokeTestSuite&quot;&gt;
    &lt;classes&gt;
      &lt;class name=&quot;com.patientapp.tests.LoginTests&quot;/&gt;
      &lt;class name=&quot;com.patientapp.tests.HomeScreenTests&quot;/&gt;
      &lt;class name=&quot;com.patientapp.tests.HealthFeedTests&quot;/&gt;
      &lt;class name=&quot;com.patientapp.tests.RegistrationTests&quot;/&gt;
      &lt;class name=&quot;com.patientapp.tests.AccountTests&quot;/&gt;
      &lt;class name=&quot;com.patientapp.tests.ServicesTests&quot;/&gt;
      &lt;class name=&quot;com.patientapp.tests.MoreOptionsTests&quot;/&gt;
    &lt;/classes&gt;
  &lt;/test&gt; &lt;!-- SmokeTestSuite --&gt;
&lt;/suite&gt; &lt;!-- PatientAppSmokeTestScenarios --&gt;
            </pre>
          </div> <!-- main-panel-content rounded-window-bottom -->
        </div> <!-- panel -->
        <div panel-name="testlist-PatientAppSmokeTestScenarios" class="panel">
          <div class="main-panel-header rounded-window-top">
            <span class="header-content">Tests for PatientAppSmokeTestScenarios</span>
          </div> <!-- main-panel-header rounded-window-top -->
          <div class="main-panel-content rounded-window-bottom">
            <ul>
              <li>
                <span class="test-name">SmokeTestSuite (7 classes)</span>
              </li>
            </ul>
          </div> <!-- main-panel-content rounded-window-bottom -->
        </div> <!-- panel -->
        <div panel-name="group-PatientAppSmokeTestScenarios" class="panel">
          <div class="main-panel-header rounded-window-top">
            <span class="header-content">Groups for PatientAppSmokeTestScenarios</span>
          </div> <!-- main-panel-header rounded-window-top -->
          <div class="main-panel-content rounded-window-bottom">
          </div> <!-- main-panel-content rounded-window-bottom -->
        </div> <!-- panel -->
        <div panel-name="times-PatientAppSmokeTestScenarios" class="panel">
          <div class="main-panel-header rounded-window-top">
            <span class="header-content">Times for PatientAppSmokeTestScenarios</span>
          </div> <!-- main-panel-header rounded-window-top -->
          <div class="main-panel-content rounded-window-bottom">
            <div class="times-div">
              <script type="text/javascript">
suiteTableInitFunctions.push('tableData_PatientAppSmokeTestScenarios');
function tableData_PatientAppSmokeTestScenarios() {
var data = new google.visualization.DataTable();
data.addColumn('number', 'Number');
data.addColumn('string', 'Method');
data.addColumn('string', 'Class');
data.addColumn('number', 'Time (ms)');
data.addRows(36);
data.setCell(0, 0, 0)
data.setCell(0, 1, 'testVerifyUserAbleToPayThroughCards')
data.setCell(0, 2, 'com.patientapp.tests.AccountTests')
data.setCell(0, 3, 128917);
data.setCell(1, 0, 1)
data.setCell(1, 1, 'testVerifyUserAbleToPayThroughPaytm')
data.setCell(1, 2, 'com.patientapp.tests.AccountTests')
data.setCell(1, 3, 106816);
data.setCell(2, 0, 2)
data.setCell(2, 1, 'testVerifyAddElderCareAppointment')
data.setCell(2, 2, 'com.patientapp.tests.ServicesTests')
data.setCell(2, 3, 101075);
data.setCell(3, 0, 3)
data.setCell(3, 1, 'testVerifyAddPostNatalCareAppointment')
data.setCell(3, 2, 'com.patientapp.tests.ServicesTests')
data.setCell(3, 3, 79350);
data.setCell(4, 0, 4)
data.setCell(4, 1, 'testVerifyBookVaccination')
data.setCell(4, 2, 'com.patientapp.tests.ServicesTests')
data.setCell(4, 3, 75395);
data.setCell(5, 0, 5)
data.setCell(5, 1, 'testVerifyAddNursingAppointment')
data.setCell(5, 2, 'com.patientapp.tests.ServicesTests')
data.setCell(5, 3, 74921);
data.setCell(6, 0, 6)
data.setCell(6, 1, 'testVerifyUserAbleToPayThroughWallet')
data.setCell(6, 2, 'com.patientapp.tests.AccountTests')
data.setCell(6, 3, 73564);
data.setCell(7, 0, 7)
data.setCell(7, 1, 'testVerifyUserAbleToPayThroughNetbanking')
data.setCell(7, 2, 'com.patientapp.tests.AccountTests')
data.setCell(7, 3, 72201);
data.setCell(8, 0, 8)
data.setCell(8, 1, 'TC_21_testVerifyUserShouldAbleToSeeSelectedFeedDetails')
data.setCell(8, 2, 'com.patientapp.tests.HealthFeedTests')
data.setCell(8, 3, 46729);
data.setCell(9, 0, 9)
data.setCell(9, 1, 'TC_36_testVerifyPharmacyOrderAndPrescriptionsVisibility')
data.setCell(9, 2, 'com.patientapp.tests.HomeScreenTests')
data.setCell(9, 3, 46172);
data.setCell(10, 0, 10)
data.setCell(10, 1, 'TC_22_testVerifyUserShouldAbleToLikeArticle')
data.setCell(10, 2, 'com.patientapp.tests.HealthFeedTests')
data.setCell(10, 3, 43253);
data.setCell(11, 0, 11)
data.setCell(11, 1, 'TC_34_testVerifyTransactionHistoryVisibility')
data.setCell(11, 2, 'com.patientapp.tests.HomeScreenTests')
data.setCell(11, 3, 40851);
data.setCell(12, 0, 12)
data.setCell(12, 1, 'TC_38_testVerifyPorteaCherishScreenVisibility')
data.setCell(12, 2, 'com.patientapp.tests.HomeScreenTests')
data.setCell(12, 3, 40383);
data.setCell(13, 0, 13)
data.setCell(13, 1, 'TC_35_testVerifyWallet')
data.setCell(13, 2, 'com.patientapp.tests.HomeScreenTests')
data.setCell(13, 3, 39659);
data.setCell(14, 0, 14)
data.setCell(14, 1, 'TC_28_testVerifyContactUsOption')
data.setCell(14, 2, 'com.patientapp.tests.MoreOptionsTests')
data.setCell(14, 3, 38705);
data.setCell(15, 0, 15)
data.setCell(15, 1, 'TC_6_testVerifyMoreAndNotificationOption')
data.setCell(15, 2, 'com.patientapp.tests.HomeScreenTests')
data.setCell(15, 3, 38466);
data.setCell(16, 0, 16)
data.setCell(16, 1, 'TC_29_testVerifyAllappointmentsVisibility')
data.setCell(16, 2, 'com.patientapp.tests.HomeScreenTests')
data.setCell(16, 3, 37645);
data.setCell(17, 0, 17)
data.setCell(17, 1, 'testVerifyAllMenuScreensVisibility')
data.setCell(17, 2, 'com.patientapp.tests.HomeScreenTests')
data.setCell(17, 3, 37424);
data.setCell(18, 0, 18)
data.setCell(18, 1, 'TC_31_testVerifyBookMarkedArticlesVisibility')
data.setCell(18, 2, 'com.patientapp.tests.HomeScreenTests')
data.setCell(18, 3, 35890);
data.setCell(19, 0, 19)
data.setCell(19, 1, 'TC_26_testVerifyAboutUsScreenVisibility')
data.setCell(19, 2, 'com.patientapp.tests.MoreOptionsTests')
data.setCell(19, 3, 35469);
data.setCell(20, 0, 20)
data.setCell(20, 1, 'TC_27_testVerifyUserShouldAbleToSubmitFeedback')
data.setCell(20, 2, 'com.patientapp.tests.MoreOptionsTests')
data.setCell(20, 3, 34713);
data.setCell(21, 0, 21)
data.setCell(21, 1, 'testVerifyPatientRegistration')
data.setCell(21, 2, 'com.patientapp.tests.RegistrationTests')
data.setCell(21, 3, 33911);
data.setCell(22, 0, 22)
data.setCell(22, 1, 'TC_30_testVerifyMyHealthRecordsVisibility')
data.setCell(22, 2, 'com.patientapp.tests.HomeScreenTests')
data.setCell(22, 3, 33883);
data.setCell(23, 0, 23)
data.setCell(23, 1, 'TC_29_testVerifyAllAppointmentsVisibilitiesOnMyAppointments')
data.setCell(23, 2, 'com.patientapp.tests.MoreOptionsTests')
data.setCell(23, 3, 33452);
data.setCell(24, 0, 24)
data.setCell(24, 1, 'TC_23_testVerifyOfferPromotionsVisibility')
data.setCell(24, 2, 'com.patientapp.tests.MoreOptionsTests')
data.setCell(24, 3, 33104);
data.setCell(25, 0, 25)
data.setCell(25, 1, 'TC_25_testVerifyRateUsScreenVisibility')
data.setCell(25, 2, 'com.patientapp.tests.MoreOptionsTests')
data.setCell(25, 3, 32890);
data.setCell(26, 0, 26)
data.setCell(26, 1, 'testVerifyLoginFunctionality')
data.setCell(26, 2, 'com.patientapp.tests.LoginTests')
data.setCell(26, 3, 28216);
data.setCell(27, 0, 27)
data.setCell(27, 1, 'TC_6_testVerifyLoginWithOutRegistration')
data.setCell(27, 2, 'com.patientapp.tests.LoginTests')
data.setCell(27, 3, 27180);
data.setCell(28, 0, 28)
data.setCell(28, 1, 'TC_24_testVerifyGeneralQueriesFAQVisibility')
data.setCell(28, 2, 'com.patientapp.tests.MoreOptionsTests')
data.setCell(28, 3, 18996);
data.setCell(29, 0, 29)
data.setCell(29, 1, 'testVerifyWithoutLogin')
data.setCell(29, 2, 'com.patientapp.tests.HomeScreenTests')
data.setCell(29, 3, 17435);
data.setCell(30, 0, 30)
data.setCell(30, 1, 'TC_35_testVerifyUserAbleToViewWallet')
data.setCell(30, 2, 'com.patientapp.tests.AccountTests')
data.setCell(30, 3, 10266);
data.setCell(31, 0, 31)
data.setCell(31, 1, 'TC_35_testVerifyUserAbleToLoadWalletBySavedCard')
data.setCell(31, 2, 'com.patientapp.tests.AccountTests')
data.setCell(31, 3, 10179);
data.setCell(32, 0, 32)
data.setCell(32, 1, 'testVerifyAddAttendantsAppointment')
data.setCell(32, 2, 'com.patientapp.tests.ServicesTests')
data.setCell(32, 3, 10148);
data.setCell(33, 0, 33)
data.setCell(33, 1, 'TC_32_testVerifyPaidUnpaidAndUnbilledAppointments')
data.setCell(33, 2, 'com.patientapp.tests.AccountTests')
data.setCell(33, 3, 10124);
data.setCell(34, 0, 34)
data.setCell(34, 1, 'testVerifyLoginScreenElementsVisibility')
data.setCell(34, 2, 'com.patientapp.tests.LoginTests')
data.setCell(34, 3, 2000);
data.setCell(35, 0, 35)
data.setCell(35, 1, 'TC_35_testVerifyUserAbleToAddWallet')
data.setCell(35, 2, 'com.patientapp.tests.AccountTests')
data.setCell(35, 3, 0);
window.suiteTableData['PatientAppSmokeTestScenarios']= { tableData: data, tableDiv: 'times-div-PatientAppSmokeTestScenarios'}
return data;
}
              </script>
              <span class="suite-total-time">Total running time: 25 minutes</span>
              <div id="times-div-PatientAppSmokeTestScenarios">
              </div> <!-- times-div-PatientAppSmokeTestScenarios -->
            </div> <!-- times-div -->
          </div> <!-- main-panel-content rounded-window-bottom -->
        </div> <!-- panel -->
        <div panel-name="reporter-PatientAppSmokeTestScenarios" class="panel">
          <div class="main-panel-header rounded-window-top">
            <span class="header-content">Reporter output for PatientAppSmokeTestScenarios</span>
          </div> <!-- main-panel-header rounded-window-top -->
          <div class="main-panel-content rounded-window-bottom">
          </div> <!-- main-panel-content rounded-window-bottom -->
        </div> <!-- panel -->
        <div panel-name="ignored-methods-PatientAppSmokeTestScenarios" class="panel">
          <div class="main-panel-header rounded-window-top">
            <span class="header-content">0 ignored methods</span>
          </div> <!-- main-panel-header rounded-window-top -->
          <div class="main-panel-content rounded-window-bottom">
          </div> <!-- main-panel-content rounded-window-bottom -->
        </div> <!-- panel -->
        <div panel-name="chronological-PatientAppSmokeTestScenarios" class="panel">
          <div class="main-panel-header rounded-window-top">
            <span class="header-content">Methods in chronological order</span>
          </div> <!-- main-panel-header rounded-window-top -->
          <div class="main-panel-content rounded-window-bottom">
            <div class="chronological-class">
              <div class="chronological-class-name">com.patientapp.tests.LoginTests</div> <!-- chronological-class-name -->
              <div class="configuration-class before">
                <span class="method-name">setUp</span>
                <span class="method-start">0 ms</span>
              </div> <!-- configuration-class before -->
              <div class="configuration-method before">
                <span class="method-name">initPageObjects</span>
                <span class="method-start">29058 ms</span>
              </div> <!-- configuration-method before -->
              <div class="test-method">
                <span class="method-name">TC_6_testVerifyLoginWithOutRegistration</span>
                <span class="method-start">29063 ms</span>
              </div> <!-- test-method -->
              <div class="configuration-method after">
                <span class="method-name">ensureLoginPage</span>
                <span class="method-start">56246 ms</span>
              </div> <!-- configuration-method after -->
              <div class="configuration-method before">
                <span class="method-name">initPageObjects</span>
                <span class="method-start">86092 ms</span>
              </div> <!-- configuration-method before -->
              <div class="test-method">
                <span class="method-name">testVerifyLoginFunctionality</span>
                <span class="method-start">86093 ms</span>
              </div> <!-- test-method -->
              <div class="configuration-method after">
                <span class="method-name">ensureLoginPage</span>
                <span class="method-start">114310 ms</span>
              </div> <!-- configuration-method after -->
              <div class="configuration-method before">
                <span class="method-name">initPageObjects</span>
                <span class="method-start">145359 ms</span>
              </div> <!-- configuration-method before -->
              <div class="test-method">
                <span class="method-name">testVerifyLoginScreenElementsVisibility</span>
                <span class="method-start">145359 ms</span>
              </div> <!-- test-method -->
              <div class="configuration-method after">
                <span class="method-name">ensureLoginPage</span>
                <span class="method-start">147360 ms</span>
              </div> <!-- configuration-method after -->
              <div class="configuration-class after">
                <span class="method-name">cleanUp</span>
                <span class="method-start">176920 ms</span>
              </div> <!-- configuration-class after -->
            </div> <!-- chronological-class -->
            <div class="chronological-class">
              <div class="chronological-class-name">com.patientapp.tests.HomeScreenTests</div> <!-- chronological-class-name -->
              <div class="configuration-class before">
                <span class="method-name">setUp</span>
                <span class="method-start">179809 ms</span>
              </div> <!-- configuration-class before -->
              <div class="configuration-method before">
                <span class="method-name">initPageObjects</span>
                <span class="method-start">206559 ms</span>
              </div> <!-- configuration-method before -->
              <div class="test-method">
                <span class="method-name">TC_29_testVerifyAllappointmentsVisibility</span>
                <span class="method-start">206564 ms</span>
              </div> <!-- test-method -->
              <div class="configuration-method after">
                <span class="method-name">ensureHomeScreenPage</span>
                <span class="method-start">244212 ms</span>
              </div> <!-- configuration-method after -->
              <div class="configuration-method before">
                <span class="method-name">initPageObjects</span>
                <span class="method-start">274226 ms</span>
              </div> <!-- configuration-method before -->
              <div class="test-method">
                <span class="method-name">TC_30_testVerifyMyHealthRecordsVisibility</span>
                <span class="method-start">274226 ms</span>
              </div> <!-- test-method -->
              <div class="configuration-method after">
                <span class="method-name">ensureHomeScreenPage</span>
                <span class="method-start">308110 ms</span>
              </div> <!-- configuration-method after -->
              <div class="configuration-method before">
                <span class="method-name">initPageObjects</span>
                <span class="method-start">338318 ms</span>
              </div> <!-- configuration-method before -->
              <div class="test-method">
                <span class="method-name">TC_31_testVerifyBookMarkedArticlesVisibility</span>
                <span class="method-start">338318 ms</span>
              </div> <!-- test-method -->
              <div class="configuration-method after">
                <span class="method-name">ensureHomeScreenPage</span>
                <span class="method-start">374209 ms</span>
              </div> <!-- configuration-method after -->
              <div class="configuration-method before">
                <span class="method-name">initPageObjects</span>
                <span class="method-start">404745 ms</span>
              </div> <!-- configuration-method before -->
              <div class="test-method">
                <span class="method-name">TC_34_testVerifyTransactionHistoryVisibility</span>
                <span class="method-start">404745 ms</span>
              </div> <!-- test-method -->
              <div class="configuration-method after">
                <span class="method-name">ensureHomeScreenPage</span>
                <span class="method-start">445597 ms</span>
              </div> <!-- configuration-method after -->
              <div class="configuration-method before">
                <span class="method-name">initPageObjects</span>
                <span class="method-start">475541 ms</span>
              </div> <!-- configuration-method before -->
              <div class="test-method">
                <span class="method-name">TC_35_testVerifyWallet</span>
                <span class="method-start">475541 ms</span>
              </div> <!-- test-method -->
              <div class="configuration-method after">
                <span class="method-name">ensureHomeScreenPage</span>
                <span class="method-start">515201 ms</span>
              </div> <!-- configuration-method after -->
              <div class="configuration-method before">
                <span class="method-name">initPageObjects</span>
                <span class="method-start">545151 ms</span>
              </div> <!-- configuration-method before -->
              <div class="test-method">
                <span class="method-name">TC_36_testVerifyPharmacyOrderAndPrescriptionsVisibility</span>
                <span class="method-start">545151 ms</span>
              </div> <!-- test-method -->
              <div class="configuration-method after">
                <span class="method-name">ensureHomeScreenPage</span>
                <span class="method-start">591324 ms</span>
              </div> <!-- configuration-method after -->
              <div class="configuration-method before">
                <span class="method-name">initPageObjects</span>
                <span class="method-start">621954 ms</span>
              </div> <!-- configuration-method before -->
              <div class="test-method">
                <span class="method-name">TC_38_testVerifyPorteaCherishScreenVisibility</span>
                <span class="method-start">621954 ms</span>
              </div> <!-- test-method -->
              <div class="configuration-method after">
                <span class="method-name">ensureHomeScreenPage</span>
                <span class="method-start">662338 ms</span>
              </div> <!-- configuration-method after -->
              <div class="configuration-method before">
                <span class="method-name">initPageObjects</span>
                <span class="method-start">692335 ms</span>
              </div> <!-- configuration-method before -->
              <div class="test-method">
                <span class="method-name">TC_6_testVerifyMoreAndNotificationOption</span>
                <span class="method-start">692335 ms</span>
              </div> <!-- test-method -->
              <div class="configuration-method after">
                <span class="method-name">ensureHomeScreenPage</span>
                <span class="method-start">730802 ms</span>
              </div> <!-- configuration-method after -->
              <div class="configuration-method before">
                <span class="method-name">initPageObjects</span>
                <span class="method-start">761084 ms</span>
              </div> <!-- configuration-method before -->
              <div class="test-method">
                <span class="method-name">testVerifyAllMenuScreensVisibility</span>
                <span class="method-start">761084 ms</span>
              </div> <!-- test-method -->
              <div class="configuration-method after">
                <span class="method-name">ensureHomeScreenPage</span>
                <span class="method-start">798509 ms</span>
              </div> <!-- configuration-method after -->
              <div class="configuration-method before">
                <span class="method-name">initPageObjects</span>
                <span class="method-start">828486 ms</span>
              </div> <!-- configuration-method before -->
              <div class="test-method">
                <span class="method-name">testVerifyWithoutLogin</span>
                <span class="method-start">828487 ms</span>
              </div> <!-- test-method -->
              <div class="configuration-method after">
                <span class="method-name">ensureHomeScreenPage</span>
                <span class="method-start">845923 ms</span>
              </div> <!-- configuration-method after -->
              <div class="configuration-class after">
                <span class="method-name">cleanUp</span>
                <span class="method-start">876581 ms</span>
              </div> <!-- configuration-class after -->
            </div> <!-- chronological-class -->
            <div class="chronological-class">
              <div class="chronological-class-name">com.patientapp.tests.HealthFeedTests</div> <!-- chronological-class-name -->
              <div class="configuration-class before">
                <span class="method-name">setUp</span>
                <span class="method-start">879570 ms</span>
              </div> <!-- configuration-class before -->
              <div class="configuration-method before">
                <span class="method-name">initPageObjects</span>
                <span class="method-start">906516 ms</span>
              </div> <!-- configuration-method before -->
              <div class="test-method">
                <img src="failed.png">
                </img>
                <span class="method-name">TC_21_testVerifyUserShouldAbleToSeeSelectedFeedDetails</span>
                <span class="method-start">906517 ms</span>
              </div> <!-- test-method -->
              <div class="configuration-method after">
                <span class="method-name">ensureHealthFeedPage</span>
                <span class="method-start">953252 ms</span>
              </div> <!-- configuration-method after -->
              <div class="configuration-method before">
                <span class="method-name">initPageObjects</span>
                <span class="method-start">983652 ms</span>
              </div> <!-- configuration-method before -->
              <div class="test-method">
                <img src="failed.png">
                </img>
                <span class="method-name">TC_22_testVerifyUserShouldAbleToLikeArticle</span>
                <span class="method-start">983652 ms</span>
              </div> <!-- test-method -->
              <div class="configuration-method after">
                <span class="method-name">ensureHealthFeedPage</span>
                <span class="method-start">1026906 ms</span>
              </div> <!-- configuration-method after -->
              <div class="configuration-class after">
                <span class="method-name">cleanUp</span>
                <span class="method-start">1056951 ms</span>
              </div> <!-- configuration-class after -->
            </div> <!-- chronological-class -->
            <div class="chronological-class">
              <div class="chronological-class-name">com.patientapp.tests.RegistrationTests</div> <!-- chronological-class-name -->
              <div class="configuration-class before">
                <span class="method-name">setUp</span>
                <span class="method-start">1059780 ms</span>
              </div> <!-- configuration-class before -->
              <div class="configuration-method before">
                <span class="method-name">initPageObjects</span>
                <span class="method-start">1087263 ms</span>
              </div> <!-- configuration-method before -->
              <div class="test-method">
                <span class="method-name">testVerifyPatientRegistration</span>
                <span class="method-start">1087265 ms</span>
              </div> <!-- test-method -->
              <div class="configuration-method after">
                <span class="method-name">ensureRegistrationPage</span>
                <span class="method-start">1121178 ms</span>
              </div> <!-- configuration-method after -->
              <div class="configuration-class after">
                <span class="method-name">cleanUp</span>
                <span class="method-start">1152540 ms</span>
              </div> <!-- configuration-class after -->
            </div> <!-- chronological-class -->
            <div class="chronological-class">
              <div class="chronological-class-name">com.patientapp.tests.AccountTests</div> <!-- chronological-class-name -->
              <div class="configuration-class before">
                <span class="method-name">setUp</span>
                <span class="method-start">1155427 ms</span>
              </div> <!-- configuration-class before -->
              <div class="configuration-method before">
                <span class="method-name">initPageObjects</span>
                <span class="method-start">1182563 ms</span>
              </div> <!-- configuration-method before -->
              <div class="test-method">
                <img src="failed.png">
                </img>
                <span class="method-name">TC_32_testVerifyPaidUnpaidAndUnbilledAppointments</span>
                <span class="method-start">1182563 ms</span>
              </div> <!-- test-method -->
              <div class="configuration-method after">
                <span class="method-name">ensureAccountPage</span>
                <span class="method-start">1192689 ms</span>
              </div> <!-- configuration-method after -->
              <div class="configuration-method before">
                <span class="method-name">initPageObjects</span>
                <span class="method-start">1223156 ms</span>
              </div> <!-- configuration-method before -->
              <div class="test-method">
                <img src="failed.png">
                </img>
                <span class="method-name">TC_35_testVerifyUserAbleToAddWallet</span>
                <span class="method-start">1223157 ms</span>
              </div> <!-- test-method -->
              <div class="configuration-method after">
                <span class="method-name">ensureAccountPage</span>
                <span class="method-start">1223158 ms</span>
              </div> <!-- configuration-method after -->
              <div class="configuration-method before">
                <span class="method-name">initPageObjects</span>
                <span class="method-start">1253080 ms</span>
              </div> <!-- configuration-method before -->
              <div class="test-method">
                <img src="failed.png">
                </img>
                <span class="method-name">TC_35_testVerifyUserAbleToLoadWalletBySavedCard</span>
                <span class="method-start">1253080 ms</span>
              </div> <!-- test-method -->
              <div class="configuration-method after">
                <span class="method-name">ensureAccountPage</span>
                <span class="method-start">1263265 ms</span>
              </div> <!-- configuration-method after -->
              <div class="configuration-method before">
                <span class="method-name">initPageObjects</span>
                <span class="method-start">1293551 ms</span>
              </div> <!-- configuration-method before -->
              <div class="test-method">
                <img src="failed.png">
                </img>
                <span class="method-name">TC_35_testVerifyUserAbleToViewWallet</span>
                <span class="method-start">1293551 ms</span>
              </div> <!-- test-method -->
              <div class="configuration-method after">
                <span class="method-name">ensureAccountPage</span>
                <span class="method-start">1303821 ms</span>
              </div> <!-- configuration-method after -->
              <div class="configuration-method before">
                <span class="method-name">initPageObjects</span>
                <span class="method-start">1334002 ms</span>
              </div> <!-- configuration-method before -->
              <div class="test-method">
                <span class="method-name">testVerifyUserAbleToPayThroughCards</span>
                <span class="method-start">1334002 ms</span>
              </div> <!-- test-method -->
              <div class="configuration-method after">
                <span class="method-name">ensureAccountPage</span>
                <span class="method-start">1462920 ms</span>
              </div> <!-- configuration-method after -->
              <div class="configuration-method before">
                <span class="method-name">initPageObjects</span>
                <span class="method-start">1492806 ms</span>
              </div> <!-- configuration-method before -->
              <div class="test-method">
                <span class="method-name">testVerifyUserAbleToPayThroughNetbanking</span>
                <span class="method-start">1492806 ms</span>
              </div> <!-- test-method -->
              <div class="configuration-method after">
                <span class="method-name">ensureAccountPage</span>
                <span class="method-start">1565007 ms</span>
              </div> <!-- configuration-method after -->
              <div class="configuration-method before">
                <span class="method-name">initPageObjects</span>
                <span class="method-start">1595476 ms</span>
              </div> <!-- configuration-method before -->
              <div class="test-method">
                <span class="method-name">testVerifyUserAbleToPayThroughPaytm</span>
                <span class="method-start">1595476 ms</span>
              </div> <!-- test-method -->
              <div class="configuration-method after">
                <span class="method-name">ensureAccountPage</span>
                <span class="method-start">1702293 ms</span>
              </div> <!-- configuration-method after -->
              <div class="configuration-method before">
                <span class="method-name">initPageObjects</span>
                <span class="method-start">1733017 ms</span>
              </div> <!-- configuration-method before -->
              <div class="test-method">
                <img src="failed.png">
                </img>
                <span class="method-name">testVerifyUserAbleToPayThroughWallet</span>
                <span class="method-start">1733017 ms</span>
              </div> <!-- test-method -->
              <div class="configuration-method after">
                <span class="method-name">ensureAccountPage</span>
                <span class="method-start">1806584 ms</span>
              </div> <!-- configuration-method after -->
              <div class="configuration-class after">
                <span class="method-name">cleanUp</span>
                <span class="method-start">1837159 ms</span>
              </div> <!-- configuration-class after -->
            </div> <!-- chronological-class -->
            <div class="chronological-class">
              <div class="chronological-class-name">com.patientapp.tests.ServicesTests</div> <!-- chronological-class-name -->
              <div class="configuration-class before">
                <span class="method-name">setUp</span>
                <span class="method-start">1839975 ms</span>
              </div> <!-- configuration-class before -->
              <div class="configuration-method before">
                <span class="method-name">initPageObjects</span>
                <span class="method-start">1868684 ms</span>
              </div> <!-- configuration-method before -->
              <div class="test-method">
                <img src="failed.png">
                </img>
                <span class="method-name">testVerifyAddAttendantsAppointment</span>
                <span class="method-start">1868684 ms</span>
              </div> <!-- test-method -->
              <div class="configuration-method after">
                <span class="method-name">ensureServicePage</span>
                <span class="method-start">1878835 ms</span>
              </div> <!-- configuration-method after -->
              <div class="configuration-method before">
                <span class="method-name">initPageObjects</span>
                <span class="method-start">1909033 ms</span>
              </div> <!-- configuration-method before -->
              <div class="test-method">
                <span class="method-name">testVerifyAddElderCareAppointment</span>
                <span class="method-start">1909033 ms</span>
              </div> <!-- test-method -->
              <div class="configuration-method after">
                <span class="method-name">ensureServicePage</span>
                <span class="method-start">2010109 ms</span>
              </div> <!-- configuration-method after -->
              <div class="configuration-method before">
                <span class="method-name">initPageObjects</span>
                <span class="method-start">2041045 ms</span>
              </div> <!-- configuration-method before -->
              <div class="test-method">
                <img src="failed.png">
                </img>
                <span class="method-name">testVerifyAddNursingAppointment</span>
                <span class="method-start">2041046 ms</span>
              </div> <!-- test-method -->
              <div class="configuration-method after">
                <span class="method-name">ensureServicePage</span>
                <span class="method-start">2115970 ms</span>
              </div> <!-- configuration-method after -->
              <div class="configuration-method before">
                <span class="method-name">initPageObjects</span>
                <span class="method-start">2146363 ms</span>
              </div> <!-- configuration-method before -->
              <div class="test-method">
                <span class="method-name">testVerifyAddPostNatalCareAppointment</span>
                <span class="method-start">2146363 ms</span>
              </div> <!-- test-method -->
              <div class="configuration-method after">
                <span class="method-name">ensureServicePage</span>
                <span class="method-start">2225714 ms</span>
              </div> <!-- configuration-method after -->
              <div class="configuration-method before">
                <span class="method-name">initPageObjects</span>
                <span class="method-start">2256287 ms</span>
              </div> <!-- configuration-method before -->
              <div class="test-method">
                <span class="method-name">testVerifyBookVaccination</span>
                <span class="method-start">2256287 ms</span>
              </div> <!-- test-method -->
              <div class="configuration-method after">
                <span class="method-name">ensureServicePage</span>
                <span class="method-start">2331683 ms</span>
              </div> <!-- configuration-method after -->
              <div class="configuration-class after">
                <span class="method-name">cleanUp</span>
                <span class="method-start">2362385 ms</span>
              </div> <!-- configuration-class after -->
            </div> <!-- chronological-class -->
            <div class="chronological-class">
              <div class="chronological-class-name">com.patientapp.tests.MoreOptionsTests</div> <!-- chronological-class-name -->
              <div class="configuration-class before">
                <span class="method-name">setUp</span>
                <span class="method-start">2365432 ms</span>
              </div> <!-- configuration-class before -->
              <div class="configuration-method before">
                <span class="method-name">initPageObjects</span>
                <span class="method-start">2392471 ms</span>
              </div> <!-- configuration-method before -->
              <div class="test-method">
                <span class="method-name">TC_23_testVerifyOfferPromotionsVisibility</span>
                <span class="method-start">2392473 ms</span>
              </div> <!-- test-method -->
              <div class="configuration-method after">
                <span class="method-name">ensureMoreOptionsPage</span>
                <span class="method-start">2425577 ms</span>
              </div> <!-- configuration-method after -->
              <div class="configuration-method before">
                <span class="method-name">initPageObjects</span>
                <span class="method-start">2456590 ms</span>
              </div> <!-- configuration-method before -->
              <div class="test-method">
                <img src="failed.png">
                </img>
                <span class="method-name">TC_24_testVerifyGeneralQueriesFAQVisibility</span>
                <span class="method-start">2456590 ms</span>
              </div> <!-- test-method -->
              <div class="configuration-method after">
                <span class="method-name">ensureMoreOptionsPage</span>
                <span class="method-start">2475588 ms</span>
              </div> <!-- configuration-method after -->
              <div class="configuration-method before">
                <span class="method-name">initPageObjects</span>
                <span class="method-start">2506599 ms</span>
              </div> <!-- configuration-method before -->
              <div class="test-method">
                <span class="method-name">TC_25_testVerifyRateUsScreenVisibility</span>
                <span class="method-start">2506599 ms</span>
              </div> <!-- test-method -->
              <div class="configuration-method after">
                <span class="method-name">ensureMoreOptionsPage</span>
                <span class="method-start">2539490 ms</span>
              </div> <!-- configuration-method after -->
              <div class="configuration-method before">
                <span class="method-name">initPageObjects</span>
                <span class="method-start">2580821 ms</span>
              </div> <!-- configuration-method before -->
              <div class="test-method">
                <span class="method-name">TC_26_testVerifyAboutUsScreenVisibility</span>
                <span class="method-start">2580821 ms</span>
              </div> <!-- test-method -->
              <div class="configuration-method after">
                <span class="method-name">ensureMoreOptionsPage</span>
                <span class="method-start">2616291 ms</span>
              </div> <!-- configuration-method after -->
              <div class="configuration-method before">
                <span class="method-name">initPageObjects</span>
                <span class="method-start">2647502 ms</span>
              </div> <!-- configuration-method before -->
              <div class="test-method">
                <img src="failed.png">
                </img>
                <span class="method-name">TC_27_testVerifyUserShouldAbleToSubmitFeedback</span>
                <span class="method-start">2647502 ms</span>
              </div> <!-- test-method -->
              <div class="configuration-method after">
                <span class="method-name">ensureMoreOptionsPage</span>
                <span class="method-start">2682226 ms</span>
              </div> <!-- configuration-method after -->
              <div class="configuration-method before">
                <span class="method-name">initPageObjects</span>
                <span class="method-start">2712970 ms</span>
              </div> <!-- configuration-method before -->
              <div class="test-method">
                <img src="failed.png">
                </img>
                <span class="method-name">TC_28_testVerifyContactUsOption</span>
                <span class="method-start">2712970 ms</span>
              </div> <!-- test-method -->
              <div class="configuration-method after">
                <span class="method-name">ensureMoreOptionsPage</span>
                <span class="method-start">2751678 ms</span>
              </div> <!-- configuration-method after -->
              <div class="configuration-method before">
                <span class="method-name">initPageObjects</span>
                <span class="method-start">2782177 ms</span>
              </div> <!-- configuration-method before -->
              <div class="test-method">
                <img src="failed.png">
                </img>
                <span class="method-name">TC_29_testVerifyAllAppointmentsVisibilitiesOnMyAppointments</span>
                <span class="method-start">2782177 ms</span>
              </div> <!-- test-method -->
              <div class="configuration-method after">
                <span class="method-name">ensureMoreOptionsPage</span>
                <span class="method-start">2815631 ms</span>
              </div> <!-- configuration-method after -->
              <div class="configuration-class after">
                <span class="method-name">cleanUp</span>
                <span class="method-start">2845737 ms</span>
              </div> <!-- configuration-class after -->
          </div> <!-- main-panel-content rounded-window-bottom -->
        </div> <!-- panel -->
      </div> <!-- main-panel-root -->
    </div> <!-- wrapper -->
  </body>
</html>
