<?xml version="1.0" encoding="UTF-8"?>
<testng-results skipped="0" failed="13" total="36" passed="23">
  <reporter-output>
  </reporter-output>
  <suite name="PatientAppSmokeTestScenarios" duration-ms="2848761" started-at="2016-09-08T06:51:28Z" finished-at="2016-09-08T07:38:57Z">
    <groups>
    </groups>
    <test name="SmokeTestSuite" duration-ms="2848761" started-at="2016-09-08T06:51:28Z" finished-at="2016-09-08T07:38:57Z">
      <class name="com.patientapp.tests.MoreOptionsTests">
        <test-method status="PASS" signature="setUp()[pri:0, instance:com.patientapp.tests.MoreOptionsTests@50d5afff]" name="setUp" is-config="true" duration-ms="27039" started-at="2016-09-08T13:00:54Z" finished-at="2016-09-08T13:01:21Z">
          <reporter-output>
          </reporter-output>
        </test-method> <!-- setUp -->
        <test-method status="PASS" signature="initPageObjects()[pri:0, instance:com.patientapp.tests.MoreOptionsTests@50d5afff]" name="initPageObjects" is-config="true" duration-ms="2" started-at="2016-09-08T13:01:21Z" finished-at="2016-09-08T13:01:21Z">
          <reporter-output>
          </reporter-output>
        </test-method> <!-- initPageObjects -->
        <test-method status="PASS" signature="TC_23_testVerifyOfferPromotionsVisibility()[pri:0, instance:com.patientapp.tests.MoreOptionsTests@50d5afff]" name="TC_23_testVerifyOfferPromotionsVisibility" duration-ms="33104" started-at="2016-09-08T13:01:21Z" finished-at="2016-09-08T13:01:54Z">
          <reporter-output>
          </reporter-output>
        </test-method> <!-- TC_23_testVerifyOfferPromotionsVisibility -->
        <test-method status="PASS" signature="ensureMoreOptionsPage()[pri:0, instance:com.patientapp.tests.MoreOptionsTests@50d5afff]" name="ensureMoreOptionsPage" is-config="true" duration-ms="31012" started-at="2016-09-08T13:01:54Z" finished-at="2016-09-08T13:02:25Z">
          <reporter-output>
          </reporter-output>
        </test-method> <!-- ensureMoreOptionsPage -->
        <test-method status="FAIL" signature="TC_24_testVerifyGeneralQueriesFAQVisibility()[pri:0, instance:com.patientapp.tests.MoreOptionsTests@50d5afff]" name="TC_24_testVerifyGeneralQueriesFAQVisibility" duration-ms="18996" started-at="2016-09-08T13:02:25Z" finished-at="2016-09-08T13:02:44Z">
          <exception class="org.openqa.selenium.NoSuchElementException">
            <message>
              <![CDATA[An element could not be located on the page using the given search parameters. (WARNING: The server did not provide any stacktrace information)
Command duration or timeout: 10.45 seconds
For documentation on this error, please visit: http://seleniumhq.org/exceptions/no_such_element.html
Build info: version: '2.53.0', revision: '35ae25b1534ae328c771e0856c93e187490ca824', time: '2016-03-15 10:43:46'
System info: host: 'sapna-testlead', ip: '192.168.56.1', os.name: 'Windows 7', os.arch: 'amd64', os.version: '6.1', java.version: '1.7.0_65'
*** Element info: {Using=id, value=com.weecode.portea.stage:id/tv_mobile_no}
Session ID: dca88b8e-70d5-4113-806d-f0fad9ebdcc6
Driver info: io.appium.java_client.android.AndroidDriver
Capabilities [{automationName=Appium, platform=LINUX, app=C:\Users\sapna\Documents\workspace\PatientAndroidApp\src\test\resources\android\PA-4.0-stage-armeabi-v7a-release.apk, javascriptEnabled=true, appActivity=com.weecode.portea.activities.SplashActivity, browserName=Android, networkConnectionEnabled=true, desired={newCommandTimeout=600, automationName=Appium, app=C:\Users\sapna\Documents\workspace\PatientAndroidApp\src\test\resources\android\PA-4.0-stage-armeabi-v7a-release.apk, platformVersion=21.0, deviceName=Micromax Q450, platformName=Android, appActivity=com.weecode.portea.activities.SplashActivity, appWaitActivity=com.weecode.portea.activities.SplashActivity, appPackage=com.weecode.portea.stage}, locationContextEnabled=false, appPackage=com.weecode.portea.stage, newCommandTimeout=600, platformVersion=5.0.2, databaseEnabled=false, deviceName=386b462, platformName=Android, appWaitActivity=com.weecode.portea.activities.SplashActivity, webStorageEnabled=false, warnings={}, takesScreenshot=true}]]]>
            </message>
            <full-stacktrace>
              <![CDATA[org.openqa.selenium.NoSuchElementException: An element could not be located on the page using the given search parameters. (WARNING: The server did not provide any stacktrace information)
Command duration or timeout: 10.45 seconds
For documentation on this error, please visit: http://seleniumhq.org/exceptions/no_such_element.html
Build info: version: '2.53.0', revision: '35ae25b1534ae328c771e0856c93e187490ca824', time: '2016-03-15 10:43:46'
System info: host: 'sapna-testlead', ip: '192.168.56.1', os.name: 'Windows 7', os.arch: 'amd64', os.version: '6.1', java.version: '1.7.0_65'
*** Element info: {Using=id, value=com.weecode.portea.stage:id/tv_mobile_no}
Session ID: dca88b8e-70d5-4113-806d-f0fad9ebdcc6
Driver info: io.appium.java_client.android.AndroidDriver
Capabilities [{automationName=Appium, platform=LINUX, app=C:\Users\sapna\Documents\workspace\PatientAndroidApp\src\test\resources\android\PA-4.0-stage-armeabi-v7a-release.apk, javascriptEnabled=true, appActivity=com.weecode.portea.activities.SplashActivity, browserName=Android, networkConnectionEnabled=true, desired={newCommandTimeout=600, automationName=Appium, app=C:\Users\sapna\Documents\workspace\PatientAndroidApp\src\test\resources\android\PA-4.0-stage-armeabi-v7a-release.apk, platformVersion=21.0, deviceName=Micromax Q450, platformName=Android, appActivity=com.weecode.portea.activities.SplashActivity, appWaitActivity=com.weecode.portea.activities.SplashActivity, appPackage=com.weecode.portea.stage}, locationContextEnabled=false, appPackage=com.weecode.portea.stage, newCommandTimeout=600, platformVersion=5.0.2, databaseEnabled=false, deviceName=386b462, platformName=Android, appWaitActivity=com.weecode.portea.activities.SplashActivity, webStorageEnabled=false, warnings={}, takesScreenshot=true}]
	at sun.reflect.NativeConstructorAccessorImpl.newInstance0(Native Method)
	at sun.reflect.NativeConstructorAccessorImpl.newInstance(NativeConstructorAccessorImpl.java:57)
	at sun.reflect.DelegatingConstructorAccessorImpl.newInstance(DelegatingConstructorAccessorImpl.java:45)
	at java.lang.reflect.Constructor.newInstance(Constructor.java:526)
	at org.openqa.selenium.remote.ErrorHandler.createThrowable(ErrorHandler.java:206)
	at org.openqa.selenium.remote.ErrorHandler.throwIfResponseFailed(ErrorHandler.java:158)
	at org.openqa.selenium.remote.RemoteWebDriver.execute(RemoteWebDriver.java:678)
	at io.appium.java_client.AppiumDriver.execute(AppiumDriver.java:180)
	at org.openqa.selenium.remote.RemoteWebDriver.findElement(RemoteWebDriver.java:363)
	at org.openqa.selenium.remote.RemoteWebDriver.findElementById(RemoteWebDriver.java:413)
	at org.openqa.selenium.By$ById.findElement(By.java:218)
	at org.openqa.selenium.remote.RemoteWebDriver.findElement(RemoteWebDriver.java:355)
	at com.patientapp.pages.LoginPage.login(LoginPage.java:79)
	at com.patientapp.tests.MoreOptionsTests.TC_24_testVerifyGeneralQueriesFAQVisibility(MoreOptionsTests.java:72)
	at sun.reflect.NativeMethodAccessorImpl.invoke0(Native Method)
	at sun.reflect.NativeMethodAccessorImpl.invoke(NativeMethodAccessorImpl.java:57)
	at sun.reflect.DelegatingMethodAccessorImpl.invoke(DelegatingMethodAccessorImpl.java:43)
	at java.lang.reflect.Method.invoke(Method.java:606)
	at org.testng.internal.MethodInvocationHelper.invokeMethod(MethodInvocationHelper.java:80)
	at org.testng.internal.Invoker.invokeMethod(Invoker.java:714)
	at org.testng.internal.Invoker.invokeTestMethod(Invoker.java:901)
	at org.testng.internal.Invoker.invokeTestMethods(Invoker.java:1231)
	at org.testng.internal.TestMethodWorker.invokeTestMethods(TestMethodWorker.java:127)
	at org.testng.internal.TestMethodWorker.run(TestMethodWorker.java:111)
	at org.testng.TestRunner.privateRun(TestRunner.java:767)
	at org.testng.TestRunner.run(TestRunner.java:617)
	at org.testng.SuiteRunner.runTest(SuiteRunner.java:334)
	at org.testng.SuiteRunner.runSequentially(SuiteRunner.java:329)
	at org.testng.SuiteRunner.privateRun(SuiteRunner.java:291)
	at org.testng.SuiteRunner.run(SuiteRunner.java:240)
	at org.testng.SuiteRunnerWorker.runSuite(SuiteRunnerWorker.java:52)
	at org.testng.SuiteRunnerWorker.run(SuiteRunnerWorker.java:86)
	at org.testng.TestNG.runSuitesSequentially(TestNG.java:1198)
	at org.testng.TestNG.runSuitesLocally(TestNG.java:1123)
	at org.testng.TestNG.run(TestNG.java:1031)
	at org.testng.remote.RemoteTestNG.run(RemoteTestNG.java:115)
	at org.testng.remote.RemoteTestNG.initAndRun(RemoteTestNG.java:207)
	at org.testng.remote.RemoteTestNG.main(RemoteTestNG.java:178)
]]>
            </full-stacktrace>
          </exception> <!-- org.openqa.selenium.NoSuchElementException -->
          <reporter-output>
          </reporter-output>
        </test-method> <!-- TC_24_testVerifyGeneralQueriesFAQVisibility -->
        <test-method status="PASS" signature="initPageObjects()[pri:0, instance:com.patientapp.tests.MoreOptionsTests@50d5afff]" name="initPageObjects" is-config="true" duration-ms="0" started-at="2016-09-08T13:02:25Z" finished-at="2016-09-08T13:02:25Z">
          <reporter-output>
          </reporter-output>
        </test-method> <!-- initPageObjects -->
        <test-method status="PASS" signature="ensureMoreOptionsPage()[pri:0, instance:com.patientapp.tests.MoreOptionsTests@50d5afff]" name="ensureMoreOptionsPage" is-config="true" duration-ms="31011" started-at="2016-09-08T13:02:44Z" finished-at="2016-09-08T13:03:15Z">
          <reporter-output>
          </reporter-output>
        </test-method> <!-- ensureMoreOptionsPage -->
        <test-method status="PASS" signature="TC_25_testVerifyRateUsScreenVisibility()[pri:0, instance:com.patientapp.tests.MoreOptionsTests@50d5afff]" name="TC_25_testVerifyRateUsScreenVisibility" duration-ms="32890" started-at="2016-09-08T13:03:15Z" finished-at="2016-09-08T13:03:48Z">
          <reporter-output>
          </reporter-output>
        </test-method> <!-- TC_25_testVerifyRateUsScreenVisibility -->
        <test-method status="PASS" signature="initPageObjects()[pri:0, instance:com.patientapp.tests.MoreOptionsTests@50d5afff]" name="initPageObjects" is-config="true" duration-ms="0" started-at="2016-09-08T13:03:15Z" finished-at="2016-09-08T13:03:15Z">
          <reporter-output>
          </reporter-output>
        </test-method> <!-- initPageObjects -->
        <test-method status="PASS" signature="ensureMoreOptionsPage()[pri:0, instance:com.patientapp.tests.MoreOptionsTests@50d5afff]" name="ensureMoreOptionsPage" is-config="true" duration-ms="41330" started-at="2016-09-08T13:03:48Z" finished-at="2016-09-08T13:04:29Z">
          <reporter-output>
          </reporter-output>
        </test-method> <!-- ensureMoreOptionsPage -->
        <test-method status="PASS" signature="initPageObjects()[pri:0, instance:com.patientapp.tests.MoreOptionsTests@50d5afff]" name="initPageObjects" is-config="true" duration-ms="0" started-at="2016-09-08T13:04:29Z" finished-at="2016-09-08T13:04:29Z">
          <reporter-output>
          </reporter-output>
        </test-method> <!-- initPageObjects -->
        <test-method status="PASS" signature="TC_26_testVerifyAboutUsScreenVisibility()[pri:0, instance:com.patientapp.tests.MoreOptionsTests@50d5afff]" name="TC_26_testVerifyAboutUsScreenVisibility" duration-ms="35469" started-at="2016-09-08T13:04:29Z" finished-at="2016-09-08T13:05:05Z">
          <reporter-output>
          </reporter-output>
        </test-method> <!-- TC_26_testVerifyAboutUsScreenVisibility -->
        <test-method status="PASS" signature="ensureMoreOptionsPage()[pri:0, instance:com.patientapp.tests.MoreOptionsTests@50d5afff]" name="ensureMoreOptionsPage" is-config="true" duration-ms="31211" started-at="2016-09-08T13:05:05Z" finished-at="2016-09-08T13:05:36Z">
          <reporter-output>
          </reporter-output>
        </test-method> <!-- ensureMoreOptionsPage -->
        <test-method status="FAIL" signature="TC_27_testVerifyUserShouldAbleToSubmitFeedback()[pri:0, instance:com.patientapp.tests.MoreOptionsTests@50d5afff]" name="TC_27_testVerifyUserShouldAbleToSubmitFeedback" duration-ms="34713" started-at="2016-09-08T13:05:36Z" finished-at="2016-09-08T13:06:10Z">
          <exception class="org.openqa.selenium.UnsupportedCommandException">
            <message>
              <![CDATA[Missing parameters: ["selector"]
Command duration or timeout: 12 milliseconds
Build info: version: '2.53.0', revision: '35ae25b1534ae328c771e0856c93e187490ca824', time: '2016-03-15 10:43:46'
System info: host: 'sapna-testlead', ip: '192.168.56.1', os.name: 'Windows 7', os.arch: 'amd64', os.version: '6.1', java.version: '1.7.0_65'
*** Element info: {Using=id, value=}
Session ID: dca88b8e-70d5-4113-806d-f0fad9ebdcc6
Driver info: io.appium.java_client.android.AndroidDriver
Capabilities [{automationName=Appium, platform=LINUX, app=C:\Users\sapna\Documents\workspace\PatientAndroidApp\src\test\resources\android\PA-4.0-stage-armeabi-v7a-release.apk, javascriptEnabled=true, appActivity=com.weecode.portea.activities.SplashActivity, browserName=Android, networkConnectionEnabled=true, desired={newCommandTimeout=600, automationName=Appium, app=C:\Users\sapna\Documents\workspace\PatientAndroidApp\src\test\resources\android\PA-4.0-stage-armeabi-v7a-release.apk, platformVersion=21.0, deviceName=Micromax Q450, platformName=Android, appActivity=com.weecode.portea.activities.SplashActivity, appWaitActivity=com.weecode.portea.activities.SplashActivity, appPackage=com.weecode.portea.stage}, locationContextEnabled=false, appPackage=com.weecode.portea.stage, newCommandTimeout=600, platformVersion=5.0.2, databaseEnabled=false, deviceName=386b462, platformName=Android, appWaitActivity=com.weecode.portea.activities.SplashActivity, webStorageEnabled=false, warnings={}, takesScreenshot=true}]]]>
            </message>
            <full-stacktrace>
              <![CDATA[org.openqa.selenium.UnsupportedCommandException: Missing parameters: ["selector"]
Command duration or timeout: 12 milliseconds
Build info: version: '2.53.0', revision: '35ae25b1534ae328c771e0856c93e187490ca824', time: '2016-03-15 10:43:46'
System info: host: 'sapna-testlead', ip: '192.168.56.1', os.name: 'Windows 7', os.arch: 'amd64', os.version: '6.1', java.version: '1.7.0_65'
*** Element info: {Using=id, value=}
Session ID: dca88b8e-70d5-4113-806d-f0fad9ebdcc6
Driver info: io.appium.java_client.android.AndroidDriver
Capabilities [{automationName=Appium, platform=LINUX, app=C:\Users\sapna\Documents\workspace\PatientAndroidApp\src\test\resources\android\PA-4.0-stage-armeabi-v7a-release.apk, javascriptEnabled=true, appActivity=com.weecode.portea.activities.SplashActivity, browserName=Android, networkConnectionEnabled=true, desired={newCommandTimeout=600, automationName=Appium, app=C:\Users\sapna\Documents\workspace\PatientAndroidApp\src\test\resources\android\PA-4.0-stage-armeabi-v7a-release.apk, platformVersion=21.0, deviceName=Micromax Q450, platformName=Android, appActivity=com.weecode.portea.activities.SplashActivity, appWaitActivity=com.weecode.portea.activities.SplashActivity, appPackage=com.weecode.portea.stage}, locationContextEnabled=false, appPackage=com.weecode.portea.stage, newCommandTimeout=600, platformVersion=5.0.2, databaseEnabled=false, deviceName=386b462, platformName=Android, appWaitActivity=com.weecode.portea.activities.SplashActivity, webStorageEnabled=false, warnings={}, takesScreenshot=true}]
	at sun.reflect.NativeConstructorAccessorImpl.newInstance0(Native Method)
	at sun.reflect.NativeConstructorAccessorImpl.newInstance(NativeConstructorAccessorImpl.java:57)
	at sun.reflect.DelegatingConstructorAccessorImpl.newInstance(DelegatingConstructorAccessorImpl.java:45)
	at java.lang.reflect.Constructor.newInstance(Constructor.java:526)
	at org.openqa.selenium.remote.ErrorHandler.createThrowable(ErrorHandler.java:206)
	at org.openqa.selenium.remote.ErrorHandler.throwIfResponseFailed(ErrorHandler.java:158)
	at org.openqa.selenium.remote.RemoteWebDriver.execute(RemoteWebDriver.java:678)
	at io.appium.java_client.AppiumDriver.execute(AppiumDriver.java:180)
	at org.openqa.selenium.remote.RemoteWebDriver.findElement(RemoteWebDriver.java:363)
	at org.openqa.selenium.remote.RemoteWebDriver.findElementById(RemoteWebDriver.java:413)
	at org.openqa.selenium.By$ById.findElement(By.java:218)
	at org.openqa.selenium.remote.RemoteWebDriver.findElement(RemoteWebDriver.java:355)
	at com.patientapp.pages.MoreOptionsPage.submitFeedback(MoreOptionsPage.java:140)
	at com.patientapp.tests.MoreOptionsTests.TC_27_testVerifyUserShouldAbleToSubmitFeedback(MoreOptionsTests.java:119)
	at sun.reflect.NativeMethodAccessorImpl.invoke0(Native Method)
	at sun.reflect.NativeMethodAccessorImpl.invoke(NativeMethodAccessorImpl.java:57)
	at sun.reflect.DelegatingMethodAccessorImpl.invoke(DelegatingMethodAccessorImpl.java:43)
	at java.lang.reflect.Method.invoke(Method.java:606)
	at org.testng.internal.MethodInvocationHelper.invokeMethod(MethodInvocationHelper.java:80)
	at org.testng.internal.Invoker.invokeMethod(Invoker.java:714)
	at org.testng.internal.Invoker.invokeTestMethod(Invoker.java:901)
	at org.testng.internal.Invoker.invokeTestMethods(Invoker.java:1231)
	at org.testng.internal.TestMethodWorker.invokeTestMethods(TestMethodWorker.java:127)
	at org.testng.internal.TestMethodWorker.run(TestMethodWorker.java:111)
	at org.testng.TestRunner.privateRun(TestRunner.java:767)
	at org.testng.TestRunner.run(TestRunner.java:617)
	at org.testng.SuiteRunner.runTest(SuiteRunner.java:334)
	at org.testng.SuiteRunner.runSequentially(SuiteRunner.java:329)
	at org.testng.SuiteRunner.privateRun(SuiteRunner.java:291)
	at org.testng.SuiteRunner.run(SuiteRunner.java:240)
	at org.testng.SuiteRunnerWorker.runSuite(SuiteRunnerWorker.java:52)
	at org.testng.SuiteRunnerWorker.run(SuiteRunnerWorker.java:86)
	at org.testng.TestNG.runSuitesSequentially(TestNG.java:1198)
	at org.testng.TestNG.runSuitesLocally(TestNG.java:1123)
	at org.testng.TestNG.run(TestNG.java:1031)
	at org.testng.remote.RemoteTestNG.run(RemoteTestNG.java:115)
	at org.testng.remote.RemoteTestNG.initAndRun(RemoteTestNG.java:207)
	at org.testng.remote.RemoteTestNG.main(RemoteTestNG.java:178)
]]>
            </full-stacktrace>
          </exception> <!-- org.openqa.selenium.UnsupportedCommandException -->
          <reporter-output>
          </reporter-output>
        </test-method> <!-- TC_27_testVerifyUserShouldAbleToSubmitFeedback -->
        <test-method status="PASS" signature="initPageObjects()[pri:0, instance:com.patientapp.tests.MoreOptionsTests@50d5afff]" name="initPageObjects" is-config="true" duration-ms="0" started-at="2016-09-08T13:05:36Z" finished-at="2016-09-08T13:05:36Z">
          <reporter-output>
          </reporter-output>
        </test-method> <!-- initPageObjects -->
        <test-method status="PASS" signature="ensureMoreOptionsPage()[pri:0, instance:com.patientapp.tests.MoreOptionsTests@50d5afff]" name="ensureMoreOptionsPage" is-config="true" duration-ms="30744" started-at="2016-09-08T13:06:11Z" finished-at="2016-09-08T13:06:41Z">
          <reporter-output>
          </reporter-output>
        </test-method> <!-- ensureMoreOptionsPage -->
        <test-method status="FAIL" signature="TC_28_testVerifyContactUsOption()[pri:0, instance:com.patientapp.tests.MoreOptionsTests@50d5afff]" name="TC_28_testVerifyContactUsOption" duration-ms="38705" started-at="2016-09-08T13:06:41Z" finished-at="2016-09-08T13:07:20Z">
          <exception class="org.openqa.selenium.UnsupportedCommandException">
            <message>
              <![CDATA[Missing parameters: ["selector"]
Command duration or timeout: 6 milliseconds
Build info: version: '2.53.0', revision: '35ae25b1534ae328c771e0856c93e187490ca824', time: '2016-03-15 10:43:46'
System info: host: 'sapna-testlead', ip: '192.168.56.1', os.name: 'Windows 7', os.arch: 'amd64', os.version: '6.1', java.version: '1.7.0_65'
*** Element info: {Using=id, value=}
Session ID: dca88b8e-70d5-4113-806d-f0fad9ebdcc6
Driver info: io.appium.java_client.android.AndroidDriver
Capabilities [{automationName=Appium, platform=LINUX, app=C:\Users\sapna\Documents\workspace\PatientAndroidApp\src\test\resources\android\PA-4.0-stage-armeabi-v7a-release.apk, javascriptEnabled=true, appActivity=com.weecode.portea.activities.SplashActivity, browserName=Android, networkConnectionEnabled=true, desired={newCommandTimeout=600, automationName=Appium, app=C:\Users\sapna\Documents\workspace\PatientAndroidApp\src\test\resources\android\PA-4.0-stage-armeabi-v7a-release.apk, platformVersion=21.0, deviceName=Micromax Q450, platformName=Android, appActivity=com.weecode.portea.activities.SplashActivity, appWaitActivity=com.weecode.portea.activities.SplashActivity, appPackage=com.weecode.portea.stage}, locationContextEnabled=false, appPackage=com.weecode.portea.stage, newCommandTimeout=600, platformVersion=5.0.2, databaseEnabled=false, deviceName=386b462, platformName=Android, appWaitActivity=com.weecode.portea.activities.SplashActivity, webStorageEnabled=false, warnings={}, takesScreenshot=true}]]]>
            </message>
            <full-stacktrace>
              <![CDATA[org.openqa.selenium.UnsupportedCommandException: Missing parameters: ["selector"]
Command duration or timeout: 6 milliseconds
Build info: version: '2.53.0', revision: '35ae25b1534ae328c771e0856c93e187490ca824', time: '2016-03-15 10:43:46'
System info: host: 'sapna-testlead', ip: '192.168.56.1', os.name: 'Windows 7', os.arch: 'amd64', os.version: '6.1', java.version: '1.7.0_65'
*** Element info: {Using=id, value=}
Session ID: dca88b8e-70d5-4113-806d-f0fad9ebdcc6
Driver info: io.appium.java_client.android.AndroidDriver
Capabilities [{automationName=Appium, platform=LINUX, app=C:\Users\sapna\Documents\workspace\PatientAndroidApp\src\test\resources\android\PA-4.0-stage-armeabi-v7a-release.apk, javascriptEnabled=true, appActivity=com.weecode.portea.activities.SplashActivity, browserName=Android, networkConnectionEnabled=true, desired={newCommandTimeout=600, automationName=Appium, app=C:\Users\sapna\Documents\workspace\PatientAndroidApp\src\test\resources\android\PA-4.0-stage-armeabi-v7a-release.apk, platformVersion=21.0, deviceName=Micromax Q450, platformName=Android, appActivity=com.weecode.portea.activities.SplashActivity, appWaitActivity=com.weecode.portea.activities.SplashActivity, appPackage=com.weecode.portea.stage}, locationContextEnabled=false, appPackage=com.weecode.portea.stage, newCommandTimeout=600, platformVersion=5.0.2, databaseEnabled=false, deviceName=386b462, platformName=Android, appWaitActivity=com.weecode.portea.activities.SplashActivity, webStorageEnabled=false, warnings={}, takesScreenshot=true}]
	at sun.reflect.NativeConstructorAccessorImpl.newInstance0(Native Method)
	at sun.reflect.NativeConstructorAccessorImpl.newInstance(NativeConstructorAccessorImpl.java:57)
	at sun.reflect.DelegatingConstructorAccessorImpl.newInstance(DelegatingConstructorAccessorImpl.java:45)
	at java.lang.reflect.Constructor.newInstance(Constructor.java:526)
	at org.openqa.selenium.remote.ErrorHandler.createThrowable(ErrorHandler.java:206)
	at org.openqa.selenium.remote.ErrorHandler.throwIfResponseFailed(ErrorHandler.java:158)
	at org.openqa.selenium.remote.RemoteWebDriver.execute(RemoteWebDriver.java:678)
	at io.appium.java_client.AppiumDriver.execute(AppiumDriver.java:180)
	at org.openqa.selenium.remote.RemoteWebDriver.findElement(RemoteWebDriver.java:363)
	at org.openqa.selenium.remote.RemoteWebDriver.findElementById(RemoteWebDriver.java:413)
	at org.openqa.selenium.By$ById.findElement(By.java:218)
	at org.openqa.selenium.remote.RemoteWebDriver.findElement(RemoteWebDriver.java:355)
	at com.patientapp.pages.MoreOptionsPage.submitFeedback(MoreOptionsPage.java:140)
	at com.patientapp.tests.MoreOptionsTests.TC_28_testVerifyContactUsOption(MoreOptionsTests.java:139)
	at sun.reflect.NativeMethodAccessorImpl.invoke0(Native Method)
	at sun.reflect.NativeMethodAccessorImpl.invoke(NativeMethodAccessorImpl.java:57)
	at sun.reflect.DelegatingMethodAccessorImpl.invoke(DelegatingMethodAccessorImpl.java:43)
	at java.lang.reflect.Method.invoke(Method.java:606)
	at org.testng.internal.MethodInvocationHelper.invokeMethod(MethodInvocationHelper.java:80)
	at org.testng.internal.Invoker.invokeMethod(Invoker.java:714)
	at org.testng.internal.Invoker.invokeTestMethod(Invoker.java:901)
	at org.testng.internal.Invoker.invokeTestMethods(Invoker.java:1231)
	at org.testng.internal.TestMethodWorker.invokeTestMethods(TestMethodWorker.java:127)
	at org.testng.internal.TestMethodWorker.run(TestMethodWorker.java:111)
	at org.testng.TestRunner.privateRun(TestRunner.java:767)
	at org.testng.TestRunner.run(TestRunner.java:617)
	at org.testng.SuiteRunner.runTest(SuiteRunner.java:334)
	at org.testng.SuiteRunner.runSequentially(SuiteRunner.java:329)
	at org.testng.SuiteRunner.privateRun(SuiteRunner.java:291)
	at org.testng.SuiteRunner.run(SuiteRunner.java:240)
	at org.testng.SuiteRunnerWorker.runSuite(SuiteRunnerWorker.java:52)
	at org.testng.SuiteRunnerWorker.run(SuiteRunnerWorker.java:86)
	at org.testng.TestNG.runSuitesSequentially(TestNG.java:1198)
	at org.testng.TestNG.runSuitesLocally(TestNG.java:1123)
	at org.testng.TestNG.run(TestNG.java:1031)
	at org.testng.remote.RemoteTestNG.run(RemoteTestNG.java:115)
	at org.testng.remote.RemoteTestNG.initAndRun(RemoteTestNG.java:207)
	at org.testng.remote.RemoteTestNG.main(RemoteTestNG.java:178)
]]>
            </full-stacktrace>
          </exception> <!-- org.openqa.selenium.UnsupportedCommandException -->
          <reporter-output>
          </reporter-output>
        </test-method> <!-- TC_28_testVerifyContactUsOption -->
        <test-method status="PASS" signature="initPageObjects()[pri:0, instance:com.patientapp.tests.MoreOptionsTests@50d5afff]" name="initPageObjects" is-config="true" duration-ms="0" started-at="2016-09-08T13:06:41Z" finished-at="2016-09-08T13:06:41Z">
          <reporter-output>
          </reporter-output>
        </test-method> <!-- initPageObjects -->
        <test-method status="PASS" signature="ensureMoreOptionsPage()[pri:0, instance:com.patientapp.tests.MoreOptionsTests@50d5afff]" name="ensureMoreOptionsPage" is-config="true" duration-ms="30499" started-at="2016-09-08T13:07:20Z" finished-at="2016-09-08T13:07:50Z">
          <reporter-output>
          </reporter-output>
        </test-method> <!-- ensureMoreOptionsPage -->
        <test-method status="FAIL" signature="TC_29_testVerifyAllAppointmentsVisibilitiesOnMyAppointments()[pri:0, instance:com.patientapp.tests.MoreOptionsTests@50d5afff]" name="TC_29_testVerifyAllAppointmentsVisibilitiesOnMyAppointments" duration-ms="33452" started-at="2016-09-08T13:07:50Z" finished-at="2016-09-08T13:08:24Z">
          <exception class="java.lang.NullPointerException">
            <full-stacktrace>
              <![CDATA[java.lang.NullPointerException
	at com.patientapp.tests.MoreOptionsTests.TC_29_testVerifyAllAppointmentsVisibilitiesOnMyAppointments(MoreOptionsTests.java:156)
	at sun.reflect.NativeMethodAccessorImpl.invoke0(Native Method)
	at sun.reflect.NativeMethodAccessorImpl.invoke(NativeMethodAccessorImpl.java:57)
	at sun.reflect.DelegatingMethodAccessorImpl.invoke(DelegatingMethodAccessorImpl.java:43)
	at java.lang.reflect.Method.invoke(Method.java:606)
	at org.testng.internal.MethodInvocationHelper.invokeMethod(MethodInvocationHelper.java:80)
	at org.testng.internal.Invoker.invokeMethod(Invoker.java:714)
	at org.testng.internal.Invoker.invokeTestMethod(Invoker.java:901)
	at org.testng.internal.Invoker.invokeTestMethods(Invoker.java:1231)
	at org.testng.internal.TestMethodWorker.invokeTestMethods(TestMethodWorker.java:127)
	at org.testng.internal.TestMethodWorker.run(TestMethodWorker.java:111)
	at org.testng.TestRunner.privateRun(TestRunner.java:767)
	at org.testng.TestRunner.run(TestRunner.java:617)
	at org.testng.SuiteRunner.runTest(SuiteRunner.java:334)
	at org.testng.SuiteRunner.runSequentially(SuiteRunner.java:329)
	at org.testng.SuiteRunner.privateRun(SuiteRunner.java:291)
	at org.testng.SuiteRunner.run(SuiteRunner.java:240)
	at org.testng.SuiteRunnerWorker.runSuite(SuiteRunnerWorker.java:52)
	at org.testng.SuiteRunnerWorker.run(SuiteRunnerWorker.java:86)
	at org.testng.TestNG.runSuitesSequentially(TestNG.java:1198)
	at org.testng.TestNG.runSuitesLocally(TestNG.java:1123)
	at org.testng.TestNG.run(TestNG.java:1031)
	at org.testng.remote.RemoteTestNG.run(RemoteTestNG.java:115)
	at org.testng.remote.RemoteTestNG.initAndRun(RemoteTestNG.java:207)
	at org.testng.remote.RemoteTestNG.main(RemoteTestNG.java:178)
]]>
            </full-stacktrace>
          </exception> <!-- java.lang.NullPointerException -->
          <reporter-output>
          </reporter-output>
        </test-method> <!-- TC_29_testVerifyAllAppointmentsVisibilitiesOnMyAppointments -->
        <test-method status="PASS" signature="initPageObjects()[pri:0, instance:com.patientapp.tests.MoreOptionsTests@50d5afff]" name="initPageObjects" is-config="true" duration-ms="0" started-at="2016-09-08T13:07:50Z" finished-at="2016-09-08T13:07:50Z">
          <reporter-output>
          </reporter-output>
        </test-method> <!-- initPageObjects -->
        <test-method status="PASS" signature="ensureMoreOptionsPage()[pri:0, instance:com.patientapp.tests.MoreOptionsTests@50d5afff]" name="ensureMoreOptionsPage" is-config="true" duration-ms="30106" started-at="2016-09-08T13:08:24Z" finished-at="2016-09-08T13:08:54Z">
          <reporter-output>
          </reporter-output>
        </test-method> <!-- ensureMoreOptionsPage -->
        <test-method status="PASS" signature="cleanUp()[pri:0, instance:com.patientapp.tests.MoreOptionsTests@50d5afff]" name="cleanUp" is-config="true" duration-ms="3012" started-at="2016-09-08T13:08:54Z" finished-at="2016-09-08T13:08:57Z">
          <reporter-output>
          </reporter-output>
        </test-method> <!-- cleanUp -->
      </class> <!-- com.patientapp.tests.MoreOptionsTests -->
      <class name="com.patientapp.tests.HealthFeedTests">
        <test-method status="PASS" signature="setUp()[pri:0, instance:com.patientapp.tests.HealthFeedTests@1cd6758a]" name="setUp" is-config="true" duration-ms="26945" started-at="2016-09-08T12:36:08Z" finished-at="2016-09-08T12:36:35Z">
          <reporter-output>
          </reporter-output>
        </test-method> <!-- setUp -->
        <test-method status="PASS" signature="initPageObjects()[pri:0, instance:com.patientapp.tests.HealthFeedTests@1cd6758a]" name="initPageObjects" is-config="true" duration-ms="1" started-at="2016-09-08T12:36:35Z" finished-at="2016-09-08T12:36:35Z">
          <reporter-output>
          </reporter-output>
        </test-method> <!-- initPageObjects -->
        <test-method status="FAIL" signature="TC_21_testVerifyUserShouldAbleToSeeSelectedFeedDetails()[pri:0, instance:com.patientapp.tests.HealthFeedTests@1cd6758a]" name="TC_21_testVerifyUserShouldAbleToSeeSelectedFeedDetails" duration-ms="46729" started-at="2016-09-08T12:36:35Z" finished-at="2016-09-08T12:37:22Z">
          <exception class="org.openqa.selenium.NoSuchElementException">
            <message>
              <![CDATA[An element could not be located on the page using the given search parameters. (WARNING: The server did not provide any stacktrace information)
Command duration or timeout: 10.23 seconds
For documentation on this error, please visit: http://seleniumhq.org/exceptions/no_such_element.html
Build info: version: '2.53.0', revision: '35ae25b1534ae328c771e0856c93e187490ca824', time: '2016-03-15 10:43:46'
System info: host: 'sapna-testlead', ip: '192.168.56.1', os.name: 'Windows 7', os.arch: 'amd64', os.version: '6.1', java.version: '1.7.0_65'
*** Element info: {Using=name, value=filter}
Session ID: efcfd15d-7845-4f80-aa8f-b68870071c0c
Driver info: io.appium.java_client.android.AndroidDriver
Capabilities [{automationName=Appium, platform=LINUX, app=C:\Users\sapna\Documents\workspace\PatientAndroidApp\src\test\resources\android\PA-4.0-stage-armeabi-v7a-release.apk, javascriptEnabled=true, appActivity=com.weecode.portea.activities.SplashActivity, browserName=Android, networkConnectionEnabled=true, desired={newCommandTimeout=600, automationName=Appium, app=C:\Users\sapna\Documents\workspace\PatientAndroidApp\src\test\resources\android\PA-4.0-stage-armeabi-v7a-release.apk, platformVersion=21.0, deviceName=Micromax Q450, platformName=Android, appActivity=com.weecode.portea.activities.SplashActivity, appWaitActivity=com.weecode.portea.activities.SplashActivity, appPackage=com.weecode.portea.stage}, locationContextEnabled=false, appPackage=com.weecode.portea.stage, newCommandTimeout=600, platformVersion=5.0.2, databaseEnabled=false, deviceName=386b462, platformName=Android, appWaitActivity=com.weecode.portea.activities.SplashActivity, webStorageEnabled=false, warnings={}, takesScreenshot=true}]]]>
            </message>
            <full-stacktrace>
              <![CDATA[org.openqa.selenium.NoSuchElementException: An element could not be located on the page using the given search parameters. (WARNING: The server did not provide any stacktrace information)
Command duration or timeout: 10.23 seconds
For documentation on this error, please visit: http://seleniumhq.org/exceptions/no_such_element.html
Build info: version: '2.53.0', revision: '35ae25b1534ae328c771e0856c93e187490ca824', time: '2016-03-15 10:43:46'
System info: host: 'sapna-testlead', ip: '192.168.56.1', os.name: 'Windows 7', os.arch: 'amd64', os.version: '6.1', java.version: '1.7.0_65'
*** Element info: {Using=name, value=filter}
Session ID: efcfd15d-7845-4f80-aa8f-b68870071c0c
Driver info: io.appium.java_client.android.AndroidDriver
Capabilities [{automationName=Appium, platform=LINUX, app=C:\Users\sapna\Documents\workspace\PatientAndroidApp\src\test\resources\android\PA-4.0-stage-armeabi-v7a-release.apk, javascriptEnabled=true, appActivity=com.weecode.portea.activities.SplashActivity, browserName=Android, networkConnectionEnabled=true, desired={newCommandTimeout=600, automationName=Appium, app=C:\Users\sapna\Documents\workspace\PatientAndroidApp\src\test\resources\android\PA-4.0-stage-armeabi-v7a-release.apk, platformVersion=21.0, deviceName=Micromax Q450, platformName=Android, appActivity=com.weecode.portea.activities.SplashActivity, appWaitActivity=com.weecode.portea.activities.SplashActivity, appPackage=com.weecode.portea.stage}, locationContextEnabled=false, appPackage=com.weecode.portea.stage, newCommandTimeout=600, platformVersion=5.0.2, databaseEnabled=false, deviceName=386b462, platformName=Android, appWaitActivity=com.weecode.portea.activities.SplashActivity, webStorageEnabled=false, warnings={}, takesScreenshot=true}]
	at sun.reflect.NativeConstructorAccessorImpl.newInstance0(Native Method)
	at sun.reflect.NativeConstructorAccessorImpl.newInstance(NativeConstructorAccessorImpl.java:57)
	at sun.reflect.DelegatingConstructorAccessorImpl.newInstance(DelegatingConstructorAccessorImpl.java:45)
	at java.lang.reflect.Constructor.newInstance(Constructor.java:526)
	at org.openqa.selenium.remote.ErrorHandler.createThrowable(ErrorHandler.java:206)
	at org.openqa.selenium.remote.ErrorHandler.throwIfResponseFailed(ErrorHandler.java:158)
	at org.openqa.selenium.remote.RemoteWebDriver.execute(RemoteWebDriver.java:678)
	at io.appium.java_client.AppiumDriver.execute(AppiumDriver.java:180)
	at org.openqa.selenium.remote.RemoteWebDriver.findElement(RemoteWebDriver.java:363)
	at org.openqa.selenium.remote.RemoteWebDriver.findElementByName(RemoteWebDriver.java:461)
	at org.openqa.selenium.By$ByName.findElement(By.java:303)
	at org.openqa.selenium.remote.RemoteWebDriver.findElement(RemoteWebDriver.java:355)
	at com.patientapp.pages.HealthFeedPage.onClickFilter(HealthFeedPage.java:67)
	at com.patientapp.tests.HealthFeedTests.TC_21_testVerifyUserShouldAbleToSeeSelectedFeedDetails(HealthFeedTests.java:63)
	at sun.reflect.NativeMethodAccessorImpl.invoke0(Native Method)
	at sun.reflect.NativeMethodAccessorImpl.invoke(NativeMethodAccessorImpl.java:57)
	at sun.reflect.DelegatingMethodAccessorImpl.invoke(DelegatingMethodAccessorImpl.java:43)
	at java.lang.reflect.Method.invoke(Method.java:606)
	at org.testng.internal.MethodInvocationHelper.invokeMethod(MethodInvocationHelper.java:80)
	at org.testng.internal.Invoker.invokeMethod(Invoker.java:714)
	at org.testng.internal.Invoker.invokeTestMethod(Invoker.java:901)
	at org.testng.internal.Invoker.invokeTestMethods(Invoker.java:1231)
	at org.testng.internal.TestMethodWorker.invokeTestMethods(TestMethodWorker.java:127)
	at org.testng.internal.TestMethodWorker.run(TestMethodWorker.java:111)
	at org.testng.TestRunner.privateRun(TestRunner.java:767)
	at org.testng.TestRunner.run(TestRunner.java:617)
	at org.testng.SuiteRunner.runTest(SuiteRunner.java:334)
	at org.testng.SuiteRunner.runSequentially(SuiteRunner.java:329)
	at org.testng.SuiteRunner.privateRun(SuiteRunner.java:291)
	at org.testng.SuiteRunner.run(SuiteRunner.java:240)
	at org.testng.SuiteRunnerWorker.runSuite(SuiteRunnerWorker.java:52)
	at org.testng.SuiteRunnerWorker.run(SuiteRunnerWorker.java:86)
	at org.testng.TestNG.runSuitesSequentially(TestNG.java:1198)
	at org.testng.TestNG.runSuitesLocally(TestNG.java:1123)
	at org.testng.TestNG.run(TestNG.java:1031)
	at org.testng.remote.RemoteTestNG.run(RemoteTestNG.java:115)
	at org.testng.remote.RemoteTestNG.initAndRun(RemoteTestNG.java:207)
	at org.testng.remote.RemoteTestNG.main(RemoteTestNG.java:178)
]]>
            </full-stacktrace>
          </exception> <!-- org.openqa.selenium.NoSuchElementException -->
          <reporter-output>
          </reporter-output>
        </test-method> <!-- TC_21_testVerifyUserShouldAbleToSeeSelectedFeedDetails -->
        <test-method status="PASS" signature="ensureHealthFeedPage()[pri:0, instance:com.patientapp.tests.HealthFeedTests@1cd6758a]" name="ensureHealthFeedPage" is-config="true" duration-ms="30400" started-at="2016-09-08T12:37:22Z" finished-at="2016-09-08T12:37:52Z">
          <reporter-output>
          </reporter-output>
        </test-method> <!-- ensureHealthFeedPage -->
        <test-method status="PASS" signature="initPageObjects()[pri:0, instance:com.patientapp.tests.HealthFeedTests@1cd6758a]" name="initPageObjects" is-config="true" duration-ms="0" started-at="2016-09-08T12:37:52Z" finished-at="2016-09-08T12:37:52Z">
          <reporter-output>
          </reporter-output>
        </test-method> <!-- initPageObjects -->
        <test-method status="FAIL" signature="TC_22_testVerifyUserShouldAbleToLikeArticle()[pri:0, instance:com.patientapp.tests.HealthFeedTests@1cd6758a]" name="TC_22_testVerifyUserShouldAbleToLikeArticle" duration-ms="43253" started-at="2016-09-08T12:37:52Z" finished-at="2016-09-08T12:38:35Z">
          <exception class="java.lang.IndexOutOfBoundsException">
            <message>
              <![CDATA[Index: 0, Size: 0]]>
            </message>
            <full-stacktrace>
              <![CDATA[java.lang.IndexOutOfBoundsException: Index: 0, Size: 0
	at java.util.ArrayList.rangeCheck(ArrayList.java:635)
	at java.util.ArrayList.get(ArrayList.java:411)
	at com.patientapp.pages.HealthFeedPage.likeArticle(HealthFeedPage.java:86)
	at com.patientapp.tests.HealthFeedTests.TC_22_testVerifyUserShouldAbleToLikeArticle(HealthFeedTests.java:82)
	at sun.reflect.NativeMethodAccessorImpl.invoke0(Native Method)
	at sun.reflect.NativeMethodAccessorImpl.invoke(NativeMethodAccessorImpl.java:57)
	at sun.reflect.DelegatingMethodAccessorImpl.invoke(DelegatingMethodAccessorImpl.java:43)
	at java.lang.reflect.Method.invoke(Method.java:606)
	at org.testng.internal.MethodInvocationHelper.invokeMethod(MethodInvocationHelper.java:80)
	at org.testng.internal.Invoker.invokeMethod(Invoker.java:714)
	at org.testng.internal.Invoker.invokeTestMethod(Invoker.java:901)
	at org.testng.internal.Invoker.invokeTestMethods(Invoker.java:1231)
	at org.testng.internal.TestMethodWorker.invokeTestMethods(TestMethodWorker.java:127)
	at org.testng.internal.TestMethodWorker.run(TestMethodWorker.java:111)
	at org.testng.TestRunner.privateRun(TestRunner.java:767)
	at org.testng.TestRunner.run(TestRunner.java:617)
	at org.testng.SuiteRunner.runTest(SuiteRunner.java:334)
	at org.testng.SuiteRunner.runSequentially(SuiteRunner.java:329)
	at org.testng.SuiteRunner.privateRun(SuiteRunner.java:291)
	at org.testng.SuiteRunner.run(SuiteRunner.java:240)
	at org.testng.SuiteRunnerWorker.runSuite(SuiteRunnerWorker.java:52)
	at org.testng.SuiteRunnerWorker.run(SuiteRunnerWorker.java:86)
	at org.testng.TestNG.runSuitesSequentially(TestNG.java:1198)
	at org.testng.TestNG.runSuitesLocally(TestNG.java:1123)
	at org.testng.TestNG.run(TestNG.java:1031)
	at org.testng.remote.RemoteTestNG.run(RemoteTestNG.java:115)
	at org.testng.remote.RemoteTestNG.initAndRun(RemoteTestNG.java:207)
	at org.testng.remote.RemoteTestNG.main(RemoteTestNG.java:178)
]]>
            </full-stacktrace>
          </exception> <!-- java.lang.IndexOutOfBoundsException -->
          <reporter-output>
          </reporter-output>
        </test-method> <!-- TC_22_testVerifyUserShouldAbleToLikeArticle -->
        <test-method status="PASS" signature="ensureHealthFeedPage()[pri:0, instance:com.patientapp.tests.HealthFeedTests@1cd6758a]" name="ensureHealthFeedPage" is-config="true" duration-ms="30045" started-at="2016-09-08T12:38:35Z" finished-at="2016-09-08T12:39:05Z">
          <reporter-output>
          </reporter-output>
        </test-method> <!-- ensureHealthFeedPage -->
        <test-method status="PASS" signature="cleanUp()[pri:0, instance:com.patientapp.tests.HealthFeedTests@1cd6758a]" name="cleanUp" is-config="true" duration-ms="2828" started-at="2016-09-08T12:39:05Z" finished-at="2016-09-08T12:39:08Z">
          <reporter-output>
          </reporter-output>
        </test-method> <!-- cleanUp -->
      </class> <!-- com.patientapp.tests.HealthFeedTests -->
      <class name="com.patientapp.tests.LoginTests">
        <test-method status="PASS" signature="setUp()[pri:0, instance:com.patientapp.tests.LoginTests@43bec5d0]" name="setUp" is-config="true" duration-ms="29056" started-at="2016-09-08T12:21:28Z" finished-at="2016-09-08T12:21:57Z">
          <reporter-output>
          </reporter-output>
        </test-method> <!-- setUp -->
        <test-method status="PASS" signature="initPageObjects()[pri:0, instance:com.patientapp.tests.LoginTests@43bec5d0]" name="initPageObjects" is-config="true" duration-ms="5" started-at="2016-09-08T12:21:57Z" finished-at="2016-09-08T12:21:57Z">
          <reporter-output>
          </reporter-output>
        </test-method> <!-- initPageObjects -->
        <test-method status="PASS" signature="TC_6_testVerifyLoginWithOutRegistration()[pri:0, instance:com.patientapp.tests.LoginTests@43bec5d0]" name="TC_6_testVerifyLoginWithOutRegistration" duration-ms="27180" started-at="2016-09-08T12:21:57Z" finished-at="2016-09-08T12:22:25Z">
          <reporter-output>
          </reporter-output>
        </test-method> <!-- TC_6_testVerifyLoginWithOutRegistration -->
        <test-method status="PASS" signature="ensureLoginPage()[pri:0, instance:com.patientapp.tests.LoginTests@43bec5d0]" name="ensureLoginPage" is-config="true" duration-ms="29846" started-at="2016-09-08T12:22:25Z" finished-at="2016-09-08T12:22:54Z">
          <reporter-output>
          </reporter-output>
        </test-method> <!-- ensureLoginPage -->
        <test-method status="PASS" signature="initPageObjects()[pri:0, instance:com.patientapp.tests.LoginTests@43bec5d0]" name="initPageObjects" is-config="true" duration-ms="0" started-at="2016-09-08T12:22:54Z" finished-at="2016-09-08T12:22:54Z">
          <reporter-output>
          </reporter-output>
        </test-method> <!-- initPageObjects -->
        <test-method status="PASS" signature="testVerifyLoginFunctionality()[pri:0, instance:com.patientapp.tests.LoginTests@43bec5d0]" name="testVerifyLoginFunctionality" duration-ms="28216" started-at="2016-09-08T12:22:54Z" finished-at="2016-09-08T12:23:23Z">
          <reporter-output>
          </reporter-output>
        </test-method> <!-- testVerifyLoginFunctionality -->
        <test-method status="PASS" signature="ensureLoginPage()[pri:0, instance:com.patientapp.tests.LoginTests@43bec5d0]" name="ensureLoginPage" is-config="true" duration-ms="31049" started-at="2016-09-08T12:23:23Z" finished-at="2016-09-08T12:23:54Z">
          <reporter-output>
          </reporter-output>
        </test-method> <!-- ensureLoginPage -->
        <test-method status="PASS" signature="initPageObjects()[pri:0, instance:com.patientapp.tests.LoginTests@43bec5d0]" name="initPageObjects" is-config="true" duration-ms="0" started-at="2016-09-08T12:23:54Z" finished-at="2016-09-08T12:23:54Z">
          <reporter-output>
          </reporter-output>
        </test-method> <!-- initPageObjects -->
        <test-method status="PASS" signature="testVerifyLoginScreenElementsVisibility()[pri:0, instance:com.patientapp.tests.LoginTests@43bec5d0]" name="testVerifyLoginScreenElementsVisibility" duration-ms="2000" started-at="2016-09-08T12:23:54Z" finished-at="2016-09-08T12:23:56Z">
          <reporter-output>
          </reporter-output>
        </test-method> <!-- testVerifyLoginScreenElementsVisibility -->
        <test-method status="PASS" signature="ensureLoginPage()[pri:0, instance:com.patientapp.tests.LoginTests@43bec5d0]" name="ensureLoginPage" is-config="true" duration-ms="29560" started-at="2016-09-08T12:23:56Z" finished-at="2016-09-08T12:24:25Z">
          <reporter-output>
          </reporter-output>
        </test-method> <!-- ensureLoginPage -->
        <test-method status="PASS" signature="cleanUp()[pri:0, instance:com.patientapp.tests.LoginTests@43bec5d0]" name="cleanUp" is-config="true" duration-ms="2884" started-at="2016-09-08T12:24:25Z" finished-at="2016-09-08T12:24:28Z">
          <reporter-output>
          </reporter-output>
        </test-method> <!-- cleanUp -->
      </class> <!-- com.patientapp.tests.LoginTests -->
      <class name="com.patientapp.tests.HomeScreenTests">
        <test-method status="PASS" signature="setUp()[pri:0, instance:com.patientapp.tests.HomeScreenTests@21acfd6f]" name="setUp" is-config="true" duration-ms="26750" started-at="2016-09-08T12:24:28Z" finished-at="2016-09-08T12:24:55Z">
          <reporter-output>
          </reporter-output>
        </test-method> <!-- setUp -->
        <test-method status="PASS" signature="initPageObjects()[pri:0, instance:com.patientapp.tests.HomeScreenTests@21acfd6f]" name="initPageObjects" is-config="true" duration-ms="5" started-at="2016-09-08T12:24:55Z" finished-at="2016-09-08T12:24:55Z">
          <reporter-output>
          </reporter-output>
        </test-method> <!-- initPageObjects -->
        <test-method status="PASS" signature="TC_29_testVerifyAllappointmentsVisibility()[pri:0, instance:com.patientapp.tests.HomeScreenTests@21acfd6f]" name="TC_29_testVerifyAllappointmentsVisibility" duration-ms="37645" started-at="2016-09-08T12:24:55Z" finished-at="2016-09-08T12:25:32Z">
          <reporter-output>
          </reporter-output>
        </test-method> <!-- TC_29_testVerifyAllappointmentsVisibility -->
        <test-method status="PASS" signature="ensureHomeScreenPage()[pri:0, instance:com.patientapp.tests.HomeScreenTests@21acfd6f]" name="ensureHomeScreenPage" is-config="true" duration-ms="30013" started-at="2016-09-08T12:25:32Z" finished-at="2016-09-08T12:26:03Z">
          <reporter-output>
          </reporter-output>
        </test-method> <!-- ensureHomeScreenPage -->
        <test-method status="PASS" signature="TC_30_testVerifyMyHealthRecordsVisibility()[pri:0, instance:com.patientapp.tests.HomeScreenTests@21acfd6f]" name="TC_30_testVerifyMyHealthRecordsVisibility" duration-ms="33883" started-at="2016-09-08T12:26:03Z" finished-at="2016-09-08T12:26:36Z">
          <reporter-output>
          </reporter-output>
        </test-method> <!-- TC_30_testVerifyMyHealthRecordsVisibility -->
        <test-method status="PASS" signature="initPageObjects()[pri:0, instance:com.patientapp.tests.HomeScreenTests@21acfd6f]" name="initPageObjects" is-config="true" duration-ms="0" started-at="2016-09-08T12:26:03Z" finished-at="2016-09-08T12:26:03Z">
          <reporter-output>
          </reporter-output>
        </test-method> <!-- initPageObjects -->
        <test-method status="PASS" signature="ensureHomeScreenPage()[pri:0, instance:com.patientapp.tests.HomeScreenTests@21acfd6f]" name="ensureHomeScreenPage" is-config="true" duration-ms="30208" started-at="2016-09-08T12:26:36Z" finished-at="2016-09-08T12:27:07Z">
          <reporter-output>
          </reporter-output>
        </test-method> <!-- ensureHomeScreenPage -->
        <test-method status="PASS" signature="TC_31_testVerifyBookMarkedArticlesVisibility()[pri:0, instance:com.patientapp.tests.HomeScreenTests@21acfd6f]" name="TC_31_testVerifyBookMarkedArticlesVisibility" duration-ms="35890" started-at="2016-09-08T12:27:07Z" finished-at="2016-09-08T12:27:42Z">
          <reporter-output>
          </reporter-output>
        </test-method> <!-- TC_31_testVerifyBookMarkedArticlesVisibility -->
        <test-method status="PASS" signature="initPageObjects()[pri:0, instance:com.patientapp.tests.HomeScreenTests@21acfd6f]" name="initPageObjects" is-config="true" duration-ms="0" started-at="2016-09-08T12:27:07Z" finished-at="2016-09-08T12:27:07Z">
          <reporter-output>
          </reporter-output>
        </test-method> <!-- initPageObjects -->
        <test-method status="PASS" signature="ensureHomeScreenPage()[pri:0, instance:com.patientapp.tests.HomeScreenTests@21acfd6f]" name="ensureHomeScreenPage" is-config="true" duration-ms="30536" started-at="2016-09-08T12:27:42Z" finished-at="2016-09-08T12:28:13Z">
          <reporter-output>
          </reporter-output>
        </test-method> <!-- ensureHomeScreenPage -->
        <test-method status="PASS" signature="TC_34_testVerifyTransactionHistoryVisibility()[pri:0, instance:com.patientapp.tests.HomeScreenTests@21acfd6f]" name="TC_34_testVerifyTransactionHistoryVisibility" duration-ms="40851" started-at="2016-09-08T12:28:13Z" finished-at="2016-09-08T12:28:54Z">
          <reporter-output>
          </reporter-output>
        </test-method> <!-- TC_34_testVerifyTransactionHistoryVisibility -->
        <test-method status="PASS" signature="initPageObjects()[pri:0, instance:com.patientapp.tests.HomeScreenTests@21acfd6f]" name="initPageObjects" is-config="true" duration-ms="0" started-at="2016-09-08T12:28:13Z" finished-at="2016-09-08T12:28:13Z">
          <reporter-output>
          </reporter-output>
        </test-method> <!-- initPageObjects -->
        <test-method status="PASS" signature="ensureHomeScreenPage()[pri:0, instance:com.patientapp.tests.HomeScreenTests@21acfd6f]" name="ensureHomeScreenPage" is-config="true" duration-ms="29943" started-at="2016-09-08T12:28:54Z" finished-at="2016-09-08T12:29:24Z">
          <reporter-output>
          </reporter-output>
        </test-method> <!-- ensureHomeScreenPage -->
        <test-method status="PASS" signature="initPageObjects()[pri:0, instance:com.patientapp.tests.HomeScreenTests@21acfd6f]" name="initPageObjects" is-config="true" duration-ms="0" started-at="2016-09-08T12:29:24Z" finished-at="2016-09-08T12:29:24Z">
          <reporter-output>
          </reporter-output>
        </test-method> <!-- initPageObjects -->
        <test-method status="PASS" signature="TC_35_testVerifyWallet()[pri:0, instance:com.patientapp.tests.HomeScreenTests@21acfd6f]" name="TC_35_testVerifyWallet" duration-ms="39659" started-at="2016-09-08T12:29:24Z" finished-at="2016-09-08T12:30:03Z">
          <reporter-output>
          </reporter-output>
        </test-method> <!-- TC_35_testVerifyWallet -->
        <test-method status="PASS" signature="ensureHomeScreenPage()[pri:0, instance:com.patientapp.tests.HomeScreenTests@21acfd6f]" name="ensureHomeScreenPage" is-config="true" duration-ms="29950" started-at="2016-09-08T12:30:03Z" finished-at="2016-09-08T12:30:33Z">
          <reporter-output>
          </reporter-output>
        </test-method> <!-- ensureHomeScreenPage -->
        <test-method status="PASS" signature="initPageObjects()[pri:0, instance:com.patientapp.tests.HomeScreenTests@21acfd6f]" name="initPageObjects" is-config="true" duration-ms="0" started-at="2016-09-08T12:30:33Z" finished-at="2016-09-08T12:30:33Z">
          <reporter-output>
          </reporter-output>
        </test-method> <!-- initPageObjects -->
        <test-method status="PASS" signature="TC_36_testVerifyPharmacyOrderAndPrescriptionsVisibility()[pri:0, instance:com.patientapp.tests.HomeScreenTests@21acfd6f]" name="TC_36_testVerifyPharmacyOrderAndPrescriptionsVisibility" duration-ms="46172" started-at="2016-09-08T12:30:33Z" finished-at="2016-09-08T12:31:20Z">
          <reporter-output>
          </reporter-output>
        </test-method> <!-- TC_36_testVerifyPharmacyOrderAndPrescriptionsVisibility -->
        <test-method status="PASS" signature="ensureHomeScreenPage()[pri:0, instance:com.patientapp.tests.HomeScreenTests@21acfd6f]" name="ensureHomeScreenPage" is-config="true" duration-ms="30629" started-at="2016-09-08T12:31:20Z" finished-at="2016-09-08T12:31:50Z">
          <reporter-output>
          </reporter-output>
        </test-method> <!-- ensureHomeScreenPage -->
        <test-method status="PASS" signature="initPageObjects()[pri:0, instance:com.patientapp.tests.HomeScreenTests@21acfd6f]" name="initPageObjects" is-config="true" duration-ms="0" started-at="2016-09-08T12:31:50Z" finished-at="2016-09-08T12:31:50Z">
          <reporter-output>
          </reporter-output>
        </test-method> <!-- initPageObjects -->
        <test-method status="PASS" signature="TC_38_testVerifyPorteaCherishScreenVisibility()[pri:0, instance:com.patientapp.tests.HomeScreenTests@21acfd6f]" name="TC_38_testVerifyPorteaCherishScreenVisibility" duration-ms="40383" started-at="2016-09-08T12:31:50Z" finished-at="2016-09-08T12:32:31Z">
          <reporter-output>
          </reporter-output>
        </test-method> <!-- TC_38_testVerifyPorteaCherishScreenVisibility -->
        <test-method status="PASS" signature="ensureHomeScreenPage()[pri:0, instance:com.patientapp.tests.HomeScreenTests@21acfd6f]" name="ensureHomeScreenPage" is-config="true" duration-ms="29996" started-at="2016-09-08T12:32:31Z" finished-at="2016-09-08T12:33:01Z">
          <reporter-output>
          </reporter-output>
        </test-method> <!-- ensureHomeScreenPage -->
        <test-method status="PASS" signature="initPageObjects()[pri:0, instance:com.patientapp.tests.HomeScreenTests@21acfd6f]" name="initPageObjects" is-config="true" duration-ms="0" started-at="2016-09-08T12:33:01Z" finished-at="2016-09-08T12:33:01Z">
          <reporter-output>
          </reporter-output>
        </test-method> <!-- initPageObjects -->
        <test-method status="PASS" signature="TC_6_testVerifyMoreAndNotificationOption()[pri:0, instance:com.patientapp.tests.HomeScreenTests@21acfd6f]" name="TC_6_testVerifyMoreAndNotificationOption" duration-ms="38466" started-at="2016-09-08T12:33:01Z" finished-at="2016-09-08T12:33:39Z">
          <reporter-output>
          </reporter-output>
        </test-method> <!-- TC_6_testVerifyMoreAndNotificationOption -->
        <test-method status="PASS" signature="ensureHomeScreenPage()[pri:0, instance:com.patientapp.tests.HomeScreenTests@21acfd6f]" name="ensureHomeScreenPage" is-config="true" duration-ms="30282" started-at="2016-09-08T12:33:39Z" finished-at="2016-09-08T12:34:09Z">
          <reporter-output>
          </reporter-output>
        </test-method> <!-- ensureHomeScreenPage -->
        <test-method status="PASS" signature="initPageObjects()[pri:0, instance:com.patientapp.tests.HomeScreenTests@21acfd6f]" name="initPageObjects" is-config="true" duration-ms="0" started-at="2016-09-08T12:34:09Z" finished-at="2016-09-08T12:34:09Z">
          <reporter-output>
          </reporter-output>
        </test-method> <!-- initPageObjects -->
        <test-method status="PASS" signature="testVerifyAllMenuScreensVisibility()[pri:0, instance:com.patientapp.tests.HomeScreenTests@21acfd6f]" name="testVerifyAllMenuScreensVisibility" duration-ms="37424" started-at="2016-09-08T12:34:09Z" finished-at="2016-09-08T12:34:47Z">
          <reporter-output>
          </reporter-output>
        </test-method> <!-- testVerifyAllMenuScreensVisibility -->
        <test-method status="PASS" signature="ensureHomeScreenPage()[pri:0, instance:com.patientapp.tests.HomeScreenTests@21acfd6f]" name="ensureHomeScreenPage" is-config="true" duration-ms="29977" started-at="2016-09-08T12:34:47Z" finished-at="2016-09-08T12:35:17Z">
          <reporter-output>
          </reporter-output>
        </test-method> <!-- ensureHomeScreenPage -->
        <test-method status="PASS" signature="initPageObjects()[pri:0, instance:com.patientapp.tests.HomeScreenTests@21acfd6f]" name="initPageObjects" is-config="true" duration-ms="1" started-at="2016-09-08T12:35:17Z" finished-at="2016-09-08T12:35:17Z">
          <reporter-output>
          </reporter-output>
        </test-method> <!-- initPageObjects -->
        <test-method status="PASS" signature="testVerifyWithoutLogin()[pri:0, instance:com.patientapp.tests.HomeScreenTests@21acfd6f]" name="testVerifyWithoutLogin" duration-ms="17435" started-at="2016-09-08T12:35:17Z" finished-at="2016-09-08T12:35:34Z">
          <reporter-output>
          </reporter-output>
        </test-method> <!-- testVerifyWithoutLogin -->
        <test-method status="PASS" signature="ensureHomeScreenPage()[pri:0, instance:com.patientapp.tests.HomeScreenTests@21acfd6f]" name="ensureHomeScreenPage" is-config="true" duration-ms="30658" started-at="2016-09-08T12:35:34Z" finished-at="2016-09-08T12:36:05Z">
          <reporter-output>
          </reporter-output>
        </test-method> <!-- ensureHomeScreenPage -->
        <test-method status="PASS" signature="cleanUp()[pri:0, instance:com.patientapp.tests.HomeScreenTests@21acfd6f]" name="cleanUp" is-config="true" duration-ms="2988" started-at="2016-09-08T12:36:05Z" finished-at="2016-09-08T12:36:08Z">
          <reporter-output>
          </reporter-output>
        </test-method> <!-- cleanUp -->
      </class> <!-- com.patientapp.tests.HomeScreenTests -->
      <class name="com.patientapp.tests.RegistrationTests">
        <test-method status="PASS" signature="setUp()[pri:0, instance:com.patientapp.tests.RegistrationTests@121157c9]" name="setUp" is-config="true" duration-ms="27483" started-at="2016-09-08T12:39:08Z" finished-at="2016-09-08T12:39:36Z">
          <reporter-output>
          </reporter-output>
        </test-method> <!-- setUp -->
        <test-method status="PASS" signature="initPageObjects()[pri:0, instance:com.patientapp.tests.RegistrationTests@121157c9]" name="initPageObjects" is-config="true" duration-ms="2" started-at="2016-09-08T12:39:36Z" finished-at="2016-09-08T12:39:36Z">
          <reporter-output>
          </reporter-output>
        </test-method> <!-- initPageObjects -->
        <test-method status="PASS" signature="testVerifyPatientRegistration()[pri:0, instance:com.patientapp.tests.RegistrationTests@121157c9]" name="testVerifyPatientRegistration" duration-ms="33911" started-at="2016-09-08T12:39:36Z" finished-at="2016-09-08T12:40:09Z">
          <reporter-output>
          </reporter-output>
        </test-method> <!-- testVerifyPatientRegistration -->
        <test-method status="PASS" signature="ensureRegistrationPage()[pri:0, instance:com.patientapp.tests.RegistrationTests@121157c9]" name="ensureRegistrationPage" is-config="true" duration-ms="31362" started-at="2016-09-08T12:40:09Z" finished-at="2016-09-08T12:40:41Z">
          <reporter-output>
          </reporter-output>
        </test-method> <!-- ensureRegistrationPage -->
        <test-method status="PASS" signature="cleanUp()[pri:0, instance:com.patientapp.tests.RegistrationTests@121157c9]" name="cleanUp" is-config="true" duration-ms="2887" started-at="2016-09-08T12:40:41Z" finished-at="2016-09-08T12:40:44Z">
          <reporter-output>
          </reporter-output>
        </test-method> <!-- cleanUp -->
      </class> <!-- com.patientapp.tests.RegistrationTests -->
      <class name="com.patientapp.tests.AccountTests">
        <test-method status="PASS" signature="setUp()[pri:0, instance:com.patientapp.tests.AccountTests@309a5663]" name="setUp" is-config="true" duration-ms="27135" started-at="2016-09-08T12:40:44Z" finished-at="2016-09-08T12:41:11Z">
          <reporter-output>
          </reporter-output>
        </test-method> <!-- setUp -->
        <test-method status="PASS" signature="initPageObjects()[pri:0, instance:com.patientapp.tests.AccountTests@309a5663]" name="initPageObjects" is-config="true" duration-ms="0" started-at="2016-09-08T12:41:11Z" finished-at="2016-09-08T12:41:11Z">
          <reporter-output>
          </reporter-output>
        </test-method> <!-- initPageObjects -->
        <test-method status="FAIL" signature="TC_32_testVerifyPaidUnpaidAndUnbilledAppointments()[pri:0, instance:com.patientapp.tests.AccountTests@309a5663]" name="TC_32_testVerifyPaidUnpaidAndUnbilledAppointments" duration-ms="10124" started-at="2016-09-08T12:41:11Z" finished-at="2016-09-08T12:41:21Z">
          <exception class="org.openqa.selenium.NoSuchElementException">
            <message>
              <![CDATA[An element could not be located on the page using the given search parameters. (WARNING: The server did not provide any stacktrace information)
Command duration or timeout: 10.12 seconds
For documentation on this error, please visit: http://seleniumhq.org/exceptions/no_such_element.html
Build info: version: '2.53.0', revision: '35ae25b1534ae328c771e0856c93e187490ca824', time: '2016-03-15 10:43:46'
System info: host: 'sapna-testlead', ip: '192.168.56.1', os.name: 'Windows 7', os.arch: 'amd64', os.version: '6.1', java.version: '1.7.0_65'
*** Element info: {Using=id, value=com.weecode.portea.stage:id/tv_mobile_no}
Session ID: b0e22c49-b588-4b1d-b120-bc6a9303b0cf
Driver info: io.appium.java_client.android.AndroidDriver
Capabilities [{automationName=Appium, platform=LINUX, app=C:\Users\sapna\Documents\workspace\PatientAndroidApp\src\test\resources\android\PA-4.0-stage-armeabi-v7a-release.apk, javascriptEnabled=true, appActivity=com.weecode.portea.activities.SplashActivity, browserName=Android, networkConnectionEnabled=true, desired={newCommandTimeout=600, automationName=Appium, app=C:\Users\sapna\Documents\workspace\PatientAndroidApp\src\test\resources\android\PA-4.0-stage-armeabi-v7a-release.apk, platformVersion=21.0, deviceName=Micromax Q450, platformName=Android, appActivity=com.weecode.portea.activities.SplashActivity, appWaitActivity=com.weecode.portea.activities.SplashActivity, appPackage=com.weecode.portea.stage}, locationContextEnabled=false, appPackage=com.weecode.portea.stage, newCommandTimeout=600, platformVersion=5.0.2, databaseEnabled=false, deviceName=386b462, platformName=Android, appWaitActivity=com.weecode.portea.activities.SplashActivity, webStorageEnabled=false, warnings={}, takesScreenshot=true}]]]>
            </message>
            <full-stacktrace>
              <![CDATA[org.openqa.selenium.NoSuchElementException: An element could not be located on the page using the given search parameters. (WARNING: The server did not provide any stacktrace information)
Command duration or timeout: 10.12 seconds
For documentation on this error, please visit: http://seleniumhq.org/exceptions/no_such_element.html
Build info: version: '2.53.0', revision: '35ae25b1534ae328c771e0856c93e187490ca824', time: '2016-03-15 10:43:46'
System info: host: 'sapna-testlead', ip: '192.168.56.1', os.name: 'Windows 7', os.arch: 'amd64', os.version: '6.1', java.version: '1.7.0_65'
*** Element info: {Using=id, value=com.weecode.portea.stage:id/tv_mobile_no}
Session ID: b0e22c49-b588-4b1d-b120-bc6a9303b0cf
Driver info: io.appium.java_client.android.AndroidDriver
Capabilities [{automationName=Appium, platform=LINUX, app=C:\Users\sapna\Documents\workspace\PatientAndroidApp\src\test\resources\android\PA-4.0-stage-armeabi-v7a-release.apk, javascriptEnabled=true, appActivity=com.weecode.portea.activities.SplashActivity, browserName=Android, networkConnectionEnabled=true, desired={newCommandTimeout=600, automationName=Appium, app=C:\Users\sapna\Documents\workspace\PatientAndroidApp\src\test\resources\android\PA-4.0-stage-armeabi-v7a-release.apk, platformVersion=21.0, deviceName=Micromax Q450, platformName=Android, appActivity=com.weecode.portea.activities.SplashActivity, appWaitActivity=com.weecode.portea.activities.SplashActivity, appPackage=com.weecode.portea.stage}, locationContextEnabled=false, appPackage=com.weecode.portea.stage, newCommandTimeout=600, platformVersion=5.0.2, databaseEnabled=false, deviceName=386b462, platformName=Android, appWaitActivity=com.weecode.portea.activities.SplashActivity, webStorageEnabled=false, warnings={}, takesScreenshot=true}]
	at sun.reflect.NativeConstructorAccessorImpl.newInstance0(Native Method)
	at sun.reflect.NativeConstructorAccessorImpl.newInstance(NativeConstructorAccessorImpl.java:57)
	at sun.reflect.DelegatingConstructorAccessorImpl.newInstance(DelegatingConstructorAccessorImpl.java:45)
	at java.lang.reflect.Constructor.newInstance(Constructor.java:526)
	at org.openqa.selenium.remote.ErrorHandler.createThrowable(ErrorHandler.java:206)
	at org.openqa.selenium.remote.ErrorHandler.throwIfResponseFailed(ErrorHandler.java:158)
	at org.openqa.selenium.remote.RemoteWebDriver.execute(RemoteWebDriver.java:678)
	at io.appium.java_client.AppiumDriver.execute(AppiumDriver.java:180)
	at org.openqa.selenium.remote.RemoteWebDriver.findElement(RemoteWebDriver.java:363)
	at org.openqa.selenium.remote.RemoteWebDriver.findElementById(RemoteWebDriver.java:413)
	at org.openqa.selenium.By$ById.findElement(By.java:218)
	at org.openqa.selenium.remote.RemoteWebDriver.findElement(RemoteWebDriver.java:355)
	at com.patientapp.pages.LoginPage.login(LoginPage.java:79)
	at com.patientapp.tests.AccountTests.TC_32_testVerifyPaidUnpaidAndUnbilledAppointments(AccountTests.java:107)
	at sun.reflect.NativeMethodAccessorImpl.invoke0(Native Method)
	at sun.reflect.NativeMethodAccessorImpl.invoke(NativeMethodAccessorImpl.java:57)
	at sun.reflect.DelegatingMethodAccessorImpl.invoke(DelegatingMethodAccessorImpl.java:43)
	at java.lang.reflect.Method.invoke(Method.java:606)
	at org.testng.internal.MethodInvocationHelper.invokeMethod(MethodInvocationHelper.java:80)
	at org.testng.internal.Invoker.invokeMethod(Invoker.java:714)
	at org.testng.internal.Invoker.invokeTestMethod(Invoker.java:901)
	at org.testng.internal.Invoker.invokeTestMethods(Invoker.java:1231)
	at org.testng.internal.TestMethodWorker.invokeTestMethods(TestMethodWorker.java:127)
	at org.testng.internal.TestMethodWorker.run(TestMethodWorker.java:111)
	at org.testng.TestRunner.privateRun(TestRunner.java:767)
	at org.testng.TestRunner.run(TestRunner.java:617)
	at org.testng.SuiteRunner.runTest(SuiteRunner.java:334)
	at org.testng.SuiteRunner.runSequentially(SuiteRunner.java:329)
	at org.testng.SuiteRunner.privateRun(SuiteRunner.java:291)
	at org.testng.SuiteRunner.run(SuiteRunner.java:240)
	at org.testng.SuiteRunnerWorker.runSuite(SuiteRunnerWorker.java:52)
	at org.testng.SuiteRunnerWorker.run(SuiteRunnerWorker.java:86)
	at org.testng.TestNG.runSuitesSequentially(TestNG.java:1198)
	at org.testng.TestNG.runSuitesLocally(TestNG.java:1123)
	at org.testng.TestNG.run(TestNG.java:1031)
	at org.testng.remote.RemoteTestNG.run(RemoteTestNG.java:115)
	at org.testng.remote.RemoteTestNG.initAndRun(RemoteTestNG.java:207)
	at org.testng.remote.RemoteTestNG.main(RemoteTestNG.java:178)
]]>
            </full-stacktrace>
          </exception> <!-- org.openqa.selenium.NoSuchElementException -->
          <reporter-output>
          </reporter-output>
        </test-method> <!-- TC_32_testVerifyPaidUnpaidAndUnbilledAppointments -->
        <test-method status="PASS" signature="ensureAccountPage()[pri:0, instance:com.patientapp.tests.AccountTests@309a5663]" name="ensureAccountPage" is-config="true" duration-ms="30467" started-at="2016-09-08T12:41:21Z" finished-at="2016-09-08T12:41:51Z">
          <reporter-output>
          </reporter-output>
        </test-method> <!-- ensureAccountPage -->
        <test-method status="PASS" signature="initPageObjects()[pri:0, instance:com.patientapp.tests.AccountTests@309a5663]" name="initPageObjects" is-config="true" duration-ms="1" started-at="2016-09-08T12:41:51Z" finished-at="2016-09-08T12:41:51Z">
          <reporter-output>
          </reporter-output>
        </test-method> <!-- initPageObjects -->
        <test-method status="FAIL" signature="TC_35_testVerifyUserAbleToAddWallet()[pri:0, instance:com.patientapp.tests.AccountTests@309a5663]" name="TC_35_testVerifyUserAbleToAddWallet" duration-ms="0" started-at="2016-09-08T12:41:51Z" finished-at="2016-09-08T12:41:51Z">
          <exception class="java.lang.NullPointerException">
            <full-stacktrace>
              <![CDATA[java.lang.NullPointerException
	at com.patientapp.tests.AccountTests.TC_35_testVerifyUserAbleToAddWallet(AccountTests.java:63)
	at sun.reflect.NativeMethodAccessorImpl.invoke0(Native Method)
	at sun.reflect.NativeMethodAccessorImpl.invoke(NativeMethodAccessorImpl.java:57)
	at sun.reflect.DelegatingMethodAccessorImpl.invoke(DelegatingMethodAccessorImpl.java:43)
	at java.lang.reflect.Method.invoke(Method.java:606)
	at org.testng.internal.MethodInvocationHelper.invokeMethod(MethodInvocationHelper.java:80)
	at org.testng.internal.Invoker.invokeMethod(Invoker.java:714)
	at org.testng.internal.Invoker.invokeTestMethod(Invoker.java:901)
	at org.testng.internal.Invoker.invokeTestMethods(Invoker.java:1231)
	at org.testng.internal.TestMethodWorker.invokeTestMethods(TestMethodWorker.java:127)
	at org.testng.internal.TestMethodWorker.run(TestMethodWorker.java:111)
	at org.testng.TestRunner.privateRun(TestRunner.java:767)
	at org.testng.TestRunner.run(TestRunner.java:617)
	at org.testng.SuiteRunner.runTest(SuiteRunner.java:334)
	at org.testng.SuiteRunner.runSequentially(SuiteRunner.java:329)
	at org.testng.SuiteRunner.privateRun(SuiteRunner.java:291)
	at org.testng.SuiteRunner.run(SuiteRunner.java:240)
	at org.testng.SuiteRunnerWorker.runSuite(SuiteRunnerWorker.java:52)
	at org.testng.SuiteRunnerWorker.run(SuiteRunnerWorker.java:86)
	at org.testng.TestNG.runSuitesSequentially(TestNG.java:1198)
	at org.testng.TestNG.runSuitesLocally(TestNG.java:1123)
	at org.testng.TestNG.run(TestNG.java:1031)
	at org.testng.remote.RemoteTestNG.run(RemoteTestNG.java:115)
	at org.testng.remote.RemoteTestNG.initAndRun(RemoteTestNG.java:207)
	at org.testng.remote.RemoteTestNG.main(RemoteTestNG.java:178)
]]>
            </full-stacktrace>
          </exception> <!-- java.lang.NullPointerException -->
          <reporter-output>
          </reporter-output>
        </test-method> <!-- TC_35_testVerifyUserAbleToAddWallet -->
        <test-method status="PASS" signature="ensureAccountPage()[pri:0, instance:com.patientapp.tests.AccountTests@309a5663]" name="ensureAccountPage" is-config="true" duration-ms="29922" started-at="2016-09-08T12:41:51Z" finished-at="2016-09-08T12:42:21Z">
          <reporter-output>
          </reporter-output>
        </test-method> <!-- ensureAccountPage -->
        <test-method status="FAIL" signature="TC_35_testVerifyUserAbleToLoadWalletBySavedCard()[pri:0, instance:com.patientapp.tests.AccountTests@309a5663]" name="TC_35_testVerifyUserAbleToLoadWalletBySavedCard" duration-ms="10179" started-at="2016-09-08T12:42:21Z" finished-at="2016-09-08T12:42:32Z">
          <exception class="org.openqa.selenium.NoSuchElementException">
            <message>
              <![CDATA[An element could not be located on the page using the given search parameters. (WARNING: The server did not provide any stacktrace information)
Command duration or timeout: 10.18 seconds
For documentation on this error, please visit: http://seleniumhq.org/exceptions/no_such_element.html
Build info: version: '2.53.0', revision: '35ae25b1534ae328c771e0856c93e187490ca824', time: '2016-03-15 10:43:46'
System info: host: 'sapna-testlead', ip: '192.168.56.1', os.name: 'Windows 7', os.arch: 'amd64', os.version: '6.1', java.version: '1.7.0_65'
*** Element info: {Using=id, value=com.weecode.portea.stage:id/tv_mobile_no}
Session ID: b0e22c49-b588-4b1d-b120-bc6a9303b0cf
Driver info: io.appium.java_client.android.AndroidDriver
Capabilities [{automationName=Appium, platform=LINUX, app=C:\Users\sapna\Documents\workspace\PatientAndroidApp\src\test\resources\android\PA-4.0-stage-armeabi-v7a-release.apk, javascriptEnabled=true, appActivity=com.weecode.portea.activities.SplashActivity, browserName=Android, networkConnectionEnabled=true, desired={newCommandTimeout=600, automationName=Appium, app=C:\Users\sapna\Documents\workspace\PatientAndroidApp\src\test\resources\android\PA-4.0-stage-armeabi-v7a-release.apk, platformVersion=21.0, deviceName=Micromax Q450, platformName=Android, appActivity=com.weecode.portea.activities.SplashActivity, appWaitActivity=com.weecode.portea.activities.SplashActivity, appPackage=com.weecode.portea.stage}, locationContextEnabled=false, appPackage=com.weecode.portea.stage, newCommandTimeout=600, platformVersion=5.0.2, databaseEnabled=false, deviceName=386b462, platformName=Android, appWaitActivity=com.weecode.portea.activities.SplashActivity, webStorageEnabled=false, warnings={}, takesScreenshot=true}]]]>
            </message>
            <full-stacktrace>
              <![CDATA[org.openqa.selenium.NoSuchElementException: An element could not be located on the page using the given search parameters. (WARNING: The server did not provide any stacktrace information)
Command duration or timeout: 10.18 seconds
For documentation on this error, please visit: http://seleniumhq.org/exceptions/no_such_element.html
Build info: version: '2.53.0', revision: '35ae25b1534ae328c771e0856c93e187490ca824', time: '2016-03-15 10:43:46'
System info: host: 'sapna-testlead', ip: '192.168.56.1', os.name: 'Windows 7', os.arch: 'amd64', os.version: '6.1', java.version: '1.7.0_65'
*** Element info: {Using=id, value=com.weecode.portea.stage:id/tv_mobile_no}
Session ID: b0e22c49-b588-4b1d-b120-bc6a9303b0cf
Driver info: io.appium.java_client.android.AndroidDriver
Capabilities [{automationName=Appium, platform=LINUX, app=C:\Users\sapna\Documents\workspace\PatientAndroidApp\src\test\resources\android\PA-4.0-stage-armeabi-v7a-release.apk, javascriptEnabled=true, appActivity=com.weecode.portea.activities.SplashActivity, browserName=Android, networkConnectionEnabled=true, desired={newCommandTimeout=600, automationName=Appium, app=C:\Users\sapna\Documents\workspace\PatientAndroidApp\src\test\resources\android\PA-4.0-stage-armeabi-v7a-release.apk, platformVersion=21.0, deviceName=Micromax Q450, platformName=Android, appActivity=com.weecode.portea.activities.SplashActivity, appWaitActivity=com.weecode.portea.activities.SplashActivity, appPackage=com.weecode.portea.stage}, locationContextEnabled=false, appPackage=com.weecode.portea.stage, newCommandTimeout=600, platformVersion=5.0.2, databaseEnabled=false, deviceName=386b462, platformName=Android, appWaitActivity=com.weecode.portea.activities.SplashActivity, webStorageEnabled=false, warnings={}, takesScreenshot=true}]
	at sun.reflect.NativeConstructorAccessorImpl.newInstance0(Native Method)
	at sun.reflect.NativeConstructorAccessorImpl.newInstance(NativeConstructorAccessorImpl.java:57)
	at sun.reflect.DelegatingConstructorAccessorImpl.newInstance(DelegatingConstructorAccessorImpl.java:45)
	at java.lang.reflect.Constructor.newInstance(Constructor.java:526)
	at org.openqa.selenium.remote.ErrorHandler.createThrowable(ErrorHandler.java:206)
	at org.openqa.selenium.remote.ErrorHandler.throwIfResponseFailed(ErrorHandler.java:158)
	at org.openqa.selenium.remote.RemoteWebDriver.execute(RemoteWebDriver.java:678)
	at io.appium.java_client.AppiumDriver.execute(AppiumDriver.java:180)
	at org.openqa.selenium.remote.RemoteWebDriver.findElement(RemoteWebDriver.java:363)
	at org.openqa.selenium.remote.RemoteWebDriver.findElementById(RemoteWebDriver.java:413)
	at org.openqa.selenium.By$ById.findElement(By.java:218)
	at org.openqa.selenium.remote.RemoteWebDriver.findElement(RemoteWebDriver.java:355)
	at com.patientapp.pages.LoginPage.login(LoginPage.java:79)
	at com.patientapp.tests.AccountTests.TC_35_testVerifyUserAbleToLoadWalletBySavedCard(AccountTests.java:92)
	at sun.reflect.NativeMethodAccessorImpl.invoke0(Native Method)
	at sun.reflect.NativeMethodAccessorImpl.invoke(NativeMethodAccessorImpl.java:57)
	at sun.reflect.DelegatingMethodAccessorImpl.invoke(DelegatingMethodAccessorImpl.java:43)
	at java.lang.reflect.Method.invoke(Method.java:606)
	at org.testng.internal.MethodInvocationHelper.invokeMethod(MethodInvocationHelper.java:80)
	at org.testng.internal.Invoker.invokeMethod(Invoker.java:714)
	at org.testng.internal.Invoker.invokeTestMethod(Invoker.java:901)
	at org.testng.internal.Invoker.invokeTestMethods(Invoker.java:1231)
	at org.testng.internal.TestMethodWorker.invokeTestMethods(TestMethodWorker.java:127)
	at org.testng.internal.TestMethodWorker.run(TestMethodWorker.java:111)
	at org.testng.TestRunner.privateRun(TestRunner.java:767)
	at org.testng.TestRunner.run(TestRunner.java:617)
	at org.testng.SuiteRunner.runTest(SuiteRunner.java:334)
	at org.testng.SuiteRunner.runSequentially(SuiteRunner.java:329)
	at org.testng.SuiteRunner.privateRun(SuiteRunner.java:291)
	at org.testng.SuiteRunner.run(SuiteRunner.java:240)
	at org.testng.SuiteRunnerWorker.runSuite(SuiteRunnerWorker.java:52)
	at org.testng.SuiteRunnerWorker.run(SuiteRunnerWorker.java:86)
	at org.testng.TestNG.runSuitesSequentially(TestNG.java:1198)
	at org.testng.TestNG.runSuitesLocally(TestNG.java:1123)
	at org.testng.TestNG.run(TestNG.java:1031)
	at org.testng.remote.RemoteTestNG.run(RemoteTestNG.java:115)
	at org.testng.remote.RemoteTestNG.initAndRun(RemoteTestNG.java:207)
	at org.testng.remote.RemoteTestNG.main(RemoteTestNG.java:178)
]]>
            </full-stacktrace>
          </exception> <!-- org.openqa.selenium.NoSuchElementException -->
          <reporter-output>
          </reporter-output>
        </test-method> <!-- TC_35_testVerifyUserAbleToLoadWalletBySavedCard -->
        <test-method status="PASS" signature="initPageObjects()[pri:0, instance:com.patientapp.tests.AccountTests@309a5663]" name="initPageObjects" is-config="true" duration-ms="0" started-at="2016-09-08T12:42:21Z" finished-at="2016-09-08T12:42:21Z">
          <reporter-output>
          </reporter-output>
        </test-method> <!-- initPageObjects -->
        <test-method status="PASS" signature="ensureAccountPage()[pri:0, instance:com.patientapp.tests.AccountTests@309a5663]" name="ensureAccountPage" is-config="true" duration-ms="30286" started-at="2016-09-08T12:42:32Z" finished-at="2016-09-08T12:43:02Z">
          <reporter-output>
          </reporter-output>
        </test-method> <!-- ensureAccountPage -->
        <test-method status="PASS" signature="initPageObjects()[pri:0, instance:com.patientapp.tests.AccountTests@309a5663]" name="initPageObjects" is-config="true" duration-ms="0" started-at="2016-09-08T12:43:02Z" finished-at="2016-09-08T12:43:02Z">
          <reporter-output>
          </reporter-output>
        </test-method> <!-- initPageObjects -->
        <test-method status="FAIL" signature="TC_35_testVerifyUserAbleToViewWallet()[pri:0, instance:com.patientapp.tests.AccountTests@309a5663]" name="TC_35_testVerifyUserAbleToViewWallet" duration-ms="10266" started-at="2016-09-08T12:43:02Z" finished-at="2016-09-08T12:43:12Z">
          <exception class="org.openqa.selenium.NoSuchElementException">
            <message>
              <![CDATA[An element could not be located on the page using the given search parameters. (WARNING: The server did not provide any stacktrace information)
Command duration or timeout: 10.26 seconds
For documentation on this error, please visit: http://seleniumhq.org/exceptions/no_such_element.html
Build info: version: '2.53.0', revision: '35ae25b1534ae328c771e0856c93e187490ca824', time: '2016-03-15 10:43:46'
System info: host: 'sapna-testlead', ip: '192.168.56.1', os.name: 'Windows 7', os.arch: 'amd64', os.version: '6.1', java.version: '1.7.0_65'
*** Element info: {Using=id, value=com.weecode.portea.stage:id/tv_mobile_no}
Session ID: b0e22c49-b588-4b1d-b120-bc6a9303b0cf
Driver info: io.appium.java_client.android.AndroidDriver
Capabilities [{automationName=Appium, platform=LINUX, app=C:\Users\sapna\Documents\workspace\PatientAndroidApp\src\test\resources\android\PA-4.0-stage-armeabi-v7a-release.apk, javascriptEnabled=true, appActivity=com.weecode.portea.activities.SplashActivity, browserName=Android, networkConnectionEnabled=true, desired={newCommandTimeout=600, automationName=Appium, app=C:\Users\sapna\Documents\workspace\PatientAndroidApp\src\test\resources\android\PA-4.0-stage-armeabi-v7a-release.apk, platformVersion=21.0, deviceName=Micromax Q450, platformName=Android, appActivity=com.weecode.portea.activities.SplashActivity, appWaitActivity=com.weecode.portea.activities.SplashActivity, appPackage=com.weecode.portea.stage}, locationContextEnabled=false, appPackage=com.weecode.portea.stage, newCommandTimeout=600, platformVersion=5.0.2, databaseEnabled=false, deviceName=386b462, platformName=Android, appWaitActivity=com.weecode.portea.activities.SplashActivity, webStorageEnabled=false, warnings={}, takesScreenshot=true}]]]>
            </message>
            <full-stacktrace>
              <![CDATA[org.openqa.selenium.NoSuchElementException: An element could not be located on the page using the given search parameters. (WARNING: The server did not provide any stacktrace information)
Command duration or timeout: 10.26 seconds
For documentation on this error, please visit: http://seleniumhq.org/exceptions/no_such_element.html
Build info: version: '2.53.0', revision: '35ae25b1534ae328c771e0856c93e187490ca824', time: '2016-03-15 10:43:46'
System info: host: 'sapna-testlead', ip: '192.168.56.1', os.name: 'Windows 7', os.arch: 'amd64', os.version: '6.1', java.version: '1.7.0_65'
*** Element info: {Using=id, value=com.weecode.portea.stage:id/tv_mobile_no}
Session ID: b0e22c49-b588-4b1d-b120-bc6a9303b0cf
Driver info: io.appium.java_client.android.AndroidDriver
Capabilities [{automationName=Appium, platform=LINUX, app=C:\Users\sapna\Documents\workspace\PatientAndroidApp\src\test\resources\android\PA-4.0-stage-armeabi-v7a-release.apk, javascriptEnabled=true, appActivity=com.weecode.portea.activities.SplashActivity, browserName=Android, networkConnectionEnabled=true, desired={newCommandTimeout=600, automationName=Appium, app=C:\Users\sapna\Documents\workspace\PatientAndroidApp\src\test\resources\android\PA-4.0-stage-armeabi-v7a-release.apk, platformVersion=21.0, deviceName=Micromax Q450, platformName=Android, appActivity=com.weecode.portea.activities.SplashActivity, appWaitActivity=com.weecode.portea.activities.SplashActivity, appPackage=com.weecode.portea.stage}, locationContextEnabled=false, appPackage=com.weecode.portea.stage, newCommandTimeout=600, platformVersion=5.0.2, databaseEnabled=false, deviceName=386b462, platformName=Android, appWaitActivity=com.weecode.portea.activities.SplashActivity, webStorageEnabled=false, warnings={}, takesScreenshot=true}]
	at sun.reflect.NativeConstructorAccessorImpl.newInstance0(Native Method)
	at sun.reflect.NativeConstructorAccessorImpl.newInstance(NativeConstructorAccessorImpl.java:57)
	at sun.reflect.DelegatingConstructorAccessorImpl.newInstance(DelegatingConstructorAccessorImpl.java:45)
	at java.lang.reflect.Constructor.newInstance(Constructor.java:526)
	at org.openqa.selenium.remote.ErrorHandler.createThrowable(ErrorHandler.java:206)
	at org.openqa.selenium.remote.ErrorHandler.throwIfResponseFailed(ErrorHandler.java:158)
	at org.openqa.selenium.remote.RemoteWebDriver.execute(RemoteWebDriver.java:678)
	at io.appium.java_client.AppiumDriver.execute(AppiumDriver.java:180)
	at org.openqa.selenium.remote.RemoteWebDriver.findElement(RemoteWebDriver.java:363)
	at org.openqa.selenium.remote.RemoteWebDriver.findElementById(RemoteWebDriver.java:413)
	at org.openqa.selenium.By$ById.findElement(By.java:218)
	at org.openqa.selenium.remote.RemoteWebDriver.findElement(RemoteWebDriver.java:355)
	at com.patientapp.pages.LoginPage.login(LoginPage.java:79)
	at com.patientapp.tests.AccountTests.TC_35_testVerifyUserAbleToViewWallet(AccountTests.java:79)
	at sun.reflect.NativeMethodAccessorImpl.invoke0(Native Method)
	at sun.reflect.NativeMethodAccessorImpl.invoke(NativeMethodAccessorImpl.java:57)
	at sun.reflect.DelegatingMethodAccessorImpl.invoke(DelegatingMethodAccessorImpl.java:43)
	at java.lang.reflect.Method.invoke(Method.java:606)
	at org.testng.internal.MethodInvocationHelper.invokeMethod(MethodInvocationHelper.java:80)
	at org.testng.internal.Invoker.invokeMethod(Invoker.java:714)
	at org.testng.internal.Invoker.invokeTestMethod(Invoker.java:901)
	at org.testng.internal.Invoker.invokeTestMethods(Invoker.java:1231)
	at org.testng.internal.TestMethodWorker.invokeTestMethods(TestMethodWorker.java:127)
	at org.testng.internal.TestMethodWorker.run(TestMethodWorker.java:111)
	at org.testng.TestRunner.privateRun(TestRunner.java:767)
	at org.testng.TestRunner.run(TestRunner.java:617)
	at org.testng.SuiteRunner.runTest(SuiteRunner.java:334)
	at org.testng.SuiteRunner.runSequentially(SuiteRunner.java:329)
	at org.testng.SuiteRunner.privateRun(SuiteRunner.java:291)
	at org.testng.SuiteRunner.run(SuiteRunner.java:240)
	at org.testng.SuiteRunnerWorker.runSuite(SuiteRunnerWorker.java:52)
	at org.testng.SuiteRunnerWorker.run(SuiteRunnerWorker.java:86)
	at org.testng.TestNG.runSuitesSequentially(TestNG.java:1198)
	at org.testng.TestNG.runSuitesLocally(TestNG.java:1123)
	at org.testng.TestNG.run(TestNG.java:1031)
	at org.testng.remote.RemoteTestNG.run(RemoteTestNG.java:115)
	at org.testng.remote.RemoteTestNG.initAndRun(RemoteTestNG.java:207)
	at org.testng.remote.RemoteTestNG.main(RemoteTestNG.java:178)
]]>
            </full-stacktrace>
          </exception> <!-- org.openqa.selenium.NoSuchElementException -->
          <reporter-output>
          </reporter-output>
        </test-method> <!-- TC_35_testVerifyUserAbleToViewWallet -->
        <test-method status="PASS" signature="ensureAccountPage()[pri:0, instance:com.patientapp.tests.AccountTests@309a5663]" name="ensureAccountPage" is-config="true" duration-ms="30181" started-at="2016-09-08T12:43:12Z" finished-at="2016-09-08T12:43:42Z">
          <reporter-output>
          </reporter-output>
        </test-method> <!-- ensureAccountPage -->
        <test-method status="PASS" signature="initPageObjects()[pri:0, instance:com.patientapp.tests.AccountTests@309a5663]" name="initPageObjects" is-config="true" duration-ms="0" started-at="2016-09-08T12:43:42Z" finished-at="2016-09-08T12:43:42Z">
          <reporter-output>
          </reporter-output>
        </test-method> <!-- initPageObjects -->
        <test-method status="PASS" signature="testVerifyUserAbleToPayThroughCards()[pri:0, instance:com.patientapp.tests.AccountTests@309a5663]" name="testVerifyUserAbleToPayThroughCards" duration-ms="128917" started-at="2016-09-08T12:43:42Z" finished-at="2016-09-08T12:45:51Z">
          <reporter-output>
          </reporter-output>
        </test-method> <!-- testVerifyUserAbleToPayThroughCards -->
        <test-method status="PASS" signature="ensureAccountPage()[pri:0, instance:com.patientapp.tests.AccountTests@309a5663]" name="ensureAccountPage" is-config="true" duration-ms="29886" started-at="2016-09-08T12:45:51Z" finished-at="2016-09-08T12:46:21Z">
          <reporter-output>
          </reporter-output>
        </test-method> <!-- ensureAccountPage -->
        <test-method status="PASS" signature="testVerifyUserAbleToPayThroughNetbanking()[pri:0, instance:com.patientapp.tests.AccountTests@309a5663]" name="testVerifyUserAbleToPayThroughNetbanking" duration-ms="72201" started-at="2016-09-08T12:46:21Z" finished-at="2016-09-08T12:47:33Z">
          <reporter-output>
          </reporter-output>
        </test-method> <!-- testVerifyUserAbleToPayThroughNetbanking -->
        <test-method status="PASS" signature="initPageObjects()[pri:0, instance:com.patientapp.tests.AccountTests@309a5663]" name="initPageObjects" is-config="true" duration-ms="0" started-at="2016-09-08T12:46:21Z" finished-at="2016-09-08T12:46:21Z">
          <reporter-output>
          </reporter-output>
        </test-method> <!-- initPageObjects -->
        <test-method status="PASS" signature="ensureAccountPage()[pri:0, instance:com.patientapp.tests.AccountTests@309a5663]" name="ensureAccountPage" is-config="true" duration-ms="30469" started-at="2016-09-08T12:47:33Z" finished-at="2016-09-08T12:48:04Z">
          <reporter-output>
          </reporter-output>
        </test-method> <!-- ensureAccountPage -->
        <test-method status="PASS" signature="initPageObjects()[pri:0, instance:com.patientapp.tests.AccountTests@309a5663]" name="initPageObjects" is-config="true" duration-ms="0" started-at="2016-09-08T12:48:04Z" finished-at="2016-09-08T12:48:04Z">
          <reporter-output>
          </reporter-output>
        </test-method> <!-- initPageObjects -->
        <test-method status="PASS" signature="testVerifyUserAbleToPayThroughPaytm()[pri:0, instance:com.patientapp.tests.AccountTests@309a5663]" name="testVerifyUserAbleToPayThroughPaytm" duration-ms="106816" started-at="2016-09-08T12:48:04Z" finished-at="2016-09-08T12:49:51Z">
          <reporter-output>
          </reporter-output>
        </test-method> <!-- testVerifyUserAbleToPayThroughPaytm -->
        <test-method status="PASS" signature="ensureAccountPage()[pri:0, instance:com.patientapp.tests.AccountTests@309a5663]" name="ensureAccountPage" is-config="true" duration-ms="30723" started-at="2016-09-08T12:49:51Z" finished-at="2016-09-08T12:50:21Z">
          <reporter-output>
          </reporter-output>
        </test-method> <!-- ensureAccountPage -->
        <test-method status="FAIL" signature="testVerifyUserAbleToPayThroughWallet()[pri:0, instance:com.patientapp.tests.AccountTests@309a5663]" name="testVerifyUserAbleToPayThroughWallet" duration-ms="73564" started-at="2016-09-08T12:50:21Z" finished-at="2016-09-08T12:51:35Z">
          <exception class="org.openqa.selenium.NoSuchElementException">
            <message>
              <![CDATA[An element could not be located on the page using the given search parameters. (WARNING: The server did not provide any stacktrace information)
Command duration or timeout: 10.34 seconds
For documentation on this error, please visit: http://seleniumhq.org/exceptions/no_such_element.html
Build info: version: '2.53.0', revision: '35ae25b1534ae328c771e0856c93e187490ca824', time: '2016-03-15 10:43:46'
System info: host: 'sapna-testlead', ip: '192.168.56.1', os.name: 'Windows 7', os.arch: 'amd64', os.version: '6.1', java.version: '1.7.0_65'
*** Element info: {Using=id, value=com.weecode.portea.stage:id/proceedButton}
Session ID: b0e22c49-b588-4b1d-b120-bc6a9303b0cf
Driver info: io.appium.java_client.android.AndroidDriver
Capabilities [{automationName=Appium, platform=LINUX, app=C:\Users\sapna\Documents\workspace\PatientAndroidApp\src\test\resources\android\PA-4.0-stage-armeabi-v7a-release.apk, javascriptEnabled=true, appActivity=com.weecode.portea.activities.SplashActivity, browserName=Android, networkConnectionEnabled=true, desired={newCommandTimeout=600, automationName=Appium, app=C:\Users\sapna\Documents\workspace\PatientAndroidApp\src\test\resources\android\PA-4.0-stage-armeabi-v7a-release.apk, platformVersion=21.0, deviceName=Micromax Q450, platformName=Android, appActivity=com.weecode.portea.activities.SplashActivity, appWaitActivity=com.weecode.portea.activities.SplashActivity, appPackage=com.weecode.portea.stage}, locationContextEnabled=false, appPackage=com.weecode.portea.stage, newCommandTimeout=600, platformVersion=5.0.2, databaseEnabled=false, deviceName=386b462, platformName=Android, appWaitActivity=com.weecode.portea.activities.SplashActivity, webStorageEnabled=false, warnings={}, takesScreenshot=true}]]]>
            </message>
            <full-stacktrace>
              <![CDATA[org.openqa.selenium.NoSuchElementException: An element could not be located on the page using the given search parameters. (WARNING: The server did not provide any stacktrace information)
Command duration or timeout: 10.34 seconds
For documentation on this error, please visit: http://seleniumhq.org/exceptions/no_such_element.html
Build info: version: '2.53.0', revision: '35ae25b1534ae328c771e0856c93e187490ca824', time: '2016-03-15 10:43:46'
System info: host: 'sapna-testlead', ip: '192.168.56.1', os.name: 'Windows 7', os.arch: 'amd64', os.version: '6.1', java.version: '1.7.0_65'
*** Element info: {Using=id, value=com.weecode.portea.stage:id/proceedButton}
Session ID: b0e22c49-b588-4b1d-b120-bc6a9303b0cf
Driver info: io.appium.java_client.android.AndroidDriver
Capabilities [{automationName=Appium, platform=LINUX, app=C:\Users\sapna\Documents\workspace\PatientAndroidApp\src\test\resources\android\PA-4.0-stage-armeabi-v7a-release.apk, javascriptEnabled=true, appActivity=com.weecode.portea.activities.SplashActivity, browserName=Android, networkConnectionEnabled=true, desired={newCommandTimeout=600, automationName=Appium, app=C:\Users\sapna\Documents\workspace\PatientAndroidApp\src\test\resources\android\PA-4.0-stage-armeabi-v7a-release.apk, platformVersion=21.0, deviceName=Micromax Q450, platformName=Android, appActivity=com.weecode.portea.activities.SplashActivity, appWaitActivity=com.weecode.portea.activities.SplashActivity, appPackage=com.weecode.portea.stage}, locationContextEnabled=false, appPackage=com.weecode.portea.stage, newCommandTimeout=600, platformVersion=5.0.2, databaseEnabled=false, deviceName=386b462, platformName=Android, appWaitActivity=com.weecode.portea.activities.SplashActivity, webStorageEnabled=false, warnings={}, takesScreenshot=true}]
	at sun.reflect.NativeConstructorAccessorImpl.newInstance0(Native Method)
	at sun.reflect.NativeConstructorAccessorImpl.newInstance(NativeConstructorAccessorImpl.java:57)
	at sun.reflect.DelegatingConstructorAccessorImpl.newInstance(DelegatingConstructorAccessorImpl.java:45)
	at java.lang.reflect.Constructor.newInstance(Constructor.java:526)
	at org.openqa.selenium.remote.ErrorHandler.createThrowable(ErrorHandler.java:206)
	at org.openqa.selenium.remote.ErrorHandler.throwIfResponseFailed(ErrorHandler.java:158)
	at org.openqa.selenium.remote.RemoteWebDriver.execute(RemoteWebDriver.java:678)
	at io.appium.java_client.AppiumDriver.execute(AppiumDriver.java:180)
	at org.openqa.selenium.remote.RemoteWebDriver.findElement(RemoteWebDriver.java:363)
	at org.openqa.selenium.remote.RemoteWebDriver.findElementById(RemoteWebDriver.java:413)
	at org.openqa.selenium.By$ById.findElement(By.java:218)
	at org.openqa.selenium.remote.RemoteWebDriver.findElement(RemoteWebDriver.java:355)
	at com.patientapp.pages.AccountPage.payByWallet(AccountPage.java:315)
	at com.patientapp.tests.AccountTests.testVerifyUserAbleToPayThroughWallet(AccountTests.java:179)
	at sun.reflect.NativeMethodAccessorImpl.invoke0(Native Method)
	at sun.reflect.NativeMethodAccessorImpl.invoke(NativeMethodAccessorImpl.java:57)
	at sun.reflect.DelegatingMethodAccessorImpl.invoke(DelegatingMethodAccessorImpl.java:43)
	at java.lang.reflect.Method.invoke(Method.java:606)
	at org.testng.internal.MethodInvocationHelper.invokeMethod(MethodInvocationHelper.java:80)
	at org.testng.internal.Invoker.invokeMethod(Invoker.java:714)
	at org.testng.internal.Invoker.invokeTestMethod(Invoker.java:901)
	at org.testng.internal.Invoker.invokeTestMethods(Invoker.java:1231)
	at org.testng.internal.TestMethodWorker.invokeTestMethods(TestMethodWorker.java:127)
	at org.testng.internal.TestMethodWorker.run(TestMethodWorker.java:111)
	at org.testng.TestRunner.privateRun(TestRunner.java:767)
	at org.testng.TestRunner.run(TestRunner.java:617)
	at org.testng.SuiteRunner.runTest(SuiteRunner.java:334)
	at org.testng.SuiteRunner.runSequentially(SuiteRunner.java:329)
	at org.testng.SuiteRunner.privateRun(SuiteRunner.java:291)
	at org.testng.SuiteRunner.run(SuiteRunner.java:240)
	at org.testng.SuiteRunnerWorker.runSuite(SuiteRunnerWorker.java:52)
	at org.testng.SuiteRunnerWorker.run(SuiteRunnerWorker.java:86)
	at org.testng.TestNG.runSuitesSequentially(TestNG.java:1198)
	at org.testng.TestNG.runSuitesLocally(TestNG.java:1123)
	at org.testng.TestNG.run(TestNG.java:1031)
	at org.testng.remote.RemoteTestNG.run(RemoteTestNG.java:115)
	at org.testng.remote.RemoteTestNG.initAndRun(RemoteTestNG.java:207)
	at org.testng.remote.RemoteTestNG.main(RemoteTestNG.java:178)
]]>
            </full-stacktrace>
          </exception> <!-- org.openqa.selenium.NoSuchElementException -->
          <reporter-output>
          </reporter-output>
        </test-method> <!-- testVerifyUserAbleToPayThroughWallet -->
        <test-method status="PASS" signature="initPageObjects()[pri:0, instance:com.patientapp.tests.AccountTests@309a5663]" name="initPageObjects" is-config="true" duration-ms="0" started-at="2016-09-08T12:50:21Z" finished-at="2016-09-08T12:50:21Z">
          <reporter-output>
          </reporter-output>
        </test-method> <!-- initPageObjects -->
        <test-method status="PASS" signature="ensureAccountPage()[pri:0, instance:com.patientapp.tests.AccountTests@309a5663]" name="ensureAccountPage" is-config="true" duration-ms="30575" started-at="2016-09-08T12:51:35Z" finished-at="2016-09-08T12:52:05Z">
          <reporter-output>
          </reporter-output>
        </test-method> <!-- ensureAccountPage -->
        <test-method status="PASS" signature="cleanUp()[pri:0, instance:com.patientapp.tests.AccountTests@309a5663]" name="cleanUp" is-config="true" duration-ms="2816" started-at="2016-09-08T12:52:05Z" finished-at="2016-09-08T12:52:08Z">
          <reporter-output>
          </reporter-output>
        </test-method> <!-- cleanUp -->
      </class> <!-- com.patientapp.tests.AccountTests -->
      <class name="com.patientapp.tests.ServicesTests">
        <test-method status="PASS" signature="setUp()[pri:0, instance:com.patientapp.tests.ServicesTests@56502388]" name="setUp" is-config="true" duration-ms="28709" started-at="2016-09-08T12:52:08Z" finished-at="2016-09-08T12:52:37Z">
          <reporter-output>
          </reporter-output>
        </test-method> <!-- setUp -->
        <test-method status="PASS" signature="initPageObjects()[pri:0, instance:com.patientapp.tests.ServicesTests@56502388]" name="initPageObjects" is-config="true" duration-ms="0" started-at="2016-09-08T12:52:37Z" finished-at="2016-09-08T12:52:37Z">
          <reporter-output>
          </reporter-output>
        </test-method> <!-- initPageObjects -->
        <test-method status="FAIL" signature="testVerifyAddAttendantsAppointment()[pri:0, instance:com.patientapp.tests.ServicesTests@56502388]" name="testVerifyAddAttendantsAppointment" duration-ms="10148" started-at="2016-09-08T12:52:37Z" finished-at="2016-09-08T12:52:47Z">
          <exception class="org.openqa.selenium.NoSuchElementException">
            <message>
              <![CDATA[An element could not be located on the page using the given search parameters. (WARNING: The server did not provide any stacktrace information)
Command duration or timeout: 10.15 seconds
For documentation on this error, please visit: http://seleniumhq.org/exceptions/no_such_element.html
Build info: version: '2.53.0', revision: '35ae25b1534ae328c771e0856c93e187490ca824', time: '2016-03-15 10:43:46'
System info: host: 'sapna-testlead', ip: '192.168.56.1', os.name: 'Windows 7', os.arch: 'amd64', os.version: '6.1', java.version: '1.7.0_65'
*** Element info: {Using=id, value=com.weecode.portea.stage:id/skip}
Session ID: 0a084ad2-318c-49cd-9886-52449f131af8
Driver info: io.appium.java_client.android.AndroidDriver
Capabilities [{automationName=Appium, platform=LINUX, app=C:\Users\sapna\Documents\workspace\PatientAndroidApp\src\test\resources\android\PA-4.0-stage-armeabi-v7a-release.apk, javascriptEnabled=true, appActivity=com.weecode.portea.activities.SplashActivity, browserName=Android, networkConnectionEnabled=true, desired={newCommandTimeout=600, automationName=Appium, app=C:\Users\sapna\Documents\workspace\PatientAndroidApp\src\test\resources\android\PA-4.0-stage-armeabi-v7a-release.apk, platformVersion=21.0, deviceName=Micromax Q450, platformName=Android, appActivity=com.weecode.portea.activities.SplashActivity, appWaitActivity=com.weecode.portea.activities.SplashActivity, appPackage=com.weecode.portea.stage}, locationContextEnabled=false, appPackage=com.weecode.portea.stage, newCommandTimeout=600, platformVersion=5.0.2, databaseEnabled=false, deviceName=386b462, platformName=Android, appWaitActivity=com.weecode.portea.activities.SplashActivity, webStorageEnabled=false, warnings={}, takesScreenshot=true}]]]>
            </message>
            <full-stacktrace>
              <![CDATA[org.openqa.selenium.NoSuchElementException: An element could not be located on the page using the given search parameters. (WARNING: The server did not provide any stacktrace information)
Command duration or timeout: 10.15 seconds
For documentation on this error, please visit: http://seleniumhq.org/exceptions/no_such_element.html
Build info: version: '2.53.0', revision: '35ae25b1534ae328c771e0856c93e187490ca824', time: '2016-03-15 10:43:46'
System info: host: 'sapna-testlead', ip: '192.168.56.1', os.name: 'Windows 7', os.arch: 'amd64', os.version: '6.1', java.version: '1.7.0_65'
*** Element info: {Using=id, value=com.weecode.portea.stage:id/skip}
Session ID: 0a084ad2-318c-49cd-9886-52449f131af8
Driver info: io.appium.java_client.android.AndroidDriver
Capabilities [{automationName=Appium, platform=LINUX, app=C:\Users\sapna\Documents\workspace\PatientAndroidApp\src\test\resources\android\PA-4.0-stage-armeabi-v7a-release.apk, javascriptEnabled=true, appActivity=com.weecode.portea.activities.SplashActivity, browserName=Android, networkConnectionEnabled=true, desired={newCommandTimeout=600, automationName=Appium, app=C:\Users\sapna\Documents\workspace\PatientAndroidApp\src\test\resources\android\PA-4.0-stage-armeabi-v7a-release.apk, platformVersion=21.0, deviceName=Micromax Q450, platformName=Android, appActivity=com.weecode.portea.activities.SplashActivity, appWaitActivity=com.weecode.portea.activities.SplashActivity, appPackage=com.weecode.portea.stage}, locationContextEnabled=false, appPackage=com.weecode.portea.stage, newCommandTimeout=600, platformVersion=5.0.2, databaseEnabled=false, deviceName=386b462, platformName=Android, appWaitActivity=com.weecode.portea.activities.SplashActivity, webStorageEnabled=false, warnings={}, takesScreenshot=true}]
	at sun.reflect.NativeConstructorAccessorImpl.newInstance0(Native Method)
	at sun.reflect.NativeConstructorAccessorImpl.newInstance(NativeConstructorAccessorImpl.java:57)
	at sun.reflect.DelegatingConstructorAccessorImpl.newInstance(DelegatingConstructorAccessorImpl.java:45)
	at java.lang.reflect.Constructor.newInstance(Constructor.java:526)
	at org.openqa.selenium.remote.ErrorHandler.createThrowable(ErrorHandler.java:206)
	at org.openqa.selenium.remote.ErrorHandler.throwIfResponseFailed(ErrorHandler.java:158)
	at org.openqa.selenium.remote.RemoteWebDriver.execute(RemoteWebDriver.java:678)
	at io.appium.java_client.AppiumDriver.execute(AppiumDriver.java:180)
	at org.openqa.selenium.remote.RemoteWebDriver.findElement(RemoteWebDriver.java:363)
	at org.openqa.selenium.remote.RemoteWebDriver.findElementById(RemoteWebDriver.java:413)
	at org.openqa.selenium.By$ById.findElement(By.java:218)
	at org.openqa.selenium.remote.RemoteWebDriver.findElement(RemoteWebDriver.java:355)
	at com.patientapp.pages.LoginPage.skip(LoginPage.java:72)
	at com.patientapp.tests.ServicesTests.testVerifyAddAttendantsAppointment(ServicesTests.java:240)
	at sun.reflect.NativeMethodAccessorImpl.invoke0(Native Method)
	at sun.reflect.NativeMethodAccessorImpl.invoke(NativeMethodAccessorImpl.java:57)
	at sun.reflect.DelegatingMethodAccessorImpl.invoke(DelegatingMethodAccessorImpl.java:43)
	at java.lang.reflect.Method.invoke(Method.java:606)
	at org.testng.internal.MethodInvocationHelper.invokeMethod(MethodInvocationHelper.java:80)
	at org.testng.internal.Invoker.invokeMethod(Invoker.java:714)
	at org.testng.internal.Invoker.invokeTestMethod(Invoker.java:901)
	at org.testng.internal.Invoker.invokeTestMethods(Invoker.java:1231)
	at org.testng.internal.TestMethodWorker.invokeTestMethods(TestMethodWorker.java:127)
	at org.testng.internal.TestMethodWorker.run(TestMethodWorker.java:111)
	at org.testng.TestRunner.privateRun(TestRunner.java:767)
	at org.testng.TestRunner.run(TestRunner.java:617)
	at org.testng.SuiteRunner.runTest(SuiteRunner.java:334)
	at org.testng.SuiteRunner.runSequentially(SuiteRunner.java:329)
	at org.testng.SuiteRunner.privateRun(SuiteRunner.java:291)
	at org.testng.SuiteRunner.run(SuiteRunner.java:240)
	at org.testng.SuiteRunnerWorker.runSuite(SuiteRunnerWorker.java:52)
	at org.testng.SuiteRunnerWorker.run(SuiteRunnerWorker.java:86)
	at org.testng.TestNG.runSuitesSequentially(TestNG.java:1198)
	at org.testng.TestNG.runSuitesLocally(TestNG.java:1123)
	at org.testng.TestNG.run(TestNG.java:1031)
	at org.testng.remote.RemoteTestNG.run(RemoteTestNG.java:115)
	at org.testng.remote.RemoteTestNG.initAndRun(RemoteTestNG.java:207)
	at org.testng.remote.RemoteTestNG.main(RemoteTestNG.java:178)
]]>
            </full-stacktrace>
          </exception> <!-- org.openqa.selenium.NoSuchElementException -->
          <reporter-output>
          </reporter-output>
        </test-method> <!-- testVerifyAddAttendantsAppointment -->
        <test-method status="PASS" signature="ensureServicePage()[pri:0, instance:com.patientapp.tests.ServicesTests@56502388]" name="ensureServicePage" is-config="true" duration-ms="30198" started-at="2016-09-08T12:52:47Z" finished-at="2016-09-08T12:53:17Z">
          <reporter-output>
          </reporter-output>
        </test-method> <!-- ensureServicePage -->
        <test-method status="PASS" signature="initPageObjects()[pri:0, instance:com.patientapp.tests.ServicesTests@56502388]" name="initPageObjects" is-config="true" duration-ms="0" started-at="2016-09-08T12:53:17Z" finished-at="2016-09-08T12:53:17Z">
          <reporter-output>
          </reporter-output>
        </test-method> <!-- initPageObjects -->
        <test-method status="PASS" signature="testVerifyAddElderCareAppointment()[pri:0, instance:com.patientapp.tests.ServicesTests@56502388]" name="testVerifyAddElderCareAppointment" duration-ms="101075" started-at="2016-09-08T12:53:17Z" finished-at="2016-09-08T12:54:58Z">
          <reporter-output>
          </reporter-output>
        </test-method> <!-- testVerifyAddElderCareAppointment -->
        <test-method status="PASS" signature="ensureServicePage()[pri:0, instance:com.patientapp.tests.ServicesTests@56502388]" name="ensureServicePage" is-config="true" duration-ms="30936" started-at="2016-09-08T12:54:58Z" finished-at="2016-09-08T12:55:29Z">
          <reporter-output>
          </reporter-output>
        </test-method> <!-- ensureServicePage -->
        <test-method status="PASS" signature="initPageObjects()[pri:0, instance:com.patientapp.tests.ServicesTests@56502388]" name="initPageObjects" is-config="true" duration-ms="1" started-at="2016-09-08T12:55:29Z" finished-at="2016-09-08T12:55:29Z">
          <reporter-output>
          </reporter-output>
        </test-method> <!-- initPageObjects -->
        <test-method status="FAIL" signature="testVerifyAddNursingAppointment()[pri:0, instance:com.patientapp.tests.ServicesTests@56502388]" name="testVerifyAddNursingAppointment" duration-ms="74921" started-at="2016-09-08T12:55:29Z" finished-at="2016-09-08T12:56:44Z">
          <exception class="org.openqa.selenium.NoSuchElementException">
            <message>
              <![CDATA[An element could not be located on the page using the given search parameters. (WARNING: The server did not provide any stacktrace information)
Command duration or timeout: 35.84 seconds
For documentation on this error, please visit: http://seleniumhq.org/exceptions/no_such_element.html
Build info: version: '2.53.0', revision: '35ae25b1534ae328c771e0856c93e187490ca824', time: '2016-03-15 10:43:46'
System info: host: 'sapna-testlead', ip: '192.168.56.1', os.name: 'Windows 7', os.arch: 'amd64', os.version: '6.1', java.version: '1.7.0_65'
*** Element info: {Using=-android uiautomator, value=new UiScrollable(new UiSelector().scrollable(true).instance(0)).scrollIntoView(new UiSelector().description("Nursing").instance(0));new UiScrollable(new UiSelector().scrollable(true).instance(0)).scrollIntoView(new UiSelector().text("Nursing").instance(0));}
Session ID: 0a084ad2-318c-49cd-9886-52449f131af8
Driver info: io.appium.java_client.android.AndroidDriver
Capabilities [{automationName=Appium, platform=LINUX, app=C:\Users\sapna\Documents\workspace\PatientAndroidApp\src\test\resources\android\PA-4.0-stage-armeabi-v7a-release.apk, javascriptEnabled=true, appActivity=com.weecode.portea.activities.SplashActivity, browserName=Android, networkConnectionEnabled=true, desired={newCommandTimeout=600, automationName=Appium, app=C:\Users\sapna\Documents\workspace\PatientAndroidApp\src\test\resources\android\PA-4.0-stage-armeabi-v7a-release.apk, platformVersion=21.0, deviceName=Micromax Q450, platformName=Android, appActivity=com.weecode.portea.activities.SplashActivity, appWaitActivity=com.weecode.portea.activities.SplashActivity, appPackage=com.weecode.portea.stage}, locationContextEnabled=false, appPackage=com.weecode.portea.stage, newCommandTimeout=600, platformVersion=5.0.2, databaseEnabled=false, deviceName=386b462, platformName=Android, appWaitActivity=com.weecode.portea.activities.SplashActivity, webStorageEnabled=false, warnings={}, takesScreenshot=true}]]]>
            </message>
            <full-stacktrace>
              <![CDATA[org.openqa.selenium.NoSuchElementException: An element could not be located on the page using the given search parameters. (WARNING: The server did not provide any stacktrace information)
Command duration or timeout: 35.84 seconds
For documentation on this error, please visit: http://seleniumhq.org/exceptions/no_such_element.html
Build info: version: '2.53.0', revision: '35ae25b1534ae328c771e0856c93e187490ca824', time: '2016-03-15 10:43:46'
System info: host: 'sapna-testlead', ip: '192.168.56.1', os.name: 'Windows 7', os.arch: 'amd64', os.version: '6.1', java.version: '1.7.0_65'
*** Element info: {Using=-android uiautomator, value=new UiScrollable(new UiSelector().scrollable(true).instance(0)).scrollIntoView(new UiSelector().description("Nursing").instance(0));new UiScrollable(new UiSelector().scrollable(true).instance(0)).scrollIntoView(new UiSelector().text("Nursing").instance(0));}
Session ID: 0a084ad2-318c-49cd-9886-52449f131af8
Driver info: io.appium.java_client.android.AndroidDriver
Capabilities [{automationName=Appium, platform=LINUX, app=C:\Users\sapna\Documents\workspace\PatientAndroidApp\src\test\resources\android\PA-4.0-stage-armeabi-v7a-release.apk, javascriptEnabled=true, appActivity=com.weecode.portea.activities.SplashActivity, browserName=Android, networkConnectionEnabled=true, desired={newCommandTimeout=600, automationName=Appium, app=C:\Users\sapna\Documents\workspace\PatientAndroidApp\src\test\resources\android\PA-4.0-stage-armeabi-v7a-release.apk, platformVersion=21.0, deviceName=Micromax Q450, platformName=Android, appActivity=com.weecode.portea.activities.SplashActivity, appWaitActivity=com.weecode.portea.activities.SplashActivity, appPackage=com.weecode.portea.stage}, locationContextEnabled=false, appPackage=com.weecode.portea.stage, newCommandTimeout=600, platformVersion=5.0.2, databaseEnabled=false, deviceName=386b462, platformName=Android, appWaitActivity=com.weecode.portea.activities.SplashActivity, webStorageEnabled=false, warnings={}, takesScreenshot=true}]
	at sun.reflect.NativeConstructorAccessorImpl.newInstance0(Native Method)
	at sun.reflect.NativeConstructorAccessorImpl.newInstance(NativeConstructorAccessorImpl.java:57)
	at sun.reflect.DelegatingConstructorAccessorImpl.newInstance(DelegatingConstructorAccessorImpl.java:45)
	at java.lang.reflect.Constructor.newInstance(Constructor.java:526)
	at org.openqa.selenium.remote.ErrorHandler.createThrowable(ErrorHandler.java:206)
	at org.openqa.selenium.remote.ErrorHandler.throwIfResponseFailed(ErrorHandler.java:158)
	at org.openqa.selenium.remote.RemoteWebDriver.execute(RemoteWebDriver.java:678)
	at io.appium.java_client.AppiumDriver.execute(AppiumDriver.java:180)
	at org.openqa.selenium.remote.RemoteWebDriver.findElement(RemoteWebDriver.java:363)
	at io.appium.java_client.android.AndroidDriver.findElementByAndroidUIAutomator(AndroidDriver.java:255)
	at io.appium.java_client.android.AndroidDriver.scrollToExact(AndroidDriver.java:65)
	at com.patientapp.tests.ServicesTests.testVerifyAddNursingAppointment(ServicesTests.java:214)
	at sun.reflect.NativeMethodAccessorImpl.invoke0(Native Method)
	at sun.reflect.NativeMethodAccessorImpl.invoke(NativeMethodAccessorImpl.java:57)
	at sun.reflect.DelegatingMethodAccessorImpl.invoke(DelegatingMethodAccessorImpl.java:43)
	at java.lang.reflect.Method.invoke(Method.java:606)
	at org.testng.internal.MethodInvocationHelper.invokeMethod(MethodInvocationHelper.java:80)
	at org.testng.internal.Invoker.invokeMethod(Invoker.java:714)
	at org.testng.internal.Invoker.invokeTestMethod(Invoker.java:901)
	at org.testng.internal.Invoker.invokeTestMethods(Invoker.java:1231)
	at org.testng.internal.TestMethodWorker.invokeTestMethods(TestMethodWorker.java:127)
	at org.testng.internal.TestMethodWorker.run(TestMethodWorker.java:111)
	at org.testng.TestRunner.privateRun(TestRunner.java:767)
	at org.testng.TestRunner.run(TestRunner.java:617)
	at org.testng.SuiteRunner.runTest(SuiteRunner.java:334)
	at org.testng.SuiteRunner.runSequentially(SuiteRunner.java:329)
	at org.testng.SuiteRunner.privateRun(SuiteRunner.java:291)
	at org.testng.SuiteRunner.run(SuiteRunner.java:240)
	at org.testng.SuiteRunnerWorker.runSuite(SuiteRunnerWorker.java:52)
	at org.testng.SuiteRunnerWorker.run(SuiteRunnerWorker.java:86)
	at org.testng.TestNG.runSuitesSequentially(TestNG.java:1198)
	at org.testng.TestNG.runSuitesLocally(TestNG.java:1123)
	at org.testng.TestNG.run(TestNG.java:1031)
	at org.testng.remote.RemoteTestNG.run(RemoteTestNG.java:115)
	at org.testng.remote.RemoteTestNG.initAndRun(RemoteTestNG.java:207)
	at org.testng.remote.RemoteTestNG.main(RemoteTestNG.java:178)
]]>
            </full-stacktrace>
          </exception> <!-- org.openqa.selenium.NoSuchElementException -->
          <reporter-output>
          </reporter-output>
        </test-method> <!-- testVerifyAddNursingAppointment -->
        <test-method status="PASS" signature="ensureServicePage()[pri:0, instance:com.patientapp.tests.ServicesTests@56502388]" name="ensureServicePage" is-config="true" duration-ms="30393" started-at="2016-09-08T12:56:44Z" finished-at="2016-09-08T12:57:15Z">
          <reporter-output>
          </reporter-output>
        </test-method> <!-- ensureServicePage -->
        <test-method status="PASS" signature="initPageObjects()[pri:0, instance:com.patientapp.tests.ServicesTests@56502388]" name="initPageObjects" is-config="true" duration-ms="0" started-at="2016-09-08T12:57:15Z" finished-at="2016-09-08T12:57:15Z">
          <reporter-output>
          </reporter-output>
        </test-method> <!-- initPageObjects -->
        <test-method status="PASS" signature="testVerifyAddPostNatalCareAppointment()[pri:0, instance:com.patientapp.tests.ServicesTests@56502388]" name="testVerifyAddPostNatalCareAppointment" duration-ms="79350" started-at="2016-09-08T12:57:15Z" finished-at="2016-09-08T12:58:34Z">
          <reporter-output>
          </reporter-output>
        </test-method> <!-- testVerifyAddPostNatalCareAppointment -->
        <test-method status="PASS" signature="ensureServicePage()[pri:0, instance:com.patientapp.tests.ServicesTests@56502388]" name="ensureServicePage" is-config="true" duration-ms="30573" started-at="2016-09-08T12:58:34Z" finished-at="2016-09-08T12:59:05Z">
          <reporter-output>
          </reporter-output>
        </test-method> <!-- ensureServicePage -->
        <test-method status="PASS" signature="initPageObjects()[pri:0, instance:com.patientapp.tests.ServicesTests@56502388]" name="initPageObjects" is-config="true" duration-ms="0" started-at="2016-09-08T12:59:05Z" finished-at="2016-09-08T12:59:05Z">
          <reporter-output>
          </reporter-output>
        </test-method> <!-- initPageObjects -->
        <test-method status="PASS" signature="testVerifyBookVaccination()[pri:0, instance:com.patientapp.tests.ServicesTests@56502388]" name="testVerifyBookVaccination" duration-ms="75395" started-at="2016-09-08T12:59:05Z" finished-at="2016-09-08T13:00:20Z">
          <reporter-output>
          </reporter-output>
        </test-method> <!-- testVerifyBookVaccination -->
        <test-method status="PASS" signature="ensureServicePage()[pri:0, instance:com.patientapp.tests.ServicesTests@56502388]" name="ensureServicePage" is-config="true" duration-ms="30702" started-at="2016-09-08T13:00:20Z" finished-at="2016-09-08T13:00:51Z">
          <reporter-output>
          </reporter-output>
        </test-method> <!-- ensureServicePage -->
        <test-method status="PASS" signature="cleanUp()[pri:0, instance:com.patientapp.tests.ServicesTests@56502388]" name="cleanUp" is-config="true" duration-ms="3047" started-at="2016-09-08T13:00:51Z" finished-at="2016-09-08T13:00:54Z">
          <reporter-output>
          </reporter-output>
        </test-method> <!-- cleanUp -->
      </class> <!-- com.patientapp.tests.ServicesTests -->
    </test> <!-- SmokeTestSuite -->
  </suite> <!-- PatientAppSmokeTestScenarios -->
</testng-results>
