<html>
<head>
<title>TestNG:  SmokeTestSuite</title>
<link href="../testng.css" rel="stylesheet" type="text/css" />
<link href="../my-testng.css" rel="stylesheet" type="text/css" />

<style type="text/css">
.log { display: none;} 
.stack-trace { display: none;} 
</style>
<script type="text/javascript">
<!--
function flip(e) {
  current = e.style.display;
  if (current == 'block') {
    e.style.display = 'none';
    return 0;
  }
  else {
    e.style.display = 'block';
    return 1;
  }
}

function toggleBox(szDivId, elem, msg1, msg2)
{
  var res = -1;  if (document.getElementById) {
    res = flip(document.getElementById(szDivId));
  }
  else if (document.all) {
    // this is the way old msie versions work
    res = flip(document.all[szDivId]);
  }
  if(elem) {
    if(res == 0) elem.innerHTML = msg1; else elem.innerHTML = msg2;
  }

}

function toggleAllBoxes() {
  if (document.getElementsByTagName) {
    d = document.getElementsByTagName('div');
    for (i = 0; i < d.length; i++) {
      if (d[i].className == 'log') {
        flip(d[i]);
      }
    }
  }
}

// -->
</script>

</head>
<body>
<h2 align='center'>SmokeTestSuite</h2><table border='1' align="center">
<tr>
<td>Tests passed/Failed/Skipped:</td><td>23/13/0</td>
</tr><tr>
<td>Started on:</td><td>Thu Sep 08 12:21:28 IST 2016</td>
</tr>
<tr><td>Total time:</td><td>2848 seconds (2848761 ms)</td>
</tr><tr>
<td>Included groups:</td><td></td>
</tr><tr>
<td>Excluded groups:</td><td></td>
</tr>
</table><p/>
<small><i>(Hover the method name to see the test class name)</i></small><p/>
<table width='100%' border='1' class='invocation-failed'>
<tr><td colspan='4' align='center'><b>FAILED TESTS</b></td></tr>
<tr><td><b>Test method</b></td>
<td width="30%"><b>Exception</b></td>
<td width="10%"><b>Time (seconds)</b></td>
<td><b>Instance</b></td>
</tr>
<tr>
<td title='com.patientapp.tests.HealthFeedTests.TC_21_testVerifyUserShouldAbleToSeeSelectedFeedDetails()'><b>TC_21_testVerifyUserShouldAbleToSeeSelectedFeedDetails</b><br>Test class: com.patientapp.tests.HealthFeedTests</td>
<td><div><pre>org.openqa.selenium.NoSuchElementException: An element could not be located on the page using the given search parameters. (WARNING: The server did not provide any stacktrace information)
Command duration or timeout: 10.23 seconds
For documentation on this error, please visit: http://seleniumhq.org/exceptions/no_such_element.html
Build info: version: &apos;2.53.0&apos;, revision: &apos;35ae25b1534ae328c771e0856c93e187490ca824&apos;, time: &apos;2016-03-15 10:43:46&apos;
System info: host: &apos;sapna-testlead&apos;, ip: &apos;192.168.56.1&apos;, os.name: &apos;Windows 7&apos;, os.arch: &apos;amd64&apos;, os.version: &apos;6.1&apos;, java.version: &apos;1.7.0_65&apos;
*** Element info: {Using=name, value=filter}
Session ID: efcfd15d-7845-4f80-aa8f-b68870071c0c
Driver info: io.appium.java_client.android.AndroidDriver
Capabilities [{automationName=Appium, platform=LINUX, app=C:\Users\sapna\Documents\workspace\PatientAndroidApp\src\test\resources\android\PA-4.0-stage-armeabi-v7a-release.apk, javascriptEnabled=true, appActivity=com.weecode.portea.activities.SplashActivity, browserName=Android, networkConnectionEnabled=true, desired={newCommandTimeout=600, automationName=Appium, app=C:\Users\sapna\Documents\workspace\PatientAndroidApp\src\test\resources\android\PA-4.0-stage-armeabi-v7a-release.apk, platformVersion=21.0, deviceName=Micromax Q450, platformName=Android, appActivity=com.weecode.portea.activities.SplashActivity, appWaitActivity=com.weecode.portea.activities.SplashActivity, appPackage=com.weecode.portea.stage}, locationContextEnabled=false, appPackage=com.weecode.portea.stage, newCommandTimeout=600, platformVersion=5.0.2, databaseEnabled=false, deviceName=386b462, platformName=Android, appWaitActivity=com.weecode.portea.activities.SplashActivity, webStorageEnabled=false, warnings={}, takesScreenshot=true}]
	at org.openqa.selenium.remote.ErrorHandler.createThrowable(ErrorHandler.java:206)
	at org.openqa.selenium.remote.ErrorHandler.throwIfResponseFailed(ErrorHandler.java:158)
	at org.openqa.selenium.remote.RemoteWebDriver.execute(RemoteWebDriver.java:678)
	at io.appium.java_client.AppiumDriver.execute(AppiumDriver.java:180)
	at org.openqa.selenium.remote.RemoteWebDriver.findElement(RemoteWebDriver.java:363)
	at org.openqa.selenium.remote.RemoteWebDriver.findElementByName(RemoteWebDriver.java:461)
	at org.openqa.selenium.By$ByName.findElement(By.java:303)
	at org.openqa.selenium.remote.RemoteWebDriver.findElement(RemoteWebDriver.java:355)
	at com.patientapp.pages.HealthFeedPage.onClickFilter(HealthFeedPage.java:67)
	at com.patientapp.tests.HealthFeedTests.TC_21_testVerifyUserShouldAbleToSeeSelectedFeedDetails(HealthFeedTests.java:63)
... Removed 28 stack frames</pre></div><a href='#' onClick='toggleBox("stack-trace2060971166", this, "Click to show all stack frames", "Click to hide stack frames")'>Click to show all stack frames</a>
<div class='stack-trace' id='stack-trace2060971166'><pre>org.openqa.selenium.NoSuchElementException: An element could not be located on the page using the given search parameters. (WARNING: The server did not provide any stacktrace information)
Command duration or timeout: 10.23 seconds
For documentation on this error, please visit: http://seleniumhq.org/exceptions/no_such_element.html
Build info: version: &apos;2.53.0&apos;, revision: &apos;35ae25b1534ae328c771e0856c93e187490ca824&apos;, time: &apos;2016-03-15 10:43:46&apos;
System info: host: &apos;sapna-testlead&apos;, ip: &apos;192.168.56.1&apos;, os.name: &apos;Windows 7&apos;, os.arch: &apos;amd64&apos;, os.version: &apos;6.1&apos;, java.version: &apos;1.7.0_65&apos;
*** Element info: {Using=name, value=filter}
Session ID: efcfd15d-7845-4f80-aa8f-b68870071c0c
Driver info: io.appium.java_client.android.AndroidDriver
Capabilities [{automationName=Appium, platform=LINUX, app=C:\Users\sapna\Documents\workspace\PatientAndroidApp\src\test\resources\android\PA-4.0-stage-armeabi-v7a-release.apk, javascriptEnabled=true, appActivity=com.weecode.portea.activities.SplashActivity, browserName=Android, networkConnectionEnabled=true, desired={newCommandTimeout=600, automationName=Appium, app=C:\Users\sapna\Documents\workspace\PatientAndroidApp\src\test\resources\android\PA-4.0-stage-armeabi-v7a-release.apk, platformVersion=21.0, deviceName=Micromax Q450, platformName=Android, appActivity=com.weecode.portea.activities.SplashActivity, appWaitActivity=com.weecode.portea.activities.SplashActivity, appPackage=com.weecode.portea.stage}, locationContextEnabled=false, appPackage=com.weecode.portea.stage, newCommandTimeout=600, platformVersion=5.0.2, databaseEnabled=false, deviceName=386b462, platformName=Android, appWaitActivity=com.weecode.portea.activities.SplashActivity, webStorageEnabled=false, warnings={}, takesScreenshot=true}]
	at sun.reflect.NativeConstructorAccessorImpl.newInstance0(Native Method)
	at sun.reflect.NativeConstructorAccessorImpl.newInstance(NativeConstructorAccessorImpl.java:57)
	at sun.reflect.DelegatingConstructorAccessorImpl.newInstance(DelegatingConstructorAccessorImpl.java:45)
	at java.lang.reflect.Constructor.newInstance(Constructor.java:526)
	at org.openqa.selenium.remote.ErrorHandler.createThrowable(ErrorHandler.java:206)
	at org.openqa.selenium.remote.ErrorHandler.throwIfResponseFailed(ErrorHandler.java:158)
	at org.openqa.selenium.remote.RemoteWebDriver.execute(RemoteWebDriver.java:678)
	at io.appium.java_client.AppiumDriver.execute(AppiumDriver.java:180)
	at org.openqa.selenium.remote.RemoteWebDriver.findElement(RemoteWebDriver.java:363)
	at org.openqa.selenium.remote.RemoteWebDriver.findElementByName(RemoteWebDriver.java:461)
	at org.openqa.selenium.By$ByName.findElement(By.java:303)
	at org.openqa.selenium.remote.RemoteWebDriver.findElement(RemoteWebDriver.java:355)
	at com.patientapp.pages.HealthFeedPage.onClickFilter(HealthFeedPage.java:67)
	at com.patientapp.tests.HealthFeedTests.TC_21_testVerifyUserShouldAbleToSeeSelectedFeedDetails(HealthFeedTests.java:63)
	at sun.reflect.NativeMethodAccessorImpl.invoke0(Native Method)
	at sun.reflect.NativeMethodAccessorImpl.invoke(NativeMethodAccessorImpl.java:57)
	at sun.reflect.DelegatingMethodAccessorImpl.invoke(DelegatingMethodAccessorImpl.java:43)
	at java.lang.reflect.Method.invoke(Method.java:606)
	at org.testng.internal.MethodInvocationHelper.invokeMethod(MethodInvocationHelper.java:80)
	at org.testng.internal.Invoker.invokeMethod(Invoker.java:714)
	at org.testng.internal.Invoker.invokeTestMethod(Invoker.java:901)
	at org.testng.internal.Invoker.invokeTestMethods(Invoker.java:1231)
	at org.testng.internal.TestMethodWorker.invokeTestMethods(TestMethodWorker.java:127)
	at org.testng.internal.TestMethodWorker.run(TestMethodWorker.java:111)
	at org.testng.TestRunner.privateRun(TestRunner.java:767)
	at org.testng.TestRunner.run(TestRunner.java:617)
	at org.testng.SuiteRunner.runTest(SuiteRunner.java:334)
	at org.testng.SuiteRunner.runSequentially(SuiteRunner.java:329)
	at org.testng.SuiteRunner.privateRun(SuiteRunner.java:291)
	at org.testng.SuiteRunner.run(SuiteRunner.java:240)
	at org.testng.SuiteRunnerWorker.runSuite(SuiteRunnerWorker.java:52)
	at org.testng.SuiteRunnerWorker.run(SuiteRunnerWorker.java:86)
	at org.testng.TestNG.runSuitesSequentially(TestNG.java:1198)
	at org.testng.TestNG.runSuitesLocally(TestNG.java:1123)
	at org.testng.TestNG.run(TestNG.java:1031)
	at org.testng.remote.RemoteTestNG.run(RemoteTestNG.java:115)
	at org.testng.remote.RemoteTestNG.initAndRun(RemoteTestNG.java:207)
	at org.testng.remote.RemoteTestNG.main(RemoteTestNG.java:178)
</pre></div></td>
<td>46</td>
<td>com.patientapp.tests.HealthFeedTests@1cd6758a</td></tr>
<tr>
<td title='com.patientapp.tests.HealthFeedTests.TC_22_testVerifyUserShouldAbleToLikeArticle()'><b>TC_22_testVerifyUserShouldAbleToLikeArticle</b><br>Test class: com.patientapp.tests.HealthFeedTests</td>
<td><div><pre>java.lang.IndexOutOfBoundsException: Index: 0, Size: 0
	at java.util.ArrayList.rangeCheck(ArrayList.java:635)
	at java.util.ArrayList.get(ArrayList.java:411)
	at com.patientapp.pages.HealthFeedPage.likeArticle(HealthFeedPage.java:86)
	at com.patientapp.tests.HealthFeedTests.TC_22_testVerifyUserShouldAbleToLikeArticle(HealthFeedTests.java:82)
... Removed 24 stack frames</pre></div><a href='#' onClick='toggleBox("stack-trace1960764652", this, "Click to show all stack frames", "Click to hide stack frames")'>Click to show all stack frames</a>
<div class='stack-trace' id='stack-trace1960764652'><pre>java.lang.IndexOutOfBoundsException: Index: 0, Size: 0
	at java.util.ArrayList.rangeCheck(ArrayList.java:635)
	at java.util.ArrayList.get(ArrayList.java:411)
	at com.patientapp.pages.HealthFeedPage.likeArticle(HealthFeedPage.java:86)
	at com.patientapp.tests.HealthFeedTests.TC_22_testVerifyUserShouldAbleToLikeArticle(HealthFeedTests.java:82)
	at sun.reflect.NativeMethodAccessorImpl.invoke0(Native Method)
	at sun.reflect.NativeMethodAccessorImpl.invoke(NativeMethodAccessorImpl.java:57)
	at sun.reflect.DelegatingMethodAccessorImpl.invoke(DelegatingMethodAccessorImpl.java:43)
	at java.lang.reflect.Method.invoke(Method.java:606)
	at org.testng.internal.MethodInvocationHelper.invokeMethod(MethodInvocationHelper.java:80)
	at org.testng.internal.Invoker.invokeMethod(Invoker.java:714)
	at org.testng.internal.Invoker.invokeTestMethod(Invoker.java:901)
	at org.testng.internal.Invoker.invokeTestMethods(Invoker.java:1231)
	at org.testng.internal.TestMethodWorker.invokeTestMethods(TestMethodWorker.java:127)
	at org.testng.internal.TestMethodWorker.run(TestMethodWorker.java:111)
	at org.testng.TestRunner.privateRun(TestRunner.java:767)
	at org.testng.TestRunner.run(TestRunner.java:617)
	at org.testng.SuiteRunner.runTest(SuiteRunner.java:334)
	at org.testng.SuiteRunner.runSequentially(SuiteRunner.java:329)
	at org.testng.SuiteRunner.privateRun(SuiteRunner.java:291)
	at org.testng.SuiteRunner.run(SuiteRunner.java:240)
	at org.testng.SuiteRunnerWorker.runSuite(SuiteRunnerWorker.java:52)
	at org.testng.SuiteRunnerWorker.run(SuiteRunnerWorker.java:86)
	at org.testng.TestNG.runSuitesSequentially(TestNG.java:1198)
	at org.testng.TestNG.runSuitesLocally(TestNG.java:1123)
	at org.testng.TestNG.run(TestNG.java:1031)
	at org.testng.remote.RemoteTestNG.run(RemoteTestNG.java:115)
	at org.testng.remote.RemoteTestNG.initAndRun(RemoteTestNG.java:207)
	at org.testng.remote.RemoteTestNG.main(RemoteTestNG.java:178)
</pre></div></td>
<td>43</td>
<td>com.patientapp.tests.HealthFeedTests@1cd6758a</td></tr>
<tr>
<td title='com.patientapp.tests.MoreOptionsTests.TC_24_testVerifyGeneralQueriesFAQVisibility()'><b>TC_24_testVerifyGeneralQueriesFAQVisibility</b><br>Test class: com.patientapp.tests.MoreOptionsTests</td>
<td><div><pre>org.openqa.selenium.NoSuchElementException: An element could not be located on the page using the given search parameters. (WARNING: The server did not provide any stacktrace information)
Command duration or timeout: 10.45 seconds
For documentation on this error, please visit: http://seleniumhq.org/exceptions/no_such_element.html
Build info: version: &apos;2.53.0&apos;, revision: &apos;35ae25b1534ae328c771e0856c93e187490ca824&apos;, time: &apos;2016-03-15 10:43:46&apos;
System info: host: &apos;sapna-testlead&apos;, ip: &apos;192.168.56.1&apos;, os.name: &apos;Windows 7&apos;, os.arch: &apos;amd64&apos;, os.version: &apos;6.1&apos;, java.version: &apos;1.7.0_65&apos;
*** Element info: {Using=id, value=com.weecode.portea.stage:id/tv_mobile_no}
Session ID: dca88b8e-70d5-4113-806d-f0fad9ebdcc6
Driver info: io.appium.java_client.android.AndroidDriver
Capabilities [{automationName=Appium, platform=LINUX, app=C:\Users\sapna\Documents\workspace\PatientAndroidApp\src\test\resources\android\PA-4.0-stage-armeabi-v7a-release.apk, javascriptEnabled=true, appActivity=com.weecode.portea.activities.SplashActivity, browserName=Android, networkConnectionEnabled=true, desired={newCommandTimeout=600, automationName=Appium, app=C:\Users\sapna\Documents\workspace\PatientAndroidApp\src\test\resources\android\PA-4.0-stage-armeabi-v7a-release.apk, platformVersion=21.0, deviceName=Micromax Q450, platformName=Android, appActivity=com.weecode.portea.activities.SplashActivity, appWaitActivity=com.weecode.portea.activities.SplashActivity, appPackage=com.weecode.portea.stage}, locationContextEnabled=false, appPackage=com.weecode.portea.stage, newCommandTimeout=600, platformVersion=5.0.2, databaseEnabled=false, deviceName=386b462, platformName=Android, appWaitActivity=com.weecode.portea.activities.SplashActivity, webStorageEnabled=false, warnings={}, takesScreenshot=true}]
	at org.openqa.selenium.remote.ErrorHandler.createThrowable(ErrorHandler.java:206)
	at org.openqa.selenium.remote.ErrorHandler.throwIfResponseFailed(ErrorHandler.java:158)
	at org.openqa.selenium.remote.RemoteWebDriver.execute(RemoteWebDriver.java:678)
	at io.appium.java_client.AppiumDriver.execute(AppiumDriver.java:180)
	at org.openqa.selenium.remote.RemoteWebDriver.findElement(RemoteWebDriver.java:363)
	at org.openqa.selenium.remote.RemoteWebDriver.findElementById(RemoteWebDriver.java:413)
	at org.openqa.selenium.By$ById.findElement(By.java:218)
	at org.openqa.selenium.remote.RemoteWebDriver.findElement(RemoteWebDriver.java:355)
	at com.patientapp.pages.LoginPage.login(LoginPage.java:79)
	at com.patientapp.tests.MoreOptionsTests.TC_24_testVerifyGeneralQueriesFAQVisibility(MoreOptionsTests.java:72)
... Removed 28 stack frames</pre></div><a href='#' onClick='toggleBox("stack-trace665109440", this, "Click to show all stack frames", "Click to hide stack frames")'>Click to show all stack frames</a>
<div class='stack-trace' id='stack-trace665109440'><pre>org.openqa.selenium.NoSuchElementException: An element could not be located on the page using the given search parameters. (WARNING: The server did not provide any stacktrace information)
Command duration or timeout: 10.45 seconds
For documentation on this error, please visit: http://seleniumhq.org/exceptions/no_such_element.html
Build info: version: &apos;2.53.0&apos;, revision: &apos;35ae25b1534ae328c771e0856c93e187490ca824&apos;, time: &apos;2016-03-15 10:43:46&apos;
System info: host: &apos;sapna-testlead&apos;, ip: &apos;192.168.56.1&apos;, os.name: &apos;Windows 7&apos;, os.arch: &apos;amd64&apos;, os.version: &apos;6.1&apos;, java.version: &apos;1.7.0_65&apos;
*** Element info: {Using=id, value=com.weecode.portea.stage:id/tv_mobile_no}
Session ID: dca88b8e-70d5-4113-806d-f0fad9ebdcc6
Driver info: io.appium.java_client.android.AndroidDriver
Capabilities [{automationName=Appium, platform=LINUX, app=C:\Users\sapna\Documents\workspace\PatientAndroidApp\src\test\resources\android\PA-4.0-stage-armeabi-v7a-release.apk, javascriptEnabled=true, appActivity=com.weecode.portea.activities.SplashActivity, browserName=Android, networkConnectionEnabled=true, desired={newCommandTimeout=600, automationName=Appium, app=C:\Users\sapna\Documents\workspace\PatientAndroidApp\src\test\resources\android\PA-4.0-stage-armeabi-v7a-release.apk, platformVersion=21.0, deviceName=Micromax Q450, platformName=Android, appActivity=com.weecode.portea.activities.SplashActivity, appWaitActivity=com.weecode.portea.activities.SplashActivity, appPackage=com.weecode.portea.stage}, locationContextEnabled=false, appPackage=com.weecode.portea.stage, newCommandTimeout=600, platformVersion=5.0.2, databaseEnabled=false, deviceName=386b462, platformName=Android, appWaitActivity=com.weecode.portea.activities.SplashActivity, webStorageEnabled=false, warnings={}, takesScreenshot=true}]
	at sun.reflect.NativeConstructorAccessorImpl.newInstance0(Native Method)
	at sun.reflect.NativeConstructorAccessorImpl.newInstance(NativeConstructorAccessorImpl.java:57)
	at sun.reflect.DelegatingConstructorAccessorImpl.newInstance(DelegatingConstructorAccessorImpl.java:45)
	at java.lang.reflect.Constructor.newInstance(Constructor.java:526)
	at org.openqa.selenium.remote.ErrorHandler.createThrowable(ErrorHandler.java:206)
	at org.openqa.selenium.remote.ErrorHandler.throwIfResponseFailed(ErrorHandler.java:158)
	at org.openqa.selenium.remote.RemoteWebDriver.execute(RemoteWebDriver.java:678)
	at io.appium.java_client.AppiumDriver.execute(AppiumDriver.java:180)
	at org.openqa.selenium.remote.RemoteWebDriver.findElement(RemoteWebDriver.java:363)
	at org.openqa.selenium.remote.RemoteWebDriver.findElementById(RemoteWebDriver.java:413)
	at org.openqa.selenium.By$ById.findElement(By.java:218)
	at org.openqa.selenium.remote.RemoteWebDriver.findElement(RemoteWebDriver.java:355)
	at com.patientapp.pages.LoginPage.login(LoginPage.java:79)
	at com.patientapp.tests.MoreOptionsTests.TC_24_testVerifyGeneralQueriesFAQVisibility(MoreOptionsTests.java:72)
	at sun.reflect.NativeMethodAccessorImpl.invoke0(Native Method)
	at sun.reflect.NativeMethodAccessorImpl.invoke(NativeMethodAccessorImpl.java:57)
	at sun.reflect.DelegatingMethodAccessorImpl.invoke(DelegatingMethodAccessorImpl.java:43)
	at java.lang.reflect.Method.invoke(Method.java:606)
	at org.testng.internal.MethodInvocationHelper.invokeMethod(MethodInvocationHelper.java:80)
	at org.testng.internal.Invoker.invokeMethod(Invoker.java:714)
	at org.testng.internal.Invoker.invokeTestMethod(Invoker.java:901)
	at org.testng.internal.Invoker.invokeTestMethods(Invoker.java:1231)
	at org.testng.internal.TestMethodWorker.invokeTestMethods(TestMethodWorker.java:127)
	at org.testng.internal.TestMethodWorker.run(TestMethodWorker.java:111)
	at org.testng.TestRunner.privateRun(TestRunner.java:767)
	at org.testng.TestRunner.run(TestRunner.java:617)
	at org.testng.SuiteRunner.runTest(SuiteRunner.java:334)
	at org.testng.SuiteRunner.runSequentially(SuiteRunner.java:329)
	at org.testng.SuiteRunner.privateRun(SuiteRunner.java:291)
	at org.testng.SuiteRunner.run(SuiteRunner.java:240)
	at org.testng.SuiteRunnerWorker.runSuite(SuiteRunnerWorker.java:52)
	at org.testng.SuiteRunnerWorker.run(SuiteRunnerWorker.java:86)
	at org.testng.TestNG.runSuitesSequentially(TestNG.java:1198)
	at org.testng.TestNG.runSuitesLocally(TestNG.java:1123)
	at org.testng.TestNG.run(TestNG.java:1031)
	at org.testng.remote.RemoteTestNG.run(RemoteTestNG.java:115)
	at org.testng.remote.RemoteTestNG.initAndRun(RemoteTestNG.java:207)
	at org.testng.remote.RemoteTestNG.main(RemoteTestNG.java:178)
</pre></div></td>
<td>18</td>
<td>com.patientapp.tests.MoreOptionsTests@50d5afff</td></tr>
<tr>
<td title='com.patientapp.tests.MoreOptionsTests.TC_27_testVerifyUserShouldAbleToSubmitFeedback()'><b>TC_27_testVerifyUserShouldAbleToSubmitFeedback</b><br>Test class: com.patientapp.tests.MoreOptionsTests</td>
<td><div><pre>org.openqa.selenium.UnsupportedCommandException: Missing parameters: [&quot;selector&quot;]
Command duration or timeout: 12 milliseconds
Build info: version: &apos;2.53.0&apos;, revision: &apos;35ae25b1534ae328c771e0856c93e187490ca824&apos;, time: &apos;2016-03-15 10:43:46&apos;
System info: host: &apos;sapna-testlead&apos;, ip: &apos;192.168.56.1&apos;, os.name: &apos;Windows 7&apos;, os.arch: &apos;amd64&apos;, os.version: &apos;6.1&apos;, java.version: &apos;1.7.0_65&apos;
*** Element info: {Using=id, value=}
Session ID: dca88b8e-70d5-4113-806d-f0fad9ebdcc6
Driver info: io.appium.java_client.android.AndroidDriver
Capabilities [{automationName=Appium, platform=LINUX, app=C:\Users\sapna\Documents\workspace\PatientAndroidApp\src\test\resources\android\PA-4.0-stage-armeabi-v7a-release.apk, javascriptEnabled=true, appActivity=com.weecode.portea.activities.SplashActivity, browserName=Android, networkConnectionEnabled=true, desired={newCommandTimeout=600, automationName=Appium, app=C:\Users\sapna\Documents\workspace\PatientAndroidApp\src\test\resources\android\PA-4.0-stage-armeabi-v7a-release.apk, platformVersion=21.0, deviceName=Micromax Q450, platformName=Android, appActivity=com.weecode.portea.activities.SplashActivity, appWaitActivity=com.weecode.portea.activities.SplashActivity, appPackage=com.weecode.portea.stage}, locationContextEnabled=false, appPackage=com.weecode.portea.stage, newCommandTimeout=600, platformVersion=5.0.2, databaseEnabled=false, deviceName=386b462, platformName=Android, appWaitActivity=com.weecode.portea.activities.SplashActivity, webStorageEnabled=false, warnings={}, takesScreenshot=true}]
	at org.openqa.selenium.remote.ErrorHandler.createThrowable(ErrorHandler.java:206)
	at org.openqa.selenium.remote.ErrorHandler.throwIfResponseFailed(ErrorHandler.java:158)
	at org.openqa.selenium.remote.RemoteWebDriver.execute(RemoteWebDriver.java:678)
	at io.appium.java_client.AppiumDriver.execute(AppiumDriver.java:180)
	at org.openqa.selenium.remote.RemoteWebDriver.findElement(RemoteWebDriver.java:363)
	at org.openqa.selenium.remote.RemoteWebDriver.findElementById(RemoteWebDriver.java:413)
	at org.openqa.selenium.By$ById.findElement(By.java:218)
	at org.openqa.selenium.remote.RemoteWebDriver.findElement(RemoteWebDriver.java:355)
	at com.patientapp.pages.MoreOptionsPage.submitFeedback(MoreOptionsPage.java:140)
	at com.patientapp.tests.MoreOptionsTests.TC_27_testVerifyUserShouldAbleToSubmitFeedback(MoreOptionsTests.java:119)
... Removed 28 stack frames</pre></div><a href='#' onClick='toggleBox("stack-trace1941084098", this, "Click to show all stack frames", "Click to hide stack frames")'>Click to show all stack frames</a>
<div class='stack-trace' id='stack-trace1941084098'><pre>org.openqa.selenium.UnsupportedCommandException: Missing parameters: [&quot;selector&quot;]
Command duration or timeout: 12 milliseconds
Build info: version: &apos;2.53.0&apos;, revision: &apos;35ae25b1534ae328c771e0856c93e187490ca824&apos;, time: &apos;2016-03-15 10:43:46&apos;
System info: host: &apos;sapna-testlead&apos;, ip: &apos;192.168.56.1&apos;, os.name: &apos;Windows 7&apos;, os.arch: &apos;amd64&apos;, os.version: &apos;6.1&apos;, java.version: &apos;1.7.0_65&apos;
*** Element info: {Using=id, value=}
Session ID: dca88b8e-70d5-4113-806d-f0fad9ebdcc6
Driver info: io.appium.java_client.android.AndroidDriver
Capabilities [{automationName=Appium, platform=LINUX, app=C:\Users\sapna\Documents\workspace\PatientAndroidApp\src\test\resources\android\PA-4.0-stage-armeabi-v7a-release.apk, javascriptEnabled=true, appActivity=com.weecode.portea.activities.SplashActivity, browserName=Android, networkConnectionEnabled=true, desired={newCommandTimeout=600, automationName=Appium, app=C:\Users\sapna\Documents\workspace\PatientAndroidApp\src\test\resources\android\PA-4.0-stage-armeabi-v7a-release.apk, platformVersion=21.0, deviceName=Micromax Q450, platformName=Android, appActivity=com.weecode.portea.activities.SplashActivity, appWaitActivity=com.weecode.portea.activities.SplashActivity, appPackage=com.weecode.portea.stage}, locationContextEnabled=false, appPackage=com.weecode.portea.stage, newCommandTimeout=600, platformVersion=5.0.2, databaseEnabled=false, deviceName=386b462, platformName=Android, appWaitActivity=com.weecode.portea.activities.SplashActivity, webStorageEnabled=false, warnings={}, takesScreenshot=true}]
	at sun.reflect.NativeConstructorAccessorImpl.newInstance0(Native Method)
	at sun.reflect.NativeConstructorAccessorImpl.newInstance(NativeConstructorAccessorImpl.java:57)
	at sun.reflect.DelegatingConstructorAccessorImpl.newInstance(DelegatingConstructorAccessorImpl.java:45)
	at java.lang.reflect.Constructor.newInstance(Constructor.java:526)
	at org.openqa.selenium.remote.ErrorHandler.createThrowable(ErrorHandler.java:206)
	at org.openqa.selenium.remote.ErrorHandler.throwIfResponseFailed(ErrorHandler.java:158)
	at org.openqa.selenium.remote.RemoteWebDriver.execute(RemoteWebDriver.java:678)
	at io.appium.java_client.AppiumDriver.execute(AppiumDriver.java:180)
	at org.openqa.selenium.remote.RemoteWebDriver.findElement(RemoteWebDriver.java:363)
	at org.openqa.selenium.remote.RemoteWebDriver.findElementById(RemoteWebDriver.java:413)
	at org.openqa.selenium.By$ById.findElement(By.java:218)
	at org.openqa.selenium.remote.RemoteWebDriver.findElement(RemoteWebDriver.java:355)
	at com.patientapp.pages.MoreOptionsPage.submitFeedback(MoreOptionsPage.java:140)
	at com.patientapp.tests.MoreOptionsTests.TC_27_testVerifyUserShouldAbleToSubmitFeedback(MoreOptionsTests.java:119)
	at sun.reflect.NativeMethodAccessorImpl.invoke0(Native Method)
	at sun.reflect.NativeMethodAccessorImpl.invoke(NativeMethodAccessorImpl.java:57)
	at sun.reflect.DelegatingMethodAccessorImpl.invoke(DelegatingMethodAccessorImpl.java:43)
	at java.lang.reflect.Method.invoke(Method.java:606)
	at org.testng.internal.MethodInvocationHelper.invokeMethod(MethodInvocationHelper.java:80)
	at org.testng.internal.Invoker.invokeMethod(Invoker.java:714)
	at org.testng.internal.Invoker.invokeTestMethod(Invoker.java:901)
	at org.testng.internal.Invoker.invokeTestMethods(Invoker.java:1231)
	at org.testng.internal.TestMethodWorker.invokeTestMethods(TestMethodWorker.java:127)
	at org.testng.internal.TestMethodWorker.run(TestMethodWorker.java:111)
	at org.testng.TestRunner.privateRun(TestRunner.java:767)
	at org.testng.TestRunner.run(TestRunner.java:617)
	at org.testng.SuiteRunner.runTest(SuiteRunner.java:334)
	at org.testng.SuiteRunner.runSequentially(SuiteRunner.java:329)
	at org.testng.SuiteRunner.privateRun(SuiteRunner.java:291)
	at org.testng.SuiteRunner.run(SuiteRunner.java:240)
	at org.testng.SuiteRunnerWorker.runSuite(SuiteRunnerWorker.java:52)
	at org.testng.SuiteRunnerWorker.run(SuiteRunnerWorker.java:86)
	at org.testng.TestNG.runSuitesSequentially(TestNG.java:1198)
	at org.testng.TestNG.runSuitesLocally(TestNG.java:1123)
	at org.testng.TestNG.run(TestNG.java:1031)
	at org.testng.remote.RemoteTestNG.run(RemoteTestNG.java:115)
	at org.testng.remote.RemoteTestNG.initAndRun(RemoteTestNG.java:207)
	at org.testng.remote.RemoteTestNG.main(RemoteTestNG.java:178)
</pre></div></td>
<td>34</td>
<td>com.patientapp.tests.MoreOptionsTests@50d5afff</td></tr>
<tr>
<td title='com.patientapp.tests.MoreOptionsTests.TC_28_testVerifyContactUsOption()'><b>TC_28_testVerifyContactUsOption</b><br>Test class: com.patientapp.tests.MoreOptionsTests</td>
<td><div><pre>org.openqa.selenium.UnsupportedCommandException: Missing parameters: [&quot;selector&quot;]
Command duration or timeout: 6 milliseconds
Build info: version: &apos;2.53.0&apos;, revision: &apos;35ae25b1534ae328c771e0856c93e187490ca824&apos;, time: &apos;2016-03-15 10:43:46&apos;
System info: host: &apos;sapna-testlead&apos;, ip: &apos;192.168.56.1&apos;, os.name: &apos;Windows 7&apos;, os.arch: &apos;amd64&apos;, os.version: &apos;6.1&apos;, java.version: &apos;1.7.0_65&apos;
*** Element info: {Using=id, value=}
Session ID: dca88b8e-70d5-4113-806d-f0fad9ebdcc6
Driver info: io.appium.java_client.android.AndroidDriver
Capabilities [{automationName=Appium, platform=LINUX, app=C:\Users\sapna\Documents\workspace\PatientAndroidApp\src\test\resources\android\PA-4.0-stage-armeabi-v7a-release.apk, javascriptEnabled=true, appActivity=com.weecode.portea.activities.SplashActivity, browserName=Android, networkConnectionEnabled=true, desired={newCommandTimeout=600, automationName=Appium, app=C:\Users\sapna\Documents\workspace\PatientAndroidApp\src\test\resources\android\PA-4.0-stage-armeabi-v7a-release.apk, platformVersion=21.0, deviceName=Micromax Q450, platformName=Android, appActivity=com.weecode.portea.activities.SplashActivity, appWaitActivity=com.weecode.portea.activities.SplashActivity, appPackage=com.weecode.portea.stage}, locationContextEnabled=false, appPackage=com.weecode.portea.stage, newCommandTimeout=600, platformVersion=5.0.2, databaseEnabled=false, deviceName=386b462, platformName=Android, appWaitActivity=com.weecode.portea.activities.SplashActivity, webStorageEnabled=false, warnings={}, takesScreenshot=true}]
	at org.openqa.selenium.remote.ErrorHandler.createThrowable(ErrorHandler.java:206)
	at org.openqa.selenium.remote.ErrorHandler.throwIfResponseFailed(ErrorHandler.java:158)
	at org.openqa.selenium.remote.RemoteWebDriver.execute(RemoteWebDriver.java:678)
	at io.appium.java_client.AppiumDriver.execute(AppiumDriver.java:180)
	at org.openqa.selenium.remote.RemoteWebDriver.findElement(RemoteWebDriver.java:363)
	at org.openqa.selenium.remote.RemoteWebDriver.findElementById(RemoteWebDriver.java:413)
	at org.openqa.selenium.By$ById.findElement(By.java:218)
	at org.openqa.selenium.remote.RemoteWebDriver.findElement(RemoteWebDriver.java:355)
	at com.patientapp.pages.MoreOptionsPage.submitFeedback(MoreOptionsPage.java:140)
	at com.patientapp.tests.MoreOptionsTests.TC_28_testVerifyContactUsOption(MoreOptionsTests.java:139)
... Removed 28 stack frames</pre></div><a href='#' onClick='toggleBox("stack-trace2102716785", this, "Click to show all stack frames", "Click to hide stack frames")'>Click to show all stack frames</a>
<div class='stack-trace' id='stack-trace2102716785'><pre>org.openqa.selenium.UnsupportedCommandException: Missing parameters: [&quot;selector&quot;]
Command duration or timeout: 6 milliseconds
Build info: version: &apos;2.53.0&apos;, revision: &apos;35ae25b1534ae328c771e0856c93e187490ca824&apos;, time: &apos;2016-03-15 10:43:46&apos;
System info: host: &apos;sapna-testlead&apos;, ip: &apos;192.168.56.1&apos;, os.name: &apos;Windows 7&apos;, os.arch: &apos;amd64&apos;, os.version: &apos;6.1&apos;, java.version: &apos;1.7.0_65&apos;
*** Element info: {Using=id, value=}
Session ID: dca88b8e-70d5-4113-806d-f0fad9ebdcc6
Driver info: io.appium.java_client.android.AndroidDriver
Capabilities [{automationName=Appium, platform=LINUX, app=C:\Users\sapna\Documents\workspace\PatientAndroidApp\src\test\resources\android\PA-4.0-stage-armeabi-v7a-release.apk, javascriptEnabled=true, appActivity=com.weecode.portea.activities.SplashActivity, browserName=Android, networkConnectionEnabled=true, desired={newCommandTimeout=600, automationName=Appium, app=C:\Users\sapna\Documents\workspace\PatientAndroidApp\src\test\resources\android\PA-4.0-stage-armeabi-v7a-release.apk, platformVersion=21.0, deviceName=Micromax Q450, platformName=Android, appActivity=com.weecode.portea.activities.SplashActivity, appWaitActivity=com.weecode.portea.activities.SplashActivity, appPackage=com.weecode.portea.stage}, locationContextEnabled=false, appPackage=com.weecode.portea.stage, newCommandTimeout=600, platformVersion=5.0.2, databaseEnabled=false, deviceName=386b462, platformName=Android, appWaitActivity=com.weecode.portea.activities.SplashActivity, webStorageEnabled=false, warnings={}, takesScreenshot=true}]
	at sun.reflect.NativeConstructorAccessorImpl.newInstance0(Native Method)
	at sun.reflect.NativeConstructorAccessorImpl.newInstance(NativeConstructorAccessorImpl.java:57)
	at sun.reflect.DelegatingConstructorAccessorImpl.newInstance(DelegatingConstructorAccessorImpl.java:45)
	at java.lang.reflect.Constructor.newInstance(Constructor.java:526)
	at org.openqa.selenium.remote.ErrorHandler.createThrowable(ErrorHandler.java:206)
	at org.openqa.selenium.remote.ErrorHandler.throwIfResponseFailed(ErrorHandler.java:158)
	at org.openqa.selenium.remote.RemoteWebDriver.execute(RemoteWebDriver.java:678)
	at io.appium.java_client.AppiumDriver.execute(AppiumDriver.java:180)
	at org.openqa.selenium.remote.RemoteWebDriver.findElement(RemoteWebDriver.java:363)
	at org.openqa.selenium.remote.RemoteWebDriver.findElementById(RemoteWebDriver.java:413)
	at org.openqa.selenium.By$ById.findElement(By.java:218)
	at org.openqa.selenium.remote.RemoteWebDriver.findElement(RemoteWebDriver.java:355)
	at com.patientapp.pages.MoreOptionsPage.submitFeedback(MoreOptionsPage.java:140)
	at com.patientapp.tests.MoreOptionsTests.TC_28_testVerifyContactUsOption(MoreOptionsTests.java:139)
	at sun.reflect.NativeMethodAccessorImpl.invoke0(Native Method)
	at sun.reflect.NativeMethodAccessorImpl.invoke(NativeMethodAccessorImpl.java:57)
	at sun.reflect.DelegatingMethodAccessorImpl.invoke(DelegatingMethodAccessorImpl.java:43)
	at java.lang.reflect.Method.invoke(Method.java:606)
	at org.testng.internal.MethodInvocationHelper.invokeMethod(MethodInvocationHelper.java:80)
	at org.testng.internal.Invoker.invokeMethod(Invoker.java:714)
	at org.testng.internal.Invoker.invokeTestMethod(Invoker.java:901)
	at org.testng.internal.Invoker.invokeTestMethods(Invoker.java:1231)
	at org.testng.internal.TestMethodWorker.invokeTestMethods(TestMethodWorker.java:127)
	at org.testng.internal.TestMethodWorker.run(TestMethodWorker.java:111)
	at org.testng.TestRunner.privateRun(TestRunner.java:767)
	at org.testng.TestRunner.run(TestRunner.java:617)
	at org.testng.SuiteRunner.runTest(SuiteRunner.java:334)
	at org.testng.SuiteRunner.runSequentially(SuiteRunner.java:329)
	at org.testng.SuiteRunner.privateRun(SuiteRunner.java:291)
	at org.testng.SuiteRunner.run(SuiteRunner.java:240)
	at org.testng.SuiteRunnerWorker.runSuite(SuiteRunnerWorker.java:52)
	at org.testng.SuiteRunnerWorker.run(SuiteRunnerWorker.java:86)
	at org.testng.TestNG.runSuitesSequentially(TestNG.java:1198)
	at org.testng.TestNG.runSuitesLocally(TestNG.java:1123)
	at org.testng.TestNG.run(TestNG.java:1031)
	at org.testng.remote.RemoteTestNG.run(RemoteTestNG.java:115)
	at org.testng.remote.RemoteTestNG.initAndRun(RemoteTestNG.java:207)
	at org.testng.remote.RemoteTestNG.main(RemoteTestNG.java:178)
</pre></div></td>
<td>38</td>
<td>com.patientapp.tests.MoreOptionsTests@50d5afff</td></tr>
<tr>
<td title='com.patientapp.tests.MoreOptionsTests.TC_29_testVerifyAllAppointmentsVisibilitiesOnMyAppointments()'><b>TC_29_testVerifyAllAppointmentsVisibilitiesOnMyAppointments</b><br>Test class: com.patientapp.tests.MoreOptionsTests</td>
<td><div><pre>java.lang.NullPointerException
	at com.patientapp.tests.MoreOptionsTests.TC_29_testVerifyAllAppointmentsVisibilitiesOnMyAppointments(MoreOptionsTests.java:156)
... Removed 24 stack frames</pre></div><a href='#' onClick='toggleBox("stack-trace304146170", this, "Click to show all stack frames", "Click to hide stack frames")'>Click to show all stack frames</a>
<div class='stack-trace' id='stack-trace304146170'><pre>java.lang.NullPointerException
	at com.patientapp.tests.MoreOptionsTests.TC_29_testVerifyAllAppointmentsVisibilitiesOnMyAppointments(MoreOptionsTests.java:156)
	at sun.reflect.NativeMethodAccessorImpl.invoke0(Native Method)
	at sun.reflect.NativeMethodAccessorImpl.invoke(NativeMethodAccessorImpl.java:57)
	at sun.reflect.DelegatingMethodAccessorImpl.invoke(DelegatingMethodAccessorImpl.java:43)
	at java.lang.reflect.Method.invoke(Method.java:606)
	at org.testng.internal.MethodInvocationHelper.invokeMethod(MethodInvocationHelper.java:80)
	at org.testng.internal.Invoker.invokeMethod(Invoker.java:714)
	at org.testng.internal.Invoker.invokeTestMethod(Invoker.java:901)
	at org.testng.internal.Invoker.invokeTestMethods(Invoker.java:1231)
	at org.testng.internal.TestMethodWorker.invokeTestMethods(TestMethodWorker.java:127)
	at org.testng.internal.TestMethodWorker.run(TestMethodWorker.java:111)
	at org.testng.TestRunner.privateRun(TestRunner.java:767)
	at org.testng.TestRunner.run(TestRunner.java:617)
	at org.testng.SuiteRunner.runTest(SuiteRunner.java:334)
	at org.testng.SuiteRunner.runSequentially(SuiteRunner.java:329)
	at org.testng.SuiteRunner.privateRun(SuiteRunner.java:291)
	at org.testng.SuiteRunner.run(SuiteRunner.java:240)
	at org.testng.SuiteRunnerWorker.runSuite(SuiteRunnerWorker.java:52)
	at org.testng.SuiteRunnerWorker.run(SuiteRunnerWorker.java:86)
	at org.testng.TestNG.runSuitesSequentially(TestNG.java:1198)
	at org.testng.TestNG.runSuitesLocally(TestNG.java:1123)
	at org.testng.TestNG.run(TestNG.java:1031)
	at org.testng.remote.RemoteTestNG.run(RemoteTestNG.java:115)
	at org.testng.remote.RemoteTestNG.initAndRun(RemoteTestNG.java:207)
	at org.testng.remote.RemoteTestNG.main(RemoteTestNG.java:178)
</pre></div></td>
<td>33</td>
<td>com.patientapp.tests.MoreOptionsTests@50d5afff</td></tr>
<tr>
<td title='com.patientapp.tests.AccountTests.TC_32_testVerifyPaidUnpaidAndUnbilledAppointments()'><b>TC_32_testVerifyPaidUnpaidAndUnbilledAppointments</b><br>Test class: com.patientapp.tests.AccountTests</td>
<td><div><pre>org.openqa.selenium.NoSuchElementException: An element could not be located on the page using the given search parameters. (WARNING: The server did not provide any stacktrace information)
Command duration or timeout: 10.12 seconds
For documentation on this error, please visit: http://seleniumhq.org/exceptions/no_such_element.html
Build info: version: &apos;2.53.0&apos;, revision: &apos;35ae25b1534ae328c771e0856c93e187490ca824&apos;, time: &apos;2016-03-15 10:43:46&apos;
System info: host: &apos;sapna-testlead&apos;, ip: &apos;192.168.56.1&apos;, os.name: &apos;Windows 7&apos;, os.arch: &apos;amd64&apos;, os.version: &apos;6.1&apos;, java.version: &apos;1.7.0_65&apos;
*** Element info: {Using=id, value=com.weecode.portea.stage:id/tv_mobile_no}
Session ID: b0e22c49-b588-4b1d-b120-bc6a9303b0cf
Driver info: io.appium.java_client.android.AndroidDriver
Capabilities [{automationName=Appium, platform=LINUX, app=C:\Users\sapna\Documents\workspace\PatientAndroidApp\src\test\resources\android\PA-4.0-stage-armeabi-v7a-release.apk, javascriptEnabled=true, appActivity=com.weecode.portea.activities.SplashActivity, browserName=Android, networkConnectionEnabled=true, desired={newCommandTimeout=600, automationName=Appium, app=C:\Users\sapna\Documents\workspace\PatientAndroidApp\src\test\resources\android\PA-4.0-stage-armeabi-v7a-release.apk, platformVersion=21.0, deviceName=Micromax Q450, platformName=Android, appActivity=com.weecode.portea.activities.SplashActivity, appWaitActivity=com.weecode.portea.activities.SplashActivity, appPackage=com.weecode.portea.stage}, locationContextEnabled=false, appPackage=com.weecode.portea.stage, newCommandTimeout=600, platformVersion=5.0.2, databaseEnabled=false, deviceName=386b462, platformName=Android, appWaitActivity=com.weecode.portea.activities.SplashActivity, webStorageEnabled=false, warnings={}, takesScreenshot=true}]
	at org.openqa.selenium.remote.ErrorHandler.createThrowable(ErrorHandler.java:206)
	at org.openqa.selenium.remote.ErrorHandler.throwIfResponseFailed(ErrorHandler.java:158)
	at org.openqa.selenium.remote.RemoteWebDriver.execute(RemoteWebDriver.java:678)
	at io.appium.java_client.AppiumDriver.execute(AppiumDriver.java:180)
	at org.openqa.selenium.remote.RemoteWebDriver.findElement(RemoteWebDriver.java:363)
	at org.openqa.selenium.remote.RemoteWebDriver.findElementById(RemoteWebDriver.java:413)
	at org.openqa.selenium.By$ById.findElement(By.java:218)
	at org.openqa.selenium.remote.RemoteWebDriver.findElement(RemoteWebDriver.java:355)
	at com.patientapp.pages.LoginPage.login(LoginPage.java:79)
	at com.patientapp.tests.AccountTests.TC_32_testVerifyPaidUnpaidAndUnbilledAppointments(AccountTests.java:107)
... Removed 28 stack frames</pre></div><a href='#' onClick='toggleBox("stack-trace1508182580", this, "Click to show all stack frames", "Click to hide stack frames")'>Click to show all stack frames</a>
<div class='stack-trace' id='stack-trace1508182580'><pre>org.openqa.selenium.NoSuchElementException: An element could not be located on the page using the given search parameters. (WARNING: The server did not provide any stacktrace information)
Command duration or timeout: 10.12 seconds
For documentation on this error, please visit: http://seleniumhq.org/exceptions/no_such_element.html
Build info: version: &apos;2.53.0&apos;, revision: &apos;35ae25b1534ae328c771e0856c93e187490ca824&apos;, time: &apos;2016-03-15 10:43:46&apos;
System info: host: &apos;sapna-testlead&apos;, ip: &apos;192.168.56.1&apos;, os.name: &apos;Windows 7&apos;, os.arch: &apos;amd64&apos;, os.version: &apos;6.1&apos;, java.version: &apos;1.7.0_65&apos;
*** Element info: {Using=id, value=com.weecode.portea.stage:id/tv_mobile_no}
Session ID: b0e22c49-b588-4b1d-b120-bc6a9303b0cf
Driver info: io.appium.java_client.android.AndroidDriver
Capabilities [{automationName=Appium, platform=LINUX, app=C:\Users\sapna\Documents\workspace\PatientAndroidApp\src\test\resources\android\PA-4.0-stage-armeabi-v7a-release.apk, javascriptEnabled=true, appActivity=com.weecode.portea.activities.SplashActivity, browserName=Android, networkConnectionEnabled=true, desired={newCommandTimeout=600, automationName=Appium, app=C:\Users\sapna\Documents\workspace\PatientAndroidApp\src\test\resources\android\PA-4.0-stage-armeabi-v7a-release.apk, platformVersion=21.0, deviceName=Micromax Q450, platformName=Android, appActivity=com.weecode.portea.activities.SplashActivity, appWaitActivity=com.weecode.portea.activities.SplashActivity, appPackage=com.weecode.portea.stage}, locationContextEnabled=false, appPackage=com.weecode.portea.stage, newCommandTimeout=600, platformVersion=5.0.2, databaseEnabled=false, deviceName=386b462, platformName=Android, appWaitActivity=com.weecode.portea.activities.SplashActivity, webStorageEnabled=false, warnings={}, takesScreenshot=true}]
	at sun.reflect.NativeConstructorAccessorImpl.newInstance0(Native Method)
	at sun.reflect.NativeConstructorAccessorImpl.newInstance(NativeConstructorAccessorImpl.java:57)
	at sun.reflect.DelegatingConstructorAccessorImpl.newInstance(DelegatingConstructorAccessorImpl.java:45)
	at java.lang.reflect.Constructor.newInstance(Constructor.java:526)
	at org.openqa.selenium.remote.ErrorHandler.createThrowable(ErrorHandler.java:206)
	at org.openqa.selenium.remote.ErrorHandler.throwIfResponseFailed(ErrorHandler.java:158)
	at org.openqa.selenium.remote.RemoteWebDriver.execute(RemoteWebDriver.java:678)
	at io.appium.java_client.AppiumDriver.execute(AppiumDriver.java:180)
	at org.openqa.selenium.remote.RemoteWebDriver.findElement(RemoteWebDriver.java:363)
	at org.openqa.selenium.remote.RemoteWebDriver.findElementById(RemoteWebDriver.java:413)
	at org.openqa.selenium.By$ById.findElement(By.java:218)
	at org.openqa.selenium.remote.RemoteWebDriver.findElement(RemoteWebDriver.java:355)
	at com.patientapp.pages.LoginPage.login(LoginPage.java:79)
	at com.patientapp.tests.AccountTests.TC_32_testVerifyPaidUnpaidAndUnbilledAppointments(AccountTests.java:107)
	at sun.reflect.NativeMethodAccessorImpl.invoke0(Native Method)
	at sun.reflect.NativeMethodAccessorImpl.invoke(NativeMethodAccessorImpl.java:57)
	at sun.reflect.DelegatingMethodAccessorImpl.invoke(DelegatingMethodAccessorImpl.java:43)
	at java.lang.reflect.Method.invoke(Method.java:606)
	at org.testng.internal.MethodInvocationHelper.invokeMethod(MethodInvocationHelper.java:80)
	at org.testng.internal.Invoker.invokeMethod(Invoker.java:714)
	at org.testng.internal.Invoker.invokeTestMethod(Invoker.java:901)
	at org.testng.internal.Invoker.invokeTestMethods(Invoker.java:1231)
	at org.testng.internal.TestMethodWorker.invokeTestMethods(TestMethodWorker.java:127)
	at org.testng.internal.TestMethodWorker.run(TestMethodWorker.java:111)
	at org.testng.TestRunner.privateRun(TestRunner.java:767)
	at org.testng.TestRunner.run(TestRunner.java:617)
	at org.testng.SuiteRunner.runTest(SuiteRunner.java:334)
	at org.testng.SuiteRunner.runSequentially(SuiteRunner.java:329)
	at org.testng.SuiteRunner.privateRun(SuiteRunner.java:291)
	at org.testng.SuiteRunner.run(SuiteRunner.java:240)
	at org.testng.SuiteRunnerWorker.runSuite(SuiteRunnerWorker.java:52)
	at org.testng.SuiteRunnerWorker.run(SuiteRunnerWorker.java:86)
	at org.testng.TestNG.runSuitesSequentially(TestNG.java:1198)
	at org.testng.TestNG.runSuitesLocally(TestNG.java:1123)
	at org.testng.TestNG.run(TestNG.java:1031)
	at org.testng.remote.RemoteTestNG.run(RemoteTestNG.java:115)
	at org.testng.remote.RemoteTestNG.initAndRun(RemoteTestNG.java:207)
	at org.testng.remote.RemoteTestNG.main(RemoteTestNG.java:178)
</pre></div></td>
<td>10</td>
<td>com.patientapp.tests.AccountTests@309a5663</td></tr>
<tr>
<td title='com.patientapp.tests.AccountTests.TC_35_testVerifyUserAbleToAddWallet()'><b>TC_35_testVerifyUserAbleToAddWallet</b><br>Test class: com.patientapp.tests.AccountTests</td>
<td><div><pre>java.lang.NullPointerException
	at com.patientapp.tests.AccountTests.TC_35_testVerifyUserAbleToAddWallet(AccountTests.java:63)
... Removed 24 stack frames</pre></div><a href='#' onClick='toggleBox("stack-trace257027272", this, "Click to show all stack frames", "Click to hide stack frames")'>Click to show all stack frames</a>
<div class='stack-trace' id='stack-trace257027272'><pre>java.lang.NullPointerException
	at com.patientapp.tests.AccountTests.TC_35_testVerifyUserAbleToAddWallet(AccountTests.java:63)
	at sun.reflect.NativeMethodAccessorImpl.invoke0(Native Method)
	at sun.reflect.NativeMethodAccessorImpl.invoke(NativeMethodAccessorImpl.java:57)
	at sun.reflect.DelegatingMethodAccessorImpl.invoke(DelegatingMethodAccessorImpl.java:43)
	at java.lang.reflect.Method.invoke(Method.java:606)
	at org.testng.internal.MethodInvocationHelper.invokeMethod(MethodInvocationHelper.java:80)
	at org.testng.internal.Invoker.invokeMethod(Invoker.java:714)
	at org.testng.internal.Invoker.invokeTestMethod(Invoker.java:901)
	at org.testng.internal.Invoker.invokeTestMethods(Invoker.java:1231)
	at org.testng.internal.TestMethodWorker.invokeTestMethods(TestMethodWorker.java:127)
	at org.testng.internal.TestMethodWorker.run(TestMethodWorker.java:111)
	at org.testng.TestRunner.privateRun(TestRunner.java:767)
	at org.testng.TestRunner.run(TestRunner.java:617)
	at org.testng.SuiteRunner.runTest(SuiteRunner.java:334)
	at org.testng.SuiteRunner.runSequentially(SuiteRunner.java:329)
	at org.testng.SuiteRunner.privateRun(SuiteRunner.java:291)
	at org.testng.SuiteRunner.run(SuiteRunner.java:240)
	at org.testng.SuiteRunnerWorker.runSuite(SuiteRunnerWorker.java:52)
	at org.testng.SuiteRunnerWorker.run(SuiteRunnerWorker.java:86)
	at org.testng.TestNG.runSuitesSequentially(TestNG.java:1198)
	at org.testng.TestNG.runSuitesLocally(TestNG.java:1123)
	at org.testng.TestNG.run(TestNG.java:1031)
	at org.testng.remote.RemoteTestNG.run(RemoteTestNG.java:115)
	at org.testng.remote.RemoteTestNG.initAndRun(RemoteTestNG.java:207)
	at org.testng.remote.RemoteTestNG.main(RemoteTestNG.java:178)
</pre></div></td>
<td>0</td>
<td>com.patientapp.tests.AccountTests@309a5663</td></tr>
<tr>
<td title='com.patientapp.tests.AccountTests.TC_35_testVerifyUserAbleToLoadWalletBySavedCard()'><b>TC_35_testVerifyUserAbleToLoadWalletBySavedCard</b><br>Test class: com.patientapp.tests.AccountTests</td>
<td><div><pre>org.openqa.selenium.NoSuchElementException: An element could not be located on the page using the given search parameters. (WARNING: The server did not provide any stacktrace information)
Command duration or timeout: 10.18 seconds
For documentation on this error, please visit: http://seleniumhq.org/exceptions/no_such_element.html
Build info: version: &apos;2.53.0&apos;, revision: &apos;35ae25b1534ae328c771e0856c93e187490ca824&apos;, time: &apos;2016-03-15 10:43:46&apos;
System info: host: &apos;sapna-testlead&apos;, ip: &apos;192.168.56.1&apos;, os.name: &apos;Windows 7&apos;, os.arch: &apos;amd64&apos;, os.version: &apos;6.1&apos;, java.version: &apos;1.7.0_65&apos;
*** Element info: {Using=id, value=com.weecode.portea.stage:id/tv_mobile_no}
Session ID: b0e22c49-b588-4b1d-b120-bc6a9303b0cf
Driver info: io.appium.java_client.android.AndroidDriver
Capabilities [{automationName=Appium, platform=LINUX, app=C:\Users\sapna\Documents\workspace\PatientAndroidApp\src\test\resources\android\PA-4.0-stage-armeabi-v7a-release.apk, javascriptEnabled=true, appActivity=com.weecode.portea.activities.SplashActivity, browserName=Android, networkConnectionEnabled=true, desired={newCommandTimeout=600, automationName=Appium, app=C:\Users\sapna\Documents\workspace\PatientAndroidApp\src\test\resources\android\PA-4.0-stage-armeabi-v7a-release.apk, platformVersion=21.0, deviceName=Micromax Q450, platformName=Android, appActivity=com.weecode.portea.activities.SplashActivity, appWaitActivity=com.weecode.portea.activities.SplashActivity, appPackage=com.weecode.portea.stage}, locationContextEnabled=false, appPackage=com.weecode.portea.stage, newCommandTimeout=600, platformVersion=5.0.2, databaseEnabled=false, deviceName=386b462, platformName=Android, appWaitActivity=com.weecode.portea.activities.SplashActivity, webStorageEnabled=false, warnings={}, takesScreenshot=true}]
	at org.openqa.selenium.remote.ErrorHandler.createThrowable(ErrorHandler.java:206)
	at org.openqa.selenium.remote.ErrorHandler.throwIfResponseFailed(ErrorHandler.java:158)
	at org.openqa.selenium.remote.RemoteWebDriver.execute(RemoteWebDriver.java:678)
	at io.appium.java_client.AppiumDriver.execute(AppiumDriver.java:180)
	at org.openqa.selenium.remote.RemoteWebDriver.findElement(RemoteWebDriver.java:363)
	at org.openqa.selenium.remote.RemoteWebDriver.findElementById(RemoteWebDriver.java:413)
	at org.openqa.selenium.By$ById.findElement(By.java:218)
	at org.openqa.selenium.remote.RemoteWebDriver.findElement(RemoteWebDriver.java:355)
	at com.patientapp.pages.LoginPage.login(LoginPage.java:79)
	at com.patientapp.tests.AccountTests.TC_35_testVerifyUserAbleToLoadWalletBySavedCard(AccountTests.java:92)
... Removed 28 stack frames</pre></div><a href='#' onClick='toggleBox("stack-trace310876949", this, "Click to show all stack frames", "Click to hide stack frames")'>Click to show all stack frames</a>
<div class='stack-trace' id='stack-trace310876949'><pre>org.openqa.selenium.NoSuchElementException: An element could not be located on the page using the given search parameters. (WARNING: The server did not provide any stacktrace information)
Command duration or timeout: 10.18 seconds
For documentation on this error, please visit: http://seleniumhq.org/exceptions/no_such_element.html
Build info: version: &apos;2.53.0&apos;, revision: &apos;35ae25b1534ae328c771e0856c93e187490ca824&apos;, time: &apos;2016-03-15 10:43:46&apos;
System info: host: &apos;sapna-testlead&apos;, ip: &apos;192.168.56.1&apos;, os.name: &apos;Windows 7&apos;, os.arch: &apos;amd64&apos;, os.version: &apos;6.1&apos;, java.version: &apos;1.7.0_65&apos;
*** Element info: {Using=id, value=com.weecode.portea.stage:id/tv_mobile_no}
Session ID: b0e22c49-b588-4b1d-b120-bc6a9303b0cf
Driver info: io.appium.java_client.android.AndroidDriver
Capabilities [{automationName=Appium, platform=LINUX, app=C:\Users\sapna\Documents\workspace\PatientAndroidApp\src\test\resources\android\PA-4.0-stage-armeabi-v7a-release.apk, javascriptEnabled=true, appActivity=com.weecode.portea.activities.SplashActivity, browserName=Android, networkConnectionEnabled=true, desired={newCommandTimeout=600, automationName=Appium, app=C:\Users\sapna\Documents\workspace\PatientAndroidApp\src\test\resources\android\PA-4.0-stage-armeabi-v7a-release.apk, platformVersion=21.0, deviceName=Micromax Q450, platformName=Android, appActivity=com.weecode.portea.activities.SplashActivity, appWaitActivity=com.weecode.portea.activities.SplashActivity, appPackage=com.weecode.portea.stage}, locationContextEnabled=false, appPackage=com.weecode.portea.stage, newCommandTimeout=600, platformVersion=5.0.2, databaseEnabled=false, deviceName=386b462, platformName=Android, appWaitActivity=com.weecode.portea.activities.SplashActivity, webStorageEnabled=false, warnings={}, takesScreenshot=true}]
	at sun.reflect.NativeConstructorAccessorImpl.newInstance0(Native Method)
	at sun.reflect.NativeConstructorAccessorImpl.newInstance(NativeConstructorAccessorImpl.java:57)
	at sun.reflect.DelegatingConstructorAccessorImpl.newInstance(DelegatingConstructorAccessorImpl.java:45)
	at java.lang.reflect.Constructor.newInstance(Constructor.java:526)
	at org.openqa.selenium.remote.ErrorHandler.createThrowable(ErrorHandler.java:206)
	at org.openqa.selenium.remote.ErrorHandler.throwIfResponseFailed(ErrorHandler.java:158)
	at org.openqa.selenium.remote.RemoteWebDriver.execute(RemoteWebDriver.java:678)
	at io.appium.java_client.AppiumDriver.execute(AppiumDriver.java:180)
	at org.openqa.selenium.remote.RemoteWebDriver.findElement(RemoteWebDriver.java:363)
	at org.openqa.selenium.remote.RemoteWebDriver.findElementById(RemoteWebDriver.java:413)
	at org.openqa.selenium.By$ById.findElement(By.java:218)
	at org.openqa.selenium.remote.RemoteWebDriver.findElement(RemoteWebDriver.java:355)
	at com.patientapp.pages.LoginPage.login(LoginPage.java:79)
	at com.patientapp.tests.AccountTests.TC_35_testVerifyUserAbleToLoadWalletBySavedCard(AccountTests.java:92)
	at sun.reflect.NativeMethodAccessorImpl.invoke0(Native Method)
	at sun.reflect.NativeMethodAccessorImpl.invoke(NativeMethodAccessorImpl.java:57)
	at sun.reflect.DelegatingMethodAccessorImpl.invoke(DelegatingMethodAccessorImpl.java:43)
	at java.lang.reflect.Method.invoke(Method.java:606)
	at org.testng.internal.MethodInvocationHelper.invokeMethod(MethodInvocationHelper.java:80)
	at org.testng.internal.Invoker.invokeMethod(Invoker.java:714)
	at org.testng.internal.Invoker.invokeTestMethod(Invoker.java:901)
	at org.testng.internal.Invoker.invokeTestMethods(Invoker.java:1231)
	at org.testng.internal.TestMethodWorker.invokeTestMethods(TestMethodWorker.java:127)
	at org.testng.internal.TestMethodWorker.run(TestMethodWorker.java:111)
	at org.testng.TestRunner.privateRun(TestRunner.java:767)
	at org.testng.TestRunner.run(TestRunner.java:617)
	at org.testng.SuiteRunner.runTest(SuiteRunner.java:334)
	at org.testng.SuiteRunner.runSequentially(SuiteRunner.java:329)
	at org.testng.SuiteRunner.privateRun(SuiteRunner.java:291)
	at org.testng.SuiteRunner.run(SuiteRunner.java:240)
	at org.testng.SuiteRunnerWorker.runSuite(SuiteRunnerWorker.java:52)
	at org.testng.SuiteRunnerWorker.run(SuiteRunnerWorker.java:86)
	at org.testng.TestNG.runSuitesSequentially(TestNG.java:1198)
	at org.testng.TestNG.runSuitesLocally(TestNG.java:1123)
	at org.testng.TestNG.run(TestNG.java:1031)
	at org.testng.remote.RemoteTestNG.run(RemoteTestNG.java:115)
	at org.testng.remote.RemoteTestNG.initAndRun(RemoteTestNG.java:207)
	at org.testng.remote.RemoteTestNG.main(RemoteTestNG.java:178)
</pre></div></td>
<td>10</td>
<td>com.patientapp.tests.AccountTests@309a5663</td></tr>
<tr>
<td title='com.patientapp.tests.AccountTests.TC_35_testVerifyUserAbleToViewWallet()'><b>TC_35_testVerifyUserAbleToViewWallet</b><br>Test class: com.patientapp.tests.AccountTests</td>
<td><div><pre>org.openqa.selenium.NoSuchElementException: An element could not be located on the page using the given search parameters. (WARNING: The server did not provide any stacktrace information)
Command duration or timeout: 10.26 seconds
For documentation on this error, please visit: http://seleniumhq.org/exceptions/no_such_element.html
Build info: version: &apos;2.53.0&apos;, revision: &apos;35ae25b1534ae328c771e0856c93e187490ca824&apos;, time: &apos;2016-03-15 10:43:46&apos;
System info: host: &apos;sapna-testlead&apos;, ip: &apos;192.168.56.1&apos;, os.name: &apos;Windows 7&apos;, os.arch: &apos;amd64&apos;, os.version: &apos;6.1&apos;, java.version: &apos;1.7.0_65&apos;
*** Element info: {Using=id, value=com.weecode.portea.stage:id/tv_mobile_no}
Session ID: b0e22c49-b588-4b1d-b120-bc6a9303b0cf
Driver info: io.appium.java_client.android.AndroidDriver
Capabilities [{automationName=Appium, platform=LINUX, app=C:\Users\sapna\Documents\workspace\PatientAndroidApp\src\test\resources\android\PA-4.0-stage-armeabi-v7a-release.apk, javascriptEnabled=true, appActivity=com.weecode.portea.activities.SplashActivity, browserName=Android, networkConnectionEnabled=true, desired={newCommandTimeout=600, automationName=Appium, app=C:\Users\sapna\Documents\workspace\PatientAndroidApp\src\test\resources\android\PA-4.0-stage-armeabi-v7a-release.apk, platformVersion=21.0, deviceName=Micromax Q450, platformName=Android, appActivity=com.weecode.portea.activities.SplashActivity, appWaitActivity=com.weecode.portea.activities.SplashActivity, appPackage=com.weecode.portea.stage}, locationContextEnabled=false, appPackage=com.weecode.portea.stage, newCommandTimeout=600, platformVersion=5.0.2, databaseEnabled=false, deviceName=386b462, platformName=Android, appWaitActivity=com.weecode.portea.activities.SplashActivity, webStorageEnabled=false, warnings={}, takesScreenshot=true}]
	at org.openqa.selenium.remote.ErrorHandler.createThrowable(ErrorHandler.java:206)
	at org.openqa.selenium.remote.ErrorHandler.throwIfResponseFailed(ErrorHandler.java:158)
	at org.openqa.selenium.remote.RemoteWebDriver.execute(RemoteWebDriver.java:678)
	at io.appium.java_client.AppiumDriver.execute(AppiumDriver.java:180)
	at org.openqa.selenium.remote.RemoteWebDriver.findElement(RemoteWebDriver.java:363)
	at org.openqa.selenium.remote.RemoteWebDriver.findElementById(RemoteWebDriver.java:413)
	at org.openqa.selenium.By$ById.findElement(By.java:218)
	at org.openqa.selenium.remote.RemoteWebDriver.findElement(RemoteWebDriver.java:355)
	at com.patientapp.pages.LoginPage.login(LoginPage.java:79)
	at com.patientapp.tests.AccountTests.TC_35_testVerifyUserAbleToViewWallet(AccountTests.java:79)
... Removed 28 stack frames</pre></div><a href='#' onClick='toggleBox("stack-trace19616266", this, "Click to show all stack frames", "Click to hide stack frames")'>Click to show all stack frames</a>
<div class='stack-trace' id='stack-trace19616266'><pre>org.openqa.selenium.NoSuchElementException: An element could not be located on the page using the given search parameters. (WARNING: The server did not provide any stacktrace information)
Command duration or timeout: 10.26 seconds
For documentation on this error, please visit: http://seleniumhq.org/exceptions/no_such_element.html
Build info: version: &apos;2.53.0&apos;, revision: &apos;35ae25b1534ae328c771e0856c93e187490ca824&apos;, time: &apos;2016-03-15 10:43:46&apos;
System info: host: &apos;sapna-testlead&apos;, ip: &apos;192.168.56.1&apos;, os.name: &apos;Windows 7&apos;, os.arch: &apos;amd64&apos;, os.version: &apos;6.1&apos;, java.version: &apos;1.7.0_65&apos;
*** Element info: {Using=id, value=com.weecode.portea.stage:id/tv_mobile_no}
Session ID: b0e22c49-b588-4b1d-b120-bc6a9303b0cf
Driver info: io.appium.java_client.android.AndroidDriver
Capabilities [{automationName=Appium, platform=LINUX, app=C:\Users\sapna\Documents\workspace\PatientAndroidApp\src\test\resources\android\PA-4.0-stage-armeabi-v7a-release.apk, javascriptEnabled=true, appActivity=com.weecode.portea.activities.SplashActivity, browserName=Android, networkConnectionEnabled=true, desired={newCommandTimeout=600, automationName=Appium, app=C:\Users\sapna\Documents\workspace\PatientAndroidApp\src\test\resources\android\PA-4.0-stage-armeabi-v7a-release.apk, platformVersion=21.0, deviceName=Micromax Q450, platformName=Android, appActivity=com.weecode.portea.activities.SplashActivity, appWaitActivity=com.weecode.portea.activities.SplashActivity, appPackage=com.weecode.portea.stage}, locationContextEnabled=false, appPackage=com.weecode.portea.stage, newCommandTimeout=600, platformVersion=5.0.2, databaseEnabled=false, deviceName=386b462, platformName=Android, appWaitActivity=com.weecode.portea.activities.SplashActivity, webStorageEnabled=false, warnings={}, takesScreenshot=true}]
	at sun.reflect.NativeConstructorAccessorImpl.newInstance0(Native Method)
	at sun.reflect.NativeConstructorAccessorImpl.newInstance(NativeConstructorAccessorImpl.java:57)
	at sun.reflect.DelegatingConstructorAccessorImpl.newInstance(DelegatingConstructorAccessorImpl.java:45)
	at java.lang.reflect.Constructor.newInstance(Constructor.java:526)
	at org.openqa.selenium.remote.ErrorHandler.createThrowable(ErrorHandler.java:206)
	at org.openqa.selenium.remote.ErrorHandler.throwIfResponseFailed(ErrorHandler.java:158)
	at org.openqa.selenium.remote.RemoteWebDriver.execute(RemoteWebDriver.java:678)
	at io.appium.java_client.AppiumDriver.execute(AppiumDriver.java:180)
	at org.openqa.selenium.remote.RemoteWebDriver.findElement(RemoteWebDriver.java:363)
	at org.openqa.selenium.remote.RemoteWebDriver.findElementById(RemoteWebDriver.java:413)
	at org.openqa.selenium.By$ById.findElement(By.java:218)
	at org.openqa.selenium.remote.RemoteWebDriver.findElement(RemoteWebDriver.java:355)
	at com.patientapp.pages.LoginPage.login(LoginPage.java:79)
	at com.patientapp.tests.AccountTests.TC_35_testVerifyUserAbleToViewWallet(AccountTests.java:79)
	at sun.reflect.NativeMethodAccessorImpl.invoke0(Native Method)
	at sun.reflect.NativeMethodAccessorImpl.invoke(NativeMethodAccessorImpl.java:57)
	at sun.reflect.DelegatingMethodAccessorImpl.invoke(DelegatingMethodAccessorImpl.java:43)
	at java.lang.reflect.Method.invoke(Method.java:606)
	at org.testng.internal.MethodInvocationHelper.invokeMethod(MethodInvocationHelper.java:80)
	at org.testng.internal.Invoker.invokeMethod(Invoker.java:714)
	at org.testng.internal.Invoker.invokeTestMethod(Invoker.java:901)
	at org.testng.internal.Invoker.invokeTestMethods(Invoker.java:1231)
	at org.testng.internal.TestMethodWorker.invokeTestMethods(TestMethodWorker.java:127)
	at org.testng.internal.TestMethodWorker.run(TestMethodWorker.java:111)
	at org.testng.TestRunner.privateRun(TestRunner.java:767)
	at org.testng.TestRunner.run(TestRunner.java:617)
	at org.testng.SuiteRunner.runTest(SuiteRunner.java:334)
	at org.testng.SuiteRunner.runSequentially(SuiteRunner.java:329)
	at org.testng.SuiteRunner.privateRun(SuiteRunner.java:291)
	at org.testng.SuiteRunner.run(SuiteRunner.java:240)
	at org.testng.SuiteRunnerWorker.runSuite(SuiteRunnerWorker.java:52)
	at org.testng.SuiteRunnerWorker.run(SuiteRunnerWorker.java:86)
	at org.testng.TestNG.runSuitesSequentially(TestNG.java:1198)
	at org.testng.TestNG.runSuitesLocally(TestNG.java:1123)
	at org.testng.TestNG.run(TestNG.java:1031)
	at org.testng.remote.RemoteTestNG.run(RemoteTestNG.java:115)
	at org.testng.remote.RemoteTestNG.initAndRun(RemoteTestNG.java:207)
	at org.testng.remote.RemoteTestNG.main(RemoteTestNG.java:178)
</pre></div></td>
<td>10</td>
<td>com.patientapp.tests.AccountTests@309a5663</td></tr>
<tr>
<td title='com.patientapp.tests.ServicesTests.testVerifyAddAttendantsAppointment()'><b>testVerifyAddAttendantsAppointment</b><br>Test class: com.patientapp.tests.ServicesTests</td>
<td><div><pre>org.openqa.selenium.NoSuchElementException: An element could not be located on the page using the given search parameters. (WARNING: The server did not provide any stacktrace information)
Command duration or timeout: 10.15 seconds
For documentation on this error, please visit: http://seleniumhq.org/exceptions/no_such_element.html
Build info: version: &apos;2.53.0&apos;, revision: &apos;35ae25b1534ae328c771e0856c93e187490ca824&apos;, time: &apos;2016-03-15 10:43:46&apos;
System info: host: &apos;sapna-testlead&apos;, ip: &apos;192.168.56.1&apos;, os.name: &apos;Windows 7&apos;, os.arch: &apos;amd64&apos;, os.version: &apos;6.1&apos;, java.version: &apos;1.7.0_65&apos;
*** Element info: {Using=id, value=com.weecode.portea.stage:id/skip}
Session ID: 0a084ad2-318c-49cd-9886-52449f131af8
Driver info: io.appium.java_client.android.AndroidDriver
Capabilities [{automationName=Appium, platform=LINUX, app=C:\Users\sapna\Documents\workspace\PatientAndroidApp\src\test\resources\android\PA-4.0-stage-armeabi-v7a-release.apk, javascriptEnabled=true, appActivity=com.weecode.portea.activities.SplashActivity, browserName=Android, networkConnectionEnabled=true, desired={newCommandTimeout=600, automationName=Appium, app=C:\Users\sapna\Documents\workspace\PatientAndroidApp\src\test\resources\android\PA-4.0-stage-armeabi-v7a-release.apk, platformVersion=21.0, deviceName=Micromax Q450, platformName=Android, appActivity=com.weecode.portea.activities.SplashActivity, appWaitActivity=com.weecode.portea.activities.SplashActivity, appPackage=com.weecode.portea.stage}, locationContextEnabled=false, appPackage=com.weecode.portea.stage, newCommandTimeout=600, platformVersion=5.0.2, databaseEnabled=false, deviceName=386b462, platformName=Android, appWaitActivity=com.weecode.portea.activities.SplashActivity, webStorageEnabled=false, warnings={}, takesScreenshot=true}]
	at org.openqa.selenium.remote.ErrorHandler.createThrowable(ErrorHandler.java:206)
	at org.openqa.selenium.remote.ErrorHandler.throwIfResponseFailed(ErrorHandler.java:158)
	at org.openqa.selenium.remote.RemoteWebDriver.execute(RemoteWebDriver.java:678)
	at io.appium.java_client.AppiumDriver.execute(AppiumDriver.java:180)
	at org.openqa.selenium.remote.RemoteWebDriver.findElement(RemoteWebDriver.java:363)
	at org.openqa.selenium.remote.RemoteWebDriver.findElementById(RemoteWebDriver.java:413)
	at org.openqa.selenium.By$ById.findElement(By.java:218)
	at org.openqa.selenium.remote.RemoteWebDriver.findElement(RemoteWebDriver.java:355)
	at com.patientapp.pages.LoginPage.skip(LoginPage.java:72)
	at com.patientapp.tests.ServicesTests.testVerifyAddAttendantsAppointment(ServicesTests.java:240)
... Removed 28 stack frames</pre></div><a href='#' onClick='toggleBox("stack-trace1191746604", this, "Click to show all stack frames", "Click to hide stack frames")'>Click to show all stack frames</a>
<div class='stack-trace' id='stack-trace1191746604'><pre>org.openqa.selenium.NoSuchElementException: An element could not be located on the page using the given search parameters. (WARNING: The server did not provide any stacktrace information)
Command duration or timeout: 10.15 seconds
For documentation on this error, please visit: http://seleniumhq.org/exceptions/no_such_element.html
Build info: version: &apos;2.53.0&apos;, revision: &apos;35ae25b1534ae328c771e0856c93e187490ca824&apos;, time: &apos;2016-03-15 10:43:46&apos;
System info: host: &apos;sapna-testlead&apos;, ip: &apos;192.168.56.1&apos;, os.name: &apos;Windows 7&apos;, os.arch: &apos;amd64&apos;, os.version: &apos;6.1&apos;, java.version: &apos;1.7.0_65&apos;
*** Element info: {Using=id, value=com.weecode.portea.stage:id/skip}
Session ID: 0a084ad2-318c-49cd-9886-52449f131af8
Driver info: io.appium.java_client.android.AndroidDriver
Capabilities [{automationName=Appium, platform=LINUX, app=C:\Users\sapna\Documents\workspace\PatientAndroidApp\src\test\resources\android\PA-4.0-stage-armeabi-v7a-release.apk, javascriptEnabled=true, appActivity=com.weecode.portea.activities.SplashActivity, browserName=Android, networkConnectionEnabled=true, desired={newCommandTimeout=600, automationName=Appium, app=C:\Users\sapna\Documents\workspace\PatientAndroidApp\src\test\resources\android\PA-4.0-stage-armeabi-v7a-release.apk, platformVersion=21.0, deviceName=Micromax Q450, platformName=Android, appActivity=com.weecode.portea.activities.SplashActivity, appWaitActivity=com.weecode.portea.activities.SplashActivity, appPackage=com.weecode.portea.stage}, locationContextEnabled=false, appPackage=com.weecode.portea.stage, newCommandTimeout=600, platformVersion=5.0.2, databaseEnabled=false, deviceName=386b462, platformName=Android, appWaitActivity=com.weecode.portea.activities.SplashActivity, webStorageEnabled=false, warnings={}, takesScreenshot=true}]
	at sun.reflect.NativeConstructorAccessorImpl.newInstance0(Native Method)
	at sun.reflect.NativeConstructorAccessorImpl.newInstance(NativeConstructorAccessorImpl.java:57)
	at sun.reflect.DelegatingConstructorAccessorImpl.newInstance(DelegatingConstructorAccessorImpl.java:45)
	at java.lang.reflect.Constructor.newInstance(Constructor.java:526)
	at org.openqa.selenium.remote.ErrorHandler.createThrowable(ErrorHandler.java:206)
	at org.openqa.selenium.remote.ErrorHandler.throwIfResponseFailed(ErrorHandler.java:158)
	at org.openqa.selenium.remote.RemoteWebDriver.execute(RemoteWebDriver.java:678)
	at io.appium.java_client.AppiumDriver.execute(AppiumDriver.java:180)
	at org.openqa.selenium.remote.RemoteWebDriver.findElement(RemoteWebDriver.java:363)
	at org.openqa.selenium.remote.RemoteWebDriver.findElementById(RemoteWebDriver.java:413)
	at org.openqa.selenium.By$ById.findElement(By.java:218)
	at org.openqa.selenium.remote.RemoteWebDriver.findElement(RemoteWebDriver.java:355)
	at com.patientapp.pages.LoginPage.skip(LoginPage.java:72)
	at com.patientapp.tests.ServicesTests.testVerifyAddAttendantsAppointment(ServicesTests.java:240)
	at sun.reflect.NativeMethodAccessorImpl.invoke0(Native Method)
	at sun.reflect.NativeMethodAccessorImpl.invoke(NativeMethodAccessorImpl.java:57)
	at sun.reflect.DelegatingMethodAccessorImpl.invoke(DelegatingMethodAccessorImpl.java:43)
	at java.lang.reflect.Method.invoke(Method.java:606)
	at org.testng.internal.MethodInvocationHelper.invokeMethod(MethodInvocationHelper.java:80)
	at org.testng.internal.Invoker.invokeMethod(Invoker.java:714)
	at org.testng.internal.Invoker.invokeTestMethod(Invoker.java:901)
	at org.testng.internal.Invoker.invokeTestMethods(Invoker.java:1231)
	at org.testng.internal.TestMethodWorker.invokeTestMethods(TestMethodWorker.java:127)
	at org.testng.internal.TestMethodWorker.run(TestMethodWorker.java:111)
	at org.testng.TestRunner.privateRun(TestRunner.java:767)
	at org.testng.TestRunner.run(TestRunner.java:617)
	at org.testng.SuiteRunner.runTest(SuiteRunner.java:334)
	at org.testng.SuiteRunner.runSequentially(SuiteRunner.java:329)
	at org.testng.SuiteRunner.privateRun(SuiteRunner.java:291)
	at org.testng.SuiteRunner.run(SuiteRunner.java:240)
	at org.testng.SuiteRunnerWorker.runSuite(SuiteRunnerWorker.java:52)
	at org.testng.SuiteRunnerWorker.run(SuiteRunnerWorker.java:86)
	at org.testng.TestNG.runSuitesSequentially(TestNG.java:1198)
	at org.testng.TestNG.runSuitesLocally(TestNG.java:1123)
	at org.testng.TestNG.run(TestNG.java:1031)
	at org.testng.remote.RemoteTestNG.run(RemoteTestNG.java:115)
	at org.testng.remote.RemoteTestNG.initAndRun(RemoteTestNG.java:207)
	at org.testng.remote.RemoteTestNG.main(RemoteTestNG.java:178)
</pre></div></td>
<td>10</td>
<td>com.patientapp.tests.ServicesTests@56502388</td></tr>
<tr>
<td title='com.patientapp.tests.ServicesTests.testVerifyAddNursingAppointment()'><b>testVerifyAddNursingAppointment</b><br>Test class: com.patientapp.tests.ServicesTests</td>
<td><div><pre>org.openqa.selenium.NoSuchElementException: An element could not be located on the page using the given search parameters. (WARNING: The server did not provide any stacktrace information)
Command duration or timeout: 35.84 seconds
For documentation on this error, please visit: http://seleniumhq.org/exceptions/no_such_element.html
Build info: version: &apos;2.53.0&apos;, revision: &apos;35ae25b1534ae328c771e0856c93e187490ca824&apos;, time: &apos;2016-03-15 10:43:46&apos;
System info: host: &apos;sapna-testlead&apos;, ip: &apos;192.168.56.1&apos;, os.name: &apos;Windows 7&apos;, os.arch: &apos;amd64&apos;, os.version: &apos;6.1&apos;, java.version: &apos;1.7.0_65&apos;
*** Element info: {Using=-android uiautomator, value=new UiScrollable(new UiSelector().scrollable(true).instance(0)).scrollIntoView(new UiSelector().description(&quot;Nursing&quot;).instance(0));new UiScrollable(new UiSelector().scrollable(true).instance(0)).scrollIntoView(new UiSelector().text(&quot;Nursing&quot;).instance(0));}
Session ID: 0a084ad2-318c-49cd-9886-52449f131af8
Driver info: io.appium.java_client.android.AndroidDriver
Capabilities [{automationName=Appium, platform=LINUX, app=C:\Users\sapna\Documents\workspace\PatientAndroidApp\src\test\resources\android\PA-4.0-stage-armeabi-v7a-release.apk, javascriptEnabled=true, appActivity=com.weecode.portea.activities.SplashActivity, browserName=Android, networkConnectionEnabled=true, desired={newCommandTimeout=600, automationName=Appium, app=C:\Users\sapna\Documents\workspace\PatientAndroidApp\src\test\resources\android\PA-4.0-stage-armeabi-v7a-release.apk, platformVersion=21.0, deviceName=Micromax Q450, platformName=Android, appActivity=com.weecode.portea.activities.SplashActivity, appWaitActivity=com.weecode.portea.activities.SplashActivity, appPackage=com.weecode.portea.stage}, locationContextEnabled=false, appPackage=com.weecode.portea.stage, newCommandTimeout=600, platformVersion=5.0.2, databaseEnabled=false, deviceName=386b462, platformName=Android, appWaitActivity=com.weecode.portea.activities.SplashActivity, webStorageEnabled=false, warnings={}, takesScreenshot=true}]
	at org.openqa.selenium.remote.ErrorHandler.createThrowable(ErrorHandler.java:206)
	at org.openqa.selenium.remote.ErrorHandler.throwIfResponseFailed(ErrorHandler.java:158)
	at org.openqa.selenium.remote.RemoteWebDriver.execute(RemoteWebDriver.java:678)
	at io.appium.java_client.AppiumDriver.execute(AppiumDriver.java:180)
	at org.openqa.selenium.remote.RemoteWebDriver.findElement(RemoteWebDriver.java:363)
	at io.appium.java_client.android.AndroidDriver.findElementByAndroidUIAutomator(AndroidDriver.java:255)
	at io.appium.java_client.android.AndroidDriver.scrollToExact(AndroidDriver.java:65)
	at com.patientapp.tests.ServicesTests.testVerifyAddNursingAppointment(ServicesTests.java:214)
... Removed 28 stack frames</pre></div><a href='#' onClick='toggleBox("stack-trace531614434", this, "Click to show all stack frames", "Click to hide stack frames")'>Click to show all stack frames</a>
<div class='stack-trace' id='stack-trace531614434'><pre>org.openqa.selenium.NoSuchElementException: An element could not be located on the page using the given search parameters. (WARNING: The server did not provide any stacktrace information)
Command duration or timeout: 35.84 seconds
For documentation on this error, please visit: http://seleniumhq.org/exceptions/no_such_element.html
Build info: version: &apos;2.53.0&apos;, revision: &apos;35ae25b1534ae328c771e0856c93e187490ca824&apos;, time: &apos;2016-03-15 10:43:46&apos;
System info: host: &apos;sapna-testlead&apos;, ip: &apos;192.168.56.1&apos;, os.name: &apos;Windows 7&apos;, os.arch: &apos;amd64&apos;, os.version: &apos;6.1&apos;, java.version: &apos;1.7.0_65&apos;
*** Element info: {Using=-android uiautomator, value=new UiScrollable(new UiSelector().scrollable(true).instance(0)).scrollIntoView(new UiSelector().description(&quot;Nursing&quot;).instance(0));new UiScrollable(new UiSelector().scrollable(true).instance(0)).scrollIntoView(new UiSelector().text(&quot;Nursing&quot;).instance(0));}
Session ID: 0a084ad2-318c-49cd-9886-52449f131af8
Driver info: io.appium.java_client.android.AndroidDriver
Capabilities [{automationName=Appium, platform=LINUX, app=C:\Users\sapna\Documents\workspace\PatientAndroidApp\src\test\resources\android\PA-4.0-stage-armeabi-v7a-release.apk, javascriptEnabled=true, appActivity=com.weecode.portea.activities.SplashActivity, browserName=Android, networkConnectionEnabled=true, desired={newCommandTimeout=600, automationName=Appium, app=C:\Users\sapna\Documents\workspace\PatientAndroidApp\src\test\resources\android\PA-4.0-stage-armeabi-v7a-release.apk, platformVersion=21.0, deviceName=Micromax Q450, platformName=Android, appActivity=com.weecode.portea.activities.SplashActivity, appWaitActivity=com.weecode.portea.activities.SplashActivity, appPackage=com.weecode.portea.stage}, locationContextEnabled=false, appPackage=com.weecode.portea.stage, newCommandTimeout=600, platformVersion=5.0.2, databaseEnabled=false, deviceName=386b462, platformName=Android, appWaitActivity=com.weecode.portea.activities.SplashActivity, webStorageEnabled=false, warnings={}, takesScreenshot=true}]
	at sun.reflect.NativeConstructorAccessorImpl.newInstance0(Native Method)
	at sun.reflect.NativeConstructorAccessorImpl.newInstance(NativeConstructorAccessorImpl.java:57)
	at sun.reflect.DelegatingConstructorAccessorImpl.newInstance(DelegatingConstructorAccessorImpl.java:45)
	at java.lang.reflect.Constructor.newInstance(Constructor.java:526)
	at org.openqa.selenium.remote.ErrorHandler.createThrowable(ErrorHandler.java:206)
	at org.openqa.selenium.remote.ErrorHandler.throwIfResponseFailed(ErrorHandler.java:158)
	at org.openqa.selenium.remote.RemoteWebDriver.execute(RemoteWebDriver.java:678)
	at io.appium.java_client.AppiumDriver.execute(AppiumDriver.java:180)
	at org.openqa.selenium.remote.RemoteWebDriver.findElement(RemoteWebDriver.java:363)
	at io.appium.java_client.android.AndroidDriver.findElementByAndroidUIAutomator(AndroidDriver.java:255)
	at io.appium.java_client.android.AndroidDriver.scrollToExact(AndroidDriver.java:65)
	at com.patientapp.tests.ServicesTests.testVerifyAddNursingAppointment(ServicesTests.java:214)
	at sun.reflect.NativeMethodAccessorImpl.invoke0(Native Method)
	at sun.reflect.NativeMethodAccessorImpl.invoke(NativeMethodAccessorImpl.java:57)
	at sun.reflect.DelegatingMethodAccessorImpl.invoke(DelegatingMethodAccessorImpl.java:43)
	at java.lang.reflect.Method.invoke(Method.java:606)
	at org.testng.internal.MethodInvocationHelper.invokeMethod(MethodInvocationHelper.java:80)
	at org.testng.internal.Invoker.invokeMethod(Invoker.java:714)
	at org.testng.internal.Invoker.invokeTestMethod(Invoker.java:901)
	at org.testng.internal.Invoker.invokeTestMethods(Invoker.java:1231)
	at org.testng.internal.TestMethodWorker.invokeTestMethods(TestMethodWorker.java:127)
	at org.testng.internal.TestMethodWorker.run(TestMethodWorker.java:111)
	at org.testng.TestRunner.privateRun(TestRunner.java:767)
	at org.testng.TestRunner.run(TestRunner.java:617)
	at org.testng.SuiteRunner.runTest(SuiteRunner.java:334)
	at org.testng.SuiteRunner.runSequentially(SuiteRunner.java:329)
	at org.testng.SuiteRunner.privateRun(SuiteRunner.java:291)
	at org.testng.SuiteRunner.run(SuiteRunner.java:240)
	at org.testng.SuiteRunnerWorker.runSuite(SuiteRunnerWorker.java:52)
	at org.testng.SuiteRunnerWorker.run(SuiteRunnerWorker.java:86)
	at org.testng.TestNG.runSuitesSequentially(TestNG.java:1198)
	at org.testng.TestNG.runSuitesLocally(TestNG.java:1123)
	at org.testng.TestNG.run(TestNG.java:1031)
	at org.testng.remote.RemoteTestNG.run(RemoteTestNG.java:115)
	at org.testng.remote.RemoteTestNG.initAndRun(RemoteTestNG.java:207)
	at org.testng.remote.RemoteTestNG.main(RemoteTestNG.java:178)
</pre></div></td>
<td>74</td>
<td>com.patientapp.tests.ServicesTests@56502388</td></tr>
<tr>
<td title='com.patientapp.tests.AccountTests.testVerifyUserAbleToPayThroughWallet()'><b>testVerifyUserAbleToPayThroughWallet</b><br>Test class: com.patientapp.tests.AccountTests</td>
<td><div><pre>org.openqa.selenium.NoSuchElementException: An element could not be located on the page using the given search parameters. (WARNING: The server did not provide any stacktrace information)
Command duration or timeout: 10.34 seconds
For documentation on this error, please visit: http://seleniumhq.org/exceptions/no_such_element.html
Build info: version: &apos;2.53.0&apos;, revision: &apos;35ae25b1534ae328c771e0856c93e187490ca824&apos;, time: &apos;2016-03-15 10:43:46&apos;
System info: host: &apos;sapna-testlead&apos;, ip: &apos;192.168.56.1&apos;, os.name: &apos;Windows 7&apos;, os.arch: &apos;amd64&apos;, os.version: &apos;6.1&apos;, java.version: &apos;1.7.0_65&apos;
*** Element info: {Using=id, value=com.weecode.portea.stage:id/proceedButton}
Session ID: b0e22c49-b588-4b1d-b120-bc6a9303b0cf
Driver info: io.appium.java_client.android.AndroidDriver
Capabilities [{automationName=Appium, platform=LINUX, app=C:\Users\sapna\Documents\workspace\PatientAndroidApp\src\test\resources\android\PA-4.0-stage-armeabi-v7a-release.apk, javascriptEnabled=true, appActivity=com.weecode.portea.activities.SplashActivity, browserName=Android, networkConnectionEnabled=true, desired={newCommandTimeout=600, automationName=Appium, app=C:\Users\sapna\Documents\workspace\PatientAndroidApp\src\test\resources\android\PA-4.0-stage-armeabi-v7a-release.apk, platformVersion=21.0, deviceName=Micromax Q450, platformName=Android, appActivity=com.weecode.portea.activities.SplashActivity, appWaitActivity=com.weecode.portea.activities.SplashActivity, appPackage=com.weecode.portea.stage}, locationContextEnabled=false, appPackage=com.weecode.portea.stage, newCommandTimeout=600, platformVersion=5.0.2, databaseEnabled=false, deviceName=386b462, platformName=Android, appWaitActivity=com.weecode.portea.activities.SplashActivity, webStorageEnabled=false, warnings={}, takesScreenshot=true}]
	at org.openqa.selenium.remote.ErrorHandler.createThrowable(ErrorHandler.java:206)
	at org.openqa.selenium.remote.ErrorHandler.throwIfResponseFailed(ErrorHandler.java:158)
	at org.openqa.selenium.remote.RemoteWebDriver.execute(RemoteWebDriver.java:678)
	at io.appium.java_client.AppiumDriver.execute(AppiumDriver.java:180)
	at org.openqa.selenium.remote.RemoteWebDriver.findElement(RemoteWebDriver.java:363)
	at org.openqa.selenium.remote.RemoteWebDriver.findElementById(RemoteWebDriver.java:413)
	at org.openqa.selenium.By$ById.findElement(By.java:218)
	at org.openqa.selenium.remote.RemoteWebDriver.findElement(RemoteWebDriver.java:355)
	at com.patientapp.pages.AccountPage.payByWallet(AccountPage.java:315)
	at com.patientapp.tests.AccountTests.testVerifyUserAbleToPayThroughWallet(AccountTests.java:179)
... Removed 28 stack frames</pre></div><a href='#' onClick='toggleBox("stack-trace1057583194", this, "Click to show all stack frames", "Click to hide stack frames")'>Click to show all stack frames</a>
<div class='stack-trace' id='stack-trace1057583194'><pre>org.openqa.selenium.NoSuchElementException: An element could not be located on the page using the given search parameters. (WARNING: The server did not provide any stacktrace information)
Command duration or timeout: 10.34 seconds
For documentation on this error, please visit: http://seleniumhq.org/exceptions/no_such_element.html
Build info: version: &apos;2.53.0&apos;, revision: &apos;35ae25b1534ae328c771e0856c93e187490ca824&apos;, time: &apos;2016-03-15 10:43:46&apos;
System info: host: &apos;sapna-testlead&apos;, ip: &apos;192.168.56.1&apos;, os.name: &apos;Windows 7&apos;, os.arch: &apos;amd64&apos;, os.version: &apos;6.1&apos;, java.version: &apos;1.7.0_65&apos;
*** Element info: {Using=id, value=com.weecode.portea.stage:id/proceedButton}
Session ID: b0e22c49-b588-4b1d-b120-bc6a9303b0cf
Driver info: io.appium.java_client.android.AndroidDriver
Capabilities [{automationName=Appium, platform=LINUX, app=C:\Users\sapna\Documents\workspace\PatientAndroidApp\src\test\resources\android\PA-4.0-stage-armeabi-v7a-release.apk, javascriptEnabled=true, appActivity=com.weecode.portea.activities.SplashActivity, browserName=Android, networkConnectionEnabled=true, desired={newCommandTimeout=600, automationName=Appium, app=C:\Users\sapna\Documents\workspace\PatientAndroidApp\src\test\resources\android\PA-4.0-stage-armeabi-v7a-release.apk, platformVersion=21.0, deviceName=Micromax Q450, platformName=Android, appActivity=com.weecode.portea.activities.SplashActivity, appWaitActivity=com.weecode.portea.activities.SplashActivity, appPackage=com.weecode.portea.stage}, locationContextEnabled=false, appPackage=com.weecode.portea.stage, newCommandTimeout=600, platformVersion=5.0.2, databaseEnabled=false, deviceName=386b462, platformName=Android, appWaitActivity=com.weecode.portea.activities.SplashActivity, webStorageEnabled=false, warnings={}, takesScreenshot=true}]
	at sun.reflect.NativeConstructorAccessorImpl.newInstance0(Native Method)
	at sun.reflect.NativeConstructorAccessorImpl.newInstance(NativeConstructorAccessorImpl.java:57)
	at sun.reflect.DelegatingConstructorAccessorImpl.newInstance(DelegatingConstructorAccessorImpl.java:45)
	at java.lang.reflect.Constructor.newInstance(Constructor.java:526)
	at org.openqa.selenium.remote.ErrorHandler.createThrowable(ErrorHandler.java:206)
	at org.openqa.selenium.remote.ErrorHandler.throwIfResponseFailed(ErrorHandler.java:158)
	at org.openqa.selenium.remote.RemoteWebDriver.execute(RemoteWebDriver.java:678)
	at io.appium.java_client.AppiumDriver.execute(AppiumDriver.java:180)
	at org.openqa.selenium.remote.RemoteWebDriver.findElement(RemoteWebDriver.java:363)
	at org.openqa.selenium.remote.RemoteWebDriver.findElementById(RemoteWebDriver.java:413)
	at org.openqa.selenium.By$ById.findElement(By.java:218)
	at org.openqa.selenium.remote.RemoteWebDriver.findElement(RemoteWebDriver.java:355)
	at com.patientapp.pages.AccountPage.payByWallet(AccountPage.java:315)
	at com.patientapp.tests.AccountTests.testVerifyUserAbleToPayThroughWallet(AccountTests.java:179)
	at sun.reflect.NativeMethodAccessorImpl.invoke0(Native Method)
	at sun.reflect.NativeMethodAccessorImpl.invoke(NativeMethodAccessorImpl.java:57)
	at sun.reflect.DelegatingMethodAccessorImpl.invoke(DelegatingMethodAccessorImpl.java:43)
	at java.lang.reflect.Method.invoke(Method.java:606)
	at org.testng.internal.MethodInvocationHelper.invokeMethod(MethodInvocationHelper.java:80)
	at org.testng.internal.Invoker.invokeMethod(Invoker.java:714)
	at org.testng.internal.Invoker.invokeTestMethod(Invoker.java:901)
	at org.testng.internal.Invoker.invokeTestMethods(Invoker.java:1231)
	at org.testng.internal.TestMethodWorker.invokeTestMethods(TestMethodWorker.java:127)
	at org.testng.internal.TestMethodWorker.run(TestMethodWorker.java:111)
	at org.testng.TestRunner.privateRun(TestRunner.java:767)
	at org.testng.TestRunner.run(TestRunner.java:617)
	at org.testng.SuiteRunner.runTest(SuiteRunner.java:334)
	at org.testng.SuiteRunner.runSequentially(SuiteRunner.java:329)
	at org.testng.SuiteRunner.privateRun(SuiteRunner.java:291)
	at org.testng.SuiteRunner.run(SuiteRunner.java:240)
	at org.testng.SuiteRunnerWorker.runSuite(SuiteRunnerWorker.java:52)
	at org.testng.SuiteRunnerWorker.run(SuiteRunnerWorker.java:86)
	at org.testng.TestNG.runSuitesSequentially(TestNG.java:1198)
	at org.testng.TestNG.runSuitesLocally(TestNG.java:1123)
	at org.testng.TestNG.run(TestNG.java:1031)
	at org.testng.remote.RemoteTestNG.run(RemoteTestNG.java:115)
	at org.testng.remote.RemoteTestNG.initAndRun(RemoteTestNG.java:207)
	at org.testng.remote.RemoteTestNG.main(RemoteTestNG.java:178)
</pre></div></td>
<td>73</td>
<td>com.patientapp.tests.AccountTests@309a5663</td></tr>
</table><p>
<table width='100%' border='1' class='invocation-passed'>
<tr><td colspan='4' align='center'><b>PASSED TESTS</b></td></tr>
<tr><td><b>Test method</b></td>
<td width="30%"><b>Exception</b></td>
<td width="10%"><b>Time (seconds)</b></td>
<td><b>Instance</b></td>
</tr>
<tr>
<td title='com.patientapp.tests.MoreOptionsTests.TC_23_testVerifyOfferPromotionsVisibility()'><b>TC_23_testVerifyOfferPromotionsVisibility</b><br>Test class: com.patientapp.tests.MoreOptionsTests</td>
<td></td>
<td>33</td>
<td>com.patientapp.tests.MoreOptionsTests@50d5afff</td></tr>
<tr>
<td title='com.patientapp.tests.MoreOptionsTests.TC_25_testVerifyRateUsScreenVisibility()'><b>TC_25_testVerifyRateUsScreenVisibility</b><br>Test class: com.patientapp.tests.MoreOptionsTests</td>
<td></td>
<td>32</td>
<td>com.patientapp.tests.MoreOptionsTests@50d5afff</td></tr>
<tr>
<td title='com.patientapp.tests.MoreOptionsTests.TC_26_testVerifyAboutUsScreenVisibility()'><b>TC_26_testVerifyAboutUsScreenVisibility</b><br>Test class: com.patientapp.tests.MoreOptionsTests</td>
<td></td>
<td>35</td>
<td>com.patientapp.tests.MoreOptionsTests@50d5afff</td></tr>
<tr>
<td title='com.patientapp.tests.HomeScreenTests.TC_29_testVerifyAllappointmentsVisibility()'><b>TC_29_testVerifyAllappointmentsVisibility</b><br>Test class: com.patientapp.tests.HomeScreenTests</td>
<td></td>
<td>37</td>
<td>com.patientapp.tests.HomeScreenTests@21acfd6f</td></tr>
<tr>
<td title='com.patientapp.tests.HomeScreenTests.TC_30_testVerifyMyHealthRecordsVisibility()'><b>TC_30_testVerifyMyHealthRecordsVisibility</b><br>Test class: com.patientapp.tests.HomeScreenTests</td>
<td></td>
<td>33</td>
<td>com.patientapp.tests.HomeScreenTests@21acfd6f</td></tr>
<tr>
<td title='com.patientapp.tests.HomeScreenTests.TC_31_testVerifyBookMarkedArticlesVisibility()'><b>TC_31_testVerifyBookMarkedArticlesVisibility</b><br>Test class: com.patientapp.tests.HomeScreenTests</td>
<td></td>
<td>35</td>
<td>com.patientapp.tests.HomeScreenTests@21acfd6f</td></tr>
<tr>
<td title='com.patientapp.tests.HomeScreenTests.TC_34_testVerifyTransactionHistoryVisibility()'><b>TC_34_testVerifyTransactionHistoryVisibility</b><br>Test class: com.patientapp.tests.HomeScreenTests</td>
<td></td>
<td>40</td>
<td>com.patientapp.tests.HomeScreenTests@21acfd6f</td></tr>
<tr>
<td title='com.patientapp.tests.HomeScreenTests.TC_35_testVerifyWallet()'><b>TC_35_testVerifyWallet</b><br>Test class: com.patientapp.tests.HomeScreenTests</td>
<td></td>
<td>39</td>
<td>com.patientapp.tests.HomeScreenTests@21acfd6f</td></tr>
<tr>
<td title='com.patientapp.tests.HomeScreenTests.TC_36_testVerifyPharmacyOrderAndPrescriptionsVisibility()'><b>TC_36_testVerifyPharmacyOrderAndPrescriptionsVisibility</b><br>Test class: com.patientapp.tests.HomeScreenTests</td>
<td></td>
<td>46</td>
<td>com.patientapp.tests.HomeScreenTests@21acfd6f</td></tr>
<tr>
<td title='com.patientapp.tests.HomeScreenTests.TC_38_testVerifyPorteaCherishScreenVisibility()'><b>TC_38_testVerifyPorteaCherishScreenVisibility</b><br>Test class: com.patientapp.tests.HomeScreenTests</td>
<td></td>
<td>40</td>
<td>com.patientapp.tests.HomeScreenTests@21acfd6f</td></tr>
<tr>
<td title='com.patientapp.tests.LoginTests.TC_6_testVerifyLoginWithOutRegistration()'><b>TC_6_testVerifyLoginWithOutRegistration</b><br>Test class: com.patientapp.tests.LoginTests</td>
<td></td>
<td>27</td>
<td>com.patientapp.tests.LoginTests@43bec5d0</td></tr>
<tr>
<td title='com.patientapp.tests.HomeScreenTests.TC_6_testVerifyMoreAndNotificationOption()'><b>TC_6_testVerifyMoreAndNotificationOption</b><br>Test class: com.patientapp.tests.HomeScreenTests</td>
<td></td>
<td>38</td>
<td>com.patientapp.tests.HomeScreenTests@21acfd6f</td></tr>
<tr>
<td title='com.patientapp.tests.ServicesTests.testVerifyAddElderCareAppointment()'><b>testVerifyAddElderCareAppointment</b><br>Test class: com.patientapp.tests.ServicesTests</td>
<td></td>
<td>101</td>
<td>com.patientapp.tests.ServicesTests@56502388</td></tr>
<tr>
<td title='com.patientapp.tests.ServicesTests.testVerifyAddPostNatalCareAppointment()'><b>testVerifyAddPostNatalCareAppointment</b><br>Test class: com.patientapp.tests.ServicesTests</td>
<td></td>
<td>79</td>
<td>com.patientapp.tests.ServicesTests@56502388</td></tr>
<tr>
<td title='com.patientapp.tests.HomeScreenTests.testVerifyAllMenuScreensVisibility()'><b>testVerifyAllMenuScreensVisibility</b><br>Test class: com.patientapp.tests.HomeScreenTests</td>
<td></td>
<td>37</td>
<td>com.patientapp.tests.HomeScreenTests@21acfd6f</td></tr>
<tr>
<td title='com.patientapp.tests.ServicesTests.testVerifyBookVaccination()'><b>testVerifyBookVaccination</b><br>Test class: com.patientapp.tests.ServicesTests</td>
<td></td>
<td>75</td>
<td>com.patientapp.tests.ServicesTests@56502388</td></tr>
<tr>
<td title='com.patientapp.tests.LoginTests.testVerifyLoginFunctionality()'><b>testVerifyLoginFunctionality</b><br>Test class: com.patientapp.tests.LoginTests</td>
<td></td>
<td>28</td>
<td>com.patientapp.tests.LoginTests@43bec5d0</td></tr>
<tr>
<td title='com.patientapp.tests.LoginTests.testVerifyLoginScreenElementsVisibility()'><b>testVerifyLoginScreenElementsVisibility</b><br>Test class: com.patientapp.tests.LoginTests</td>
<td></td>
<td>2</td>
<td>com.patientapp.tests.LoginTests@43bec5d0</td></tr>
<tr>
<td title='com.patientapp.tests.RegistrationTests.testVerifyPatientRegistration()'><b>testVerifyPatientRegistration</b><br>Test class: com.patientapp.tests.RegistrationTests</td>
<td></td>
<td>33</td>
<td>com.patientapp.tests.RegistrationTests@121157c9</td></tr>
<tr>
<td title='com.patientapp.tests.AccountTests.testVerifyUserAbleToPayThroughCards()'><b>testVerifyUserAbleToPayThroughCards</b><br>Test class: com.patientapp.tests.AccountTests</td>
<td></td>
<td>128</td>
<td>com.patientapp.tests.AccountTests@309a5663</td></tr>
<tr>
<td title='com.patientapp.tests.AccountTests.testVerifyUserAbleToPayThroughNetbanking()'><b>testVerifyUserAbleToPayThroughNetbanking</b><br>Test class: com.patientapp.tests.AccountTests</td>
<td></td>
<td>72</td>
<td>com.patientapp.tests.AccountTests@309a5663</td></tr>
<tr>
<td title='com.patientapp.tests.AccountTests.testVerifyUserAbleToPayThroughPaytm()'><b>testVerifyUserAbleToPayThroughPaytm</b><br>Test class: com.patientapp.tests.AccountTests</td>
<td></td>
<td>106</td>
<td>com.patientapp.tests.AccountTests@309a5663</td></tr>
<tr>
<td title='com.patientapp.tests.HomeScreenTests.testVerifyWithoutLogin()'><b>testVerifyWithoutLogin</b><br>Test class: com.patientapp.tests.HomeScreenTests</td>
<td></td>
<td>17</td>
<td>com.patientapp.tests.HomeScreenTests@21acfd6f</td></tr>
</table><p>
</body>
</html>